L 12/01/2021 - 00:25:00: Log file started (file 'cstrike/addons/whblocker/logs/L_01_12_2021.log') (dir 'cstrike') (mod 'Counter-Strike 1.6') (version '1.5.697')
L 12/01/2021 - 00:25:00: DEBUG: GameRules found 0x9EAAA68
L 12/01/2021 - 00:25:00: Changelevel Server (map 'de_train') (maxplayers '20') (use 'global_svs->maxplayers')
L 12/01/2021 - 00:25:00: Building PAS...
L 12/01/2021 - 00:25:00: Average leaves visible / audible / total: 133 / 395 / 1202
L 12/01/2021 - 00:25:00: PAS building time 0.006523 secs
L 12/01/2021 - 00:56:41: DEBUG: GameRules found 0x9EAAA68
L 12/01/2021 - 00:56:41: Changelevel Server (map 'de_dust2') (maxplayers '20') (use 'global_svs->maxplayers')
L 12/01/2021 - 00:56:41: Building PAS...
L 12/01/2021 - 00:56:41: Average leaves visible / audible / total: 48 / 92 / 97
L 12/01/2021 - 00:56:41: PAS building time 0.000158 secs
L 12/01/2021 - 01:01:48: DEBUG: GameRules found 0x9EAAA68
L 12/01/2021 - 01:01:48: Changelevel Server (map 'cs_bloodstrike') (maxplayers '20') (use 'global_svs->maxplayers')
L 12/01/2021 - 01:01:48: Building PAS...
L 12/01/2021 - 01:01:48: Average leaves visible / audible / total: 133 / 395 / 1202
L 12/01/2021 - 01:01:48: PAS building time 0.006481 secs
L 12/01/2021 - 01:04:43: DEBUG: GameRules found 0x9EAAA68
L 12/01/2021 - 01:04:43: Changelevel Server (map 'de_dust2') (maxplayers '20') (use 'global_svs->maxplayers')
L 12/01/2021 - 01:04:43: Building PAS...
L 12/01/2021 - 01:04:43: Average leaves visible / audible / total: 150 / 552 / 1459
L 12/01/2021 - 01:04:43: PAS building time 0.009478 secs
L 12/01/2021 - 01:35:04: DEBUG: GameRules found 0x9EAAA68
L 12/01/2021 - 01:35:04: Changelevel Server (map 'de_inferno') (maxplayers '20') (use 'global_svs->maxplayers')
L 12/01/2021 - 01:35:04: Building PAS...
L 12/01/2021 - 01:35:04: Average leaves visible / audible / total: 48 / 92 / 97
L 12/01/2021 - 01:35:04: PAS building time 0.000155 secs
L 12/01/2021 - 01:38:54: DEBUG: GameRules found 0x9EAAA68
L 12/01/2021 - 01:38:54: Changelevel Server (map 'cs_bloodstrike') (maxplayers '20') (use 'global_svs->maxplayers')
L 12/01/2021 - 01:38:54: Building PAS...
L 12/01/2021 - 01:38:54: Average leaves visible / audible / total: 133 / 395 / 1202
L 12/01/2021 - 01:38:54: PAS building time 0.006481 secs
L 12/01/2021 - 21:15:04: DEBUG: GameRules found 0x9EAAA68
L 12/01/2021 - 21:15:04: Changelevel Server (map 'de_dust2') (maxplayers '20') (use 'global_svs->maxplayers')
L 12/01/2021 - 21:15:04: Building PAS...
L 12/01/2021 - 21:15:04: Average leaves visible / audible / total: 150 / 552 / 1459
L 12/01/2021 - 21:15:04: PAS building time 0.009489 secs
L 12/01/2021 - 21:49:53: DEBUG: GameRules found 0x9EAAA68
L 12/01/2021 - 21:49:53: Changelevel Server (map 'de_inferno') (maxplayers '20') (use 'global_svs->maxplayers')
L 12/01/2021 - 21:49:53: Building PAS...
L 12/01/2021 - 21:49:53: Average leaves visible / audible / total: 150 / 552 / 1459
L 12/01/2021 - 21:49:53: PAS building time 0.009567 secs
L 12/01/2021 - 21:50:04: DEBUG: GameRules found 0x9EAAA68
L 12/01/2021 - 21:50:04: Changelevel Server (map 'de_inferno') (maxplayers '20') (use 'global_svs->maxplayers')
L 12/01/2021 - 21:50:04: Building PAS...
L 12/01/2021 - 21:50:04: Average leaves visible / audible / total: 143 / 546 / 1860
L 12/01/2021 - 21:50:04: PAS building time 0.014343 secs
L 12/01/2021 - 22:28:09: DEBUG: GameRules found 0x9EAAA68
L 12/01/2021 - 22:28:09: Changelevel Server (map 'de_nuke') (maxplayers '20') (use 'global_svs->maxplayers')
L 12/01/2021 - 22:28:09: Building PAS...
L 12/01/2021 - 22:28:09: Average leaves visible / audible / total: 151 / 385 / 1238
L 12/01/2021 - 22:28:09: PAS building time 0.006906 secs
L 12/01/2021 - 22:54:21: DEBUG: GameRules found 0x9EAAA68
L 12/01/2021 - 22:54:21: Changelevel Server (map 'de_train') (maxplayers '20') (use 'global_svs->maxplayers')
L 12/01/2021 - 22:54:21: Building PAS...
L 12/01/2021 - 22:54:21: Average leaves visible / audible / total: 151 / 385 / 1238
L 12/01/2021 - 22:54:21: PAS building time 0.006829 secs
L 12/01/2021 - 22:54:33: DEBUG: GameRules found 0x9EAAA68
L 12/01/2021 - 22:54:33: Changelevel Server (map 'de_train') (maxplayers '20') (use 'global_svs->maxplayers')
L 12/01/2021 - 22:54:33: Building PAS...
L 12/01/2021 - 22:54:33: Average leaves visible / audible / total: 133 / 395 / 1202
L 12/01/2021 - 22:54:33: PAS building time 0.00652 secs
L 12/01/2021 - 23:17:12: DEBUG: GameRules found 0x9EAAA68
L 12/01/2021 - 23:17:12: Changelevel Server (map 'de_dust2') (maxplayers '20') (use 'global_svs->maxplayers')
L 12/01/2021 - 23:17:12: Building PAS...
L 12/01/2021 - 23:17:12: Average leaves visible / audible / total: 150 / 552 / 1459
L 12/01/2021 - 23:17:12: PAS building time 0.009489 secs
L 12/01/2021 - 23:38:31: DEBUG: GameRules found 0x9EAAA68
L 12/01/2021 - 23:38:31: Changelevel Server (map 'de_inferno') (maxplayers '20') (use 'global_svs->maxplayers')
L 12/01/2021 - 23:38:31: Building PAS...
L 12/01/2021 - 23:38:31: Average leaves visible / audible / total: 143 / 546 / 1860
L 12/01/2021 - 23:38:31: PAS building time 0.014277 secs
