L 12/01/2022 - 06:15:26: Log file started (file 'cstrike/addons/whblocker/logs/L_01_12_2022.log') (dir 'cstrike') (mod 'Counter-Strike 1.6') (version '1.5.697')
L 12/01/2022 - 06:15:26: Success: Configuration executed.
L 12/01/2022 - 06:15:26: DEBUG: SVS found 0xF73E0760
L 12/01/2022 - 06:15:26: DEBUG: SV_CheckTimeouts function FOUND 0xF6F7DDD0
L 12/01/2022 - 06:15:26: DEBUG: client_t address of a structure FOUND 0xF6F7DE01
L 12/01/2022 - 06:15:26: DEBUG: client_t determined the size of a the structure 20216
L 12/01/2022 - 06:15:26: DEBUG: SV_Move function FOUND 0xF6F9C4F0
L 12/01/2022 - 06:15:26: DEBUG: m_iId parse member, value is 47
L 12/01/2022 - 06:15:26: DEBUG: m_pActiveItem parse member, value is 378
L 12/01/2022 - 06:15:26: DEBUG: SV_EmitEvents function FOUND 0xF6F7EA30
L 12/01/2022 - 06:15:26: DEBUG: SV_WriteEntitiesToClient function FOUND 0xF6F80200
L 12/01/2022 - 06:15:26: DEBUG: SV_EmitEvents address was FOUND inside SV_WriteEntitiesToClient function 0xF6F804D1
L 12/01/2022 - 06:15:26: DEBUG: SV_EmitEvents function PATCH SUCCEED 0xF6F804D1
L 12/01/2022 - 06:15:26: DEBUG: SV_StartSound function FOUND 0xF6F78410
L 12/01/2022 - 06:15:26: DEBUG: SV_StartSound address was FOUND inside unk_1 function 0xF6F670E5
L 12/01/2022 - 06:15:26: DEBUG: SV_StartSound function PATCH SUCCEED 0xF6F670E5
L 12/01/2022 - 06:15:26: DEBUG: SV_StartSound address was FOUND inside unk_2 function 0xF6F8C599
L 12/01/2022 - 06:15:26: DEBUG: SV_StartSound function PATCH SUCCEED 0xF6F8C599
L 12/01/2022 - 06:15:26: DEBUG: SV_StartSound address was FOUND inside unk_3 function 0xF6F8F83D
L 12/01/2022 - 06:15:26: DEBUG: SV_StartSound function PATCH SUCCEED 0xF6F8F83D
L 12/01/2022 - 06:15:26: DEBUG: SV_StartSound address was FOUND inside unk_4 function 0xF6F8F93E
L 12/01/2022 - 06:15:26: DEBUG: SV_StartSound function PATCH SUCCEED 0xF6F8F93E
L 12/01/2022 - 06:15:26: DEBUG: SV_StartSound address was FOUND inside unk_5 function 0xF6F9010F
L 12/01/2022 - 06:15:26: DEBUG: SV_StartSound function PATCH SUCCEED 0xF6F9010F
L 12/01/2022 - 06:15:26: DEBUG: SV_StartSound address was FOUND inside unk_6 function 0xF6F901BD
L 12/01/2022 - 06:15:26: DEBUG: SV_StartSound function PATCH SUCCEED 0xF6F901BD
L 12/01/2022 - 06:15:26: DEBUG: SV_StartSound address was FOUND inside unk_7 function 0xF6F9025D
L 12/01/2022 - 06:15:26: DEBUG: SV_StartSound function PATCH SUCCEED 0xF6F9025D
L 12/01/2022 - 06:15:26: DEBUG: SV_StartSound address was FOUND inside unk_8 function 0xF6F902E3
L 12/01/2022 - 06:15:26: DEBUG: SV_StartSound function PATCH SUCCEED 0xF6F902E3
L 12/01/2022 - 06:15:26: DEBUG: SV_StartSound address was FOUND inside unk_9 function 0xF6F90335
L 12/01/2022 - 06:15:26: DEBUG: SV_StartSound function PATCH SUCCEED 0xF6F90335
L 12/01/2022 - 06:15:26: DEBUG: SV_StartSound address was FOUND inside unk_10 function 0xF6F9037C
L 12/01/2022 - 06:15:26: DEBUG: SV_StartSound function PATCH SUCCEED 0xF6F9037C
L 12/01/2022 - 06:15:26: DEBUG: SV_StartSound address was FOUND inside unk_11 function 0xF6F903C3
L 12/01/2022 - 06:15:26: DEBUG: SV_StartSound function PATCH SUCCEED 0xF6F903C3
L 12/01/2022 - 06:15:26: DEBUG: SV_StartSound address was FOUND inside unk_12 function 0xF6F90412
L 12/01/2022 - 06:15:26: DEBUG: SV_StartSound function PATCH SUCCEED 0xF6F90412
L 12/01/2022 - 06:15:26: DEBUG: PF_Remove_I function FOUND 0xF6F687B0
L 12/01/2022 - 06:15:26: DEBUG: ED_Free address was FOUND inside PF_Remove_I function 0xF6F687B0
L 12/01/2022 - 06:15:26: DEBUG: ED_Free function PATCH SUCCEED 0xF6F687B0
L 12/01/2022 - 06:15:26: DEBUG: PF_BuildSoundMsg_I function FOUND 0xF6F6B940
L 12/01/2022 - 06:15:26: DEBUG: PF_BuildSoundMsg_I patch address to inside function in PF_BuildSoundMsg_I PATCH SUCCEED 0xF6F6B940
L 12/01/2022 - 06:15:26: DEBUG: MSG_StartBitWriting function FOUND 0xF6F3AEA0
L 12/01/2022 - 06:15:26: DEBUG: MSG_WriteBits function FOUND 0xF6F3C040
L 12/01/2022 - 06:15:26: DEBUG: MSG_WriteBitVec3Coord function FOUND 0xF6F3CCB0
L 12/01/2022 - 06:15:26: DEBUG: MSG_EndBitWriting function FOUND 0xF6F3C750
L 12/01/2022 - 06:15:26: DEBUG: SV_LookupSoundIndex function FOUND 0xF6F77B40
L 12/01/2022 - 06:15:26: DEBUG: SZ_GetSpace function FOUND 0xF6F3BF20
L 12/01/2022 - 06:15:26: Success: Patch executed.
L 12/01/2022 - 06:15:26: PrivateData Offsets: ->
pev			- '0'
vtable			- '8'
playership		- '53'
m_iId			- '47'
m_pActiveItem		- '378'
m_blindStartTime	- '520'
m_blindHoldTime		- '521'
m_blindAlpha		- '523'
L 12/01/2022 - 06:15:26: Success: Build HLDS version defined Linux '8308' (cstrike)
L 12/01/2022 - 06:15:26: Settings: -> 
debug		- '3'
esp		- '1'
smooth		- '1'
smoothout	- '1'
smoothent	- '45'
decalfix	- '1'
antinoflash	- '1'
alphaflash	- '255'
team		- '0'
fov		- '1'
solid		- '2'
barrel		- '1'
blockent	- '1'
hlfix		- '0'
metacall	- '1'
blocktype	- '0'
skytrace	- '1'
revis		- '0'
L 12/01/2022 - 06:15:26: Building PAS...
L 12/01/2022 - 06:15:26: Average leaves visible / audible / total: 48 / 92 / 97
L 12/01/2022 - 06:15:26: PAS building time 0.000234 secs
L 12/01/2022 - 06:15:27: DEBUG: GameRules found 0xA899530
L 12/01/2022 - 06:15:27: Changelevel Server (map 'cs_bloodstrike') (maxplayers '16') (use 'global_svs->maxplayers')
