L 04/01/2022 - 00:13:21: Log file started (file 'cstrike/addons/whblocker/logs/L_01_04_2022.log') (dir 'cstrike') (mod 'Counter-Strike 1.6') (version '1.5.697')
L 04/01/2022 - 00:13:21: DEBUG: GameRules found 0xA50B578
L 04/01/2022 - 00:13:21: Changelevel Server (map 'cs_bloodstrike') (maxplayers '20') (use 'global_svs->maxplayers')
L 04/01/2022 - 18:44:02: Success: Configuration executed.
L 04/01/2022 - 18:44:02: DEBUG: SVS found 0xF73C1760
L 04/01/2022 - 18:44:02: DEBUG: SV_CheckTimeouts function FOUND 0xF6F5EDD0
L 04/01/2022 - 18:44:02: DEBUG: client_t address of a structure FOUND 0xF6F5EE01
L 04/01/2022 - 18:44:02: DEBUG: client_t determined the size of a the structure 20216
L 04/01/2022 - 18:44:02: DEBUG: SV_Move function FOUND 0xF6F7D4F0
L 04/01/2022 - 18:44:02: DEBUG: m_iId parse member, value is 47
L 04/01/2022 - 18:44:02: DEBUG: m_pActiveItem parse member, value is 378
L 04/01/2022 - 18:44:02: DEBUG: SV_EmitEvents function FOUND 0xF6F5FA30
L 04/01/2022 - 18:44:02: DEBUG: SV_WriteEntitiesToClient function FOUND 0xF6F61200
L 04/01/2022 - 18:44:02: DEBUG: SV_EmitEvents address was FOUND inside SV_WriteEntitiesToClient function 0xF6F614D1
L 04/01/2022 - 18:44:02: DEBUG: SV_EmitEvents function PATCH SUCCEED 0xF6F614D1
L 04/01/2022 - 18:44:02: DEBUG: SV_StartSound function FOUND 0xF6F59410
L 04/01/2022 - 18:44:02: DEBUG: SV_StartSound address was FOUND inside unk_1 function 0xF6F480E5
L 04/01/2022 - 18:44:02: DEBUG: SV_StartSound function PATCH SUCCEED 0xF6F480E5
L 04/01/2022 - 18:44:02: DEBUG: SV_StartSound address was FOUND inside unk_2 function 0xF6F6D599
L 04/01/2022 - 18:44:02: DEBUG: SV_StartSound function PATCH SUCCEED 0xF6F6D599
L 04/01/2022 - 18:44:02: DEBUG: SV_StartSound address was FOUND inside unk_3 function 0xF6F7083D
L 04/01/2022 - 18:44:02: DEBUG: SV_StartSound function PATCH SUCCEED 0xF6F7083D
L 04/01/2022 - 18:44:02: DEBUG: SV_StartSound address was FOUND inside unk_4 function 0xF6F7093E
L 04/01/2022 - 18:44:02: DEBUG: SV_StartSound function PATCH SUCCEED 0xF6F7093E
L 04/01/2022 - 18:44:02: DEBUG: SV_StartSound address was FOUND inside unk_5 function 0xF6F7110F
L 04/01/2022 - 18:44:02: DEBUG: SV_StartSound function PATCH SUCCEED 0xF6F7110F
L 04/01/2022 - 18:44:02: DEBUG: SV_StartSound address was FOUND inside unk_6 function 0xF6F711BD
L 04/01/2022 - 18:44:02: DEBUG: SV_StartSound function PATCH SUCCEED 0xF6F711BD
L 04/01/2022 - 18:44:02: DEBUG: SV_StartSound address was FOUND inside unk_7 function 0xF6F7125D
L 04/01/2022 - 18:44:02: DEBUG: SV_StartSound function PATCH SUCCEED 0xF6F7125D
L 04/01/2022 - 18:44:02: DEBUG: SV_StartSound address was FOUND inside unk_8 function 0xF6F712E3
L 04/01/2022 - 18:44:02: DEBUG: SV_StartSound function PATCH SUCCEED 0xF6F712E3
L 04/01/2022 - 18:44:02: DEBUG: SV_StartSound address was FOUND inside unk_9 function 0xF6F71335
L 04/01/2022 - 18:44:02: DEBUG: SV_StartSound function PATCH SUCCEED 0xF6F71335
L 04/01/2022 - 18:44:02: DEBUG: SV_StartSound address was FOUND inside unk_10 function 0xF6F7137C
L 04/01/2022 - 18:44:02: DEBUG: SV_StartSound function PATCH SUCCEED 0xF6F7137C
L 04/01/2022 - 18:44:02: DEBUG: SV_StartSound address was FOUND inside unk_11 function 0xF6F713C3
L 04/01/2022 - 18:44:02: DEBUG: SV_StartSound function PATCH SUCCEED 0xF6F713C3
L 04/01/2022 - 18:44:02: DEBUG: SV_StartSound address was FOUND inside unk_12 function 0xF6F71412
L 04/01/2022 - 18:44:02: DEBUG: SV_StartSound function PATCH SUCCEED 0xF6F71412
L 04/01/2022 - 18:44:02: DEBUG: PF_Remove_I function FOUND 0xF6F497B0
L 04/01/2022 - 18:44:02: DEBUG: ED_Free address was FOUND inside PF_Remove_I function 0xF6F497B0
L 04/01/2022 - 18:44:02: DEBUG: ED_Free function PATCH SUCCEED 0xF6F497B0
L 04/01/2022 - 18:44:02: DEBUG: PF_BuildSoundMsg_I function FOUND 0xF6F4C940
L 04/01/2022 - 18:44:02: DEBUG: PF_BuildSoundMsg_I patch address to inside function in PF_BuildSoundMsg_I PATCH SUCCEED 0xF6F4C940
L 04/01/2022 - 18:44:02: DEBUG: MSG_StartBitWriting function FOUND 0xF6F1BEA0
L 04/01/2022 - 18:44:02: DEBUG: MSG_WriteBits function FOUND 0xF6F1D040
L 04/01/2022 - 18:44:02: DEBUG: MSG_WriteBitVec3Coord function FOUND 0xF6F1DCB0
L 04/01/2022 - 18:44:02: DEBUG: MSG_EndBitWriting function FOUND 0xF6F1D750
L 04/01/2022 - 18:44:02: DEBUG: SV_LookupSoundIndex function FOUND 0xF6F58B40
L 04/01/2022 - 18:44:02: DEBUG: SZ_GetSpace function FOUND 0xF6F1CF20
L 04/01/2022 - 18:44:02: Success: Patch executed.
L 04/01/2022 - 18:44:02: PrivateData Offsets: ->
pev			- '0'
vtable			- '8'
playership		- '53'
m_iId			- '47'
m_pActiveItem		- '378'
m_blindStartTime	- '520'
m_blindHoldTime		- '521'
m_blindAlpha		- '523'
L 04/01/2022 - 18:44:02: Success: Build HLDS version defined Linux '8308' (cstrike)
L 04/01/2022 - 18:44:02: Settings: -> 
debug		- '3'
esp		- '1'
smooth		- '1'
smoothout	- '1'
smoothent	- '45'
decalfix	- '1'
antinoflash	- '1'
alphaflash	- '255'
team		- '0'
fov		- '1'
solid		- '2'
barrel		- '1'
blockent	- '1'
hlfix		- '0'
metacall	- '1'
blocktype	- '0'
skytrace	- '1'
revis		- '0'
L 04/01/2022 - 18:44:02: Building PAS...
L 04/01/2022 - 18:44:02: Average leaves visible / audible / total: 48 / 92 / 97
L 04/01/2022 - 18:44:02: PAS building time 0.000182 secs
L 04/01/2022 - 18:44:03: DEBUG: GameRules found 0x93E0058
L 04/01/2022 - 18:44:03: Changelevel Server (map 'cs_bloodstrike') (maxplayers '20') (use 'global_svs->maxplayers')
L 04/01/2022 - 18:44:03: Building PAS...
L 04/01/2022 - 18:44:03: Average leaves visible / audible / total: 142 / 369 / 2212
L 04/01/2022 - 18:44:03: PAS building time 0.020162 secs
L 04/01/2022 - 19:29:13: DEBUG: GameRules found 0x93E0058
L 04/01/2022 - 19:29:13: Changelevel Server (map 'de_airstrip') (maxplayers '20') (use 'global_svs->maxplayers')
L 04/01/2022 - 19:29:13: Building PAS...
L 04/01/2022 - 19:29:13: Average leaves visible / audible / total: 219 / 703 / 3694
L 04/01/2022 - 19:29:13: PAS building time 0.058541 secs
L 04/01/2022 - 20:14:22: DEBUG: GameRules found 0x93E0058
L 04/01/2022 - 20:14:22: Changelevel Server (map 'cs_havana') (maxplayers '20') (use 'global_svs->maxplayers')
L 04/01/2022 - 20:14:22: Building PAS...
L 04/01/2022 - 20:14:22: Average leaves visible / audible / total: 181 / 722 / 2672
L 04/01/2022 - 20:14:22: PAS building time 0.02954 secs
L 04/01/2022 - 20:59:32: DEBUG: GameRules found 0x93E0058
L 04/01/2022 - 20:59:32: Changelevel Server (map 'de_chateau') (maxplayers '20') (use 'global_svs->maxplayers')
L 04/01/2022 - 20:59:32: Building PAS...
L 04/01/2022 - 20:59:32: Average leaves visible / audible / total: 103 / 294 / 800
L 04/01/2022 - 20:59:32: PAS building time 0.002737 secs
L 04/01/2022 - 21:44:41: DEBUG: GameRules found 0x941A4B0
L 04/01/2022 - 21:44:41: Changelevel Server (map 'de_aztec') (maxplayers '20') (use 'global_svs->maxplayers')
L 04/01/2022 - 21:44:41: Building PAS...
L 04/01/2022 - 21:44:41: Average leaves visible / audible / total: 152 / 618 / 1379
L 04/01/2022 - 21:44:41: PAS building time 0.008008 secs
L 04/01/2022 - 22:29:50: DEBUG: GameRules found 0x93DF238
L 04/01/2022 - 22:29:50: Changelevel Server (map 'as_oilrig') (maxplayers '20') (use 'global_svs->maxplayers')
L 04/01/2022 - 22:29:50: Building PAS...
L 04/01/2022 - 22:29:50: Average leaves visible / audible / total: 138 / 359 / 1380
L 04/01/2022 - 22:29:50: PAS building time 0.007387 secs
L 04/01/2022 - 23:15:00: DEBUG: GameRules found 0x93DF238
L 04/01/2022 - 23:15:00: Changelevel Server (map 'cs_siege') (maxplayers '20') (use 'global_svs->maxplayers')
L 04/01/2022 - 23:15:00: Building PAS...
L 04/01/2022 - 23:15:00: Average leaves visible / audible / total: 194 / 585 / 1689
L 04/01/2022 - 23:15:00: PAS building time 0.013369 secs
