L 02/02/2023 - 06:15:16: Log file started (file 'cstrike/addons/whblocker/logs/L_02_02_2023.log') (dir 'cstrike') (mod 'Counter-Strike 1.6') (version '1.5.697')
L 02/02/2023 - 06:15:16: Success: Configuration executed.
L 02/02/2023 - 06:15:16: DEBUG: SVS found 0xF73F8760
L 02/02/2023 - 06:15:16: DEBUG: SV_CheckTimeouts function FOUND 0xF6F95DD0
L 02/02/2023 - 06:15:16: DEBUG: client_t address of a structure FOUND 0xF6F95E01
L 02/02/2023 - 06:15:16: DEBUG: client_t determined the size of a the structure 20216
L 02/02/2023 - 06:15:16: DEBUG: SV_Move function FOUND 0xF6FB44F0
L 02/02/2023 - 06:15:16: DEBUG: m_iId parse member, value is 47
L 02/02/2023 - 06:15:16: DEBUG: m_pActiveItem parse member, value is 378
L 02/02/2023 - 06:15:16: DEBUG: SV_EmitEvents function FOUND 0xF6F96A30
L 02/02/2023 - 06:15:16: DEBUG: SV_WriteEntitiesToClient function FOUND 0xF6F98200
L 02/02/2023 - 06:15:16: DEBUG: SV_EmitEvents address was FOUND inside SV_WriteEntitiesToClient function 0xF6F984D1
L 02/02/2023 - 06:15:16: DEBUG: SV_EmitEvents function PATCH SUCCEED 0xF6F984D1
L 02/02/2023 - 06:15:16: DEBUG: SV_StartSound function FOUND 0xF6F90410
L 02/02/2023 - 06:15:16: DEBUG: SV_StartSound address was FOUND inside unk_1 function 0xF6F7F0E5
L 02/02/2023 - 06:15:16: DEBUG: SV_StartSound function PATCH SUCCEED 0xF6F7F0E5
L 02/02/2023 - 06:15:16: DEBUG: SV_StartSound address was FOUND inside unk_2 function 0xF6FA4599
L 02/02/2023 - 06:15:16: DEBUG: SV_StartSound function PATCH SUCCEED 0xF6FA4599
L 02/02/2023 - 06:15:16: DEBUG: SV_StartSound address was FOUND inside unk_3 function 0xF6FA783D
L 02/02/2023 - 06:15:16: DEBUG: SV_StartSound function PATCH SUCCEED 0xF6FA783D
L 02/02/2023 - 06:15:16: DEBUG: SV_StartSound address was FOUND inside unk_4 function 0xF6FA793E
L 02/02/2023 - 06:15:16: DEBUG: SV_StartSound function PATCH SUCCEED 0xF6FA793E
L 02/02/2023 - 06:15:16: DEBUG: SV_StartSound address was FOUND inside unk_5 function 0xF6FA810F
L 02/02/2023 - 06:15:16: DEBUG: SV_StartSound function PATCH SUCCEED 0xF6FA810F
L 02/02/2023 - 06:15:16: DEBUG: SV_StartSound address was FOUND inside unk_6 function 0xF6FA81BD
L 02/02/2023 - 06:15:16: DEBUG: SV_StartSound function PATCH SUCCEED 0xF6FA81BD
L 02/02/2023 - 06:15:16: DEBUG: SV_StartSound address was FOUND inside unk_7 function 0xF6FA825D
L 02/02/2023 - 06:15:16: DEBUG: SV_StartSound function PATCH SUCCEED 0xF6FA825D
L 02/02/2023 - 06:15:16: DEBUG: SV_StartSound address was FOUND inside unk_8 function 0xF6FA82E3
L 02/02/2023 - 06:15:16: DEBUG: SV_StartSound function PATCH SUCCEED 0xF6FA82E3
L 02/02/2023 - 06:15:16: DEBUG: SV_StartSound address was FOUND inside unk_9 function 0xF6FA8335
L 02/02/2023 - 06:15:16: DEBUG: SV_StartSound function PATCH SUCCEED 0xF6FA8335
L 02/02/2023 - 06:15:16: DEBUG: SV_StartSound address was FOUND inside unk_10 function 0xF6FA837C
L 02/02/2023 - 06:15:16: DEBUG: SV_StartSound function PATCH SUCCEED 0xF6FA837C
L 02/02/2023 - 06:15:16: DEBUG: SV_StartSound address was FOUND inside unk_11 function 0xF6FA83C3
L 02/02/2023 - 06:15:16: DEBUG: SV_StartSound function PATCH SUCCEED 0xF6FA83C3
L 02/02/2023 - 06:15:16: DEBUG: SV_StartSound address was FOUND inside unk_12 function 0xF6FA8412
L 02/02/2023 - 06:15:16: DEBUG: SV_StartSound function PATCH SUCCEED 0xF6FA8412
L 02/02/2023 - 06:15:16: DEBUG: PF_Remove_I function FOUND 0xF6F807B0
L 02/02/2023 - 06:15:16: DEBUG: ED_Free address was FOUND inside PF_Remove_I function 0xF6F807B0
L 02/02/2023 - 06:15:16: DEBUG: ED_Free function PATCH SUCCEED 0xF6F807B0
L 02/02/2023 - 06:15:16: DEBUG: PF_BuildSoundMsg_I function FOUND 0xF6F83940
L 02/02/2023 - 06:15:16: DEBUG: PF_BuildSoundMsg_I patch address to inside function in PF_BuildSoundMsg_I PATCH SUCCEED 0xF6F83940
L 02/02/2023 - 06:15:16: DEBUG: MSG_StartBitWriting function FOUND 0xF6F52EA0
L 02/02/2023 - 06:15:16: DEBUG: MSG_WriteBits function FOUND 0xF6F54040
L 02/02/2023 - 06:15:16: DEBUG: MSG_WriteBitVec3Coord function FOUND 0xF6F54CB0
L 02/02/2023 - 06:15:16: DEBUG: MSG_EndBitWriting function FOUND 0xF6F54750
L 02/02/2023 - 06:15:16: DEBUG: SV_LookupSoundIndex function FOUND 0xF6F8FB40
L 02/02/2023 - 06:15:16: DEBUG: SZ_GetSpace function FOUND 0xF6F53F20
L 02/02/2023 - 06:15:16: Success: Patch executed.
L 02/02/2023 - 06:15:16: PrivateData Offsets: ->
pev			- '0'
vtable			- '8'
playership		- '53'
m_iId			- '47'
m_pActiveItem		- '378'
m_blindStartTime	- '520'
m_blindHoldTime		- '521'
m_blindAlpha		- '523'
L 02/02/2023 - 06:15:16: Success: Build HLDS version defined Linux '8308' (cstrike)
L 02/02/2023 - 06:15:16: Settings: -> 
debug		- '3'
esp		- '1'
smooth		- '1'
smoothout	- '1'
smoothent	- '45'
decalfix	- '1'
antinoflash	- '1'
alphaflash	- '255'
team		- '0'
fov		- '1'
solid		- '2'
barrel		- '1'
blockent	- '1'
hlfix		- '0'
metacall	- '1'
blocktype	- '0'
skytrace	- '1'
revis		- '0'
L 02/02/2023 - 06:15:16: Building PAS...
L 02/02/2023 - 06:15:16: Average leaves visible / audible / total: 48 / 92 / 97
L 02/02/2023 - 06:15:16: PAS building time 0.000267 secs
L 02/02/2023 - 06:15:18: DEBUG: GameRules found 0xACFA530
L 02/02/2023 - 06:15:18: Changelevel Server (map 'cs_bloodstrike') (maxplayers '16') (use 'global_svs->maxplayers')
