L 03/02/2022 - 00:08:10: Log file started (file 'cstrike/addons/whblocker/logs/L_02_03_2022.log') (dir 'cstrike') (mod 'Counter-Strike 1.6') (version '1.5.697')
L 03/02/2022 - 00:08:10: DEBUG: GameRules found 0xA4FE8D0
L 03/02/2022 - 00:08:10: Changelevel Server (map 'de_nuke') (maxplayers '20') (use 'global_svs->maxplayers')
L 03/02/2022 - 00:08:10: Building PAS...
L 03/02/2022 - 00:08:10: Average leaves visible / audible / total: 151 / 385 / 1238
L 03/02/2022 - 00:08:10: PAS building time 0.006884 secs
L 03/02/2022 - 00:48:17: DEBUG: GameRules found 0xA4FE8D0
L 03/02/2022 - 00:48:17: Changelevel Server (map 'de_train') (maxplayers '20') (use 'global_svs->maxplayers')
L 03/02/2022 - 00:48:17: Building PAS...
L 03/02/2022 - 00:48:17: Average leaves visible / audible / total: 48 / 92 / 97
L 03/02/2022 - 00:48:17: PAS building time 0.000158 secs
L 03/02/2022 - 00:48:39: DEBUG: GameRules found 0xA4FE8D0
L 03/02/2022 - 00:48:39: Changelevel Server (map 'cs_bloodstrike') (maxplayers '20') (use 'global_svs->maxplayers')
L 03/02/2022 - 00:48:39: Building PAS...
L 03/02/2022 - 00:48:39: Average leaves visible / audible / total: 48 / 92 / 97
L 03/02/2022 - 00:48:39: PAS building time 0.000161 secs
L 03/02/2022 - 19:43:49: DEBUG: GameRules found 0xA4FE8D0
L 03/02/2022 - 19:43:49: Changelevel Server (map 'cs_bloodstrike') (maxplayers '20') (use 'global_svs->maxplayers')
L 03/02/2022 - 19:43:49: Building PAS...
L 03/02/2022 - 19:43:49: Average leaves visible / audible / total: 133 / 395 / 1202
L 03/02/2022 - 19:43:49: PAS building time 0.006562 secs
L 03/02/2022 - 20:41:40: DEBUG: GameRules found 0xA4FE8D0
L 03/02/2022 - 20:41:40: Changelevel Server (map 'de_dust2') (maxplayers '20') (use 'global_svs->maxplayers')
L 03/02/2022 - 20:41:40: Building PAS...
L 03/02/2022 - 20:41:40: Average leaves visible / audible / total: 150 / 552 / 1459
L 03/02/2022 - 20:41:40: PAS building time 0.009543 secs
L 03/02/2022 - 21:14:11: DEBUG: GameRules found 0xA4FE8D0
L 03/02/2022 - 21:14:11: Changelevel Server (map 'de_inferno') (maxplayers '20') (use 'global_svs->maxplayers')
L 03/02/2022 - 21:14:11: Building PAS...
L 03/02/2022 - 21:14:11: Average leaves visible / audible / total: 143 / 546 / 1860
L 03/02/2022 - 21:14:11: PAS building time 0.014338 secs
L 03/02/2022 - 21:38:01: DEBUG: GameRules found 0xA4FE8D0
L 03/02/2022 - 21:38:01: Changelevel Server (map 'de_nuke') (maxplayers '20') (use 'global_svs->maxplayers')
L 03/02/2022 - 21:38:01: Building PAS...
L 03/02/2022 - 21:38:01: Average leaves visible / audible / total: 143 / 546 / 1860
L 03/02/2022 - 21:38:01: PAS building time 0.014287 secs
L 03/02/2022 - 21:38:31: DEBUG: GameRules found 0xA4FE8D0
L 03/02/2022 - 21:38:31: Changelevel Server (map 'de_nuke') (maxplayers '20') (use 'global_svs->maxplayers')
L 03/02/2022 - 21:38:31: Building PAS...
L 03/02/2022 - 21:38:31: Average leaves visible / audible / total: 151 / 385 / 1238
L 03/02/2022 - 21:38:31: PAS building time 0.006911 secs
L 03/02/2022 - 22:09:40: DEBUG: GameRules found 0xA4FE8D0
L 03/02/2022 - 22:09:40: Changelevel Server (map 'de_train') (maxplayers '20') (use 'global_svs->maxplayers')
L 03/02/2022 - 22:09:40: Building PAS...
L 03/02/2022 - 22:09:40: Average leaves visible / audible / total: 133 / 395 / 1202
L 03/02/2022 - 22:09:40: PAS building time 0.006449 secs
L 03/02/2022 - 22:37:02: DEBUG: GameRules found 0xA4FE8D0
L 03/02/2022 - 22:37:02: Changelevel Server (map 'de_dust2') (maxplayers '20') (use 'global_svs->maxplayers')
L 03/02/2022 - 22:37:02: Building PAS...
L 03/02/2022 - 22:37:02: Average leaves visible / audible / total: 150 / 552 / 1459
L 03/02/2022 - 22:37:02: PAS building time 0.009589 secs
L 03/02/2022 - 23:14:33: DEBUG: GameRules found 0xA4FE8D0
L 03/02/2022 - 23:14:33: Changelevel Server (map 'de_inferno') (maxplayers '20') (use 'global_svs->maxplayers')
L 03/02/2022 - 23:14:33: Building PAS...
L 03/02/2022 - 23:14:33: Average leaves visible / audible / total: 143 / 546 / 1860
L 03/02/2022 - 23:14:33: PAS building time 0.014429 secs
