L 02/02/2022 - 20:13:14: Log file started (file 'cstrike/addons/whblocker/logs/L_02_02_2022.log') (dir 'cstrike') (mod 'Counter-Strike 1.6') (version '1.5.697')
L 02/02/2022 - 20:13:14: DEBUG: GameRules found 0xA4FE8D0
L 02/02/2022 - 20:13:14: Changelevel Server (map 'cs_bloodstrike') (maxplayers '20') (use 'global_svs->maxplayers')
L 02/02/2022 - 20:13:14: Building PAS...
L 02/02/2022 - 20:13:14: Average leaves visible / audible / total: 133 / 395 / 1202
L 02/02/2022 - 20:13:14: PAS building time 0.006603 secs
L 02/02/2022 - 20:45:28: DEBUG: GameRules found 0xA4FE8D0
L 02/02/2022 - 20:45:28: Changelevel Server (map 'de_dust2') (maxplayers '20') (use 'global_svs->maxplayers')
L 02/02/2022 - 20:45:28: Building PAS...
L 02/02/2022 - 20:45:28: Average leaves visible / audible / total: 150 / 552 / 1459
L 02/02/2022 - 20:45:28: PAS building time 0.00966 secs
L 02/02/2022 - 21:15:16: DEBUG: GameRules found 0xA4FE8D0
L 02/02/2022 - 21:15:16: Changelevel Server (map 'de_inferno') (maxplayers '20') (use 'global_svs->maxplayers')
L 02/02/2022 - 21:15:16: Building PAS...
L 02/02/2022 - 21:15:16: Average leaves visible / audible / total: 150 / 552 / 1459
L 02/02/2022 - 21:15:16: PAS building time 0.009592 secs
L 02/02/2022 - 21:15:50: DEBUG: GameRules found 0xA4FE8D0
L 02/02/2022 - 21:15:50: Changelevel Server (map 'de_inferno') (maxplayers '20') (use 'global_svs->maxplayers')
L 02/02/2022 - 21:15:50: Building PAS...
L 02/02/2022 - 21:15:50: Average leaves visible / audible / total: 143 / 546 / 1860
L 02/02/2022 - 21:15:50: PAS building time 0.014461 secs
L 02/02/2022 - 21:43:46: DEBUG: GameRules found 0xA4FE8D0
L 02/02/2022 - 21:43:46: Changelevel Server (map 'de_nuke') (maxplayers '20') (use 'global_svs->maxplayers')
L 02/02/2022 - 21:43:46: Building PAS...
L 02/02/2022 - 21:43:46: Average leaves visible / audible / total: 151 / 385 / 1238
L 02/02/2022 - 21:43:46: PAS building time 0.00687 secs
L 02/02/2022 - 22:08:02: DEBUG: GameRules found 0xA4FE8D0
L 02/02/2022 - 22:08:02: Changelevel Server (map 'de_train') (maxplayers '20') (use 'global_svs->maxplayers')
L 02/02/2022 - 22:08:02: Building PAS...
L 02/02/2022 - 22:08:02: Average leaves visible / audible / total: 48 / 92 / 97
L 02/02/2022 - 22:08:02: PAS building time 0.00013 secs
L 02/02/2022 - 22:37:30: DEBUG: GameRules found 0xA4FE8D0
L 02/02/2022 - 22:37:30: Changelevel Server (map 'cs_bloodstrike') (maxplayers '20') (use 'global_svs->maxplayers')
L 02/02/2022 - 22:37:30: Building PAS...
L 02/02/2022 - 22:37:30: Average leaves visible / audible / total: 133 / 395 / 1202
L 02/02/2022 - 22:37:30: PAS building time 0.006581 secs
