L 03/03/2022 - 00:01:03: Log file started (file 'cstrike/addons/whblocker/logs/L_03_03_2022.log') (dir 'cstrike') (mod 'Counter-Strike 1.6') (version '1.5.697')
L 03/03/2022 - 00:01:03: DEBUG: GameRules found 0xA4FE8D0
L 03/03/2022 - 00:01:03: Changelevel Server (map 'de_nuke') (maxplayers '20') (use 'global_svs->maxplayers')
L 03/03/2022 - 00:01:03: Building PAS...
L 03/03/2022 - 00:01:03: Average leaves visible / audible / total: 151 / 385 / 1238
L 03/03/2022 - 00:01:03: PAS building time 0.006883 secs
L 03/03/2022 - 00:38:22: DEBUG: GameRules found 0xA4FE8D0
L 03/03/2022 - 00:38:22: Changelevel Server (map 'de_train') (maxplayers '20') (use 'global_svs->maxplayers')
L 03/03/2022 - 00:38:22: Building PAS...
L 03/03/2022 - 00:38:22: Average leaves visible / audible / total: 133 / 395 / 1202
L 03/03/2022 - 00:38:22: PAS building time 0.006528 secs
L 03/03/2022 - 01:06:15: DEBUG: GameRules found 0xA4FE8D0
L 03/03/2022 - 01:06:15: Changelevel Server (map 'de_dust2') (maxplayers '20') (use 'global_svs->maxplayers')
L 03/03/2022 - 01:06:15: Building PAS...
L 03/03/2022 - 01:06:15: Average leaves visible / audible / total: 48 / 92 / 97
L 03/03/2022 - 01:06:15: PAS building time 0.000195 secs
L 03/03/2022 - 01:40:54: DEBUG: GameRules found 0xA4FE8D0
L 03/03/2022 - 01:40:54: Changelevel Server (map 'cs_bloodstrike') (maxplayers '20') (use 'global_svs->maxplayers')
L 03/03/2022 - 01:40:54: Building PAS...
L 03/03/2022 - 01:40:54: Average leaves visible / audible / total: 133 / 395 / 1202
L 03/03/2022 - 01:40:54: PAS building time 0.006493 secs
L 03/03/2022 - 22:17:30: DEBUG: GameRules found 0xA4FE8D0
L 03/03/2022 - 22:17:30: Changelevel Server (map 'de_dust2') (maxplayers '20') (use 'global_svs->maxplayers')
L 03/03/2022 - 22:17:30: Building PAS...
L 03/03/2022 - 22:17:30: Average leaves visible / audible / total: 150 / 552 / 1459
L 03/03/2022 - 22:17:30: PAS building time 0.00954 secs
L 03/03/2022 - 22:43:35: DEBUG: GameRules found 0xA4FE8D0
L 03/03/2022 - 22:43:35: Changelevel Server (map 'de_inferno') (maxplayers '20') (use 'global_svs->maxplayers')
L 03/03/2022 - 22:43:35: Building PAS...
L 03/03/2022 - 22:43:35: Average leaves visible / audible / total: 143 / 546 / 1860
L 03/03/2022 - 22:43:35: PAS building time 0.014451 secs
L 03/03/2022 - 23:20:02: DEBUG: GameRules found 0xA4FE8D0
L 03/03/2022 - 23:20:02: Changelevel Server (map 'de_nuke') (maxplayers '20') (use 'global_svs->maxplayers')
L 03/03/2022 - 23:20:02: Building PAS...
L 03/03/2022 - 23:20:02: Average leaves visible / audible / total: 151 / 385 / 1238
L 03/03/2022 - 23:20:02: PAS building time 0.006883 secs
L 03/03/2022 - 23:54:24: DEBUG: GameRules found 0xA4FE8D0
L 03/03/2022 - 23:54:24: Changelevel Server (map 'de_train') (maxplayers '20') (use 'global_svs->maxplayers')
L 03/03/2022 - 23:54:24: Building PAS...
L 03/03/2022 - 23:54:24: Average leaves visible / audible / total: 48 / 92 / 97
L 03/03/2022 - 23:54:24: PAS building time 0.000163 secs
L 03/03/2022 - 23:56:06: DEBUG: GameRules found 0xA4FE8D0
L 03/03/2022 - 23:56:06: Changelevel Server (map 'cs_bloodstrike') (maxplayers '20') (use 'global_svs->maxplayers')
L 03/03/2022 - 23:56:06: Building PAS...
L 03/03/2022 - 23:56:06: Average leaves visible / audible / total: 151 / 385 / 1238
L 03/03/2022 - 23:56:06: PAS building time 0.006889 secs
