L 02/04/2022 - 00:20:39: Log file started (file 'cstrike/addons/whblocker/logs/L_04_02_2022.log') (dir 'cstrike') (mod 'Counter-Strike 1.6') (version '1.5.697')
L 02/04/2022 - 00:20:39: DEBUG: GameRules found 0xA4FE8D0
L 02/04/2022 - 00:20:39: Changelevel Server (map 'de_inferno') (maxplayers '20') (use 'global_svs->maxplayers')
L 02/04/2022 - 00:20:39: Building PAS...
L 02/04/2022 - 00:20:39: Average leaves visible / audible / total: 143 / 546 / 1860
L 02/04/2022 - 00:20:39: PAS building time 0.014386 secs
L 02/04/2022 - 00:44:35: DEBUG: GameRules found 0xA4FE8D0
L 02/04/2022 - 00:44:35: Changelevel Server (map 'de_nuke') (maxplayers '20') (use 'global_svs->maxplayers')
L 02/04/2022 - 00:44:35: Building PAS...
L 02/04/2022 - 00:44:35: Average leaves visible / audible / total: 151 / 385 / 1238
L 02/04/2022 - 00:44:35: PAS building time 0.006844 secs
L 02/04/2022 - 01:04:11: DEBUG: GameRules found 0xA4FE8D0
L 02/04/2022 - 01:04:11: Changelevel Server (map 'de_train') (maxplayers '20') (use 'global_svs->maxplayers')
L 02/04/2022 - 01:04:11: Building PAS...
L 02/04/2022 - 01:04:11: Average leaves visible / audible / total: 48 / 92 / 97
L 02/04/2022 - 01:04:11: PAS building time 0.000165 secs
L 02/04/2022 - 01:38:59: DEBUG: GameRules found 0xA4FE8D0
L 02/04/2022 - 01:38:59: Changelevel Server (map 'cs_bloodstrike') (maxplayers '20') (use 'global_svs->maxplayers')
L 02/04/2022 - 01:38:59: Building PAS...
L 02/04/2022 - 01:38:59: Average leaves visible / audible / total: 133 / 395 / 1202
L 02/04/2022 - 01:38:59: PAS building time 0.006522 secs
L 02/04/2022 - 21:51:26: DEBUG: GameRules found 0xA4FE8D0
L 02/04/2022 - 21:51:26: Changelevel Server (map 'de_dust2') (maxplayers '20') (use 'global_svs->maxplayers')
L 02/04/2022 - 21:51:26: Building PAS...
L 02/04/2022 - 21:51:26: Average leaves visible / audible / total: 150 / 552 / 1459
L 02/04/2022 - 21:51:26: PAS building time 0.009521 secs
L 02/04/2022 - 22:31:36: DEBUG: GameRules found 0xA4FE8D0
L 02/04/2022 - 22:31:36: Changelevel Server (map 'de_inferno') (maxplayers '20') (use 'global_svs->maxplayers')
L 02/04/2022 - 22:31:36: Building PAS...
L 02/04/2022 - 22:31:36: Average leaves visible / audible / total: 143 / 546 / 1860
L 02/04/2022 - 22:31:36: PAS building time 0.015143 secs
L 02/04/2022 - 22:50:42: DEBUG: GameRules found 0xA4FE8D0
L 02/04/2022 - 22:50:42: Changelevel Server (map 'de_nuke') (maxplayers '20') (use 'global_svs->maxplayers')
L 02/04/2022 - 22:50:42: Building PAS...
L 02/04/2022 - 22:50:42: Average leaves visible / audible / total: 151 / 385 / 1238
L 02/04/2022 - 22:50:42: PAS building time 0.006886 secs
L 02/04/2022 - 23:23:39: DEBUG: GameRules found 0xA4FE8D0
L 02/04/2022 - 23:23:39: Changelevel Server (map 'de_train') (maxplayers '20') (use 'global_svs->maxplayers')
L 02/04/2022 - 23:23:39: Building PAS...
L 02/04/2022 - 23:23:39: Average leaves visible / audible / total: 133 / 395 / 1202
L 02/04/2022 - 23:23:39: PAS building time 0.006509 secs
