L 12/04/2022 - 06:15:27: Log file started (file 'cstrike/addons/whblocker/logs/L_04_12_2022.log') (dir 'cstrike') (mod 'Counter-Strike 1.6') (version '1.5.697')
L 12/04/2022 - 06:15:27: Success: Configuration executed.
L 12/04/2022 - 06:15:27: DEBUG: SVS found 0xF735E760
L 12/04/2022 - 06:15:27: DEBUG: SV_CheckTimeouts function FOUND 0xF6EFBDD0
L 12/04/2022 - 06:15:27: DEBUG: client_t address of a structure FOUND 0xF6EFBE01
L 12/04/2022 - 06:15:27: DEBUG: client_t determined the size of a the structure 20216
L 12/04/2022 - 06:15:27: DEBUG: SV_Move function FOUND 0xF6F1A4F0
L 12/04/2022 - 06:15:27: DEBUG: m_iId parse member, value is 47
L 12/04/2022 - 06:15:27: DEBUG: m_pActiveItem parse member, value is 378
L 12/04/2022 - 06:15:27: DEBUG: SV_EmitEvents function FOUND 0xF6EFCA30
L 12/04/2022 - 06:15:27: DEBUG: SV_WriteEntitiesToClient function FOUND 0xF6EFE200
L 12/04/2022 - 06:15:27: DEBUG: SV_EmitEvents address was FOUND inside SV_WriteEntitiesToClient function 0xF6EFE4D1
L 12/04/2022 - 06:15:27: DEBUG: SV_EmitEvents function PATCH SUCCEED 0xF6EFE4D1
L 12/04/2022 - 06:15:27: DEBUG: SV_StartSound function FOUND 0xF6EF6410
L 12/04/2022 - 06:15:27: DEBUG: SV_StartSound address was FOUND inside unk_1 function 0xF6EE50E5
L 12/04/2022 - 06:15:27: DEBUG: SV_StartSound function PATCH SUCCEED 0xF6EE50E5
L 12/04/2022 - 06:15:27: DEBUG: SV_StartSound address was FOUND inside unk_2 function 0xF6F0A599
L 12/04/2022 - 06:15:27: DEBUG: SV_StartSound function PATCH SUCCEED 0xF6F0A599
L 12/04/2022 - 06:15:27: DEBUG: SV_StartSound address was FOUND inside unk_3 function 0xF6F0D83D
L 12/04/2022 - 06:15:27: DEBUG: SV_StartSound function PATCH SUCCEED 0xF6F0D83D
L 12/04/2022 - 06:15:27: DEBUG: SV_StartSound address was FOUND inside unk_4 function 0xF6F0D93E
L 12/04/2022 - 06:15:27: DEBUG: SV_StartSound function PATCH SUCCEED 0xF6F0D93E
L 12/04/2022 - 06:15:27: DEBUG: SV_StartSound address was FOUND inside unk_5 function 0xF6F0E10F
L 12/04/2022 - 06:15:27: DEBUG: SV_StartSound function PATCH SUCCEED 0xF6F0E10F
L 12/04/2022 - 06:15:27: DEBUG: SV_StartSound address was FOUND inside unk_6 function 0xF6F0E1BD
L 12/04/2022 - 06:15:27: DEBUG: SV_StartSound function PATCH SUCCEED 0xF6F0E1BD
L 12/04/2022 - 06:15:27: DEBUG: SV_StartSound address was FOUND inside unk_7 function 0xF6F0E25D
L 12/04/2022 - 06:15:27: DEBUG: SV_StartSound function PATCH SUCCEED 0xF6F0E25D
L 12/04/2022 - 06:15:27: DEBUG: SV_StartSound address was FOUND inside unk_8 function 0xF6F0E2E3
L 12/04/2022 - 06:15:27: DEBUG: SV_StartSound function PATCH SUCCEED 0xF6F0E2E3
L 12/04/2022 - 06:15:27: DEBUG: SV_StartSound address was FOUND inside unk_9 function 0xF6F0E335
L 12/04/2022 - 06:15:27: DEBUG: SV_StartSound function PATCH SUCCEED 0xF6F0E335
L 12/04/2022 - 06:15:27: DEBUG: SV_StartSound address was FOUND inside unk_10 function 0xF6F0E37C
L 12/04/2022 - 06:15:27: DEBUG: SV_StartSound function PATCH SUCCEED 0xF6F0E37C
L 12/04/2022 - 06:15:27: DEBUG: SV_StartSound address was FOUND inside unk_11 function 0xF6F0E3C3
L 12/04/2022 - 06:15:27: DEBUG: SV_StartSound function PATCH SUCCEED 0xF6F0E3C3
L 12/04/2022 - 06:15:27: DEBUG: SV_StartSound address was FOUND inside unk_12 function 0xF6F0E412
L 12/04/2022 - 06:15:27: DEBUG: SV_StartSound function PATCH SUCCEED 0xF6F0E412
L 12/04/2022 - 06:15:27: DEBUG: PF_Remove_I function FOUND 0xF6EE67B0
L 12/04/2022 - 06:15:27: DEBUG: ED_Free address was FOUND inside PF_Remove_I function 0xF6EE67B0
L 12/04/2022 - 06:15:27: DEBUG: ED_Free function PATCH SUCCEED 0xF6EE67B0
L 12/04/2022 - 06:15:27: DEBUG: PF_BuildSoundMsg_I function FOUND 0xF6EE9940
L 12/04/2022 - 06:15:27: DEBUG: PF_BuildSoundMsg_I patch address to inside function in PF_BuildSoundMsg_I PATCH SUCCEED 0xF6EE9940
L 12/04/2022 - 06:15:27: DEBUG: MSG_StartBitWriting function FOUND 0xF6EB8EA0
L 12/04/2022 - 06:15:27: DEBUG: MSG_WriteBits function FOUND 0xF6EBA040
L 12/04/2022 - 06:15:27: DEBUG: MSG_WriteBitVec3Coord function FOUND 0xF6EBACB0
L 12/04/2022 - 06:15:27: DEBUG: MSG_EndBitWriting function FOUND 0xF6EBA750
L 12/04/2022 - 06:15:27: DEBUG: SV_LookupSoundIndex function FOUND 0xF6EF5B40
L 12/04/2022 - 06:15:27: DEBUG: SZ_GetSpace function FOUND 0xF6EB9F20
L 12/04/2022 - 06:15:27: Success: Patch executed.
L 12/04/2022 - 06:15:27: PrivateData Offsets: ->
pev			- '0'
vtable			- '8'
playership		- '53'
m_iId			- '47'
m_pActiveItem		- '378'
m_blindStartTime	- '520'
m_blindHoldTime		- '521'
m_blindAlpha		- '523'
L 12/04/2022 - 06:15:27: Success: Build HLDS version defined Linux '8308' (cstrike)
L 12/04/2022 - 06:15:27: Settings: -> 
debug		- '3'
esp		- '1'
smooth		- '1'
smoothout	- '1'
smoothent	- '45'
decalfix	- '1'
antinoflash	- '1'
alphaflash	- '255'
team		- '0'
fov		- '1'
solid		- '2'
barrel		- '1'
blockent	- '1'
hlfix		- '0'
metacall	- '1'
blocktype	- '0'
skytrace	- '1'
revis		- '0'
L 12/04/2022 - 06:15:27: Building PAS...
L 12/04/2022 - 06:15:27: Average leaves visible / audible / total: 48 / 92 / 97
L 12/04/2022 - 06:15:27: PAS building time 0.000241 secs
L 12/04/2022 - 06:15:28: DEBUG: GameRules found 0xA55A530
L 12/04/2022 - 06:15:28: Changelevel Server (map 'cs_bloodstrike') (maxplayers '16') (use 'global_svs->maxplayers')
