L 01/04/2022 - 00:20:52: Log file started (file 'cstrike/addons/whblocker/logs/L_04_01_2022.log') (dir 'cstrike') (mod 'Counter-Strike 1.6') (version '1.5.697')
L 01/04/2022 - 00:20:52: DEBUG: GameRules found 0xA0CAA68
L 01/04/2022 - 00:20:52: Changelevel Server (map 'de_train') (maxplayers '20') (use 'global_svs->maxplayers')
L 01/04/2022 - 00:20:52: Building PAS...
L 01/04/2022 - 00:20:52: Average leaves visible / audible / total: 133 / 395 / 1202
L 01/04/2022 - 00:20:52: PAS building time 0.00694 secs
L 01/04/2022 - 00:59:20: DEBUG: GameRules found 0xA0CAA68
L 01/04/2022 - 00:59:20: Changelevel Server (map 'de_dust2') (maxplayers '20') (use 'global_svs->maxplayers')
L 01/04/2022 - 00:59:20: Building PAS...
L 01/04/2022 - 00:59:20: Average leaves visible / audible / total: 133 / 395 / 1202
L 01/04/2022 - 00:59:20: PAS building time 0.006456 secs
L 01/04/2022 - 00:59:57: DEBUG: GameRules found 0xA0CAA68
L 01/04/2022 - 00:59:57: Changelevel Server (map 'de_dust2') (maxplayers '20') (use 'global_svs->maxplayers')
L 01/04/2022 - 00:59:57: Building PAS...
L 01/04/2022 - 00:59:57: Average leaves visible / audible / total: 48 / 92 / 97
L 01/04/2022 - 00:59:57: PAS building time 0.000163 secs
L 01/04/2022 - 01:31:58: DEBUG: GameRules found 0xA0CAA68
L 01/04/2022 - 01:31:58: Changelevel Server (map 'cs_bloodstrike') (maxplayers '20') (use 'global_svs->maxplayers')
L 01/04/2022 - 01:31:58: Building PAS...
L 01/04/2022 - 01:31:58: Average leaves visible / audible / total: 48 / 92 / 97
L 01/04/2022 - 01:31:58: PAS building time 0.000164 secs
L 01/04/2022 - 21:36:21: DEBUG: GameRules found 0xA0CAA68
L 01/04/2022 - 21:36:21: Changelevel Server (map 'cs_bloodstrike') (maxplayers '20') (use 'global_svs->maxplayers')
L 01/04/2022 - 21:36:21: Building PAS...
L 01/04/2022 - 21:36:21: Average leaves visible / audible / total: 133 / 395 / 1202
L 01/04/2022 - 21:36:21: PAS building time 0.006856 secs
L 01/04/2022 - 21:43:29: DEBUG: GameRules found 0xA0CAA68
L 01/04/2022 - 21:43:29: Changelevel Server (map 'de_dust2') (maxplayers '20') (use 'global_svs->maxplayers')
L 01/04/2022 - 21:43:29: Building PAS...
L 01/04/2022 - 21:43:29: Average leaves visible / audible / total: 150 / 552 / 1459
L 01/04/2022 - 21:43:29: PAS building time 0.009959 secs
L 01/04/2022 - 22:21:34: DEBUG: GameRules found 0xA0CAA68
L 01/04/2022 - 22:21:34: Changelevel Server (map 'de_inferno') (maxplayers '20') (use 'global_svs->maxplayers')
L 01/04/2022 - 22:21:34: Building PAS...
L 01/04/2022 - 22:21:34: Average leaves visible / audible / total: 143 / 546 / 1860
L 01/04/2022 - 22:21:34: PAS building time 0.01473 secs
L 01/04/2022 - 22:53:35: DEBUG: GameRules found 0xA0CAA68
L 01/04/2022 - 22:53:35: Changelevel Server (map 'de_nuke') (maxplayers '20') (use 'global_svs->maxplayers')
L 01/04/2022 - 22:53:35: Building PAS...
L 01/04/2022 - 22:53:35: Average leaves visible / audible / total: 143 / 546 / 1860
L 01/04/2022 - 22:53:35: PAS building time 0.015144 secs
L 01/04/2022 - 22:54:03: DEBUG: GameRules found 0xA0CAA68
L 01/04/2022 - 22:54:03: Changelevel Server (map 'de_nuke') (maxplayers '20') (use 'global_svs->maxplayers')
L 01/04/2022 - 22:54:03: Building PAS...
L 01/04/2022 - 22:54:03: Average leaves visible / audible / total: 151 / 385 / 1238
L 01/04/2022 - 22:54:03: PAS building time 0.007609 secs
L 01/04/2022 - 23:12:15: DEBUG: GameRules found 0xA0CAA68
L 01/04/2022 - 23:12:15: Changelevel Server (map 'de_train') (maxplayers '20') (use 'global_svs->maxplayers')
L 01/04/2022 - 23:12:15: Building PAS...
L 01/04/2022 - 23:12:15: Average leaves visible / audible / total: 133 / 395 / 1202
L 01/04/2022 - 23:12:15: PAS building time 0.006997 secs
L 01/04/2022 - 23:37:20: DEBUG: GameRules found 0xA0CAA68
L 01/04/2022 - 23:37:20: Changelevel Server (map 'de_dust2') (maxplayers '20') (use 'global_svs->maxplayers')
L 01/04/2022 - 23:37:20: Building PAS...
L 01/04/2022 - 23:37:20: Average leaves visible / audible / total: 150 / 552 / 1459
L 01/04/2022 - 23:37:20: PAS building time 0.009813 secs
