L 04/04/2022 - 20:26:44: Log file started (file 'cstrike/addons/whblocker/logs/L_04_04_2022.log') (dir 'cstrike') (mod 'Counter-Strike 1.6') (version '1.5.697')
L 04/04/2022 - 20:26:44: Success: Configuration executed.
L 04/04/2022 - 20:26:44: DEBUG: SVS found 0xF7410760
L 04/04/2022 - 20:26:44: DEBUG: SV_CheckTimeouts function FOUND 0xF6FADDD0
L 04/04/2022 - 20:26:44: DEBUG: client_t address of a structure FOUND 0xF6FADE01
L 04/04/2022 - 20:26:44: DEBUG: client_t determined the size of a the structure 20216
L 04/04/2022 - 20:26:44: DEBUG: SV_Move function FOUND 0xF6FCC4F0
L 04/04/2022 - 20:26:44: DEBUG: m_iId parse member, value is 47
L 04/04/2022 - 20:26:44: DEBUG: m_pActiveItem parse member, value is 378
L 04/04/2022 - 20:26:44: DEBUG: SV_EmitEvents function FOUND 0xF6FAEA30
L 04/04/2022 - 20:26:44: DEBUG: SV_WriteEntitiesToClient function FOUND 0xF6FB0200
L 04/04/2022 - 20:26:44: DEBUG: SV_EmitEvents address was FOUND inside SV_WriteEntitiesToClient function 0xF6FB04D1
L 04/04/2022 - 20:26:44: DEBUG: SV_EmitEvents function PATCH SUCCEED 0xF6FB04D1
L 04/04/2022 - 20:26:44: DEBUG: SV_StartSound function FOUND 0xF6FA8410
L 04/04/2022 - 20:26:44: DEBUG: SV_StartSound address was FOUND inside unk_1 function 0xF6F970E5
L 04/04/2022 - 20:26:44: DEBUG: SV_StartSound function PATCH SUCCEED 0xF6F970E5
L 04/04/2022 - 20:26:44: DEBUG: SV_StartSound address was FOUND inside unk_2 function 0xF6FBC599
L 04/04/2022 - 20:26:44: DEBUG: SV_StartSound function PATCH SUCCEED 0xF6FBC599
L 04/04/2022 - 20:26:44: DEBUG: SV_StartSound address was FOUND inside unk_3 function 0xF6FBF83D
L 04/04/2022 - 20:26:44: DEBUG: SV_StartSound function PATCH SUCCEED 0xF6FBF83D
L 04/04/2022 - 20:26:44: DEBUG: SV_StartSound address was FOUND inside unk_4 function 0xF6FBF93E
L 04/04/2022 - 20:26:44: DEBUG: SV_StartSound function PATCH SUCCEED 0xF6FBF93E
L 04/04/2022 - 20:26:44: DEBUG: SV_StartSound address was FOUND inside unk_5 function 0xF6FC010F
L 04/04/2022 - 20:26:44: DEBUG: SV_StartSound function PATCH SUCCEED 0xF6FC010F
L 04/04/2022 - 20:26:44: DEBUG: SV_StartSound address was FOUND inside unk_6 function 0xF6FC01BD
L 04/04/2022 - 20:26:44: DEBUG: SV_StartSound function PATCH SUCCEED 0xF6FC01BD
L 04/04/2022 - 20:26:44: DEBUG: SV_StartSound address was FOUND inside unk_7 function 0xF6FC025D
L 04/04/2022 - 20:26:44: DEBUG: SV_StartSound function PATCH SUCCEED 0xF6FC025D
L 04/04/2022 - 20:26:44: DEBUG: SV_StartSound address was FOUND inside unk_8 function 0xF6FC02E3
L 04/04/2022 - 20:26:44: DEBUG: SV_StartSound function PATCH SUCCEED 0xF6FC02E3
L 04/04/2022 - 20:26:44: DEBUG: SV_StartSound address was FOUND inside unk_9 function 0xF6FC0335
L 04/04/2022 - 20:26:44: DEBUG: SV_StartSound function PATCH SUCCEED 0xF6FC0335
L 04/04/2022 - 20:26:44: DEBUG: SV_StartSound address was FOUND inside unk_10 function 0xF6FC037C
L 04/04/2022 - 20:26:44: DEBUG: SV_StartSound function PATCH SUCCEED 0xF6FC037C
L 04/04/2022 - 20:26:44: DEBUG: SV_StartSound address was FOUND inside unk_11 function 0xF6FC03C3
L 04/04/2022 - 20:26:44: DEBUG: SV_StartSound function PATCH SUCCEED 0xF6FC03C3
L 04/04/2022 - 20:26:44: DEBUG: SV_StartSound address was FOUND inside unk_12 function 0xF6FC0412
L 04/04/2022 - 20:26:44: DEBUG: SV_StartSound function PATCH SUCCEED 0xF6FC0412
L 04/04/2022 - 20:26:44: DEBUG: PF_Remove_I function FOUND 0xF6F987B0
L 04/04/2022 - 20:26:44: DEBUG: ED_Free address was FOUND inside PF_Remove_I function 0xF6F987B0
L 04/04/2022 - 20:26:44: DEBUG: ED_Free function PATCH SUCCEED 0xF6F987B0
L 04/04/2022 - 20:26:44: DEBUG: PF_BuildSoundMsg_I function FOUND 0xF6F9B940
L 04/04/2022 - 20:26:44: DEBUG: PF_BuildSoundMsg_I patch address to inside function in PF_BuildSoundMsg_I PATCH SUCCEED 0xF6F9B940
L 04/04/2022 - 20:26:44: DEBUG: MSG_StartBitWriting function FOUND 0xF6F6AEA0
L 04/04/2022 - 20:26:44: DEBUG: MSG_WriteBits function FOUND 0xF6F6C040
L 04/04/2022 - 20:26:44: DEBUG: MSG_WriteBitVec3Coord function FOUND 0xF6F6CCB0
L 04/04/2022 - 20:26:44: DEBUG: MSG_EndBitWriting function FOUND 0xF6F6C750
L 04/04/2022 - 20:26:44: DEBUG: SV_LookupSoundIndex function FOUND 0xF6FA7B40
L 04/04/2022 - 20:26:44: DEBUG: SZ_GetSpace function FOUND 0xF6F6BF20
L 04/04/2022 - 20:26:44: Success: Patch executed.
L 04/04/2022 - 20:26:44: PrivateData Offsets: ->
pev			- '0'
vtable			- '8'
playership		- '53'
m_iId			- '47'
m_pActiveItem		- '378'
m_blindStartTime	- '520'
m_blindHoldTime		- '521'
m_blindAlpha		- '523'
L 04/04/2022 - 20:26:44: Success: Build HLDS version defined Linux '8308' (cstrike)
L 04/04/2022 - 20:26:44: Settings: -> 
debug		- '3'
esp		- '1'
smooth		- '1'
smoothout	- '1'
smoothent	- '45'
decalfix	- '1'
antinoflash	- '1'
alphaflash	- '255'
team		- '0'
fov		- '1'
solid		- '2'
barrel		- '1'
blockent	- '1'
hlfix		- '0'
metacall	- '1'
blocktype	- '0'
skytrace	- '1'
revis		- '0'
L 04/04/2022 - 20:26:44: Building PAS...
L 04/04/2022 - 20:26:44: Average leaves visible / audible / total: 48 / 92 / 97
L 04/04/2022 - 20:26:44: PAS building time 0.00016 secs
L 04/04/2022 - 20:26:45: DEBUG: GameRules found 0x994F1E8
L 04/04/2022 - 20:26:45: Changelevel Server (map 'cs_bloodstrike') (maxplayers '20') (use 'global_svs->maxplayers')
L 04/04/2022 - 20:26:45: Building PAS...
L 04/04/2022 - 20:26:45: Average leaves visible / audible / total: 133 / 395 / 1202
L 04/04/2022 - 20:26:45: PAS building time 0.00631 secs
L 04/04/2022 - 21:00:56: DEBUG: GameRules found 0x994F1E8
L 04/04/2022 - 21:00:56: Changelevel Server (map 'de_dust2') (maxplayers '20') (use 'global_svs->maxplayers')
L 04/04/2022 - 21:00:56: Building PAS...
L 04/04/2022 - 21:00:56: Average leaves visible / audible / total: 150 / 552 / 1459
L 04/04/2022 - 21:00:56: PAS building time 0.009418 secs
L 04/04/2022 - 21:44:20: DEBUG: GameRules found 0x99F4188
L 04/04/2022 - 21:44:20: Changelevel Server (map 'de_inferno') (maxplayers '20') (use 'global_svs->maxplayers')
L 04/04/2022 - 21:44:20: Building PAS...
L 04/04/2022 - 21:44:20: Average leaves visible / audible / total: 150 / 552 / 1459
L 04/04/2022 - 21:44:20: PAS building time 0.009269 secs
L 04/04/2022 - 21:44:55: DEBUG: GameRules found 0x99F4188
L 04/04/2022 - 21:44:55: Changelevel Server (map 'de_inferno') (maxplayers '20') (use 'global_svs->maxplayers')
L 04/04/2022 - 21:44:55: Building PAS...
L 04/04/2022 - 21:44:55: Average leaves visible / audible / total: 143 / 546 / 1860
L 04/04/2022 - 21:44:55: PAS building time 0.014113 secs
L 04/04/2022 - 22:21:56: DEBUG: GameRules found 0x99F4188
L 04/04/2022 - 22:21:56: Changelevel Server (map 'de_nuke') (maxplayers '20') (use 'global_svs->maxplayers')
L 04/04/2022 - 22:21:56: Building PAS...
L 04/04/2022 - 22:21:56: Average leaves visible / audible / total: 143 / 546 / 1860
L 04/04/2022 - 22:21:56: PAS building time 0.014117 secs
L 04/04/2022 - 22:22:35: DEBUG: GameRules found 0x994D4E0
L 04/04/2022 - 22:22:35: Changelevel Server (map 'de_nuke') (maxplayers '20') (use 'global_svs->maxplayers')
L 04/04/2022 - 22:22:35: Building PAS...
L 04/04/2022 - 22:22:35: Average leaves visible / audible / total: 151 / 385 / 1238
L 04/04/2022 - 22:22:35: PAS building time 0.006682 secs
L 04/04/2022 - 22:51:59: DEBUG: GameRules found 0x994D4E0
L 04/04/2022 - 22:51:59: Changelevel Server (map 'de_train') (maxplayers '20') (use 'global_svs->maxplayers')
L 04/04/2022 - 22:51:59: Building PAS...
L 04/04/2022 - 22:51:59: Average leaves visible / audible / total: 133 / 395 / 1202
L 04/04/2022 - 22:51:59: PAS building time 0.006328 secs
L 04/04/2022 - 23:26:31: DEBUG: GameRules found 0x994D4E0
L 04/04/2022 - 23:26:31: Changelevel Server (map 'de_dust2') (maxplayers '20') (use 'global_svs->maxplayers')
L 04/04/2022 - 23:26:31: Building PAS...
L 04/04/2022 - 23:26:31: Average leaves visible / audible / total: 150 / 552 / 1459
L 04/04/2022 - 23:26:31: PAS building time 0.009363 secs
