L 03/05/2022 - 00:21:28: Log file started (file 'cstrike/addons/whblocker/logs/L_05_03_2022.log') (dir 'cstrike') (mod 'Counter-Strike 1.6') (version '1.5.697')
L 03/05/2022 - 00:21:28: DEBUG: GameRules found 0xA4FE8D0
L 03/05/2022 - 00:21:28: Changelevel Server (map 'de_train') (maxplayers '20') (use 'global_svs->maxplayers')
L 03/05/2022 - 00:21:28: Building PAS...
L 03/05/2022 - 00:21:28: Average leaves visible / audible / total: 133 / 395 / 1202
L 03/05/2022 - 00:21:28: PAS building time 0.006533 secs
L 03/05/2022 - 00:55:17: DEBUG: GameRules found 0xA4FE8D0
L 03/05/2022 - 00:55:17: Changelevel Server (map 'de_dust2') (maxplayers '20') (use 'global_svs->maxplayers')
L 03/05/2022 - 00:55:17: Building PAS...
L 03/05/2022 - 00:55:17: Average leaves visible / audible / total: 48 / 92 / 97
L 03/05/2022 - 00:55:17: PAS building time 0.00016 secs
L 03/05/2022 - 01:21:03: DEBUG: GameRules found 0xA4FE8D0
L 03/05/2022 - 01:21:03: Changelevel Server (map 'cs_bloodstrike') (maxplayers '20') (use 'global_svs->maxplayers')
L 03/05/2022 - 01:21:03: Building PAS...
L 03/05/2022 - 01:21:03: Average leaves visible / audible / total: 133 / 395 / 1202
L 03/05/2022 - 01:21:03: PAS building time 0.006497 secs
L 03/05/2022 - 20:52:53: DEBUG: GameRules found 0xA4FE8D0
L 03/05/2022 - 20:52:53: Changelevel Server (map 'de_dust2') (maxplayers '20') (use 'global_svs->maxplayers')
L 03/05/2022 - 20:52:53: Building PAS...
L 03/05/2022 - 20:52:53: Average leaves visible / audible / total: 150 / 552 / 1459
L 03/05/2022 - 20:52:53: PAS building time 0.009571 secs
L 03/05/2022 - 21:15:11: DEBUG: GameRules found 0xA4FE8D0
L 03/05/2022 - 21:15:11: Changelevel Server (map 'de_inferno') (maxplayers '20') (use 'global_svs->maxplayers')
L 03/05/2022 - 21:15:11: Building PAS...
L 03/05/2022 - 21:15:11: Average leaves visible / audible / total: 143 / 546 / 1860
L 03/05/2022 - 21:15:11: PAS building time 0.014438 secs
L 03/05/2022 - 21:40:16: DEBUG: GameRules found 0xA4FE8D0
L 03/05/2022 - 21:40:16: Changelevel Server (map 'de_nuke') (maxplayers '20') (use 'global_svs->maxplayers')
L 03/05/2022 - 21:40:16: Building PAS...
L 03/05/2022 - 21:40:16: Average leaves visible / audible / total: 143 / 546 / 1860
L 03/05/2022 - 21:40:16: PAS building time 0.014531 secs
L 03/05/2022 - 21:40:37: DEBUG: GameRules found 0xA4FE8D0
L 03/05/2022 - 21:40:37: Changelevel Server (map 'de_nuke') (maxplayers '20') (use 'global_svs->maxplayers')
L 03/05/2022 - 21:40:37: Building PAS...
L 03/05/2022 - 21:40:37: Average leaves visible / audible / total: 151 / 385 / 1238
L 03/05/2022 - 21:40:37: PAS building time 0.006852 secs
L 03/05/2022 - 22:09:02: DEBUG: GameRules found 0xA4FE8D0
L 03/05/2022 - 22:09:02: Changelevel Server (map 'de_train') (maxplayers '20') (use 'global_svs->maxplayers')
L 03/05/2022 - 22:09:02: Building PAS...
L 03/05/2022 - 22:09:02: Average leaves visible / audible / total: 133 / 395 / 1202
L 03/05/2022 - 22:09:02: PAS building time 0.006592 secs
L 03/05/2022 - 22:42:33: DEBUG: GameRules found 0xA4FE8D0
L 03/05/2022 - 22:42:33: Changelevel Server (map 'de_dust2') (maxplayers '20') (use 'global_svs->maxplayers')
L 03/05/2022 - 22:42:33: Building PAS...
L 03/05/2022 - 22:42:33: Average leaves visible / audible / total: 150 / 552 / 1459
L 03/05/2022 - 22:42:33: PAS building time 0.009666 secs
L 03/05/2022 - 23:20:01: DEBUG: GameRules found 0xA4FE8D0
L 03/05/2022 - 23:20:01: Changelevel Server (map 'de_inferno') (maxplayers '20') (use 'global_svs->maxplayers')
L 03/05/2022 - 23:20:01: Building PAS...
L 03/05/2022 - 23:20:01: Average leaves visible / audible / total: 150 / 552 / 1459
L 03/05/2022 - 23:20:01: PAS building time 0.009604 secs
L 03/05/2022 - 23:20:22: DEBUG: GameRules found 0xA4FE8D0
L 03/05/2022 - 23:20:22: Changelevel Server (map 'de_inferno') (maxplayers '20') (use 'global_svs->maxplayers')
L 03/05/2022 - 23:20:22: Building PAS...
L 03/05/2022 - 23:20:22: Average leaves visible / audible / total: 143 / 546 / 1860
L 03/05/2022 - 23:20:22: PAS building time 0.014342 secs
