L 12/05/2021 - 00:29:25: Log file started (file 'cstrike/addons/whblocker/logs/L_05_12_2021.log') (dir 'cstrike') (mod 'Counter-Strike 1.6') (version '1.5.697')
L 12/05/2021 - 00:29:25: DEBUG: GameRules found 0xAF45E48
L 12/05/2021 - 00:29:25: Changelevel Server (map 'de_inferno') (maxplayers '20') (use 'global_svs->maxplayers')
L 12/05/2021 - 00:29:25: Building PAS...
L 12/05/2021 - 00:29:25: Average leaves visible / audible / total: 143 / 546 / 1860
L 12/05/2021 - 00:29:25: PAS building time 0.014223 secs
L 12/05/2021 - 01:03:24: DEBUG: GameRules found 0xAF45E48
L 12/05/2021 - 01:03:24: Changelevel Server (map 'de_nuke') (maxplayers '20') (use 'global_svs->maxplayers')
L 12/05/2021 - 01:03:24: Building PAS...
L 12/05/2021 - 01:03:24: Average leaves visible / audible / total: 143 / 546 / 1860
L 12/05/2021 - 01:03:24: PAS building time 0.014261 secs
L 12/05/2021 - 01:03:39: DEBUG: GameRules found 0xAF45E48
L 12/05/2021 - 01:03:39: Changelevel Server (map 'de_nuke') (maxplayers '20') (use 'global_svs->maxplayers')
L 12/05/2021 - 01:03:39: Building PAS...
L 12/05/2021 - 01:03:39: Average leaves visible / audible / total: 48 / 92 / 97
L 12/05/2021 - 01:03:39: PAS building time 0.000151 secs
L 12/05/2021 - 01:05:26: DEBUG: GameRules found 0xAF45E48
L 12/05/2021 - 01:05:26: Changelevel Server (map 'cs_bloodstrike') (maxplayers '20') (use 'global_svs->maxplayers')
L 12/05/2021 - 01:05:26: Building PAS...
L 12/05/2021 - 01:05:26: Average leaves visible / audible / total: 143 / 546 / 1860
L 12/05/2021 - 01:05:26: PAS building time 0.01425 secs
L 12/05/2021 - 01:19:25: DEBUG: GameRules found 0xAF45E48
L 12/05/2021 - 01:19:25: Changelevel Server (map 'de_nuke') (maxplayers '20') (use 'global_svs->maxplayers')
L 12/05/2021 - 01:19:25: Building PAS...
L 12/05/2021 - 01:19:25: Average leaves visible / audible / total: 48 / 92 / 97
L 12/05/2021 - 01:19:25: PAS building time 0.000159 secs
L 12/05/2021 - 01:40:29: DEBUG: GameRules found 0xAF45E48
L 12/05/2021 - 01:40:29: Changelevel Server (map 'cs_bloodstrike') (maxplayers '20') (use 'global_svs->maxplayers')
L 12/05/2021 - 01:40:29: Building PAS...
L 12/05/2021 - 01:40:29: Average leaves visible / audible / total: 151 / 385 / 1238
L 12/05/2021 - 01:40:29: PAS building time 0.006856 secs
L 12/05/2021 - 01:47:43: DEBUG: GameRules found 0xAF45E48
L 12/05/2021 - 01:47:43: Changelevel Server (map 'de_train') (maxplayers '20') (use 'global_svs->maxplayers')
L 12/05/2021 - 01:47:43: Building PAS...
L 12/05/2021 - 01:47:43: Average leaves visible / audible / total: 133 / 395 / 1202
L 12/05/2021 - 01:47:43: PAS building time 0.006533 secs
L 12/05/2021 - 02:09:51: DEBUG: GameRules found 0xAF45E48
L 12/05/2021 - 02:09:51: Changelevel Server (map 'de_dust2') (maxplayers '20') (use 'global_svs->maxplayers')
L 12/05/2021 - 02:09:51: Building PAS...
L 12/05/2021 - 02:09:51: Average leaves visible / audible / total: 48 / 92 / 97
L 12/05/2021 - 02:09:51: PAS building time 0.000191 secs
L 12/05/2021 - 02:18:59: DEBUG: GameRules found 0xAF45E48
L 12/05/2021 - 02:18:59: Changelevel Server (map 'cs_bloodstrike') (maxplayers '20') (use 'global_svs->maxplayers')
L 12/05/2021 - 02:18:59: Building PAS...
L 12/05/2021 - 02:18:59: Average leaves visible / audible / total: 133 / 395 / 1202
L 12/05/2021 - 02:18:59: PAS building time 0.006501 secs
L 12/05/2021 - 21:34:02: DEBUG: GameRules found 0xAF45E48
L 12/05/2021 - 21:34:02: Changelevel Server (map 'de_dust2') (maxplayers '20') (use 'global_svs->maxplayers')
L 12/05/2021 - 21:34:02: Building PAS...
L 12/05/2021 - 21:34:02: Average leaves visible / audible / total: 150 / 552 / 1459
L 12/05/2021 - 21:34:02: PAS building time 0.009572 secs
L 12/05/2021 - 21:58:02: DEBUG: GameRules found 0xAF45E48
L 12/05/2021 - 21:58:02: Changelevel Server (map 'de_inferno') (maxplayers '20') (use 'global_svs->maxplayers')
L 12/05/2021 - 21:58:02: Building PAS...
L 12/05/2021 - 21:58:02: Average leaves visible / audible / total: 143 / 546 / 1860
L 12/05/2021 - 21:58:02: PAS building time 0.014275 secs
L 12/05/2021 - 22:23:39: DEBUG: GameRules found 0xAF45E48
L 12/05/2021 - 22:23:39: Changelevel Server (map 'de_nuke') (maxplayers '20') (use 'global_svs->maxplayers')
L 12/05/2021 - 22:23:39: Building PAS...
L 12/05/2021 - 22:23:39: Average leaves visible / audible / total: 151 / 385 / 1238
L 12/05/2021 - 22:23:39: PAS building time 0.006859 secs
L 12/05/2021 - 22:51:13: DEBUG: GameRules found 0xAF45E48
L 12/05/2021 - 22:51:13: Changelevel Server (map 'de_train') (maxplayers '20') (use 'global_svs->maxplayers')
L 12/05/2021 - 22:51:13: Building PAS...
L 12/05/2021 - 22:51:13: Average leaves visible / audible / total: 133 / 395 / 1202
L 12/05/2021 - 22:51:13: PAS building time 0.006491 secs
L 12/05/2021 - 23:17:01: DEBUG: GameRules found 0xAF45E48
L 12/05/2021 - 23:17:01: Changelevel Server (map 'de_dust2') (maxplayers '20') (use 'global_svs->maxplayers')
L 12/05/2021 - 23:17:01: Building PAS...
L 12/05/2021 - 23:17:01: Average leaves visible / audible / total: 150 / 552 / 1459
L 12/05/2021 - 23:17:01: PAS building time 0.009614 secs
L 12/05/2021 - 23:51:58: DEBUG: GameRules found 0xAF45E48
L 12/05/2021 - 23:51:58: Changelevel Server (map 'de_inferno') (maxplayers '20') (use 'global_svs->maxplayers')
L 12/05/2021 - 23:51:58: Building PAS...
L 12/05/2021 - 23:51:58: Average leaves visible / audible / total: 48 / 92 / 97
L 12/05/2021 - 23:51:58: PAS building time 0.000189 secs
L 12/05/2021 - 23:52:51: DEBUG: GameRules found 0xAF45E48
L 12/05/2021 - 23:52:51: Changelevel Server (map 'cs_bloodstrike') (maxplayers '20') (use 'global_svs->maxplayers')
L 12/05/2021 - 23:52:51: Building PAS...
L 12/05/2021 - 23:52:51: Average leaves visible / audible / total: 150 / 552 / 1459
L 12/05/2021 - 23:52:51: PAS building time 0.00955 secs
L 12/05/2021 - 23:57:18: DEBUG: GameRules found 0xAF45E48
L 12/05/2021 - 23:57:18: Changelevel Server (map 'de_inferno') (maxplayers '20') (use 'global_svs->maxplayers')
L 12/05/2021 - 23:57:18: Building PAS...
L 12/05/2021 - 23:57:18: Average leaves visible / audible / total: 143 / 546 / 1860
L 12/05/2021 - 23:57:18: PAS building time 0.01428 secs
