L 12/06/2022 - 06:15:27: Log file started (file 'cstrike/addons/whblocker/logs/L_06_12_2022.log') (dir 'cstrike') (mod 'Counter-Strike 1.6') (version '1.5.697')
L 12/06/2022 - 06:15:27: Success: Configuration executed.
L 12/06/2022 - 06:15:27: DEBUG: SVS found 0xF73B4760
L 12/06/2022 - 06:15:27: DEBUG: SV_CheckTimeouts function FOUND 0xF6F51DD0
L 12/06/2022 - 06:15:27: DEBUG: client_t address of a structure FOUND 0xF6F51E01
L 12/06/2022 - 06:15:27: DEBUG: client_t determined the size of a the structure 20216
L 12/06/2022 - 06:15:27: DEBUG: SV_Move function FOUND 0xF6F704F0
L 12/06/2022 - 06:15:27: DEBUG: m_iId parse member, value is 47
L 12/06/2022 - 06:15:27: DEBUG: m_pActiveItem parse member, value is 378
L 12/06/2022 - 06:15:27: DEBUG: SV_EmitEvents function FOUND 0xF6F52A30
L 12/06/2022 - 06:15:27: DEBUG: SV_WriteEntitiesToClient function FOUND 0xF6F54200
L 12/06/2022 - 06:15:27: DEBUG: SV_EmitEvents address was FOUND inside SV_WriteEntitiesToClient function 0xF6F544D1
L 12/06/2022 - 06:15:27: DEBUG: SV_EmitEvents function PATCH SUCCEED 0xF6F544D1
L 12/06/2022 - 06:15:27: DEBUG: SV_StartSound function FOUND 0xF6F4C410
L 12/06/2022 - 06:15:27: DEBUG: SV_StartSound address was FOUND inside unk_1 function 0xF6F3B0E5
L 12/06/2022 - 06:15:27: DEBUG: SV_StartSound function PATCH SUCCEED 0xF6F3B0E5
L 12/06/2022 - 06:15:27: DEBUG: SV_StartSound address was FOUND inside unk_2 function 0xF6F60599
L 12/06/2022 - 06:15:27: DEBUG: SV_StartSound function PATCH SUCCEED 0xF6F60599
L 12/06/2022 - 06:15:27: DEBUG: SV_StartSound address was FOUND inside unk_3 function 0xF6F6383D
L 12/06/2022 - 06:15:27: DEBUG: SV_StartSound function PATCH SUCCEED 0xF6F6383D
L 12/06/2022 - 06:15:27: DEBUG: SV_StartSound address was FOUND inside unk_4 function 0xF6F6393E
L 12/06/2022 - 06:15:27: DEBUG: SV_StartSound function PATCH SUCCEED 0xF6F6393E
L 12/06/2022 - 06:15:27: DEBUG: SV_StartSound address was FOUND inside unk_5 function 0xF6F6410F
L 12/06/2022 - 06:15:27: DEBUG: SV_StartSound function PATCH SUCCEED 0xF6F6410F
L 12/06/2022 - 06:15:27: DEBUG: SV_StartSound address was FOUND inside unk_6 function 0xF6F641BD
L 12/06/2022 - 06:15:27: DEBUG: SV_StartSound function PATCH SUCCEED 0xF6F641BD
L 12/06/2022 - 06:15:27: DEBUG: SV_StartSound address was FOUND inside unk_7 function 0xF6F6425D
L 12/06/2022 - 06:15:27: DEBUG: SV_StartSound function PATCH SUCCEED 0xF6F6425D
L 12/06/2022 - 06:15:27: DEBUG: SV_StartSound address was FOUND inside unk_8 function 0xF6F642E3
L 12/06/2022 - 06:15:27: DEBUG: SV_StartSound function PATCH SUCCEED 0xF6F642E3
L 12/06/2022 - 06:15:27: DEBUG: SV_StartSound address was FOUND inside unk_9 function 0xF6F64335
L 12/06/2022 - 06:15:27: DEBUG: SV_StartSound function PATCH SUCCEED 0xF6F64335
L 12/06/2022 - 06:15:27: DEBUG: SV_StartSound address was FOUND inside unk_10 function 0xF6F6437C
L 12/06/2022 - 06:15:27: DEBUG: SV_StartSound function PATCH SUCCEED 0xF6F6437C
L 12/06/2022 - 06:15:27: DEBUG: SV_StartSound address was FOUND inside unk_11 function 0xF6F643C3
L 12/06/2022 - 06:15:27: DEBUG: SV_StartSound function PATCH SUCCEED 0xF6F643C3
L 12/06/2022 - 06:15:27: DEBUG: SV_StartSound address was FOUND inside unk_12 function 0xF6F64412
L 12/06/2022 - 06:15:27: DEBUG: SV_StartSound function PATCH SUCCEED 0xF6F64412
L 12/06/2022 - 06:15:27: DEBUG: PF_Remove_I function FOUND 0xF6F3C7B0
L 12/06/2022 - 06:15:27: DEBUG: ED_Free address was FOUND inside PF_Remove_I function 0xF6F3C7B0
L 12/06/2022 - 06:15:27: DEBUG: ED_Free function PATCH SUCCEED 0xF6F3C7B0
L 12/06/2022 - 06:15:27: DEBUG: PF_BuildSoundMsg_I function FOUND 0xF6F3F940
L 12/06/2022 - 06:15:27: DEBUG: PF_BuildSoundMsg_I patch address to inside function in PF_BuildSoundMsg_I PATCH SUCCEED 0xF6F3F940
L 12/06/2022 - 06:15:27: DEBUG: MSG_StartBitWriting function FOUND 0xF6F0EEA0
L 12/06/2022 - 06:15:27: DEBUG: MSG_WriteBits function FOUND 0xF6F10040
L 12/06/2022 - 06:15:27: DEBUG: MSG_WriteBitVec3Coord function FOUND 0xF6F10CB0
L 12/06/2022 - 06:15:27: DEBUG: MSG_EndBitWriting function FOUND 0xF6F10750
L 12/06/2022 - 06:15:27: DEBUG: SV_LookupSoundIndex function FOUND 0xF6F4BB40
L 12/06/2022 - 06:15:27: DEBUG: SZ_GetSpace function FOUND 0xF6F0FF20
L 12/06/2022 - 06:15:27: Success: Patch executed.
L 12/06/2022 - 06:15:27: PrivateData Offsets: ->
pev			- '0'
vtable			- '8'
playership		- '53'
m_iId			- '47'
m_pActiveItem		- '378'
m_blindStartTime	- '520'
m_blindHoldTime		- '521'
m_blindAlpha		- '523'
L 12/06/2022 - 06:15:27: Success: Build HLDS version defined Linux '8308' (cstrike)
L 12/06/2022 - 06:15:27: Settings: -> 
debug		- '3'
esp		- '1'
smooth		- '1'
smoothout	- '1'
smoothent	- '45'
decalfix	- '1'
antinoflash	- '1'
alphaflash	- '255'
team		- '0'
fov		- '1'
solid		- '2'
barrel		- '1'
blockent	- '1'
hlfix		- '0'
metacall	- '1'
blocktype	- '0'
skytrace	- '1'
revis		- '0'
L 12/06/2022 - 06:15:27: Building PAS...
L 12/06/2022 - 06:15:27: Average leaves visible / audible / total: 48 / 92 / 97
L 12/06/2022 - 06:15:27: PAS building time 0.00023 secs
L 12/06/2022 - 06:15:28: DEBUG: GameRules found 0xAC0A530
L 12/06/2022 - 06:15:28: Changelevel Server (map 'cs_bloodstrike') (maxplayers '16') (use 'global_svs->maxplayers')
L 12/06/2022 - 15:54:08: Success: Configuration executed.
L 12/06/2022 - 15:54:08: DEBUG: SVS found 0xF73C6760
L 12/06/2022 - 15:54:08: DEBUG: SV_CheckTimeouts function FOUND 0xF6F63DD0
L 12/06/2022 - 15:54:08: DEBUG: client_t address of a structure FOUND 0xF6F63E01
L 12/06/2022 - 15:54:08: DEBUG: client_t determined the size of a the structure 20216
L 12/06/2022 - 15:54:08: DEBUG: SV_Move function FOUND 0xF6F824F0
L 12/06/2022 - 15:54:08: DEBUG: m_iId parse member, value is 47
L 12/06/2022 - 15:54:08: DEBUG: m_pActiveItem parse member, value is 378
L 12/06/2022 - 15:54:08: DEBUG: SV_EmitEvents function FOUND 0xF6F64A30
L 12/06/2022 - 15:54:08: DEBUG: SV_WriteEntitiesToClient function FOUND 0xF6F66200
L 12/06/2022 - 15:54:08: DEBUG: SV_EmitEvents address was FOUND inside SV_WriteEntitiesToClient function 0xF6F664D1
L 12/06/2022 - 15:54:08: DEBUG: SV_EmitEvents function PATCH SUCCEED 0xF6F664D1
L 12/06/2022 - 15:54:08: DEBUG: SV_StartSound function FOUND 0xF6F5E410
L 12/06/2022 - 15:54:08: DEBUG: SV_StartSound address was FOUND inside unk_1 function 0xF6F4D0E5
L 12/06/2022 - 15:54:08: DEBUG: SV_StartSound function PATCH SUCCEED 0xF6F4D0E5
L 12/06/2022 - 15:54:08: DEBUG: SV_StartSound address was FOUND inside unk_2 function 0xF6F72599
L 12/06/2022 - 15:54:08: DEBUG: SV_StartSound function PATCH SUCCEED 0xF6F72599
L 12/06/2022 - 15:54:08: DEBUG: SV_StartSound address was FOUND inside unk_3 function 0xF6F7583D
L 12/06/2022 - 15:54:08: DEBUG: SV_StartSound function PATCH SUCCEED 0xF6F7583D
L 12/06/2022 - 15:54:08: DEBUG: SV_StartSound address was FOUND inside unk_4 function 0xF6F7593E
L 12/06/2022 - 15:54:08: DEBUG: SV_StartSound function PATCH SUCCEED 0xF6F7593E
L 12/06/2022 - 15:54:08: DEBUG: SV_StartSound address was FOUND inside unk_5 function 0xF6F7610F
L 12/06/2022 - 15:54:08: DEBUG: SV_StartSound function PATCH SUCCEED 0xF6F7610F
L 12/06/2022 - 15:54:08: DEBUG: SV_StartSound address was FOUND inside unk_6 function 0xF6F761BD
L 12/06/2022 - 15:54:08: DEBUG: SV_StartSound function PATCH SUCCEED 0xF6F761BD
L 12/06/2022 - 15:54:08: DEBUG: SV_StartSound address was FOUND inside unk_7 function 0xF6F7625D
L 12/06/2022 - 15:54:08: DEBUG: SV_StartSound function PATCH SUCCEED 0xF6F7625D
L 12/06/2022 - 15:54:08: DEBUG: SV_StartSound address was FOUND inside unk_8 function 0xF6F762E3
L 12/06/2022 - 15:54:08: DEBUG: SV_StartSound function PATCH SUCCEED 0xF6F762E3
L 12/06/2022 - 15:54:08: DEBUG: SV_StartSound address was FOUND inside unk_9 function 0xF6F76335
L 12/06/2022 - 15:54:08: DEBUG: SV_StartSound function PATCH SUCCEED 0xF6F76335
L 12/06/2022 - 15:54:08: DEBUG: SV_StartSound address was FOUND inside unk_10 function 0xF6F7637C
L 12/06/2022 - 15:54:08: DEBUG: SV_StartSound function PATCH SUCCEED 0xF6F7637C
L 12/06/2022 - 15:54:08: DEBUG: SV_StartSound address was FOUND inside unk_11 function 0xF6F763C3
L 12/06/2022 - 15:54:08: DEBUG: SV_StartSound function PATCH SUCCEED 0xF6F763C3
L 12/06/2022 - 15:54:08: DEBUG: SV_StartSound address was FOUND inside unk_12 function 0xF6F76412
L 12/06/2022 - 15:54:08: DEBUG: SV_StartSound function PATCH SUCCEED 0xF6F76412
L 12/06/2022 - 15:54:08: DEBUG: PF_Remove_I function FOUND 0xF6F4E7B0
L 12/06/2022 - 15:54:08: DEBUG: ED_Free address was FOUND inside PF_Remove_I function 0xF6F4E7B0
L 12/06/2022 - 15:54:08: DEBUG: ED_Free function PATCH SUCCEED 0xF6F4E7B0
L 12/06/2022 - 15:54:08: DEBUG: PF_BuildSoundMsg_I function FOUND 0xF6F51940
L 12/06/2022 - 15:54:08: DEBUG: PF_BuildSoundMsg_I patch address to inside function in PF_BuildSoundMsg_I PATCH SUCCEED 0xF6F51940
L 12/06/2022 - 15:54:08: DEBUG: MSG_StartBitWriting function FOUND 0xF6F20EA0
L 12/06/2022 - 15:54:08: DEBUG: MSG_WriteBits function FOUND 0xF6F22040
L 12/06/2022 - 15:54:08: DEBUG: MSG_WriteBitVec3Coord function FOUND 0xF6F22CB0
L 12/06/2022 - 15:54:08: DEBUG: MSG_EndBitWriting function FOUND 0xF6F22750
L 12/06/2022 - 15:54:08: DEBUG: SV_LookupSoundIndex function FOUND 0xF6F5DB40
L 12/06/2022 - 15:54:08: DEBUG: SZ_GetSpace function FOUND 0xF6F21F20
L 12/06/2022 - 15:54:08: Success: Patch executed.
L 12/06/2022 - 15:54:08: PrivateData Offsets: ->
pev			- '0'
vtable			- '8'
playership		- '53'
m_iId			- '47'
m_pActiveItem		- '378'
m_blindStartTime	- '520'
m_blindHoldTime		- '521'
m_blindAlpha		- '523'
L 12/06/2022 - 15:54:08: Success: Build HLDS version defined Linux '8308' (cstrike)
L 12/06/2022 - 15:54:08: Settings: -> 
debug		- '3'
esp		- '1'
smooth		- '1'
smoothout	- '1'
smoothent	- '45'
decalfix	- '1'
antinoflash	- '1'
alphaflash	- '255'
team		- '0'
fov		- '1'
solid		- '2'
barrel		- '1'
blockent	- '1'
hlfix		- '0'
metacall	- '1'
blocktype	- '0'
skytrace	- '1'
revis		- '0'
L 12/06/2022 - 15:54:08: Building PAS...
L 12/06/2022 - 15:54:08: Average leaves visible / audible / total: 48 / 92 / 97
L 12/06/2022 - 15:54:08: PAS building time 0.000224 secs
L 12/06/2022 - 15:54:09: DEBUG: GameRules found 0x9D2A3A0
L 12/06/2022 - 15:54:09: Changelevel Server (map 'cs_bloodstrike') (maxplayers '16') (use 'global_svs->maxplayers')
L 12/06/2022 - 16:11:33: Success: Configuration executed.
L 12/06/2022 - 16:11:33: DEBUG: SVS found 0xF7402760
L 12/06/2022 - 16:11:33: DEBUG: SV_CheckTimeouts function FOUND 0xF6F9FDD0
L 12/06/2022 - 16:11:33: DEBUG: client_t address of a structure FOUND 0xF6F9FE01
L 12/06/2022 - 16:11:33: DEBUG: client_t determined the size of a the structure 20216
L 12/06/2022 - 16:11:33: DEBUG: SV_Move function FOUND 0xF6FBE4F0
L 12/06/2022 - 16:11:33: DEBUG: m_iId parse member, value is 47
L 12/06/2022 - 16:11:33: DEBUG: m_pActiveItem parse member, value is 378
L 12/06/2022 - 16:11:33: DEBUG: SV_EmitEvents function FOUND 0xF6FA0A30
L 12/06/2022 - 16:11:33: DEBUG: SV_WriteEntitiesToClient function FOUND 0xF6FA2200
L 12/06/2022 - 16:11:33: DEBUG: SV_EmitEvents address was FOUND inside SV_WriteEntitiesToClient function 0xF6FA24D1
L 12/06/2022 - 16:11:33: DEBUG: SV_EmitEvents function PATCH SUCCEED 0xF6FA24D1
L 12/06/2022 - 16:11:33: DEBUG: SV_StartSound function FOUND 0xF6F9A410
L 12/06/2022 - 16:11:33: DEBUG: SV_StartSound address was FOUND inside unk_1 function 0xF6F890E5
L 12/06/2022 - 16:11:33: DEBUG: SV_StartSound function PATCH SUCCEED 0xF6F890E5
L 12/06/2022 - 16:11:33: DEBUG: SV_StartSound address was FOUND inside unk_2 function 0xF6FAE599
L 12/06/2022 - 16:11:33: DEBUG: SV_StartSound function PATCH SUCCEED 0xF6FAE599
L 12/06/2022 - 16:11:33: DEBUG: SV_StartSound address was FOUND inside unk_3 function 0xF6FB183D
L 12/06/2022 - 16:11:33: DEBUG: SV_StartSound function PATCH SUCCEED 0xF6FB183D
L 12/06/2022 - 16:11:33: DEBUG: SV_StartSound address was FOUND inside unk_4 function 0xF6FB193E
L 12/06/2022 - 16:11:33: DEBUG: SV_StartSound function PATCH SUCCEED 0xF6FB193E
L 12/06/2022 - 16:11:33: DEBUG: SV_StartSound address was FOUND inside unk_5 function 0xF6FB210F
L 12/06/2022 - 16:11:33: DEBUG: SV_StartSound function PATCH SUCCEED 0xF6FB210F
L 12/06/2022 - 16:11:33: DEBUG: SV_StartSound address was FOUND inside unk_6 function 0xF6FB21BD
L 12/06/2022 - 16:11:33: DEBUG: SV_StartSound function PATCH SUCCEED 0xF6FB21BD
L 12/06/2022 - 16:11:33: DEBUG: SV_StartSound address was FOUND inside unk_7 function 0xF6FB225D
L 12/06/2022 - 16:11:33: DEBUG: SV_StartSound function PATCH SUCCEED 0xF6FB225D
L 12/06/2022 - 16:11:33: DEBUG: SV_StartSound address was FOUND inside unk_8 function 0xF6FB22E3
L 12/06/2022 - 16:11:33: DEBUG: SV_StartSound function PATCH SUCCEED 0xF6FB22E3
L 12/06/2022 - 16:11:33: DEBUG: SV_StartSound address was FOUND inside unk_9 function 0xF6FB2335
L 12/06/2022 - 16:11:33: DEBUG: SV_StartSound function PATCH SUCCEED 0xF6FB2335
L 12/06/2022 - 16:11:33: DEBUG: SV_StartSound address was FOUND inside unk_10 function 0xF6FB237C
L 12/06/2022 - 16:11:33: DEBUG: SV_StartSound function PATCH SUCCEED 0xF6FB237C
L 12/06/2022 - 16:11:33: DEBUG: SV_StartSound address was FOUND inside unk_11 function 0xF6FB23C3
L 12/06/2022 - 16:11:33: DEBUG: SV_StartSound function PATCH SUCCEED 0xF6FB23C3
L 12/06/2022 - 16:11:33: DEBUG: SV_StartSound address was FOUND inside unk_12 function 0xF6FB2412
L 12/06/2022 - 16:11:33: DEBUG: SV_StartSound function PATCH SUCCEED 0xF6FB2412
L 12/06/2022 - 16:11:33: DEBUG: PF_Remove_I function FOUND 0xF6F8A7B0
L 12/06/2022 - 16:11:33: DEBUG: ED_Free address was FOUND inside PF_Remove_I function 0xF6F8A7B0
L 12/06/2022 - 16:11:33: DEBUG: ED_Free function PATCH SUCCEED 0xF6F8A7B0
L 12/06/2022 - 16:11:33: DEBUG: PF_BuildSoundMsg_I function FOUND 0xF6F8D940
L 12/06/2022 - 16:11:33: DEBUG: PF_BuildSoundMsg_I patch address to inside function in PF_BuildSoundMsg_I PATCH SUCCEED 0xF6F8D940
L 12/06/2022 - 16:11:33: DEBUG: MSG_StartBitWriting function FOUND 0xF6F5CEA0
L 12/06/2022 - 16:11:33: DEBUG: MSG_WriteBits function FOUND 0xF6F5E040
L 12/06/2022 - 16:11:33: DEBUG: MSG_WriteBitVec3Coord function FOUND 0xF6F5ECB0
L 12/06/2022 - 16:11:33: DEBUG: MSG_EndBitWriting function FOUND 0xF6F5E750
L 12/06/2022 - 16:11:33: DEBUG: SV_LookupSoundIndex function FOUND 0xF6F99B40
L 12/06/2022 - 16:11:33: DEBUG: SZ_GetSpace function FOUND 0xF6F5DF20
L 12/06/2022 - 16:11:33: Success: Patch executed.
L 12/06/2022 - 16:11:33: PrivateData Offsets: ->
pev			- '0'
vtable			- '8'
playership		- '53'
m_iId			- '47'
m_pActiveItem		- '378'
m_blindStartTime	- '520'
m_blindHoldTime		- '521'
m_blindAlpha		- '523'
L 12/06/2022 - 16:11:33: Success: Build HLDS version defined Linux '8308' (cstrike)
L 12/06/2022 - 16:11:33: Settings: -> 
debug		- '3'
esp		- '1'
smooth		- '1'
smoothout	- '1'
smoothent	- '45'
decalfix	- '1'
antinoflash	- '1'
alphaflash	- '255'
team		- '0'
fov		- '1'
solid		- '2'
barrel		- '1'
blockent	- '1'
hlfix		- '0'
metacall	- '1'
blocktype	- '0'
skytrace	- '1'
revis		- '0'
L 12/06/2022 - 16:11:33: Building PAS...
L 12/06/2022 - 16:11:33: Average leaves visible / audible / total: 48 / 92 / 97
L 12/06/2022 - 16:11:33: PAS building time 0.000236 secs
L 12/06/2022 - 16:11:34: DEBUG: GameRules found 0x9C343A0
L 12/06/2022 - 16:11:34: Changelevel Server (map 'cs_bloodstrike') (maxplayers '16') (use 'global_svs->maxplayers')
