L 03/06/2022 - 00:01:00: Log file started (file 'cstrike/addons/whblocker/logs/L_06_03_2022.log') (dir 'cstrike') (mod 'Counter-Strike 1.6') (version '1.5.697')
L 03/06/2022 - 00:01:00: DEBUG: GameRules found 0xA4FE8D0
L 03/06/2022 - 00:01:00: Changelevel Server (map 'de_nuke') (maxplayers '20') (use 'global_svs->maxplayers')
L 03/06/2022 - 00:01:00: Building PAS...
L 03/06/2022 - 00:01:00: Average leaves visible / audible / total: 151 / 385 / 1238
L 03/06/2022 - 00:01:00: PAS building time 0.006879 secs
L 03/06/2022 - 00:33:49: DEBUG: GameRules found 0xA4FE8D0
L 03/06/2022 - 00:33:49: Changelevel Server (map 'de_train') (maxplayers '20') (use 'global_svs->maxplayers')
L 03/06/2022 - 00:33:49: Building PAS...
L 03/06/2022 - 00:33:49: Average leaves visible / audible / total: 133 / 395 / 1202
L 03/06/2022 - 00:33:49: PAS building time 0.00657 secs
L 03/06/2022 - 00:58:18: DEBUG: GameRules found 0xA4FE8D0
L 03/06/2022 - 00:58:18: Changelevel Server (map 'de_dust2') (maxplayers '20') (use 'global_svs->maxplayers')
L 03/06/2022 - 00:58:18: Building PAS...
L 03/06/2022 - 00:58:18: Average leaves visible / audible / total: 48 / 92 / 97
L 03/06/2022 - 00:58:18: PAS building time 0.00016 secs
L 03/06/2022 - 19:48:02: DEBUG: GameRules found 0xA4FE8D0
L 03/06/2022 - 19:48:02: Changelevel Server (map 'cs_bloodstrike') (maxplayers '20') (use 'global_svs->maxplayers')
L 03/06/2022 - 19:48:02: Building PAS...
L 03/06/2022 - 19:48:02: Average leaves visible / audible / total: 48 / 92 / 97
L 03/06/2022 - 19:48:02: PAS building time 0.000162 secs
L 03/06/2022 - 19:48:12: DEBUG: GameRules found 0xA4FE8D0
L 03/06/2022 - 19:48:12: Changelevel Server (map 'cs_bloodstrike') (maxplayers '20') (use 'global_svs->maxplayers')
L 03/06/2022 - 19:48:12: Building PAS...
L 03/06/2022 - 19:48:12: Average leaves visible / audible / total: 48 / 92 / 97
L 03/06/2022 - 19:48:12: PAS building time 0.000155 secs
L 03/06/2022 - 20:24:44: DEBUG: GameRules found 0xA4FE8D0
L 03/06/2022 - 20:24:44: Changelevel Server (map 'cs_bloodstrike') (maxplayers '20') (use 'global_svs->maxplayers')
L 03/06/2022 - 20:24:44: Building PAS...
L 03/06/2022 - 20:24:44: Average leaves visible / audible / total: 133 / 395 / 1202
L 03/06/2022 - 20:24:44: PAS building time 0.006544 secs
L 03/06/2022 - 21:05:57: DEBUG: GameRules found 0xA4FE8D0
L 03/06/2022 - 21:05:57: Changelevel Server (map 'de_dust2') (maxplayers '20') (use 'global_svs->maxplayers')
L 03/06/2022 - 21:05:57: Building PAS...
L 03/06/2022 - 21:05:57: Average leaves visible / audible / total: 133 / 395 / 1202
L 03/06/2022 - 21:05:57: PAS building time 0.006547 secs
L 03/06/2022 - 21:06:29: DEBUG: GameRules found 0xA4FE8D0
L 03/06/2022 - 21:06:29: Changelevel Server (map 'de_dust2') (maxplayers '20') (use 'global_svs->maxplayers')
L 03/06/2022 - 21:06:29: Building PAS...
L 03/06/2022 - 21:06:29: Average leaves visible / audible / total: 150 / 552 / 1459
L 03/06/2022 - 21:06:29: PAS building time 0.009563 secs
L 03/06/2022 - 21:33:35: DEBUG: GameRules found 0xA4FE8D0
L 03/06/2022 - 21:33:35: Changelevel Server (map 'de_inferno') (maxplayers '20') (use 'global_svs->maxplayers')
L 03/06/2022 - 21:33:35: Building PAS...
L 03/06/2022 - 21:33:35: Average leaves visible / audible / total: 143 / 546 / 1860
L 03/06/2022 - 21:33:35: PAS building time 0.014335 secs
L 03/06/2022 - 22:07:25: DEBUG: GameRules found 0xA4FE8D0
L 03/06/2022 - 22:07:25: Changelevel Server (map 'de_nuke') (maxplayers '20') (use 'global_svs->maxplayers')
L 03/06/2022 - 22:07:25: Building PAS...
L 03/06/2022 - 22:07:25: Average leaves visible / audible / total: 151 / 385 / 1238
L 03/06/2022 - 22:07:25: PAS building time 0.00693 secs
L 03/06/2022 - 22:35:28: DEBUG: GameRules found 0xA4FE8D0
L 03/06/2022 - 22:35:28: Changelevel Server (map 'de_train') (maxplayers '20') (use 'global_svs->maxplayers')
L 03/06/2022 - 22:35:28: Building PAS...
L 03/06/2022 - 22:35:28: Average leaves visible / audible / total: 133 / 395 / 1202
L 03/06/2022 - 22:35:28: PAS building time 0.006527 secs
L 03/06/2022 - 22:59:47: DEBUG: GameRules found 0xA4FE8D0
L 03/06/2022 - 22:59:47: Changelevel Server (map 'de_dust2') (maxplayers '20') (use 'global_svs->maxplayers')
L 03/06/2022 - 22:59:47: Building PAS...
L 03/06/2022 - 22:59:47: Average leaves visible / audible / total: 133 / 395 / 1202
L 03/06/2022 - 22:59:47: PAS building time 0.006569 secs
L 03/06/2022 - 23:02:22: DEBUG: GameRules found 0xA4FE8D0
L 03/06/2022 - 23:02:22: Changelevel Server (map 'de_dust2') (maxplayers '20') (use 'global_svs->maxplayers')
L 03/06/2022 - 23:02:22: Building PAS...
L 03/06/2022 - 23:02:22: Average leaves visible / audible / total: 150 / 552 / 1459
L 03/06/2022 - 23:02:22: PAS building time 0.009539 secs
L 03/06/2022 - 23:43:07: DEBUG: GameRules found 0xA4FE8D0
L 03/06/2022 - 23:43:07: Changelevel Server (map 'de_inferno') (maxplayers '20') (use 'global_svs->maxplayers')
L 03/06/2022 - 23:43:07: Building PAS...
L 03/06/2022 - 23:43:07: Average leaves visible / audible / total: 150 / 552 / 1459
L 03/06/2022 - 23:43:07: PAS building time 0.009506 secs
L 03/06/2022 - 23:48:49: DEBUG: GameRules found 0xA4FE8D0
L 03/06/2022 - 23:48:49: Changelevel Server (map 'de_inferno') (maxplayers '20') (use 'global_svs->maxplayers')
L 03/06/2022 - 23:48:49: Building PAS...
L 03/06/2022 - 23:48:49: Average leaves visible / audible / total: 143 / 546 / 1860
L 03/06/2022 - 23:48:49: PAS building time 0.014377 secs
