L 10/07/2022 - 00:24:36: Log file started (file 'cstrike/addons/whblocker/logs/L_07_10_2022.log') (dir 'cstrike') (mod 'Counter-Strike 1.6') (version '1.5.697')
L 10/07/2022 - 00:24:36: DEBUG: GameRules found 0xA2F9D90
L 10/07/2022 - 00:24:36: Changelevel Server (map 'de_train') (maxplayers '20') (use 'global_svs->maxplayers')
L 10/07/2022 - 00:24:36: Building PAS...
L 10/07/2022 - 00:24:36: Average leaves visible / audible / total: 142 / 369 / 2212
L 10/07/2022 - 00:24:36: PAS building time 0.019982 secs
L 10/07/2022 - 01:27:52: DEBUG: GameRules found 0xA2F9D90
L 10/07/2022 - 01:27:52: Changelevel Server (map 'de_airstrip') (maxplayers '20') (use 'global_svs->maxplayers')
L 10/07/2022 - 01:27:52: Building PAS...
L 10/07/2022 - 01:27:52: Average leaves visible / audible / total: 219 / 703 / 3694
L 10/07/2022 - 01:27:52: PAS building time 0.060862 secs
L 10/07/2022 - 02:31:07: DEBUG: GameRules found 0xA2F9D90
L 10/07/2022 - 02:31:07: Changelevel Server (map 'cs_havana') (maxplayers '20') (use 'global_svs->maxplayers')
L 10/07/2022 - 02:31:07: Building PAS...
L 10/07/2022 - 02:31:07: Average leaves visible / audible / total: 181 / 722 / 2672
L 10/07/2022 - 02:31:07: PAS building time 0.029824 secs
L 10/07/2022 - 03:34:23: DEBUG: GameRules found 0xA2F9D90
L 10/07/2022 - 03:34:23: Changelevel Server (map 'de_chateau') (maxplayers '20') (use 'global_svs->maxplayers')
L 10/07/2022 - 03:34:23: Building PAS...
L 10/07/2022 - 03:34:23: Average leaves visible / audible / total: 103 / 294 / 800
L 10/07/2022 - 03:34:23: PAS building time 0.002915 secs
L 10/07/2022 - 04:37:38: DEBUG: GameRules found 0xA2F9D90
L 10/07/2022 - 04:37:38: Changelevel Server (map 'de_aztec') (maxplayers '20') (use 'global_svs->maxplayers')
L 10/07/2022 - 04:37:38: Building PAS...
L 10/07/2022 - 04:37:38: Average leaves visible / audible / total: 152 / 618 / 1379
L 10/07/2022 - 04:37:38: PAS building time 0.008621 secs
L 10/07/2022 - 05:40:54: DEBUG: GameRules found 0xA2F9D90
L 10/07/2022 - 05:40:54: Changelevel Server (map 'as_oilrig') (maxplayers '20') (use 'global_svs->maxplayers')
L 10/07/2022 - 05:40:54: Building PAS...
L 10/07/2022 - 05:40:54: Average leaves visible / audible / total: 138 / 359 / 1380
L 10/07/2022 - 05:40:54: PAS building time 0.007993 secs
L 10/07/2022 - 06:44:09: DEBUG: GameRules found 0xA2F9D90
L 10/07/2022 - 06:44:09: Changelevel Server (map 'cs_siege') (maxplayers '20') (use 'global_svs->maxplayers')
L 10/07/2022 - 06:44:09: Building PAS...
L 10/07/2022 - 06:44:09: Average leaves visible / audible / total: 194 / 585 / 1689
L 10/07/2022 - 06:44:09: PAS building time 0.014012 secs
L 10/07/2022 - 07:47:25: DEBUG: GameRules found 0xA2F9D90
L 10/07/2022 - 07:47:25: Changelevel Server (map 'de_cbble') (maxplayers '20') (use 'global_svs->maxplayers')
L 10/07/2022 - 07:47:25: Building PAS...
L 10/07/2022 - 07:47:25: Average leaves visible / audible / total: 139 / 403 / 1298
L 10/07/2022 - 07:47:25: PAS building time 0.007565 secs
L 10/07/2022 - 08:50:40: DEBUG: GameRules found 0xA2F9D90
L 10/07/2022 - 08:50:40: Changelevel Server (map 'de_dust') (maxplayers '20') (use 'global_svs->maxplayers')
L 10/07/2022 - 08:50:40: Building PAS...
L 10/07/2022 - 08:50:40: Average leaves visible / audible / total: 131 / 365 / 1524
L 10/07/2022 - 08:50:40: PAS building time 0.009623 secs
L 10/07/2022 - 09:53:56: DEBUG: GameRules found 0xA2F9D90
L 10/07/2022 - 09:53:56: Changelevel Server (map 'cs_747') (maxplayers '20') (use 'global_svs->maxplayers')
L 10/07/2022 - 09:53:56: Building PAS...
L 10/07/2022 - 09:53:56: Average leaves visible / audible / total: 161 / 417 / 2023
L 10/07/2022 - 09:53:56: PAS building time 0.016802 secs
L 10/07/2022 - 10:57:11: DEBUG: GameRules found 0xA2F9D90
L 10/07/2022 - 10:57:11: Changelevel Server (map 'de_prodigy') (maxplayers '20') (use 'global_svs->maxplayers')
L 10/07/2022 - 10:57:11: Building PAS...
L 10/07/2022 - 10:57:11: Average leaves visible / audible / total: 131 / 298 / 461
L 10/07/2022 - 10:57:11: PAS building time 0.001396 secs
L 10/07/2022 - 12:00:27: DEBUG: GameRules found 0xA2F9D90
L 10/07/2022 - 12:00:27: Changelevel Server (map 'cs_assault') (maxplayers '20') (use 'global_svs->maxplayers')
L 10/07/2022 - 12:00:27: Building PAS...
L 10/07/2022 - 12:00:27: Average leaves visible / audible / total: 193 / 757 / 1822
L 10/07/2022 - 12:00:27: PAS building time 0.01659 secs
L 10/07/2022 - 13:03:42: DEBUG: GameRules found 0xA2F9D90
L 10/07/2022 - 13:03:42: Changelevel Server (map 'cs_office') (maxplayers '20') (use 'global_svs->maxplayers')
L 10/07/2022 - 13:03:42: Building PAS...
L 10/07/2022 - 13:03:42: Average leaves visible / audible / total: 230 / 913 / 2132
L 10/07/2022 - 13:03:42: PAS building time 0.022831 secs
L 10/07/2022 - 14:06:58: DEBUG: GameRules found 0xA2F9D90
L 10/07/2022 - 14:06:58: Changelevel Server (map 'cs_italy') (maxplayers '20') (use 'global_svs->maxplayers')
L 10/07/2022 - 14:06:58: Building PAS...
L 10/07/2022 - 14:06:58: Average leaves visible / audible / total: 120 / 415 / 2442
L 10/07/2022 - 14:06:58: PAS building time 0.022562 secs
L 10/07/2022 - 15:10:14: DEBUG: GameRules found 0xA2F9D90
L 10/07/2022 - 15:10:14: Changelevel Server (map 'cs_backalley') (maxplayers '20') (use 'global_svs->maxplayers')
L 10/07/2022 - 15:10:14: Building PAS...
L 10/07/2022 - 15:10:14: Average leaves visible / audible / total: 48 / 92 / 97
L 10/07/2022 - 15:10:14: PAS building time 0.00017 secs
L 10/07/2022 - 15:16:01: DEBUG: GameRules found 0xA2F9D90
L 10/07/2022 - 15:16:01: Changelevel Server (map 'cs_bloodstrike') (maxplayers '20') (use 'global_svs->maxplayers')
L 10/07/2022 - 15:16:01: Building PAS...
L 10/07/2022 - 15:16:01: Average leaves visible / audible / total: 134 / 517 / 2015
L 10/07/2022 - 15:16:01: PAS building time 0.016365 secs
L 10/07/2022 - 16:19:16: DEBUG: GameRules found 0xA2F9D90
L 10/07/2022 - 16:19:16: Changelevel Server (map 'cs_militia') (maxplayers '20') (use 'global_svs->maxplayers')
L 10/07/2022 - 16:19:16: Building PAS...
L 10/07/2022 - 16:19:16: Average leaves visible / audible / total: 151 / 385 / 1238
L 10/07/2022 - 16:19:16: PAS building time 0.007049 secs
L 10/07/2022 - 17:22:32: DEBUG: GameRules found 0xA2F9D90
L 10/07/2022 - 17:22:32: Changelevel Server (map 'de_train') (maxplayers '20') (use 'global_svs->maxplayers')
L 10/07/2022 - 17:22:32: Building PAS...
L 10/07/2022 - 17:22:32: Average leaves visible / audible / total: 142 / 369 / 2212
L 10/07/2022 - 17:22:32: PAS building time 0.019995 secs
L 10/07/2022 - 18:25:47: DEBUG: GameRules found 0xA2F9D90
L 10/07/2022 - 18:25:47: Changelevel Server (map 'de_airstrip') (maxplayers '20') (use 'global_svs->maxplayers')
L 10/07/2022 - 18:25:47: Building PAS...
L 10/07/2022 - 18:25:47: Average leaves visible / audible / total: 219 / 703 / 3694
L 10/07/2022 - 18:25:47: PAS building time 0.059172 secs
L 10/07/2022 - 19:29:03: DEBUG: GameRules found 0xA2F9D90
L 10/07/2022 - 19:29:03: Changelevel Server (map 'cs_havana') (maxplayers '20') (use 'global_svs->maxplayers')
L 10/07/2022 - 19:29:03: Building PAS...
L 10/07/2022 - 19:29:03: Average leaves visible / audible / total: 181 / 722 / 2672
L 10/07/2022 - 19:29:03: PAS building time 0.030097 secs
L 10/07/2022 - 20:32:18: DEBUG: GameRules found 0xA2F9D90
L 10/07/2022 - 20:32:18: Changelevel Server (map 'de_chateau') (maxplayers '20') (use 'global_svs->maxplayers')
L 10/07/2022 - 20:32:18: Building PAS...
L 10/07/2022 - 20:32:18: Average leaves visible / audible / total: 103 / 294 / 800
L 10/07/2022 - 20:32:18: PAS building time 0.002862 secs
L 10/07/2022 - 21:35:34: DEBUG: GameRules found 0xA2F9D90
L 10/07/2022 - 21:35:34: Changelevel Server (map 'de_aztec') (maxplayers '20') (use 'global_svs->maxplayers')
L 10/07/2022 - 21:35:34: Building PAS...
L 10/07/2022 - 21:35:34: Average leaves visible / audible / total: 152 / 618 / 1379
L 10/07/2022 - 21:35:34: PAS building time 0.008605 secs
L 10/07/2022 - 22:38:49: DEBUG: GameRules found 0xA2F9D90
L 10/07/2022 - 22:38:49: Changelevel Server (map 'as_oilrig') (maxplayers '20') (use 'global_svs->maxplayers')
L 10/07/2022 - 22:38:49: Building PAS...
L 10/07/2022 - 22:38:49: Average leaves visible / audible / total: 138 / 359 / 1380
L 10/07/2022 - 22:38:49: PAS building time 0.007833 secs
L 10/07/2022 - 23:42:05: DEBUG: GameRules found 0xA2F9D90
L 10/07/2022 - 23:42:05: Changelevel Server (map 'cs_siege') (maxplayers '20') (use 'global_svs->maxplayers')
L 10/07/2022 - 23:42:05: Building PAS...
L 10/07/2022 - 23:42:05: Average leaves visible / audible / total: 194 / 585 / 1689
L 10/07/2022 - 23:42:05: PAS building time 0.013905 secs
