L 04/08/2022 - 00:15:06: Log file started (file 'cstrike/addons/whblocker/logs/L_08_04_2022.log') (dir 'cstrike') (mod 'Counter-Strike 1.6') (version '1.5.697')
L 04/08/2022 - 00:15:06: DEBUG: GameRules found 0x9CB82E0
L 04/08/2022 - 00:15:06: Changelevel Server (map 'de_dust2') (maxplayers '20') (use 'global_svs->maxplayers')
L 04/08/2022 - 00:15:06: Building PAS...
L 04/08/2022 - 00:15:06: Average leaves visible / audible / total: 48 / 92 / 97
L 04/08/2022 - 00:15:06: PAS building time 0.000161 secs
L 04/08/2022 - 00:53:33: DEBUG: GameRules found 0x9CB82E0
L 04/08/2022 - 00:53:33: Changelevel Server (map 'cs_bloodstrike') (maxplayers '20') (use 'global_svs->maxplayers')
L 04/08/2022 - 00:53:33: Building PAS...
L 04/08/2022 - 00:53:33: Average leaves visible / audible / total: 143 / 546 / 1860
L 04/08/2022 - 00:53:33: PAS building time 0.014107 secs
L 04/08/2022 - 19:51:34: DEBUG: GameRules found 0x9CB82E0
L 04/08/2022 - 19:51:34: Changelevel Server (map 'de_nuke') (maxplayers '20') (use 'global_svs->maxplayers')
L 04/08/2022 - 19:51:34: Building PAS...
L 04/08/2022 - 19:51:34: Average leaves visible / audible / total: 48 / 92 / 97
L 04/08/2022 - 19:51:34: PAS building time 0.000158 secs
L 04/08/2022 - 19:57:35: DEBUG: GameRules found 0x9CB82E0
L 04/08/2022 - 19:57:35: Changelevel Server (map 'cs_bloodstrike') (maxplayers '20') (use 'global_svs->maxplayers')
L 04/08/2022 - 19:57:35: Building PAS...
L 04/08/2022 - 19:57:35: Average leaves visible / audible / total: 133 / 395 / 1202
L 04/08/2022 - 19:57:35: PAS building time 0.006481 secs
L 04/08/2022 - 21:02:36: DEBUG: GameRules found 0x9CB82E0
L 04/08/2022 - 21:02:36: Changelevel Server (map 'de_dust2') (maxplayers '20') (use 'global_svs->maxplayers')
L 04/08/2022 - 21:02:36: Building PAS...
L 04/08/2022 - 21:02:36: Average leaves visible / audible / total: 133 / 395 / 1202
L 04/08/2022 - 21:02:36: PAS building time 0.006418 secs
L 04/08/2022 - 21:04:24: DEBUG: GameRules found 0x9CB82E0
L 04/08/2022 - 21:04:24: Changelevel Server (map 'de_dust2') (maxplayers '20') (use 'global_svs->maxplayers')
L 04/08/2022 - 21:04:24: Building PAS...
L 04/08/2022 - 21:04:24: Average leaves visible / audible / total: 150 / 552 / 1459
L 04/08/2022 - 21:04:24: PAS building time 0.009466 secs
L 04/08/2022 - 21:46:25: DEBUG: GameRules found 0x9CB82E0
L 04/08/2022 - 21:46:25: Changelevel Server (map 'de_inferno') (maxplayers '20') (use 'global_svs->maxplayers')
L 04/08/2022 - 21:46:25: Building PAS...
L 04/08/2022 - 21:46:25: Average leaves visible / audible / total: 143 / 546 / 1860
L 04/08/2022 - 21:46:25: PAS building time 0.014142 secs
L 04/08/2022 - 22:25:33: DEBUG: GameRules found 0x9CB82E0
L 04/08/2022 - 22:25:33: Changelevel Server (map 'de_nuke') (maxplayers '20') (use 'global_svs->maxplayers')
L 04/08/2022 - 22:25:33: Building PAS...
L 04/08/2022 - 22:25:33: Average leaves visible / audible / total: 151 / 385 / 1238
L 04/08/2022 - 22:25:33: PAS building time 0.00664 secs
L 04/08/2022 - 22:57:47: DEBUG: GameRules found 0x9CB82E0
L 04/08/2022 - 22:57:47: Changelevel Server (map 'de_train') (maxplayers '20') (use 'global_svs->maxplayers')
L 04/08/2022 - 22:57:47: Building PAS...
L 04/08/2022 - 22:57:47: Average leaves visible / audible / total: 133 / 395 / 1202
L 04/08/2022 - 22:57:47: PAS building time 0.006461 secs
L 04/08/2022 - 23:34:35: DEBUG: GameRules found 0x9CB82E0
L 04/08/2022 - 23:34:35: Changelevel Server (map 'de_dust2') (maxplayers '20') (use 'global_svs->maxplayers')
L 04/08/2022 - 23:34:35: Building PAS...
L 04/08/2022 - 23:34:35: Average leaves visible / audible / total: 133 / 395 / 1202
L 04/08/2022 - 23:34:35: PAS building time 0.00639 secs
L 04/08/2022 - 23:34:48: DEBUG: GameRules found 0x9CB82E0
L 04/08/2022 - 23:34:48: Changelevel Server (map 'de_dust2') (maxplayers '20') (use 'global_svs->maxplayers')
L 04/08/2022 - 23:34:48: Building PAS...
L 04/08/2022 - 23:34:48: Average leaves visible / audible / total: 150 / 552 / 1459
L 04/08/2022 - 23:34:48: PAS building time 0.00934 secs
