L 11/08/2022 - 09:50:04: Log file started (file 'cstrike/addons/whblocker/logs/L_08_11_2022.log') (dir 'cstrike') (mod 'Counter-Strike 1.6') (version '1.5.697')
L 11/08/2022 - 09:50:04: Success: Configuration executed.
L 11/08/2022 - 09:50:04: DEBUG: SVS found 0xF7348760
L 11/08/2022 - 09:50:04: DEBUG: SV_CheckTimeouts function FOUND 0xF6EE5DD0
L 11/08/2022 - 09:50:04: DEBUG: client_t address of a structure FOUND 0xF6EE5E01
L 11/08/2022 - 09:50:04: DEBUG: client_t determined the size of a the structure 20216
L 11/08/2022 - 09:50:04: DEBUG: SV_Move function FOUND 0xF6F044F0
L 11/08/2022 - 09:50:04: DEBUG: m_iId parse member, value is 47
L 11/08/2022 - 09:50:04: DEBUG: m_pActiveItem parse member, value is 378
L 11/08/2022 - 09:50:04: DEBUG: SV_EmitEvents function FOUND 0xF6EE6A30
L 11/08/2022 - 09:50:04: DEBUG: SV_WriteEntitiesToClient function FOUND 0xF6EE8200
L 11/08/2022 - 09:50:04: DEBUG: SV_EmitEvents address was FOUND inside SV_WriteEntitiesToClient function 0xF6EE84D1
L 11/08/2022 - 09:50:04: DEBUG: SV_EmitEvents function PATCH SUCCEED 0xF6EE84D1
L 11/08/2022 - 09:50:04: DEBUG: SV_StartSound function FOUND 0xF6EE0410
L 11/08/2022 - 09:50:04: DEBUG: SV_StartSound address was FOUND inside unk_1 function 0xF6ECF0E5
L 11/08/2022 - 09:50:04: DEBUG: SV_StartSound function PATCH SUCCEED 0xF6ECF0E5
L 11/08/2022 - 09:50:04: DEBUG: SV_StartSound address was FOUND inside unk_2 function 0xF6EF4599
L 11/08/2022 - 09:50:04: DEBUG: SV_StartSound function PATCH SUCCEED 0xF6EF4599
L 11/08/2022 - 09:50:04: DEBUG: SV_StartSound address was FOUND inside unk_3 function 0xF6EF783D
L 11/08/2022 - 09:50:04: DEBUG: SV_StartSound function PATCH SUCCEED 0xF6EF783D
L 11/08/2022 - 09:50:04: DEBUG: SV_StartSound address was FOUND inside unk_4 function 0xF6EF793E
L 11/08/2022 - 09:50:04: DEBUG: SV_StartSound function PATCH SUCCEED 0xF6EF793E
L 11/08/2022 - 09:50:04: DEBUG: SV_StartSound address was FOUND inside unk_5 function 0xF6EF810F
L 11/08/2022 - 09:50:04: DEBUG: SV_StartSound function PATCH SUCCEED 0xF6EF810F
L 11/08/2022 - 09:50:04: DEBUG: SV_StartSound address was FOUND inside unk_6 function 0xF6EF81BD
L 11/08/2022 - 09:50:04: DEBUG: SV_StartSound function PATCH SUCCEED 0xF6EF81BD
L 11/08/2022 - 09:50:04: DEBUG: SV_StartSound address was FOUND inside unk_7 function 0xF6EF825D
L 11/08/2022 - 09:50:04: DEBUG: SV_StartSound function PATCH SUCCEED 0xF6EF825D
L 11/08/2022 - 09:50:04: DEBUG: SV_StartSound address was FOUND inside unk_8 function 0xF6EF82E3
L 11/08/2022 - 09:50:04: DEBUG: SV_StartSound function PATCH SUCCEED 0xF6EF82E3
L 11/08/2022 - 09:50:04: DEBUG: SV_StartSound address was FOUND inside unk_9 function 0xF6EF8335
L 11/08/2022 - 09:50:04: DEBUG: SV_StartSound function PATCH SUCCEED 0xF6EF8335
L 11/08/2022 - 09:50:04: DEBUG: SV_StartSound address was FOUND inside unk_10 function 0xF6EF837C
L 11/08/2022 - 09:50:04: DEBUG: SV_StartSound function PATCH SUCCEED 0xF6EF837C
L 11/08/2022 - 09:50:04: DEBUG: SV_StartSound address was FOUND inside unk_11 function 0xF6EF83C3
L 11/08/2022 - 09:50:04: DEBUG: SV_StartSound function PATCH SUCCEED 0xF6EF83C3
L 11/08/2022 - 09:50:04: DEBUG: SV_StartSound address was FOUND inside unk_12 function 0xF6EF8412
L 11/08/2022 - 09:50:04: DEBUG: SV_StartSound function PATCH SUCCEED 0xF6EF8412
L 11/08/2022 - 09:50:04: DEBUG: PF_Remove_I function FOUND 0xF6ED07B0
L 11/08/2022 - 09:50:04: DEBUG: ED_Free address was FOUND inside PF_Remove_I function 0xF6ED07B0
L 11/08/2022 - 09:50:04: DEBUG: ED_Free function PATCH SUCCEED 0xF6ED07B0
L 11/08/2022 - 09:50:04: DEBUG: PF_BuildSoundMsg_I function FOUND 0xF6ED3940
L 11/08/2022 - 09:50:04: DEBUG: PF_BuildSoundMsg_I patch address to inside function in PF_BuildSoundMsg_I PATCH SUCCEED 0xF6ED3940
L 11/08/2022 - 09:50:04: DEBUG: MSG_StartBitWriting function FOUND 0xF6EA2EA0
L 11/08/2022 - 09:50:04: DEBUG: MSG_WriteBits function FOUND 0xF6EA4040
L 11/08/2022 - 09:50:04: DEBUG: MSG_WriteBitVec3Coord function FOUND 0xF6EA4CB0
L 11/08/2022 - 09:50:04: DEBUG: MSG_EndBitWriting function FOUND 0xF6EA4750
L 11/08/2022 - 09:50:04: DEBUG: SV_LookupSoundIndex function FOUND 0xF6EDFB40
L 11/08/2022 - 09:50:04: DEBUG: SZ_GetSpace function FOUND 0xF6EA3F20
L 11/08/2022 - 09:50:04: Success: Patch executed.
L 11/08/2022 - 09:50:04: PrivateData Offsets: ->
pev			- '0'
vtable			- '8'
playership		- '53'
m_iId			- '47'
m_pActiveItem		- '378'
m_blindStartTime	- '520'
m_blindHoldTime		- '521'
m_blindAlpha		- '523'
L 11/08/2022 - 09:50:04: Success: Build HLDS version defined Linux '8308' (cstrike)
L 11/08/2022 - 09:50:04: Settings: -> 
debug		- '3'
esp		- '1'
smooth		- '1'
smoothout	- '1'
smoothent	- '45'
decalfix	- '1'
antinoflash	- '1'
alphaflash	- '255'
team		- '0'
fov		- '1'
solid		- '2'
barrel		- '1'
blockent	- '1'
hlfix		- '0'
metacall	- '1'
blocktype	- '0'
skytrace	- '1'
revis		- '0'
L 11/08/2022 - 09:50:04: Building PAS...
L 11/08/2022 - 09:50:04: Average leaves visible / audible / total: 48 / 92 / 97
L 11/08/2022 - 09:50:04: PAS building time 0.000241 secs
L 11/08/2022 - 09:50:05: DEBUG: GameRules found 0x96FA530
L 11/08/2022 - 09:50:05: Changelevel Server (map 'cs_bloodstrike') (maxplayers '16') (use 'global_svs->maxplayers')
L 11/08/2022 - 09:52:30: Success: Configuration executed.
L 11/08/2022 - 09:52:30: DEBUG: SVS found 0xF740D760
L 11/08/2022 - 09:52:30: DEBUG: SV_CheckTimeouts function FOUND 0xF6FAADD0
L 11/08/2022 - 09:52:30: DEBUG: client_t address of a structure FOUND 0xF6FAAE01
L 11/08/2022 - 09:52:30: DEBUG: client_t determined the size of a the structure 20216
L 11/08/2022 - 09:52:30: DEBUG: SV_Move function FOUND 0xF6FC94F0
L 11/08/2022 - 09:52:30: DEBUG: m_iId parse member, value is 47
L 11/08/2022 - 09:52:30: DEBUG: m_pActiveItem parse member, value is 378
L 11/08/2022 - 09:52:30: DEBUG: SV_EmitEvents function FOUND 0xF6FABA30
L 11/08/2022 - 09:52:30: DEBUG: SV_WriteEntitiesToClient function FOUND 0xF6FAD200
L 11/08/2022 - 09:52:30: DEBUG: SV_EmitEvents address was FOUND inside SV_WriteEntitiesToClient function 0xF6FAD4D1
L 11/08/2022 - 09:52:30: DEBUG: SV_EmitEvents function PATCH SUCCEED 0xF6FAD4D1
L 11/08/2022 - 09:52:30: DEBUG: SV_StartSound function FOUND 0xF6FA5410
L 11/08/2022 - 09:52:30: DEBUG: SV_StartSound address was FOUND inside unk_1 function 0xF6F940E5
L 11/08/2022 - 09:52:30: DEBUG: SV_StartSound function PATCH SUCCEED 0xF6F940E5
L 11/08/2022 - 09:52:30: DEBUG: SV_StartSound address was FOUND inside unk_2 function 0xF6FB9599
L 11/08/2022 - 09:52:30: DEBUG: SV_StartSound function PATCH SUCCEED 0xF6FB9599
L 11/08/2022 - 09:52:30: DEBUG: SV_StartSound address was FOUND inside unk_3 function 0xF6FBC83D
L 11/08/2022 - 09:52:30: DEBUG: SV_StartSound function PATCH SUCCEED 0xF6FBC83D
L 11/08/2022 - 09:52:30: DEBUG: SV_StartSound address was FOUND inside unk_4 function 0xF6FBC93E
L 11/08/2022 - 09:52:30: DEBUG: SV_StartSound function PATCH SUCCEED 0xF6FBC93E
L 11/08/2022 - 09:52:30: DEBUG: SV_StartSound address was FOUND inside unk_5 function 0xF6FBD10F
L 11/08/2022 - 09:52:30: DEBUG: SV_StartSound function PATCH SUCCEED 0xF6FBD10F
L 11/08/2022 - 09:52:30: DEBUG: SV_StartSound address was FOUND inside unk_6 function 0xF6FBD1BD
L 11/08/2022 - 09:52:30: DEBUG: SV_StartSound function PATCH SUCCEED 0xF6FBD1BD
L 11/08/2022 - 09:52:30: DEBUG: SV_StartSound address was FOUND inside unk_7 function 0xF6FBD25D
L 11/08/2022 - 09:52:30: DEBUG: SV_StartSound function PATCH SUCCEED 0xF6FBD25D
L 11/08/2022 - 09:52:30: DEBUG: SV_StartSound address was FOUND inside unk_8 function 0xF6FBD2E3
L 11/08/2022 - 09:52:30: DEBUG: SV_StartSound function PATCH SUCCEED 0xF6FBD2E3
L 11/08/2022 - 09:52:30: DEBUG: SV_StartSound address was FOUND inside unk_9 function 0xF6FBD335
L 11/08/2022 - 09:52:30: DEBUG: SV_StartSound function PATCH SUCCEED 0xF6FBD335
L 11/08/2022 - 09:52:30: DEBUG: SV_StartSound address was FOUND inside unk_10 function 0xF6FBD37C
L 11/08/2022 - 09:52:30: DEBUG: SV_StartSound function PATCH SUCCEED 0xF6FBD37C
L 11/08/2022 - 09:52:30: DEBUG: SV_StartSound address was FOUND inside unk_11 function 0xF6FBD3C3
L 11/08/2022 - 09:52:30: DEBUG: SV_StartSound function PATCH SUCCEED 0xF6FBD3C3
L 11/08/2022 - 09:52:30: DEBUG: SV_StartSound address was FOUND inside unk_12 function 0xF6FBD412
L 11/08/2022 - 09:52:30: DEBUG: SV_StartSound function PATCH SUCCEED 0xF6FBD412
L 11/08/2022 - 09:52:30: DEBUG: PF_Remove_I function FOUND 0xF6F957B0
L 11/08/2022 - 09:52:30: DEBUG: ED_Free address was FOUND inside PF_Remove_I function 0xF6F957B0
L 11/08/2022 - 09:52:30: DEBUG: ED_Free function PATCH SUCCEED 0xF6F957B0
L 11/08/2022 - 09:52:30: DEBUG: PF_BuildSoundMsg_I function FOUND 0xF6F98940
L 11/08/2022 - 09:52:30: DEBUG: PF_BuildSoundMsg_I patch address to inside function in PF_BuildSoundMsg_I PATCH SUCCEED 0xF6F98940
L 11/08/2022 - 09:52:30: DEBUG: MSG_StartBitWriting function FOUND 0xF6F67EA0
L 11/08/2022 - 09:52:30: DEBUG: MSG_WriteBits function FOUND 0xF6F69040
L 11/08/2022 - 09:52:30: DEBUG: MSG_WriteBitVec3Coord function FOUND 0xF6F69CB0
L 11/08/2022 - 09:52:30: DEBUG: MSG_EndBitWriting function FOUND 0xF6F69750
L 11/08/2022 - 09:52:30: DEBUG: SV_LookupSoundIndex function FOUND 0xF6FA4B40
L 11/08/2022 - 09:52:30: DEBUG: SZ_GetSpace function FOUND 0xF6F68F20
L 11/08/2022 - 09:52:30: Success: Patch executed.
L 11/08/2022 - 09:52:30: PrivateData Offsets: ->
pev			- '0'
vtable			- '8'
playership		- '53'
m_iId			- '47'
m_pActiveItem		- '378'
m_blindStartTime	- '520'
m_blindHoldTime		- '521'
m_blindAlpha		- '523'
L 11/08/2022 - 09:52:30: Success: Build HLDS version defined Linux '8308' (cstrike)
L 11/08/2022 - 09:52:30: Settings: -> 
debug		- '3'
esp		- '1'
smooth		- '1'
smoothout	- '1'
smoothent	- '45'
decalfix	- '1'
antinoflash	- '1'
alphaflash	- '255'
team		- '0'
fov		- '1'
solid		- '2'
barrel		- '1'
blockent	- '1'
hlfix		- '0'
metacall	- '1'
blocktype	- '0'
skytrace	- '1'
revis		- '0'
L 11/08/2022 - 09:52:30: Building PAS...
L 11/08/2022 - 09:52:30: Average leaves visible / audible / total: 48 / 92 / 97
L 11/08/2022 - 09:52:30: PAS building time 0.000248 secs
L 11/08/2022 - 09:52:32: DEBUG: GameRules found 0xABE6410
L 11/08/2022 - 09:52:32: Changelevel Server (map 'cs_bloodstrike') (maxplayers '16') (use 'global_svs->maxplayers')
L 11/08/2022 - 09:56:11: Success: Configuration executed.
L 11/08/2022 - 09:56:11: DEBUG: SVS found 0xF73BB760
L 11/08/2022 - 09:56:11: DEBUG: SV_CheckTimeouts function FOUND 0xF6F58DD0
L 11/08/2022 - 09:56:11: DEBUG: client_t address of a structure FOUND 0xF6F58E01
L 11/08/2022 - 09:56:11: DEBUG: client_t determined the size of a the structure 20216
L 11/08/2022 - 09:56:11: DEBUG: SV_Move function FOUND 0xF6F774F0
L 11/08/2022 - 09:56:11: DEBUG: m_iId parse member, value is 47
L 11/08/2022 - 09:56:11: DEBUG: m_pActiveItem parse member, value is 378
L 11/08/2022 - 09:56:11: DEBUG: SV_EmitEvents function FOUND 0xF6F59A30
L 11/08/2022 - 09:56:11: DEBUG: SV_WriteEntitiesToClient function FOUND 0xF6F5B200
L 11/08/2022 - 09:56:11: DEBUG: SV_EmitEvents address was FOUND inside SV_WriteEntitiesToClient function 0xF6F5B4D1
L 11/08/2022 - 09:56:11: DEBUG: SV_EmitEvents function PATCH SUCCEED 0xF6F5B4D1
L 11/08/2022 - 09:56:11: DEBUG: SV_StartSound function FOUND 0xF6F53410
L 11/08/2022 - 09:56:11: DEBUG: SV_StartSound address was FOUND inside unk_1 function 0xF6F420E5
L 11/08/2022 - 09:56:11: DEBUG: SV_StartSound function PATCH SUCCEED 0xF6F420E5
L 11/08/2022 - 09:56:11: DEBUG: SV_StartSound address was FOUND inside unk_2 function 0xF6F67599
L 11/08/2022 - 09:56:11: DEBUG: SV_StartSound function PATCH SUCCEED 0xF6F67599
L 11/08/2022 - 09:56:11: DEBUG: SV_StartSound address was FOUND inside unk_3 function 0xF6F6A83D
L 11/08/2022 - 09:56:11: DEBUG: SV_StartSound function PATCH SUCCEED 0xF6F6A83D
L 11/08/2022 - 09:56:11: DEBUG: SV_StartSound address was FOUND inside unk_4 function 0xF6F6A93E
L 11/08/2022 - 09:56:11: DEBUG: SV_StartSound function PATCH SUCCEED 0xF6F6A93E
L 11/08/2022 - 09:56:11: DEBUG: SV_StartSound address was FOUND inside unk_5 function 0xF6F6B10F
L 11/08/2022 - 09:56:11: DEBUG: SV_StartSound function PATCH SUCCEED 0xF6F6B10F
L 11/08/2022 - 09:56:11: DEBUG: SV_StartSound address was FOUND inside unk_6 function 0xF6F6B1BD
L 11/08/2022 - 09:56:11: DEBUG: SV_StartSound function PATCH SUCCEED 0xF6F6B1BD
L 11/08/2022 - 09:56:11: DEBUG: SV_StartSound address was FOUND inside unk_7 function 0xF6F6B25D
L 11/08/2022 - 09:56:11: DEBUG: SV_StartSound function PATCH SUCCEED 0xF6F6B25D
L 11/08/2022 - 09:56:11: DEBUG: SV_StartSound address was FOUND inside unk_8 function 0xF6F6B2E3
L 11/08/2022 - 09:56:11: DEBUG: SV_StartSound function PATCH SUCCEED 0xF6F6B2E3
L 11/08/2022 - 09:56:11: DEBUG: SV_StartSound address was FOUND inside unk_9 function 0xF6F6B335
L 11/08/2022 - 09:56:11: DEBUG: SV_StartSound function PATCH SUCCEED 0xF6F6B335
L 11/08/2022 - 09:56:11: DEBUG: SV_StartSound address was FOUND inside unk_10 function 0xF6F6B37C
L 11/08/2022 - 09:56:11: DEBUG: SV_StartSound function PATCH SUCCEED 0xF6F6B37C
L 11/08/2022 - 09:56:11: DEBUG: SV_StartSound address was FOUND inside unk_11 function 0xF6F6B3C3
L 11/08/2022 - 09:56:11: DEBUG: SV_StartSound function PATCH SUCCEED 0xF6F6B3C3
L 11/08/2022 - 09:56:11: DEBUG: SV_StartSound address was FOUND inside unk_12 function 0xF6F6B412
L 11/08/2022 - 09:56:11: DEBUG: SV_StartSound function PATCH SUCCEED 0xF6F6B412
L 11/08/2022 - 09:56:11: DEBUG: PF_Remove_I function FOUND 0xF6F437B0
L 11/08/2022 - 09:56:11: DEBUG: ED_Free address was FOUND inside PF_Remove_I function 0xF6F437B0
L 11/08/2022 - 09:56:11: DEBUG: ED_Free function PATCH SUCCEED 0xF6F437B0
L 11/08/2022 - 09:56:11: DEBUG: PF_BuildSoundMsg_I function FOUND 0xF6F46940
L 11/08/2022 - 09:56:11: DEBUG: PF_BuildSoundMsg_I patch address to inside function in PF_BuildSoundMsg_I PATCH SUCCEED 0xF6F46940
L 11/08/2022 - 09:56:11: DEBUG: MSG_StartBitWriting function FOUND 0xF6F15EA0
L 11/08/2022 - 09:56:11: DEBUG: MSG_WriteBits function FOUND 0xF6F17040
L 11/08/2022 - 09:56:11: DEBUG: MSG_WriteBitVec3Coord function FOUND 0xF6F17CB0
L 11/08/2022 - 09:56:11: DEBUG: MSG_EndBitWriting function FOUND 0xF6F17750
L 11/08/2022 - 09:56:11: DEBUG: SV_LookupSoundIndex function FOUND 0xF6F52B40
L 11/08/2022 - 09:56:11: DEBUG: SZ_GetSpace function FOUND 0xF6F16F20
L 11/08/2022 - 09:56:11: Success: Patch executed.
L 11/08/2022 - 09:56:11: PrivateData Offsets: ->
pev			- '0'
vtable			- '8'
playership		- '53'
m_iId			- '47'
m_pActiveItem		- '378'
m_blindStartTime	- '520'
m_blindHoldTime		- '521'
m_blindAlpha		- '523'
L 11/08/2022 - 09:56:11: Success: Build HLDS version defined Linux '8308' (cstrike)
L 11/08/2022 - 09:56:11: Settings: -> 
debug		- '3'
esp		- '1'
smooth		- '1'
smoothout	- '1'
smoothent	- '45'
decalfix	- '1'
antinoflash	- '1'
alphaflash	- '255'
team		- '0'
fov		- '1'
solid		- '2'
barrel		- '1'
blockent	- '1'
hlfix		- '0'
metacall	- '1'
blocktype	- '0'
skytrace	- '1'
revis		- '0'
L 11/08/2022 - 09:56:11: Building PAS...
L 11/08/2022 - 09:56:11: Average leaves visible / audible / total: 48 / 92 / 97
L 11/08/2022 - 09:56:11: PAS building time 0.000214 secs
L 11/08/2022 - 09:56:12: DEBUG: GameRules found 0x9B783A0
L 11/08/2022 - 09:56:12: Changelevel Server (map 'cs_bloodstrike') (maxplayers '16') (use 'global_svs->maxplayers')
