L 01/08/2022 - 21:43:34: Log file started (file 'cstrike/addons/whblocker/logs/L_08_01_2022.log') (dir 'cstrike') (mod 'Counter-Strike 1.6') (version '1.5.697')
L 01/08/2022 - 21:43:34: DEBUG: GameRules found 0xA0CAA68
L 01/08/2022 - 21:43:34: Changelevel Server (map 'cs_bloodstrike') (maxplayers '20') (use 'global_svs->maxplayers')
L 01/08/2022 - 21:43:34: Building PAS...
L 01/08/2022 - 21:43:34: Average leaves visible / audible / total: 133 / 395 / 1202
L 01/08/2022 - 21:43:34: PAS building time 0.006894 secs
L 01/08/2022 - 22:48:45: DEBUG: GameRules found 0xA0CAA68
L 01/08/2022 - 22:48:45: Changelevel Server (map 'de_dust2') (maxplayers '20') (use 'global_svs->maxplayers')
L 01/08/2022 - 22:48:45: Building PAS...
L 01/08/2022 - 22:48:45: Average leaves visible / audible / total: 150 / 552 / 1459
L 01/08/2022 - 22:48:45: PAS building time 0.010265 secs
L 01/08/2022 - 23:13:48: DEBUG: GameRules found 0xA0CAA68
L 01/08/2022 - 23:13:48: Changelevel Server (map 'de_inferno') (maxplayers '20') (use 'global_svs->maxplayers')
L 01/08/2022 - 23:13:48: Building PAS...
L 01/08/2022 - 23:13:48: Average leaves visible / audible / total: 143 / 546 / 1860
L 01/08/2022 - 23:13:48: PAS building time 0.014883 secs
L 01/08/2022 - 23:36:35: DEBUG: GameRules found 0xA0CAA68
L 01/08/2022 - 23:36:35: Changelevel Server (map 'de_nuke') (maxplayers '20') (use 'global_svs->maxplayers')
L 01/08/2022 - 23:36:35: Building PAS...
L 01/08/2022 - 23:36:35: Average leaves visible / audible / total: 151 / 385 / 1238
L 01/08/2022 - 23:36:35: PAS building time 0.007563 secs
