L 01/10/2022 - 00:08:33: Log file started (file 'cstrike/addons/whblocker/logs/L_10_01_2022.log') (dir 'cstrike') (mod 'Counter-Strike 1.6') (version '1.5.697')
L 01/10/2022 - 00:08:33: DEBUG: GameRules found 0xA0CAA68
L 01/10/2022 - 00:08:33: Changelevel Server (map 'de_nuke') (maxplayers '20') (use 'global_svs->maxplayers')
L 01/10/2022 - 00:08:33: Building PAS...
L 01/10/2022 - 00:08:33: Average leaves visible / audible / total: 48 / 92 / 97
L 01/10/2022 - 00:08:33: PAS building time 0.0002 secs
L 01/10/2022 - 00:08:39: DEBUG: GameRules found 0xA0CAA68
L 01/10/2022 - 00:08:39: Changelevel Server (map 'cs_bloodstrike') (maxplayers '20') (use 'global_svs->maxplayers')
L 01/10/2022 - 00:08:39: Building PAS...
L 01/10/2022 - 00:08:39: Average leaves visible / audible / total: 133 / 395 / 1202
L 01/10/2022 - 00:08:39: PAS building time 0.00652 secs
L 01/10/2022 - 21:30:31: DEBUG: GameRules found 0xA0CAA68
L 01/10/2022 - 21:30:31: Changelevel Server (map 'de_dust2') (maxplayers '20') (use 'global_svs->maxplayers')
L 01/10/2022 - 21:30:31: Building PAS...
L 01/10/2022 - 21:30:31: Average leaves visible / audible / total: 150 / 552 / 1459
L 01/10/2022 - 21:30:31: PAS building time 0.010163 secs
L 01/10/2022 - 22:07:22: DEBUG: GameRules found 0xA0CAA68
L 01/10/2022 - 22:07:22: Changelevel Server (map 'de_inferno') (maxplayers '20') (use 'global_svs->maxplayers')
L 01/10/2022 - 22:07:22: Building PAS...
L 01/10/2022 - 22:07:22: Average leaves visible / audible / total: 143 / 546 / 1860
L 01/10/2022 - 22:07:22: PAS building time 0.015039 secs
L 01/10/2022 - 22:43:53: DEBUG: GameRules found 0xA0CAA68
L 01/10/2022 - 22:43:53: Changelevel Server (map 'de_nuke') (maxplayers '20') (use 'global_svs->maxplayers')
L 01/10/2022 - 22:43:53: Building PAS...
L 01/10/2022 - 22:43:53: Average leaves visible / audible / total: 143 / 546 / 1860
L 01/10/2022 - 22:43:53: PAS building time 0.01498 secs
L 01/10/2022 - 22:44:15: DEBUG: GameRules found 0xA0CAA68
L 01/10/2022 - 22:44:15: Changelevel Server (map 'de_nuke') (maxplayers '20') (use 'global_svs->maxplayers')
L 01/10/2022 - 22:44:15: Building PAS...
L 01/10/2022 - 22:44:15: Average leaves visible / audible / total: 151 / 385 / 1238
L 01/10/2022 - 22:44:15: PAS building time 0.007134 secs
L 01/10/2022 - 23:11:31: DEBUG: GameRules found 0xA0CAA68
L 01/10/2022 - 23:11:31: Changelevel Server (map 'de_train') (maxplayers '20') (use 'global_svs->maxplayers')
L 01/10/2022 - 23:11:31: Building PAS...
L 01/10/2022 - 23:11:31: Average leaves visible / audible / total: 133 / 395 / 1202
L 01/10/2022 - 23:11:31: PAS building time 0.007186 secs
L 01/10/2022 - 23:47:41: DEBUG: GameRules found 0xA0CAA68
L 01/10/2022 - 23:47:41: Changelevel Server (map 'de_dust2') (maxplayers '20') (use 'global_svs->maxplayers')
L 01/10/2022 - 23:47:41: Building PAS...
L 01/10/2022 - 23:47:41: Average leaves visible / audible / total: 150 / 552 / 1459
L 01/10/2022 - 23:47:41: PAS building time 0.010025 secs
