L 04/10/2022 - 18:12:31: Log file started (file 'cstrike/addons/whblocker/logs/L_10_04_2022.log') (dir 'cstrike') (mod 'Counter-Strike 1.6') (version '1.5.697')
L 04/10/2022 - 18:12:31: Success: Configuration executed.
L 04/10/2022 - 18:12:31: DEBUG: SVS found 0xF7364760
L 04/10/2022 - 18:12:31: DEBUG: SV_CheckTimeouts function FOUND 0xF6F01DD0
L 04/10/2022 - 18:12:31: DEBUG: client_t address of a structure FOUND 0xF6F01E01
L 04/10/2022 - 18:12:31: DEBUG: client_t determined the size of a the structure 20216
L 04/10/2022 - 18:12:31: DEBUG: SV_Move function FOUND 0xF6F204F0
L 04/10/2022 - 18:12:31: DEBUG: m_iId parse member, value is 47
L 04/10/2022 - 18:12:31: DEBUG: m_pActiveItem parse member, value is 378
L 04/10/2022 - 18:12:31: DEBUG: SV_EmitEvents function FOUND 0xF6F02A30
L 04/10/2022 - 18:12:31: DEBUG: SV_WriteEntitiesToClient function FOUND 0xF6F04200
L 04/10/2022 - 18:12:31: DEBUG: SV_EmitEvents address was FOUND inside SV_WriteEntitiesToClient function 0xF6F044D1
L 04/10/2022 - 18:12:31: DEBUG: SV_EmitEvents function PATCH SUCCEED 0xF6F044D1
L 04/10/2022 - 18:12:31: DEBUG: SV_StartSound function FOUND 0xF6EFC410
L 04/10/2022 - 18:12:31: DEBUG: SV_StartSound address was FOUND inside unk_1 function 0xF6EEB0E5
L 04/10/2022 - 18:12:31: DEBUG: SV_StartSound function PATCH SUCCEED 0xF6EEB0E5
L 04/10/2022 - 18:12:31: DEBUG: SV_StartSound address was FOUND inside unk_2 function 0xF6F10599
L 04/10/2022 - 18:12:31: DEBUG: SV_StartSound function PATCH SUCCEED 0xF6F10599
L 04/10/2022 - 18:12:31: DEBUG: SV_StartSound address was FOUND inside unk_3 function 0xF6F1383D
L 04/10/2022 - 18:12:31: DEBUG: SV_StartSound function PATCH SUCCEED 0xF6F1383D
L 04/10/2022 - 18:12:31: DEBUG: SV_StartSound address was FOUND inside unk_4 function 0xF6F1393E
L 04/10/2022 - 18:12:31: DEBUG: SV_StartSound function PATCH SUCCEED 0xF6F1393E
L 04/10/2022 - 18:12:31: DEBUG: SV_StartSound address was FOUND inside unk_5 function 0xF6F1410F
L 04/10/2022 - 18:12:31: DEBUG: SV_StartSound function PATCH SUCCEED 0xF6F1410F
L 04/10/2022 - 18:12:31: DEBUG: SV_StartSound address was FOUND inside unk_6 function 0xF6F141BD
L 04/10/2022 - 18:12:31: DEBUG: SV_StartSound function PATCH SUCCEED 0xF6F141BD
L 04/10/2022 - 18:12:31: DEBUG: SV_StartSound address was FOUND inside unk_7 function 0xF6F1425D
L 04/10/2022 - 18:12:31: DEBUG: SV_StartSound function PATCH SUCCEED 0xF6F1425D
L 04/10/2022 - 18:12:31: DEBUG: SV_StartSound address was FOUND inside unk_8 function 0xF6F142E3
L 04/10/2022 - 18:12:31: DEBUG: SV_StartSound function PATCH SUCCEED 0xF6F142E3
L 04/10/2022 - 18:12:31: DEBUG: SV_StartSound address was FOUND inside unk_9 function 0xF6F14335
L 04/10/2022 - 18:12:31: DEBUG: SV_StartSound function PATCH SUCCEED 0xF6F14335
L 04/10/2022 - 18:12:31: DEBUG: SV_StartSound address was FOUND inside unk_10 function 0xF6F1437C
L 04/10/2022 - 18:12:31: DEBUG: SV_StartSound function PATCH SUCCEED 0xF6F1437C
L 04/10/2022 - 18:12:31: DEBUG: SV_StartSound address was FOUND inside unk_11 function 0xF6F143C3
L 04/10/2022 - 18:12:31: DEBUG: SV_StartSound function PATCH SUCCEED 0xF6F143C3
L 04/10/2022 - 18:12:31: DEBUG: SV_StartSound address was FOUND inside unk_12 function 0xF6F14412
L 04/10/2022 - 18:12:31: DEBUG: SV_StartSound function PATCH SUCCEED 0xF6F14412
L 04/10/2022 - 18:12:31: DEBUG: PF_Remove_I function FOUND 0xF6EEC7B0
L 04/10/2022 - 18:12:31: DEBUG: ED_Free address was FOUND inside PF_Remove_I function 0xF6EEC7B0
L 04/10/2022 - 18:12:31: DEBUG: ED_Free function PATCH SUCCEED 0xF6EEC7B0
L 04/10/2022 - 18:12:31: DEBUG: PF_BuildSoundMsg_I function FOUND 0xF6EEF940
L 04/10/2022 - 18:12:31: DEBUG: PF_BuildSoundMsg_I patch address to inside function in PF_BuildSoundMsg_I PATCH SUCCEED 0xF6EEF940
L 04/10/2022 - 18:12:31: DEBUG: MSG_StartBitWriting function FOUND 0xF6EBEEA0
L 04/10/2022 - 18:12:31: DEBUG: MSG_WriteBits function FOUND 0xF6EC0040
L 04/10/2022 - 18:12:31: DEBUG: MSG_WriteBitVec3Coord function FOUND 0xF6EC0CB0
L 04/10/2022 - 18:12:31: DEBUG: MSG_EndBitWriting function FOUND 0xF6EC0750
L 04/10/2022 - 18:12:31: DEBUG: SV_LookupSoundIndex function FOUND 0xF6EFBB40
L 04/10/2022 - 18:12:31: DEBUG: SZ_GetSpace function FOUND 0xF6EBFF20
L 04/10/2022 - 18:12:31: Success: Patch executed.
L 04/10/2022 - 18:12:31: PrivateData Offsets: ->
pev			- '0'
vtable			- '8'
playership		- '53'
m_iId			- '47'
m_pActiveItem		- '378'
m_blindStartTime	- '520'
m_blindHoldTime		- '521'
m_blindAlpha		- '523'
L 04/10/2022 - 18:12:31: Success: Build HLDS version defined Linux '8308' (cstrike)
L 04/10/2022 - 18:12:31: Settings: -> 
debug		- '3'
esp		- '1'
smooth		- '1'
smoothout	- '1'
smoothent	- '45'
decalfix	- '1'
antinoflash	- '1'
alphaflash	- '255'
team		- '0'
fov		- '1'
solid		- '2'
barrel		- '1'
blockent	- '1'
hlfix		- '0'
metacall	- '1'
blocktype	- '0'
skytrace	- '1'
revis		- '0'
L 04/10/2022 - 18:12:31: Building PAS...
L 04/10/2022 - 18:12:31: Average leaves visible / audible / total: 48 / 92 / 97
L 04/10/2022 - 18:12:31: PAS building time 0.000186 secs
L 04/10/2022 - 18:12:32: DEBUG: GameRules found 0xA15A1E8
L 04/10/2022 - 18:12:32: Changelevel Server (map 'cs_bloodstrike') (maxplayers '20') (use 'global_svs->maxplayers')
L 04/10/2022 - 18:12:32: Building PAS...
L 04/10/2022 - 18:12:32: Average leaves visible / audible / total: 48 / 92 / 97
L 04/10/2022 - 18:12:32: PAS building time 0.000148 secs
L 04/10/2022 - 18:13:26: DEBUG: GameRules found 0xA15A1E8
L 04/10/2022 - 18:13:26: Changelevel Server (map 'cs_bloodstrike') (maxplayers '20') (use 'global_svs->maxplayers')
L 04/10/2022 - 18:13:26: Building PAS...
L 04/10/2022 - 18:13:26: Average leaves visible / audible / total: 142 / 369 / 2212
L 04/10/2022 - 18:13:26: PAS building time 0.019174 secs
L 04/10/2022 - 18:59:26: DEBUG: GameRules found 0xA1F3B28
L 04/10/2022 - 18:59:26: Changelevel Server (map 'de_airstrip') (maxplayers '20') (use 'global_svs->maxplayers')
L 04/10/2022 - 18:59:26: Building PAS...
L 04/10/2022 - 18:59:26: Average leaves visible / audible / total: 219 / 703 / 3694
L 04/10/2022 - 18:59:26: PAS building time 0.058578 secs
L 04/10/2022 - 19:45:27: DEBUG: GameRules found 0xA1F3B28
L 04/10/2022 - 19:45:27: Changelevel Server (map 'cs_havana') (maxplayers '20') (use 'global_svs->maxplayers')
L 04/10/2022 - 19:45:27: Building PAS...
L 04/10/2022 - 19:45:27: Average leaves visible / audible / total: 181 / 722 / 2672
L 04/10/2022 - 19:45:27: PAS building time 0.029607 secs
L 04/10/2022 - 20:31:27: DEBUG: GameRules found 0xA1F3B28
L 04/10/2022 - 20:31:27: Changelevel Server (map 'de_chateau') (maxplayers '20') (use 'global_svs->maxplayers')
L 04/10/2022 - 20:31:27: Building PAS...
L 04/10/2022 - 20:31:27: Average leaves visible / audible / total: 48 / 92 / 97
L 04/10/2022 - 20:31:27: PAS building time 0.000163 secs
L 04/10/2022 - 20:37:21: DEBUG: GameRules found 0xA1F3B28
L 04/10/2022 - 20:37:21: Changelevel Server (map 'cs_bloodstrike') (maxplayers '20') (use 'global_svs->maxplayers')
L 04/10/2022 - 20:37:21: Building PAS...
L 04/10/2022 - 20:37:21: Average leaves visible / audible / total: 133 / 395 / 1202
L 04/10/2022 - 20:37:21: PAS building time 0.0064 secs
L 04/10/2022 - 21:13:19: DEBUG: GameRules found 0xA1F3B28
L 04/10/2022 - 21:13:19: Changelevel Server (map 'de_dust2') (maxplayers '20') (use 'global_svs->maxplayers')
L 04/10/2022 - 21:13:19: Building PAS...
L 04/10/2022 - 21:13:19: Average leaves visible / audible / total: 150 / 552 / 1459
L 04/10/2022 - 21:13:19: PAS building time 0.00939 secs
L 04/10/2022 - 21:52:22: DEBUG: GameRules found 0xA1F3B28
L 04/10/2022 - 21:52:22: Changelevel Server (map 'de_inferno') (maxplayers '20') (use 'global_svs->maxplayers')
L 04/10/2022 - 21:52:22: Building PAS...
L 04/10/2022 - 21:52:22: Average leaves visible / audible / total: 143 / 546 / 1860
L 04/10/2022 - 21:52:22: PAS building time 0.014216 secs
L 04/10/2022 - 22:21:08: DEBUG: GameRules found 0xA1F3B28
L 04/10/2022 - 22:21:08: Changelevel Server (map 'de_nuke') (maxplayers '20') (use 'global_svs->maxplayers')
L 04/10/2022 - 22:21:08: Building PAS...
L 04/10/2022 - 22:21:08: Average leaves visible / audible / total: 143 / 546 / 1860
L 04/10/2022 - 22:21:08: PAS building time 0.014155 secs
L 04/10/2022 - 22:21:27: DEBUG: GameRules found 0xA1F3B28
L 04/10/2022 - 22:21:27: Changelevel Server (map 'de_nuke') (maxplayers '20') (use 'global_svs->maxplayers')
L 04/10/2022 - 22:21:27: Building PAS...
L 04/10/2022 - 22:21:27: Average leaves visible / audible / total: 151 / 385 / 1238
L 04/10/2022 - 22:21:27: PAS building time 0.006745 secs
L 04/10/2022 - 22:53:28: DEBUG: GameRules found 0xA1F3B28
L 04/10/2022 - 22:53:28: Changelevel Server (map 'de_train') (maxplayers '20') (use 'global_svs->maxplayers')
L 04/10/2022 - 22:53:28: Building PAS...
L 04/10/2022 - 22:53:28: Average leaves visible / audible / total: 151 / 385 / 1238
L 04/10/2022 - 22:53:28: PAS building time 0.006675 secs
L 04/10/2022 - 22:54:18: DEBUG: GameRules found 0xA1F3B28
L 04/10/2022 - 22:54:18: Changelevel Server (map 'de_train') (maxplayers '20') (use 'global_svs->maxplayers')
