L 02/11/2022 - 21:02:36: Log file started (file 'cstrike/addons/whblocker/logs/L_11_02_2022.log') (dir 'cstrike') (mod 'Counter-Strike 1.6') (version '1.5.697')
L 02/11/2022 - 21:02:36: DEBUG: GameRules found 0xA4FE8D0
L 02/11/2022 - 21:02:36: Changelevel Server (map 'cs_bloodstrike') (maxplayers '20') (use 'global_svs->maxplayers')
L 02/11/2022 - 21:02:36: Building PAS...
L 02/11/2022 - 21:02:36: Average leaves visible / audible / total: 133 / 395 / 1202
L 02/11/2022 - 21:02:36: PAS building time 0.006575 secs
L 02/11/2022 - 21:10:04: DEBUG: GameRules found 0xA4FE8D0
L 02/11/2022 - 21:10:04: Changelevel Server (map 'de_dust2') (maxplayers '20') (use 'global_svs->maxplayers')
L 02/11/2022 - 21:10:04: Building PAS...
L 02/11/2022 - 21:10:04: Average leaves visible / audible / total: 150 / 552 / 1459
L 02/11/2022 - 21:10:04: PAS building time 0.009591 secs
L 02/11/2022 - 21:41:26: DEBUG: GameRules found 0xA4FE8D0
L 02/11/2022 - 21:41:26: Changelevel Server (map 'de_inferno') (maxplayers '20') (use 'global_svs->maxplayers')
L 02/11/2022 - 21:41:26: Building PAS...
L 02/11/2022 - 21:41:26: Average leaves visible / audible / total: 143 / 546 / 1860
L 02/11/2022 - 21:41:26: PAS building time 0.014436 secs
L 02/11/2022 - 22:03:40: DEBUG: GameRules found 0xA4FE8D0
L 02/11/2022 - 22:03:40: Changelevel Server (map 'de_nuke') (maxplayers '20') (use 'global_svs->maxplayers')
L 02/11/2022 - 22:03:40: Building PAS...
L 02/11/2022 - 22:03:40: Average leaves visible / audible / total: 151 / 385 / 1238
L 02/11/2022 - 22:03:40: PAS building time 0.006793 secs
L 02/11/2022 - 22:38:52: DEBUG: GameRules found 0xA4FE8D0
L 02/11/2022 - 22:38:52: Changelevel Server (map 'de_train') (maxplayers '20') (use 'global_svs->maxplayers')
L 02/11/2022 - 22:38:52: Building PAS...
L 02/11/2022 - 22:38:52: Average leaves visible / audible / total: 133 / 395 / 1202
L 02/11/2022 - 22:38:52: PAS building time 0.006548 secs
L 02/11/2022 - 23:13:11: DEBUG: GameRules found 0xA4FE8D0
L 02/11/2022 - 23:13:11: Changelevel Server (map 'de_dust2') (maxplayers '20') (use 'global_svs->maxplayers')
L 02/11/2022 - 23:13:11: Building PAS...
L 02/11/2022 - 23:13:11: Average leaves visible / audible / total: 48 / 92 / 97
L 02/11/2022 - 23:13:11: PAS building time 0.000159 secs
L 02/11/2022 - 23:13:26: DEBUG: GameRules found 0xA4FE8D0
L 02/11/2022 - 23:13:26: Changelevel Server (map 'cs_bloodstrike') (maxplayers '20') (use 'global_svs->maxplayers')
L 02/11/2022 - 23:13:26: Building PAS...
L 02/11/2022 - 23:13:26: Average leaves visible / audible / total: 133 / 395 / 1202
L 02/11/2022 - 23:13:26: PAS building time 0.006587 secs
L 02/11/2022 - 23:13:55: DEBUG: GameRules found 0xA4FE8D0
L 02/11/2022 - 23:13:55: Changelevel Server (map 'de_dust2') (maxplayers '20') (use 'global_svs->maxplayers')
L 02/11/2022 - 23:13:55: Building PAS...
L 02/11/2022 - 23:13:55: Average leaves visible / audible / total: 118 / 411 / 1217
L 02/11/2022 - 23:13:55: PAS building time 0.00617 secs
L 02/11/2022 - 23:37:04: DEBUG: GameRules found 0xA4FE8D0
L 02/11/2022 - 23:37:04: Changelevel Server (map 'de_mirage') (maxplayers '20') (use 'global_svs->maxplayers')
L 02/11/2022 - 23:37:04: Building PAS...
L 02/11/2022 - 23:37:04: Average leaves visible / audible / total: 150 / 552 / 1459
L 02/11/2022 - 23:37:04: PAS building time 0.009541 secs
L 02/11/2022 - 23:37:51: DEBUG: GameRules found 0xA4FE8D0
L 02/11/2022 - 23:37:51: Changelevel Server (map 'de_inferno') (maxplayers '20') (use 'global_svs->maxplayers')
L 02/11/2022 - 23:37:51: Building PAS...
L 02/11/2022 - 23:37:51: Average leaves visible / audible / total: 143 / 546 / 1860
L 02/11/2022 - 23:37:51: PAS building time 0.014377 secs
