L 10/11/2021 - 15:26:13: Log file started (file 'cstrike/addons/whblocker/logs/L_11_10_2021.log') (dir 'cstrike') (mod 'Counter-Strike 1.6') (version '1.5.697')
L 10/11/2021 - 15:26:13: Success: Configuration executed.
L 10/11/2021 - 15:26:13: DEBUG: SVS found 0xF7352760
L 10/11/2021 - 15:26:13: DEBUG: SV_CheckTimeouts function FOUND 0xF6EEFDD0
L 10/11/2021 - 15:26:13: DEBUG: client_t address of a structure FOUND 0xF6EEFE01
L 10/11/2021 - 15:26:13: DEBUG: client_t determined the size of a the structure 20216
L 10/11/2021 - 15:26:13: DEBUG: SV_Move function FOUND 0xF6F0E4F0
L 10/11/2021 - 15:26:13: DEBUG: m_iId parse member, value is 47
L 10/11/2021 - 15:26:13: DEBUG: m_pActiveItem parse member, value is 378
L 10/11/2021 - 15:26:13: DEBUG: SV_EmitEvents function FOUND 0xF6EF0A30
L 10/11/2021 - 15:26:13: DEBUG: SV_WriteEntitiesToClient function FOUND 0xF6EF2200
L 10/11/2021 - 15:26:13: DEBUG: SV_EmitEvents address was FOUND inside SV_WriteEntitiesToClient function 0xF6EF24D1
L 10/11/2021 - 15:26:13: DEBUG: SV_EmitEvents function PATCH SUCCEED 0xF6EF24D1
L 10/11/2021 - 15:26:13: DEBUG: SV_StartSound function FOUND 0xF6EEA410
L 10/11/2021 - 15:26:13: DEBUG: SV_StartSound address was FOUND inside unk_1 function 0xF6ED90E5
L 10/11/2021 - 15:26:13: DEBUG: SV_StartSound function PATCH SUCCEED 0xF6ED90E5
L 10/11/2021 - 15:26:13: DEBUG: SV_StartSound address was FOUND inside unk_2 function 0xF6EFE599
L 10/11/2021 - 15:26:13: DEBUG: SV_StartSound function PATCH SUCCEED 0xF6EFE599
L 10/11/2021 - 15:26:13: DEBUG: SV_StartSound address was FOUND inside unk_3 function 0xF6F0183D
L 10/11/2021 - 15:26:13: DEBUG: SV_StartSound function PATCH SUCCEED 0xF6F0183D
L 10/11/2021 - 15:26:13: DEBUG: SV_StartSound address was FOUND inside unk_4 function 0xF6F0193E
L 10/11/2021 - 15:26:13: DEBUG: SV_StartSound function PATCH SUCCEED 0xF6F0193E
L 10/11/2021 - 15:26:13: DEBUG: SV_StartSound address was FOUND inside unk_5 function 0xF6F0210F
L 10/11/2021 - 15:26:13: DEBUG: SV_StartSound function PATCH SUCCEED 0xF6F0210F
L 10/11/2021 - 15:26:13: DEBUG: SV_StartSound address was FOUND inside unk_6 function 0xF6F021BD
L 10/11/2021 - 15:26:13: DEBUG: SV_StartSound function PATCH SUCCEED 0xF6F021BD
L 10/11/2021 - 15:26:13: DEBUG: SV_StartSound address was FOUND inside unk_7 function 0xF6F0225D
L 10/11/2021 - 15:26:13: DEBUG: SV_StartSound function PATCH SUCCEED 0xF6F0225D
L 10/11/2021 - 15:26:13: DEBUG: SV_StartSound address was FOUND inside unk_8 function 0xF6F022E3
L 10/11/2021 - 15:26:13: DEBUG: SV_StartSound function PATCH SUCCEED 0xF6F022E3
L 10/11/2021 - 15:26:13: DEBUG: SV_StartSound address was FOUND inside unk_9 function 0xF6F02335
L 10/11/2021 - 15:26:13: DEBUG: SV_StartSound function PATCH SUCCEED 0xF6F02335
L 10/11/2021 - 15:26:13: DEBUG: SV_StartSound address was FOUND inside unk_10 function 0xF6F0237C
L 10/11/2021 - 15:26:13: DEBUG: SV_StartSound function PATCH SUCCEED 0xF6F0237C
L 10/11/2021 - 15:26:13: DEBUG: SV_StartSound address was FOUND inside unk_11 function 0xF6F023C3
L 10/11/2021 - 15:26:13: DEBUG: SV_StartSound function PATCH SUCCEED 0xF6F023C3
L 10/11/2021 - 15:26:13: DEBUG: SV_StartSound address was FOUND inside unk_12 function 0xF6F02412
L 10/11/2021 - 15:26:13: DEBUG: SV_StartSound function PATCH SUCCEED 0xF6F02412
L 10/11/2021 - 15:26:13: DEBUG: PF_Remove_I function FOUND 0xF6EDA7B0
L 10/11/2021 - 15:26:13: DEBUG: ED_Free address was FOUND inside PF_Remove_I function 0xF6EDA7B0
L 10/11/2021 - 15:26:13: DEBUG: ED_Free function PATCH SUCCEED 0xF6EDA7B0
L 10/11/2021 - 15:26:13: DEBUG: PF_BuildSoundMsg_I function FOUND 0xF6EDD940
L 10/11/2021 - 15:26:13: DEBUG: PF_BuildSoundMsg_I patch address to inside function in PF_BuildSoundMsg_I PATCH SUCCEED 0xF6EDD940
L 10/11/2021 - 15:26:13: DEBUG: MSG_StartBitWriting function FOUND 0xF6EACEA0
L 10/11/2021 - 15:26:13: DEBUG: MSG_WriteBits function FOUND 0xF6EAE040
L 10/11/2021 - 15:26:13: DEBUG: MSG_WriteBitVec3Coord function FOUND 0xF6EAECB0
L 10/11/2021 - 15:26:13: DEBUG: MSG_EndBitWriting function FOUND 0xF6EAE750
L 10/11/2021 - 15:26:13: DEBUG: SV_LookupSoundIndex function FOUND 0xF6EE9B40
L 10/11/2021 - 15:26:13: DEBUG: SZ_GetSpace function FOUND 0xF6EADF20
L 10/11/2021 - 15:26:13: Success: Patch executed.
L 10/11/2021 - 15:26:13: PrivateData Offsets: ->
pev			- '0'
vtable			- '8'
playership		- '53'
m_iId			- '47'
m_pActiveItem		- '378'
m_blindStartTime	- '520'
m_blindHoldTime		- '521'
m_blindAlpha		- '523'
L 10/11/2021 - 15:26:13: Success: Build HLDS version defined Linux '8308' (cstrike)
L 10/11/2021 - 15:26:13: Settings: -> 
debug		- '3'
esp		- '1'
smooth		- '1'
smoothout	- '1'
smoothent	- '45'
decalfix	- '1'
antinoflash	- '1'
alphaflash	- '255'
team		- '0'
fov		- '1'
solid		- '2'
barrel		- '1'
blockent	- '1'
hlfix		- '0'
metacall	- '1'
blocktype	- '0'
skytrace	- '1'
revis		- '0'
L 10/11/2021 - 15:26:13: Building PAS...
L 10/11/2021 - 15:26:13: Average leaves visible / audible / total: 48 / 92 / 97
L 10/11/2021 - 15:26:13: PAS building time 0.000166 secs
L 10/11/2021 - 15:26:14: DEBUG: GameRules found 0x909E1A0
L 10/11/2021 - 15:26:14: Changelevel Server (map 'cs_bloodstrike') (maxplayers '20') (use 'global_svs->maxplayers')
L 10/11/2021 - 15:26:14: Building PAS...
L 10/11/2021 - 15:26:14: Average leaves visible / audible / total: 142 / 369 / 2212
L 10/11/2021 - 15:26:14: PAS building time 0.019409 secs
L 10/11/2021 - 16:11:24: DEBUG: GameRules found 0x909E1A0
L 10/11/2021 - 16:11:24: Changelevel Server (map 'de_airstrip') (maxplayers '20') (use 'global_svs->maxplayers')
L 10/11/2021 - 16:11:24: Building PAS...
L 10/11/2021 - 16:11:24: Average leaves visible / audible / total: 219 / 703 / 3694
L 10/11/2021 - 16:11:24: PAS building time 0.059236 secs
L 10/11/2021 - 16:56:33: DEBUG: GameRules found 0x909E1A0
L 10/11/2021 - 16:56:33: Changelevel Server (map 'cs_havana') (maxplayers '20') (use 'global_svs->maxplayers')
L 10/11/2021 - 16:56:33: Building PAS...
L 10/11/2021 - 16:56:33: Average leaves visible / audible / total: 181 / 722 / 2672
L 10/11/2021 - 16:56:33: PAS building time 0.02997 secs
L 10/11/2021 - 17:41:43: DEBUG: GameRules found 0x909E1A0
L 10/11/2021 - 17:41:43: Changelevel Server (map 'de_chateau') (maxplayers '20') (use 'global_svs->maxplayers')
L 10/11/2021 - 18:02:05: Success: Configuration executed.
L 10/11/2021 - 18:02:05: DEBUG: SVS found 0xF73F0760
L 10/11/2021 - 18:02:05: DEBUG: SV_CheckTimeouts function FOUND 0xF6F8DDD0
L 10/11/2021 - 18:02:05: DEBUG: client_t address of a structure FOUND 0xF6F8DE01
L 10/11/2021 - 18:02:05: DEBUG: client_t determined the size of a the structure 20216
L 10/11/2021 - 18:02:05: DEBUG: SV_Move function FOUND 0xF6FAC4F0
L 10/11/2021 - 18:02:05: DEBUG: m_iId parse member, value is 47
L 10/11/2021 - 18:02:05: DEBUG: m_pActiveItem parse member, value is 378
L 10/11/2021 - 18:02:05: DEBUG: SV_EmitEvents function FOUND 0xF6F8EA30
L 10/11/2021 - 18:02:05: DEBUG: SV_WriteEntitiesToClient function FOUND 0xF6F90200
L 10/11/2021 - 18:02:05: DEBUG: SV_EmitEvents address was FOUND inside SV_WriteEntitiesToClient function 0xF6F904D1
L 10/11/2021 - 18:02:05: DEBUG: SV_EmitEvents function PATCH SUCCEED 0xF6F904D1
L 10/11/2021 - 18:02:05: DEBUG: SV_StartSound function FOUND 0xF6F88410
L 10/11/2021 - 18:02:05: DEBUG: SV_StartSound address was FOUND inside unk_1 function 0xF6F770E5
L 10/11/2021 - 18:02:05: DEBUG: SV_StartSound function PATCH SUCCEED 0xF6F770E5
L 10/11/2021 - 18:02:05: DEBUG: SV_StartSound address was FOUND inside unk_2 function 0xF6F9C599
L 10/11/2021 - 18:02:05: DEBUG: SV_StartSound function PATCH SUCCEED 0xF6F9C599
L 10/11/2021 - 18:02:05: DEBUG: SV_StartSound address was FOUND inside unk_3 function 0xF6F9F83D
L 10/11/2021 - 18:02:05: DEBUG: SV_StartSound function PATCH SUCCEED 0xF6F9F83D
L 10/11/2021 - 18:02:05: DEBUG: SV_StartSound address was FOUND inside unk_4 function 0xF6F9F93E
L 10/11/2021 - 18:02:05: DEBUG: SV_StartSound function PATCH SUCCEED 0xF6F9F93E
L 10/11/2021 - 18:02:05: DEBUG: SV_StartSound address was FOUND inside unk_5 function 0xF6FA010F
L 10/11/2021 - 18:02:05: DEBUG: SV_StartSound function PATCH SUCCEED 0xF6FA010F
L 10/11/2021 - 18:02:05: DEBUG: SV_StartSound address was FOUND inside unk_6 function 0xF6FA01BD
L 10/11/2021 - 18:02:05: DEBUG: SV_StartSound function PATCH SUCCEED 0xF6FA01BD
L 10/11/2021 - 18:02:05: DEBUG: SV_StartSound address was FOUND inside unk_7 function 0xF6FA025D
L 10/11/2021 - 18:02:05: DEBUG: SV_StartSound function PATCH SUCCEED 0xF6FA025D
L 10/11/2021 - 18:02:05: DEBUG: SV_StartSound address was FOUND inside unk_8 function 0xF6FA02E3
L 10/11/2021 - 18:02:05: DEBUG: SV_StartSound function PATCH SUCCEED 0xF6FA02E3
L 10/11/2021 - 18:02:05: DEBUG: SV_StartSound address was FOUND inside unk_9 function 0xF6FA0335
L 10/11/2021 - 18:02:05: DEBUG: SV_StartSound function PATCH SUCCEED 0xF6FA0335
L 10/11/2021 - 18:02:05: DEBUG: SV_StartSound address was FOUND inside unk_10 function 0xF6FA037C
L 10/11/2021 - 18:02:05: DEBUG: SV_StartSound function PATCH SUCCEED 0xF6FA037C
L 10/11/2021 - 18:02:05: DEBUG: SV_StartSound address was FOUND inside unk_11 function 0xF6FA03C3
L 10/11/2021 - 18:02:05: DEBUG: SV_StartSound function PATCH SUCCEED 0xF6FA03C3
L 10/11/2021 - 18:02:05: DEBUG: SV_StartSound address was FOUND inside unk_12 function 0xF6FA0412
L 10/11/2021 - 18:02:05: DEBUG: SV_StartSound function PATCH SUCCEED 0xF6FA0412
L 10/11/2021 - 18:02:05: DEBUG: PF_Remove_I function FOUND 0xF6F787B0
L 10/11/2021 - 18:02:05: DEBUG: ED_Free address was FOUND inside PF_Remove_I function 0xF6F787B0
L 10/11/2021 - 18:02:05: DEBUG: ED_Free function PATCH SUCCEED 0xF6F787B0
L 10/11/2021 - 18:02:05: DEBUG: PF_BuildSoundMsg_I function FOUND 0xF6F7B940
L 10/11/2021 - 18:02:05: DEBUG: PF_BuildSoundMsg_I patch address to inside function in PF_BuildSoundMsg_I PATCH SUCCEED 0xF6F7B940
L 10/11/2021 - 18:02:05: DEBUG: MSG_StartBitWriting function FOUND 0xF6F4AEA0
L 10/11/2021 - 18:02:05: DEBUG: MSG_WriteBits function FOUND 0xF6F4C040
L 10/11/2021 - 18:02:05: DEBUG: MSG_WriteBitVec3Coord function FOUND 0xF6F4CCB0
L 10/11/2021 - 18:02:05: DEBUG: MSG_EndBitWriting function FOUND 0xF6F4C750
L 10/11/2021 - 18:02:05: DEBUG: SV_LookupSoundIndex function FOUND 0xF6F87B40
L 10/11/2021 - 18:02:05: DEBUG: SZ_GetSpace function FOUND 0xF6F4BF20
L 10/11/2021 - 18:02:05: Success: Patch executed.
L 10/11/2021 - 18:02:05: PrivateData Offsets: ->
pev			- '0'
vtable			- '8'
playership		- '53'
m_iId			- '47'
m_pActiveItem		- '378'
m_blindStartTime	- '520'
m_blindHoldTime		- '521'
m_blindAlpha		- '523'
L 10/11/2021 - 18:02:05: Success: Build HLDS version defined Linux '8308' (cstrike)
L 10/11/2021 - 18:02:05: Settings: -> 
debug		- '3'
esp		- '1'
smooth		- '1'
smoothout	- '1'
smoothent	- '45'
decalfix	- '1'
antinoflash	- '1'
alphaflash	- '255'
team		- '0'
fov		- '1'
solid		- '2'
barrel		- '1'
blockent	- '1'
hlfix		- '0'
metacall	- '1'
blocktype	- '0'
skytrace	- '1'
revis		- '0'
L 10/11/2021 - 18:02:05: Building PAS...
L 10/11/2021 - 18:02:05: Average leaves visible / audible / total: 48 / 92 / 97
L 10/11/2021 - 18:02:05: PAS building time 0.000159 secs
L 10/11/2021 - 18:02:06: DEBUG: GameRules found 0xABE7010
L 10/11/2021 - 18:02:06: Changelevel Server (map 'cs_bloodstrike') (maxplayers '20') (use 'global_svs->maxplayers')
L 10/11/2021 - 18:02:06: Building PAS...
L 10/11/2021 - 18:02:06: Average leaves visible / audible / total: 150 / 552 / 1459
L 10/11/2021 - 18:02:06: PAS building time 0.009449 secs
L 10/11/2021 - 18:05:47: DEBUG: GameRules found 0xABE7010
L 10/11/2021 - 18:05:47: Changelevel Server (map 'de_inferno') (maxplayers '20') (use 'global_svs->maxplayers')
L 10/11/2021 - 18:05:47: Building PAS...
L 10/11/2021 - 18:05:47: Average leaves visible / audible / total: 48 / 92 / 97
L 10/11/2021 - 18:05:47: PAS building time 0.000168 secs
L 10/11/2021 - 21:11:19: DEBUG: GameRules found 0xABE7010
L 10/11/2021 - 21:11:19: Changelevel Server (map 'cs_bloodstrike') (maxplayers '20') (use 'global_svs->maxplayers')
L 10/11/2021 - 21:11:19: Building PAS...
L 10/11/2021 - 21:11:19: Average leaves visible / audible / total: 133 / 395 / 1202
L 10/11/2021 - 21:11:19: PAS building time 0.006458 secs
L 10/11/2021 - 21:35:12: DEBUG: GameRules found 0xAC95308
L 10/11/2021 - 21:35:12: Changelevel Server (map 'de_dust2') (maxplayers '20') (use 'global_svs->maxplayers')
L 10/11/2021 - 21:35:12: Building PAS...
L 10/11/2021 - 21:35:12: Average leaves visible / audible / total: 150 / 552 / 1459
L 10/11/2021 - 21:35:12: PAS building time 0.009582 secs
L 10/11/2021 - 22:03:49: DEBUG: GameRules found 0xADC59B0
L 10/11/2021 - 22:03:49: Changelevel Server (map 'de_inferno') (maxplayers '20') (use 'global_svs->maxplayers')
L 10/11/2021 - 22:03:49: Building PAS...
L 10/11/2021 - 22:03:49: Average leaves visible / audible / total: 143 / 546 / 1860
L 10/11/2021 - 22:03:49: PAS building time 0.014336 secs
L 10/11/2021 - 22:45:32: DEBUG: GameRules found 0xADC59B0
L 10/11/2021 - 22:45:32: Changelevel Server (map 'de_nuke') (maxplayers '20') (use 'global_svs->maxplayers')
L 10/11/2021 - 22:45:32: Building PAS...
L 10/11/2021 - 22:45:32: Average leaves visible / audible / total: 143 / 546 / 1860
L 10/11/2021 - 22:45:32: PAS building time 0.014248 secs
L 10/11/2021 - 22:46:52: DEBUG: GameRules found 0xADC59B0
L 10/11/2021 - 22:46:52: Changelevel Server (map 'de_nuke') (maxplayers '20') (use 'global_svs->maxplayers')
L 10/11/2021 - 22:46:52: Building PAS...
L 10/11/2021 - 22:46:52: Average leaves visible / audible / total: 151 / 385 / 1238
L 10/11/2021 - 22:46:52: PAS building time 0.006863 secs
L 10/11/2021 - 23:06:52: DEBUG: GameRules found 0xADC59B0
L 10/11/2021 - 23:06:52: Changelevel Server (map 'de_train') (maxplayers '20') (use 'global_svs->maxplayers')
L 10/11/2021 - 23:06:52: Building PAS...
L 10/11/2021 - 23:06:52: Average leaves visible / audible / total: 133 / 395 / 1202
L 10/11/2021 - 23:06:52: PAS building time 0.00651 secs
L 10/11/2021 - 23:36:09: DEBUG: GameRules found 0xADC59B0
L 10/11/2021 - 23:36:09: Changelevel Server (map 'de_dust2') (maxplayers '20') (use 'global_svs->maxplayers')
L 10/11/2021 - 23:36:09: Building PAS...
L 10/11/2021 - 23:36:09: Average leaves visible / audible / total: 48 / 92 / 97
L 10/11/2021 - 23:36:09: PAS building time 0.000151 secs
L 10/11/2021 - 23:38:37: DEBUG: GameRules found 0xADC59B0
L 10/11/2021 - 23:38:37: Changelevel Server (map 'cs_bloodstrike') (maxplayers '20') (use 'global_svs->maxplayers')
L 10/11/2021 - 23:38:37: Building PAS...
L 10/11/2021 - 23:38:37: Average leaves visible / audible / total: 148 / 164 / 182
L 10/11/2021 - 23:38:37: PAS building time 0.000366 secs
