L 01/11/2022 - 00:23:09: Log file started (file 'cstrike/addons/whblocker/logs/L_11_01_2022.log') (dir 'cstrike') (mod 'Counter-Strike 1.6') (version '1.5.697')
L 01/11/2022 - 00:23:09: DEBUG: GameRules found 0xA0CAA68
L 01/11/2022 - 00:23:09: Changelevel Server (map 'de_inferno') (maxplayers '20') (use 'global_svs->maxplayers')
L 01/11/2022 - 00:23:09: Building PAS...
L 01/11/2022 - 00:23:09: Average leaves visible / audible / total: 48 / 92 / 97
L 01/11/2022 - 00:23:09: PAS building time 0.000187 secs
L 01/11/2022 - 00:23:27: DEBUG: GameRules found 0xA0CAA68
L 01/11/2022 - 00:23:27: Changelevel Server (map 'cs_bloodstrike') (maxplayers '20') (use 'global_svs->maxplayers')
L 01/11/2022 - 00:23:27: Building PAS...
L 01/11/2022 - 00:23:27: Average leaves visible / audible / total: 133 / 395 / 1202
L 01/11/2022 - 00:23:27: PAS building time 0.007225 secs
L 01/11/2022 - 20:26:06: DEBUG: GameRules found 0xA0CAA68
L 01/11/2022 - 20:26:06: Changelevel Server (map 'de_dust2') (maxplayers '20') (use 'global_svs->maxplayers')
L 01/11/2022 - 20:26:06: Building PAS...
L 01/11/2022 - 20:26:06: Average leaves visible / audible / total: 48 / 92 / 97
L 01/11/2022 - 20:26:06: PAS building time 0.000157 secs
L 01/11/2022 - 20:35:39: DEBUG: GameRules found 0xA0CAA68
L 01/11/2022 - 20:35:39: Changelevel Server (map 'cs_bloodstrike') (maxplayers '20') (use 'global_svs->maxplayers')
L 01/11/2022 - 20:35:39: Building PAS...
L 01/11/2022 - 20:35:39: Average leaves visible / audible / total: 133 / 395 / 1202
L 01/11/2022 - 20:35:39: PAS building time 0.006909 secs
L 01/11/2022 - 20:54:04: DEBUG: GameRules found 0xA0CAA68
L 01/11/2022 - 20:54:04: Changelevel Server (map 'de_dust2') (maxplayers '20') (use 'global_svs->maxplayers')
L 01/11/2022 - 20:54:04: Building PAS...
L 01/11/2022 - 20:54:04: Average leaves visible / audible / total: 150 / 552 / 1459
L 01/11/2022 - 20:54:04: PAS building time 0.010074 secs
L 01/11/2022 - 21:34:21: DEBUG: GameRules found 0xA0CAA68
L 01/11/2022 - 21:34:21: Changelevel Server (map 'de_inferno') (maxplayers '20') (use 'global_svs->maxplayers')
L 01/11/2022 - 21:34:21: Building PAS...
L 01/11/2022 - 21:34:21: Average leaves visible / audible / total: 143 / 546 / 1860
L 01/11/2022 - 21:34:21: PAS building time 0.014994 secs
L 01/11/2022 - 21:55:11: DEBUG: GameRules found 0xA0CAA68
L 01/11/2022 - 21:55:11: Changelevel Server (map 'de_nuke') (maxplayers '20') (use 'global_svs->maxplayers')
L 01/11/2022 - 21:55:11: Building PAS...
L 01/11/2022 - 21:55:11: Average leaves visible / audible / total: 151 / 385 / 1238
L 01/11/2022 - 21:55:11: PAS building time 0.007375 secs
L 01/11/2022 - 22:18:54: DEBUG: GameRules found 0xA0CAA68
L 01/11/2022 - 22:18:54: Changelevel Server (map 'de_train') (maxplayers '20') (use 'global_svs->maxplayers')
L 01/11/2022 - 22:18:54: Building PAS...
L 01/11/2022 - 22:18:54: Average leaves visible / audible / total: 133 / 395 / 1202
L 01/11/2022 - 22:18:54: PAS building time 0.00693 secs
L 01/11/2022 - 22:55:10: DEBUG: GameRules found 0xA0CAA68
L 01/11/2022 - 22:55:10: Changelevel Server (map 'de_dust2') (maxplayers '20') (use 'global_svs->maxplayers')
L 01/11/2022 - 22:55:10: Building PAS...
L 01/11/2022 - 22:55:10: Average leaves visible / audible / total: 48 / 92 / 97
L 01/11/2022 - 22:55:10: PAS building time 0.000181 secs
L 01/11/2022 - 23:00:55: DEBUG: GameRules found 0xA0CAA68
L 01/11/2022 - 23:00:55: Changelevel Server (map 'cs_bloodstrike') (maxplayers '20') (use 'global_svs->maxplayers')
L 01/11/2022 - 23:00:55: Building PAS...
L 01/11/2022 - 23:00:55: Average leaves visible / audible / total: 133 / 395 / 1202
L 01/11/2022 - 23:00:55: PAS building time 0.007 secs
L 01/11/2022 - 23:02:14: DEBUG: GameRules found 0xA0CAA68
L 01/11/2022 - 23:02:14: Changelevel Server (map 'de_dust2') (maxplayers '20') (use 'global_svs->maxplayers')
L 01/11/2022 - 23:02:14: Building PAS...
L 01/11/2022 - 23:02:14: Average leaves visible / audible / total: 133 / 395 / 1202
L 01/11/2022 - 23:02:14: PAS building time 0.006552 secs
L 01/11/2022 - 23:02:44: DEBUG: GameRules found 0xA0CAA68
L 01/11/2022 - 23:02:44: Changelevel Server (map 'de_dust2') (maxplayers '20') (use 'global_svs->maxplayers')
L 01/11/2022 - 23:02:44: Building PAS...
L 01/11/2022 - 23:02:44: Average leaves visible / audible / total: 48 / 92 / 97
L 01/11/2022 - 23:02:44: PAS building time 0.000171 secs
L 01/11/2022 - 23:26:24: DEBUG: GameRules found 0xA0CAA68
L 01/11/2022 - 23:26:24: Changelevel Server (map 'cs_bloodstrike') (maxplayers '20') (use 'global_svs->maxplayers')
L 01/11/2022 - 23:26:24: Building PAS...
L 01/11/2022 - 23:26:24: Average leaves visible / audible / total: 150 / 552 / 1459
L 01/11/2022 - 23:26:24: PAS building time 0.009782 secs
