L 08/11/2022 - 10:30:37: Log file started (file 'cstrike/addons/whblocker/logs/L_11_08_2022.log') (dir 'cstrike') (mod 'Counter-Strike 1.6') (version '1.5.697')
L 08/11/2022 - 10:30:37: Success: Configuration executed.
L 08/11/2022 - 10:30:37: DEBUG: SVS found 0xF7366760
L 08/11/2022 - 10:30:37: DEBUG: SV_CheckTimeouts function FOUND 0xF6F03DD0
L 08/11/2022 - 10:30:37: DEBUG: client_t address of a structure FOUND 0xF6F03E01
L 08/11/2022 - 10:30:37: DEBUG: client_t determined the size of a the structure 20216
L 08/11/2022 - 10:30:37: DEBUG: SV_Move function FOUND 0xF6F224F0
L 08/11/2022 - 10:30:37: DEBUG: m_iId parse member, value is 47
L 08/11/2022 - 10:30:37: DEBUG: m_pActiveItem parse member, value is 378
L 08/11/2022 - 10:30:37: DEBUG: SV_EmitEvents function FOUND 0xF6F04A30
L 08/11/2022 - 10:30:37: DEBUG: SV_WriteEntitiesToClient function FOUND 0xF6F06200
L 08/11/2022 - 10:30:37: DEBUG: SV_EmitEvents address was FOUND inside SV_WriteEntitiesToClient function 0xF6F064D1
L 08/11/2022 - 10:30:37: DEBUG: SV_EmitEvents function PATCH SUCCEED 0xF6F064D1
L 08/11/2022 - 10:30:37: DEBUG: SV_StartSound function FOUND 0xF6EFE410
L 08/11/2022 - 10:30:37: DEBUG: SV_StartSound address was FOUND inside unk_1 function 0xF6EED0E5
L 08/11/2022 - 10:30:37: DEBUG: SV_StartSound function PATCH SUCCEED 0xF6EED0E5
L 08/11/2022 - 10:30:37: DEBUG: SV_StartSound address was FOUND inside unk_2 function 0xF6F12599
L 08/11/2022 - 10:30:37: DEBUG: SV_StartSound function PATCH SUCCEED 0xF6F12599
L 08/11/2022 - 10:30:37: DEBUG: SV_StartSound address was FOUND inside unk_3 function 0xF6F1583D
L 08/11/2022 - 10:30:37: DEBUG: SV_StartSound function PATCH SUCCEED 0xF6F1583D
L 08/11/2022 - 10:30:37: DEBUG: SV_StartSound address was FOUND inside unk_4 function 0xF6F1593E
L 08/11/2022 - 10:30:37: DEBUG: SV_StartSound function PATCH SUCCEED 0xF6F1593E
L 08/11/2022 - 10:30:37: DEBUG: SV_StartSound address was FOUND inside unk_5 function 0xF6F1610F
L 08/11/2022 - 10:30:37: DEBUG: SV_StartSound function PATCH SUCCEED 0xF6F1610F
L 08/11/2022 - 10:30:37: DEBUG: SV_StartSound address was FOUND inside unk_6 function 0xF6F161BD
L 08/11/2022 - 10:30:37: DEBUG: SV_StartSound function PATCH SUCCEED 0xF6F161BD
L 08/11/2022 - 10:30:37: DEBUG: SV_StartSound address was FOUND inside unk_7 function 0xF6F1625D
L 08/11/2022 - 10:30:37: DEBUG: SV_StartSound function PATCH SUCCEED 0xF6F1625D
L 08/11/2022 - 10:30:37: DEBUG: SV_StartSound address was FOUND inside unk_8 function 0xF6F162E3
L 08/11/2022 - 10:30:37: DEBUG: SV_StartSound function PATCH SUCCEED 0xF6F162E3
L 08/11/2022 - 10:30:37: DEBUG: SV_StartSound address was FOUND inside unk_9 function 0xF6F16335
L 08/11/2022 - 10:30:37: DEBUG: SV_StartSound function PATCH SUCCEED 0xF6F16335
L 08/11/2022 - 10:30:37: DEBUG: SV_StartSound address was FOUND inside unk_10 function 0xF6F1637C
L 08/11/2022 - 10:30:37: DEBUG: SV_StartSound function PATCH SUCCEED 0xF6F1637C
L 08/11/2022 - 10:30:37: DEBUG: SV_StartSound address was FOUND inside unk_11 function 0xF6F163C3
L 08/11/2022 - 10:30:37: DEBUG: SV_StartSound function PATCH SUCCEED 0xF6F163C3
L 08/11/2022 - 10:30:37: DEBUG: SV_StartSound address was FOUND inside unk_12 function 0xF6F16412
L 08/11/2022 - 10:30:37: DEBUG: SV_StartSound function PATCH SUCCEED 0xF6F16412
L 08/11/2022 - 10:30:37: DEBUG: PF_Remove_I function FOUND 0xF6EEE7B0
L 08/11/2022 - 10:30:37: DEBUG: ED_Free address was FOUND inside PF_Remove_I function 0xF6EEE7B0
L 08/11/2022 - 10:30:37: DEBUG: ED_Free function PATCH SUCCEED 0xF6EEE7B0
L 08/11/2022 - 10:30:37: DEBUG: PF_BuildSoundMsg_I function FOUND 0xF6EF1940
L 08/11/2022 - 10:30:37: DEBUG: PF_BuildSoundMsg_I patch address to inside function in PF_BuildSoundMsg_I PATCH SUCCEED 0xF6EF1940
L 08/11/2022 - 10:30:37: DEBUG: MSG_StartBitWriting function FOUND 0xF6EC0EA0
L 08/11/2022 - 10:30:37: DEBUG: MSG_WriteBits function FOUND 0xF6EC2040
L 08/11/2022 - 10:30:37: DEBUG: MSG_WriteBitVec3Coord function FOUND 0xF6EC2CB0
L 08/11/2022 - 10:30:37: DEBUG: MSG_EndBitWriting function FOUND 0xF6EC2750
L 08/11/2022 - 10:30:37: DEBUG: SV_LookupSoundIndex function FOUND 0xF6EFDB40
L 08/11/2022 - 10:30:37: DEBUG: SZ_GetSpace function FOUND 0xF6EC1F20
L 08/11/2022 - 10:30:37: Success: Patch executed.
L 08/11/2022 - 10:30:37: PrivateData Offsets: ->
pev			- '0'
vtable			- '8'
playership		- '53'
m_iId			- '47'
m_pActiveItem		- '378'
m_blindStartTime	- '520'
m_blindHoldTime		- '521'
m_blindAlpha		- '523'
L 08/11/2022 - 10:30:37: Success: Build HLDS version defined Linux '8308' (cstrike)
L 08/11/2022 - 10:30:37: Settings: -> 
debug		- '3'
esp		- '1'
smooth		- '1'
smoothout	- '1'
smoothent	- '45'
decalfix	- '1'
antinoflash	- '1'
alphaflash	- '255'
team		- '0'
fov		- '1'
solid		- '2'
barrel		- '1'
blockent	- '1'
hlfix		- '0'
metacall	- '1'
blocktype	- '0'
skytrace	- '1'
revis		- '0'
L 08/11/2022 - 10:30:37: Building PAS...
L 08/11/2022 - 10:30:37: Average leaves visible / audible / total: 133 / 395 / 1202
L 08/11/2022 - 10:30:37: PAS building time 0.008022 secs
L 08/11/2022 - 10:30:38: DEBUG: GameRules found 0xAD28800
L 08/11/2022 - 10:30:38: Changelevel Server (map 'de_dust2') (maxplayers '15') (use 'global_svs->maxplayers')
L 08/11/2022 - 10:30:38: Building PAS...
L 08/11/2022 - 10:30:38: Average leaves visible / audible / total: 148 / 164 / 182
L 08/11/2022 - 10:30:38: PAS building time 0.000413 secs
