L 10/12/2021 - 20:17:23: Log file started (file 'cstrike/addons/whblocker/logs/L_12_10_2021.log') (dir 'cstrike') (mod 'Counter-Strike 1.6') (version '1.5.697')
L 10/12/2021 - 20:17:23: DEBUG: GameRules found 0xADC59B0
L 10/12/2021 - 20:17:23: Changelevel Server (map 'aim_sk_ak_m4') (maxplayers '20') (use 'global_svs->maxplayers')
L 10/12/2021 - 20:17:23: Building PAS...
L 10/12/2021 - 20:17:23: Average leaves visible / audible / total: 48 / 92 / 97
L 10/12/2021 - 20:17:23: PAS building time 0.000151 secs
L 10/12/2021 - 20:22:31: DEBUG: GameRules found 0xADC59B0
L 10/12/2021 - 20:22:31: Changelevel Server (map 'cs_bloodstrike') (maxplayers '20') (use 'global_svs->maxplayers')
L 10/12/2021 - 20:22:31: Building PAS...
L 10/12/2021 - 20:22:31: Average leaves visible / audible / total: 133 / 395 / 1202
L 10/12/2021 - 20:22:31: PAS building time 0.006556 secs
L 10/12/2021 - 22:37:56: DEBUG: GameRules found 0xADC59B0
L 10/12/2021 - 22:37:56: Changelevel Server (map 'de_dust2') (maxplayers '20') (use 'global_svs->maxplayers')
L 10/12/2021 - 22:37:56: Building PAS...
L 10/12/2021 - 22:37:56: Average leaves visible / audible / total: 150 / 552 / 1459
L 10/12/2021 - 22:37:56: PAS building time 0.009576 secs
L 10/12/2021 - 23:02:26: DEBUG: GameRules found 0xADC59B0
L 10/12/2021 - 23:02:26: Changelevel Server (map 'de_inferno') (maxplayers '20') (use 'global_svs->maxplayers')
L 10/12/2021 - 23:02:26: Building PAS...
L 10/12/2021 - 23:02:26: Average leaves visible / audible / total: 143 / 546 / 1860
L 10/12/2021 - 23:02:26: PAS building time 0.016145 secs
L 10/12/2021 - 23:29:34: DEBUG: GameRules found 0xADC59B0
L 10/12/2021 - 23:29:34: Changelevel Server (map 'de_nuke') (maxplayers '20') (use 'global_svs->maxplayers')
L 10/12/2021 - 23:29:34: Building PAS...
L 10/12/2021 - 23:29:34: Average leaves visible / audible / total: 151 / 385 / 1238
L 10/12/2021 - 23:29:34: PAS building time 0.006788 secs
L 10/12/2021 - 23:53:41: DEBUG: GameRules found 0xADC59B0
L 10/12/2021 - 23:53:41: Changelevel Server (map 'de_train') (maxplayers '20') (use 'global_svs->maxplayers')
L 10/12/2021 - 23:53:41: Building PAS...
L 10/12/2021 - 23:53:41: Average leaves visible / audible / total: 133 / 395 / 1202
L 10/12/2021 - 23:53:41: PAS building time 0.006529 secs
