L 03/12/2022 - 00:15:02: Log file started (file 'cstrike/addons/whblocker/logs/L_12_03_2022.log') (dir 'cstrike') (mod 'Counter-Strike 1.6') (version '1.5.697')
L 03/12/2022 - 00:15:02: DEBUG: GameRules found 0xA4FE8D0
L 03/12/2022 - 00:15:02: Changelevel Server (map 'cs_bloodstrike') (maxplayers '20') (use 'global_svs->maxplayers')
L 03/12/2022 - 00:15:02: Building PAS...
L 03/12/2022 - 00:15:02: Average leaves visible / audible / total: 133 / 395 / 1202
L 03/12/2022 - 00:15:02: PAS building time 0.006543 secs
L 03/12/2022 - 22:49:49: DEBUG: GameRules found 0xA4FE8D0
L 03/12/2022 - 22:49:49: Changelevel Server (map 'de_dust2') (maxplayers '20') (use 'global_svs->maxplayers')
L 03/12/2022 - 22:49:49: Building PAS...
L 03/12/2022 - 22:49:49: Average leaves visible / audible / total: 150 / 552 / 1459
L 03/12/2022 - 22:49:49: PAS building time 0.00956 secs
L 03/12/2022 - 23:17:29: DEBUG: GameRules found 0xA4FE8D0
L 03/12/2022 - 23:17:29: Changelevel Server (map 'de_inferno') (maxplayers '20') (use 'global_svs->maxplayers')
L 03/12/2022 - 23:17:29: Building PAS...
L 03/12/2022 - 23:17:29: Average leaves visible / audible / total: 150 / 552 / 1459
L 03/12/2022 - 23:17:29: PAS building time 0.009549 secs
L 03/12/2022 - 23:27:39: DEBUG: GameRules found 0xA4FE8D0
L 03/12/2022 - 23:27:39: Changelevel Server (map 'de_inferno') (maxplayers '20') (use 'global_svs->maxplayers')
L 03/12/2022 - 23:27:39: Building PAS...
L 03/12/2022 - 23:27:39: Average leaves visible / audible / total: 143 / 546 / 1860
L 03/12/2022 - 23:27:39: PAS building time 0.014334 secs
