L 10/12/2022 - 00:12:45: Log file started (file 'cstrike/addons/whblocker/logs/L_12_10_2022.log') (dir 'cstrike') (mod 'Counter-Strike 1.6') (version '1.5.697')
L 10/12/2022 - 00:12:45: DEBUG: GameRules found 0xA2F9D90
L 10/12/2022 - 00:12:45: Changelevel Server (map 'de_dust') (maxplayers '20') (use 'global_svs->maxplayers')
L 10/12/2022 - 00:12:45: Building PAS...
L 10/12/2022 - 00:12:45: Average leaves visible / audible / total: 131 / 365 / 1524
L 10/12/2022 - 00:12:45: PAS building time 0.009783 secs
L 10/12/2022 - 01:13:29: DEBUG: GameRules found 0xA2F9D90
L 10/12/2022 - 01:13:29: Changelevel Server (map 'cs_747') (maxplayers '20') (use 'global_svs->maxplayers')
L 10/12/2022 - 01:13:29: Building PAS...
L 10/12/2022 - 01:13:29: Average leaves visible / audible / total: 161 / 417 / 2023
L 10/12/2022 - 01:13:29: PAS building time 0.017019 secs
L 10/12/2022 - 02:14:12: DEBUG: GameRules found 0xA2F9D90
L 10/12/2022 - 02:14:12: Changelevel Server (map 'de_prodigy') (maxplayers '20') (use 'global_svs->maxplayers')
L 10/12/2022 - 02:14:12: Building PAS...
L 10/12/2022 - 02:14:12: Average leaves visible / audible / total: 131 / 298 / 461
L 10/12/2022 - 02:14:12: PAS building time 0.001601 secs
L 10/12/2022 - 03:14:56: DEBUG: GameRules found 0xA2F9D90
L 10/12/2022 - 03:14:56: Changelevel Server (map 'cs_assault') (maxplayers '20') (use 'global_svs->maxplayers')
L 10/12/2022 - 03:14:56: Building PAS...
L 10/12/2022 - 03:14:56: Average leaves visible / audible / total: 193 / 757 / 1822
L 10/12/2022 - 03:14:56: PAS building time 0.019749 secs
L 10/12/2022 - 04:15:39: DEBUG: GameRules found 0xA2F9D90
L 10/12/2022 - 04:15:39: Changelevel Server (map 'cs_office') (maxplayers '20') (use 'global_svs->maxplayers')
L 10/12/2022 - 04:15:39: Building PAS...
L 10/12/2022 - 04:15:39: Average leaves visible / audible / total: 230 / 913 / 2132
L 10/12/2022 - 04:15:39: PAS building time 0.022776 secs
L 10/12/2022 - 05:16:23: DEBUG: GameRules found 0xA2F9D90
L 10/12/2022 - 05:16:23: Changelevel Server (map 'cs_italy') (maxplayers '20') (use 'global_svs->maxplayers')
L 10/12/2022 - 05:16:23: Building PAS...
L 10/12/2022 - 05:16:23: Average leaves visible / audible / total: 120 / 415 / 2442
L 10/12/2022 - 05:16:23: PAS building time 0.022463 secs
L 10/12/2022 - 06:17:06: DEBUG: GameRules found 0xA2F9D90
L 10/12/2022 - 06:17:06: Changelevel Server (map 'cs_backalley') (maxplayers '20') (use 'global_svs->maxplayers')
L 10/12/2022 - 06:17:06: Building PAS...
L 10/12/2022 - 06:17:06: Average leaves visible / audible / total: 134 / 517 / 2015
L 10/12/2022 - 06:17:06: PAS building time 0.016404 secs
L 10/12/2022 - 07:17:49: DEBUG: GameRules found 0xA2F9D90
L 10/12/2022 - 07:17:49: Changelevel Server (map 'cs_militia') (maxplayers '20') (use 'global_svs->maxplayers')
L 10/12/2022 - 07:17:49: Building PAS...
L 10/12/2022 - 07:17:49: Average leaves visible / audible / total: 151 / 385 / 1238
L 10/12/2022 - 07:17:49: PAS building time 0.007043 secs
L 10/12/2022 - 08:18:33: DEBUG: GameRules found 0xA2F9D90
L 10/12/2022 - 08:18:33: Changelevel Server (map 'de_train') (maxplayers '20') (use 'global_svs->maxplayers')
L 10/12/2022 - 08:18:33: Building PAS...
L 10/12/2022 - 08:18:33: Average leaves visible / audible / total: 142 / 369 / 2212
L 10/12/2022 - 08:18:33: PAS building time 0.020157 secs
L 10/12/2022 - 09:19:16: DEBUG: GameRules found 0xA2F9D90
L 10/12/2022 - 09:19:16: Changelevel Server (map 'de_airstrip') (maxplayers '20') (use 'global_svs->maxplayers')
L 10/12/2022 - 09:19:16: Building PAS...
L 10/12/2022 - 09:19:16: Average leaves visible / audible / total: 219 / 703 / 3694
L 10/12/2022 - 09:19:16: PAS building time 0.066172 secs
L 10/12/2022 - 10:20:00: DEBUG: GameRules found 0xA2F9D90
L 10/12/2022 - 10:20:00: Changelevel Server (map 'cs_havana') (maxplayers '20') (use 'global_svs->maxplayers')
L 10/12/2022 - 10:20:00: Building PAS...
L 10/12/2022 - 10:20:00: Average leaves visible / audible / total: 181 / 722 / 2672
L 10/12/2022 - 10:20:00: PAS building time 0.029897 secs
L 10/12/2022 - 11:20:43: DEBUG: GameRules found 0xA2F9D90
L 10/12/2022 - 11:20:43: Changelevel Server (map 'de_chateau') (maxplayers '20') (use 'global_svs->maxplayers')
L 10/12/2022 - 11:20:43: Building PAS...
L 10/12/2022 - 11:20:43: Average leaves visible / audible / total: 103 / 294 / 800
L 10/12/2022 - 11:20:43: PAS building time 0.002966 secs
L 10/12/2022 - 12:21:27: DEBUG: GameRules found 0xA2F9D90
L 10/12/2022 - 12:21:27: Changelevel Server (map 'de_aztec') (maxplayers '20') (use 'global_svs->maxplayers')
L 10/12/2022 - 12:21:27: Building PAS...
L 10/12/2022 - 12:21:27: Average leaves visible / audible / total: 152 / 618 / 1379
L 10/12/2022 - 12:21:27: PAS building time 0.008653 secs
L 10/12/2022 - 13:22:10: DEBUG: GameRules found 0xA2F9D90
L 10/12/2022 - 13:22:10: Changelevel Server (map 'as_oilrig') (maxplayers '20') (use 'global_svs->maxplayers')
L 10/12/2022 - 13:22:10: Building PAS...
L 10/12/2022 - 13:22:10: Average leaves visible / audible / total: 138 / 359 / 1380
L 10/12/2022 - 13:22:10: PAS building time 0.007883 secs
L 10/12/2022 - 14:22:53: DEBUG: GameRules found 0xA2F9D90
L 10/12/2022 - 14:22:53: Changelevel Server (map 'cs_siege') (maxplayers '20') (use 'global_svs->maxplayers')
L 10/12/2022 - 14:22:53: Building PAS...
L 10/12/2022 - 14:22:53: Average leaves visible / audible / total: 194 / 585 / 1689
L 10/12/2022 - 14:22:53: PAS building time 0.014001 secs
L 10/12/2022 - 15:23:37: DEBUG: GameRules found 0xA2F9D90
L 10/12/2022 - 15:23:37: Changelevel Server (map 'de_cbble') (maxplayers '20') (use 'global_svs->maxplayers')
L 10/12/2022 - 15:23:37: Building PAS...
L 10/12/2022 - 15:23:37: Average leaves visible / audible / total: 139 / 403 / 1298
L 10/12/2022 - 15:23:37: PAS building time 0.007567 secs
L 10/12/2022 - 16:24:20: DEBUG: GameRules found 0xA2F9D90
L 10/12/2022 - 16:24:20: Changelevel Server (map 'de_dust') (maxplayers '20') (use 'global_svs->maxplayers')
L 10/12/2022 - 16:24:20: Building PAS...
L 10/12/2022 - 16:24:20: Average leaves visible / audible / total: 131 / 365 / 1524
L 10/12/2022 - 16:24:20: PAS building time 0.009796 secs
L 10/12/2022 - 17:25:04: DEBUG: GameRules found 0xA2F9D90
L 10/12/2022 - 17:25:04: Changelevel Server (map 'cs_747') (maxplayers '20') (use 'global_svs->maxplayers')
L 10/12/2022 - 17:25:04: Building PAS...
L 10/12/2022 - 17:25:04: Average leaves visible / audible / total: 161 / 417 / 2023
L 10/12/2022 - 17:25:04: PAS building time 0.01686 secs
L 10/12/2022 - 18:25:47: DEBUG: GameRules found 0xA2F9D90
L 10/12/2022 - 18:25:47: Changelevel Server (map 'de_prodigy') (maxplayers '20') (use 'global_svs->maxplayers')
L 10/12/2022 - 18:25:47: Building PAS...
L 10/12/2022 - 18:25:47: Average leaves visible / audible / total: 131 / 298 / 461
L 10/12/2022 - 18:25:47: PAS building time 0.016317 secs
L 10/12/2022 - 19:26:32: DEBUG: GameRules found 0xA2F9D90
L 10/12/2022 - 19:26:32: Changelevel Server (map 'cs_assault') (maxplayers '20') (use 'global_svs->maxplayers')
L 10/12/2022 - 19:26:32: Building PAS...
L 10/12/2022 - 19:26:32: Average leaves visible / audible / total: 48 / 92 / 97
L 10/12/2022 - 19:26:32: PAS building time 0.000163 secs
L 10/12/2022 - 19:31:31: DEBUG: GameRules found 0xA2F9D90
L 10/12/2022 - 19:31:31: Changelevel Server (map 'cs_bloodstrike') (maxplayers '20') (use 'global_svs->maxplayers')
L 10/12/2022 - 19:31:31: Building PAS...
L 10/12/2022 - 19:31:31: Average leaves visible / audible / total: 193 / 757 / 1822
L 10/12/2022 - 19:31:31: PAS building time 0.016535 secs
L 10/12/2022 - 20:34:54: DEBUG: GameRules found 0xA2F9D90
L 10/12/2022 - 20:34:54: Changelevel Server (map 'cs_office') (maxplayers '20') (use 'global_svs->maxplayers')
L 10/12/2022 - 20:34:54: Building PAS...
L 10/12/2022 - 20:34:54: Average leaves visible / audible / total: 133 / 395 / 1202
L 10/12/2022 - 20:34:54: PAS building time 0.006923 secs
L 10/12/2022 - 20:41:43: DEBUG: GameRules found 0xA2F9D90
L 10/12/2022 - 20:41:43: Changelevel Server (map 'de_dust2') (maxplayers '20') (use 'global_svs->maxplayers')
L 10/12/2022 - 20:41:43: Building PAS...
L 10/12/2022 - 20:41:43: Average leaves visible / audible / total: 133 / 395 / 1202
L 10/12/2022 - 20:41:43: PAS building time 0.006835 secs
L 10/12/2022 - 20:58:16: DEBUG: GameRules found 0xA2F9D90
L 10/12/2022 - 20:58:16: Changelevel Server (map 'de_dust2') (maxplayers '20') (use 'global_svs->maxplayers')
L 10/12/2022 - 20:58:16: Building PAS...
L 10/12/2022 - 20:58:16: Average leaves visible / audible / total: 150 / 552 / 1459
L 10/12/2022 - 20:58:16: PAS building time 0.009845 secs
L 10/12/2022 - 21:20:23: DEBUG: GameRules found 0xA2F9D90
L 10/12/2022 - 21:20:23: Changelevel Server (map 'de_inferno') (maxplayers '20') (use 'global_svs->maxplayers')
L 10/12/2022 - 21:20:23: Building PAS...
L 10/12/2022 - 21:20:23: Average leaves visible / audible / total: 143 / 546 / 1860
L 10/12/2022 - 21:20:23: PAS building time 0.015131 secs
L 10/12/2022 - 21:46:02: DEBUG: GameRules found 0xA2F9D90
L 10/12/2022 - 21:46:02: Changelevel Server (map 'de_nuke') (maxplayers '20') (use 'global_svs->maxplayers')
L 10/12/2022 - 21:46:02: Building PAS...
L 10/12/2022 - 21:46:02: Average leaves visible / audible / total: 151 / 385 / 1238
L 10/12/2022 - 21:46:02: PAS building time 0.007127 secs
L 10/12/2022 - 22:22:03: DEBUG: GameRules found 0xA2F9D90
L 10/12/2022 - 22:22:03: Changelevel Server (map 'de_train') (maxplayers '20') (use 'global_svs->maxplayers')
L 10/12/2022 - 22:22:03: Building PAS...
L 10/12/2022 - 22:22:03: Average leaves visible / audible / total: 133 / 395 / 1202
L 10/12/2022 - 22:22:03: PAS building time 0.006799 secs
L 10/12/2022 - 22:48:58: DEBUG: GameRules found 0xA2F9D90
L 10/12/2022 - 22:48:58: Changelevel Server (map 'de_dust2') (maxplayers '20') (use 'global_svs->maxplayers')
L 10/12/2022 - 22:48:58: Building PAS...
L 10/12/2022 - 22:48:58: Average leaves visible / audible / total: 150 / 552 / 1459
L 10/12/2022 - 22:48:58: PAS building time 0.010156 secs
L 10/12/2022 - 23:21:08: DEBUG: GameRules found 0xA2F9D90
L 10/12/2022 - 23:21:08: Changelevel Server (map 'de_inferno') (maxplayers '20') (use 'global_svs->maxplayers')
L 10/12/2022 - 23:21:08: Building PAS...
L 10/12/2022 - 23:21:08: Average leaves visible / audible / total: 143 / 546 / 1860
L 10/12/2022 - 23:21:08: PAS building time 0.015159 secs
