L 12/12/2021 - 21:32:07: Log file started (file 'cstrike/addons/whblocker/logs/L_12_12_2021.log') (dir 'cstrike') (mod 'Counter-Strike 1.6') (version '1.5.697')
L 12/12/2021 - 21:32:07: DEBUG: GameRules found 0xAF45E48
L 12/12/2021 - 21:32:07: Changelevel Server (map 'de_dust2') (maxplayers '20') (use 'global_svs->maxplayers')
L 12/12/2021 - 21:32:07: Building PAS...
L 12/12/2021 - 21:32:07: Average leaves visible / audible / total: 150 / 552 / 1459
L 12/12/2021 - 21:32:07: PAS building time 0.009499 secs
L 12/12/2021 - 22:02:34: DEBUG: GameRules found 0xAF45E48
L 12/12/2021 - 22:02:34: Changelevel Server (map 'de_inferno') (maxplayers '20') (use 'global_svs->maxplayers')
L 12/12/2021 - 22:02:34: Building PAS...
L 12/12/2021 - 22:02:34: Average leaves visible / audible / total: 143 / 546 / 1860
L 12/12/2021 - 22:02:34: PAS building time 0.014321 secs
L 12/12/2021 - 22:30:25: DEBUG: GameRules found 0xAF45E48
L 12/12/2021 - 22:30:25: Changelevel Server (map 'de_nuke') (maxplayers '20') (use 'global_svs->maxplayers')
L 12/12/2021 - 22:30:25: Building PAS...
L 12/12/2021 - 22:30:25: Average leaves visible / audible / total: 48 / 92 / 97
L 12/12/2021 - 22:30:25: PAS building time 0.000198 secs
L 12/12/2021 - 22:31:07: DEBUG: GameRules found 0xAF45E48
L 12/12/2021 - 22:31:07: Changelevel Server (map 'cs_bloodstrike') (maxplayers '20') (use 'global_svs->maxplayers')
L 12/12/2021 - 22:31:07: Building PAS...
L 12/12/2021 - 22:31:07: Average leaves visible / audible / total: 133 / 395 / 1202
L 12/12/2021 - 22:31:07: PAS building time 0.006491 secs
