L 11/13/2021 - 00:34:56: Log file started (file 'cstrike/addons/whblocker/logs/L_13_11_2021.log') (dir 'cstrike') (mod 'Counter-Strike 1.6') (version '1.5.697')
L 11/13/2021 - 00:34:56: DEBUG: GameRules found 0x9EAAA68
L 11/13/2021 - 00:34:56: Changelevel Server (map 'de_nuke') (maxplayers '20') (use 'global_svs->maxplayers')
L 11/13/2021 - 00:34:56: Building PAS...
L 11/13/2021 - 00:34:56: Average leaves visible / audible / total: 48 / 92 / 97
L 11/13/2021 - 00:34:56: PAS building time 0.00016 secs
L 11/13/2021 - 00:38:34: DEBUG: GameRules found 0x9EAAA68
L 11/13/2021 - 00:38:34: Changelevel Server (map 'cs_bloodstrike') (maxplayers '20') (use 'global_svs->maxplayers')
L 11/13/2021 - 00:38:34: Building PAS...
L 11/13/2021 - 00:38:34: Average leaves visible / audible / total: 133 / 395 / 1202
L 11/13/2021 - 00:38:34: PAS building time 0.00648 secs
L 11/13/2021 - 21:24:53: DEBUG: GameRules found 0x9EAAA68
L 11/13/2021 - 21:24:53: Changelevel Server (map 'de_dust2') (maxplayers '20') (use 'global_svs->maxplayers')
L 11/13/2021 - 21:24:53: Building PAS...
L 11/13/2021 - 21:24:53: Average leaves visible / audible / total: 150 / 552 / 1459
L 11/13/2021 - 21:24:53: PAS building time 0.009586 secs
L 11/13/2021 - 21:58:32: DEBUG: GameRules found 0x9EAAA68
L 11/13/2021 - 21:58:32: Changelevel Server (map 'de_inferno') (maxplayers '20') (use 'global_svs->maxplayers')
L 11/13/2021 - 21:58:32: Building PAS...
L 11/13/2021 - 21:58:32: Average leaves visible / audible / total: 143 / 546 / 1860
L 11/13/2021 - 21:58:32: PAS building time 0.014396 secs
L 11/13/2021 - 22:39:01: DEBUG: GameRules found 0x9EAAA68
L 11/13/2021 - 22:39:01: Changelevel Server (map 'de_nuke') (maxplayers '20') (use 'global_svs->maxplayers')
L 11/13/2021 - 22:39:01: Building PAS...
L 11/13/2021 - 22:39:01: Average leaves visible / audible / total: 143 / 546 / 1860
L 11/13/2021 - 22:39:01: PAS building time 0.014335 secs
L 11/13/2021 - 22:40:21: DEBUG: GameRules found 0x9EAAA68
L 11/13/2021 - 22:40:21: Changelevel Server (map 'de_nuke') (maxplayers '20') (use 'global_svs->maxplayers')
L 11/13/2021 - 22:40:21: Building PAS...
L 11/13/2021 - 22:40:21: Average leaves visible / audible / total: 151 / 385 / 1238
L 11/13/2021 - 22:40:21: PAS building time 0.006857 secs
L 11/13/2021 - 23:09:47: DEBUG: GameRules found 0x9EAAA68
L 11/13/2021 - 23:09:47: Changelevel Server (map 'de_train') (maxplayers '20') (use 'global_svs->maxplayers')
L 11/13/2021 - 23:09:47: Building PAS...
L 11/13/2021 - 23:09:47: Average leaves visible / audible / total: 133 / 395 / 1202
L 11/13/2021 - 23:09:47: PAS building time 0.006467 secs
L 11/13/2021 - 23:11:21: DEBUG: GameRules found 0x9EAAA68
L 11/13/2021 - 23:11:21: Changelevel Server (map 'de_dust2') (maxplayers '20') (use 'global_svs->maxplayers')
L 11/13/2021 - 23:11:21: Building PAS...
L 11/13/2021 - 23:11:21: Average leaves visible / audible / total: 151 / 385 / 1238
L 11/13/2021 - 23:11:21: PAS building time 0.006917 secs
L 11/13/2021 - 23:11:50: DEBUG: GameRules found 0x9EAAA68
L 11/13/2021 - 23:11:50: Changelevel Server (map 'de_train') (maxplayers '20') (use 'global_svs->maxplayers')
L 11/13/2021 - 23:11:50: Building PAS...
L 11/13/2021 - 23:11:50: Average leaves visible / audible / total: 151 / 385 / 1238
L 11/13/2021 - 23:11:50: PAS building time 0.006833 secs
L 11/13/2021 - 23:12:37: DEBUG: GameRules found 0x9EAAA68
L 11/13/2021 - 23:12:37: Changelevel Server (map 'de_train') (maxplayers '20') (use 'global_svs->maxplayers')
L 11/13/2021 - 23:12:37: Building PAS...
L 11/13/2021 - 23:12:37: Average leaves visible / audible / total: 194 / 585 / 1689
L 11/13/2021 - 23:12:37: PAS building time 0.014241 secs
L 11/13/2021 - 23:42:21: DEBUG: GameRules found 0x9EAAA68
L 11/13/2021 - 23:42:21: Changelevel Server (map 'de_cbble') (maxplayers '20') (use 'global_svs->maxplayers')
L 11/13/2021 - 23:42:21: Building PAS...
L 11/13/2021 - 23:42:21: Average leaves visible / audible / total: 133 / 395 / 1202
L 11/13/2021 - 23:42:21: PAS building time 0.006559 secs
