L 02/13/2022 - 00:12:43: Log file started (file 'cstrike/addons/whblocker/logs/L_13_02_2022.log') (dir 'cstrike') (mod 'Counter-Strike 1.6') (version '1.5.697')
L 02/13/2022 - 00:12:43: DEBUG: GameRules found 0xA4FE8D0
L 02/13/2022 - 00:12:43: Changelevel Server (map 'de_inferno') (maxplayers '20') (use 'global_svs->maxplayers')
L 02/13/2022 - 00:12:43: Building PAS...
L 02/13/2022 - 00:12:43: Average leaves visible / audible / total: 143 / 546 / 1860
L 02/13/2022 - 00:12:43: PAS building time 0.014396 secs
L 02/13/2022 - 00:36:54: DEBUG: GameRules found 0xA4FE8D0
L 02/13/2022 - 00:36:54: Changelevel Server (map 'de_nuke') (maxplayers '20') (use 'global_svs->maxplayers')
L 02/13/2022 - 00:36:54: Building PAS...
L 02/13/2022 - 00:36:54: Average leaves visible / audible / total: 143 / 546 / 1860
L 02/13/2022 - 00:36:54: PAS building time 0.014357 secs
L 02/13/2022 - 00:37:05: DEBUG: GameRules found 0xA4FE8D0
L 02/13/2022 - 00:37:05: Changelevel Server (map 'de_nuke') (maxplayers '20') (use 'global_svs->maxplayers')
L 02/13/2022 - 00:37:05: Building PAS...
L 02/13/2022 - 00:37:05: Average leaves visible / audible / total: 151 / 385 / 1238
L 02/13/2022 - 00:37:05: PAS building time 0.006865 secs
L 02/13/2022 - 01:08:37: DEBUG: GameRules found 0xA4FE8D0
L 02/13/2022 - 01:08:37: Changelevel Server (map 'de_train') (maxplayers '20') (use 'global_svs->maxplayers')
L 02/13/2022 - 01:08:37: Building PAS...
L 02/13/2022 - 01:08:37: Average leaves visible / audible / total: 48 / 92 / 97
L 02/13/2022 - 01:08:37: PAS building time 0.000166 secs
L 02/13/2022 - 01:30:16: DEBUG: GameRules found 0xA4FE8D0
L 02/13/2022 - 01:30:16: Changelevel Server (map 'cs_bloodstrike') (maxplayers '20') (use 'global_svs->maxplayers')
L 02/13/2022 - 01:30:16: Building PAS...
L 02/13/2022 - 01:30:16: Average leaves visible / audible / total: 133 / 395 / 1202
L 02/13/2022 - 01:30:16: PAS building time 0.006498 secs
L 02/13/2022 - 21:24:02: DEBUG: GameRules found 0xA4FE8D0
L 02/13/2022 - 21:24:02: Changelevel Server (map 'de_dust2') (maxplayers '20') (use 'global_svs->maxplayers')
L 02/13/2022 - 21:24:02: Building PAS...
L 02/13/2022 - 21:24:02: Average leaves visible / audible / total: 150 / 552 / 1459
L 02/13/2022 - 21:24:02: PAS building time 0.009618 secs
L 02/13/2022 - 22:04:11: DEBUG: GameRules found 0xA4FE8D0
L 02/13/2022 - 22:04:11: Changelevel Server (map 'de_inferno') (maxplayers '20') (use 'global_svs->maxplayers')
L 02/13/2022 - 22:04:11: Building PAS...
L 02/13/2022 - 22:04:11: Average leaves visible / audible / total: 143 / 546 / 1860
L 02/13/2022 - 22:04:11: PAS building time 0.014396 secs
L 02/13/2022 - 22:36:42: DEBUG: GameRules found 0xA4FE8D0
L 02/13/2022 - 22:36:42: Changelevel Server (map 'de_nuke') (maxplayers '20') (use 'global_svs->maxplayers')
L 02/13/2022 - 22:36:42: Building PAS...
L 02/13/2022 - 22:36:42: Average leaves visible / audible / total: 48 / 92 / 97
L 02/13/2022 - 22:36:42: PAS building time 0.000165 secs
L 02/13/2022 - 23:04:31: DEBUG: GameRules found 0xA4FE8D0
L 02/13/2022 - 23:04:31: Changelevel Server (map 'cs_bloodstrike') (maxplayers '20') (use 'global_svs->maxplayers')
L 02/13/2022 - 23:04:31: Building PAS...
L 02/13/2022 - 23:04:31: Average leaves visible / audible / total: 48 / 92 / 97
L 02/13/2022 - 23:04:31: PAS building time 0.000174 secs
L 02/13/2022 - 23:10:37: DEBUG: GameRules found 0xA4FE8D0
L 02/13/2022 - 23:10:37: Changelevel Server (map 'cs_bloodstrike') (maxplayers '20') (use 'global_svs->maxplayers')
L 02/13/2022 - 23:10:37: Building PAS...
L 02/13/2022 - 23:10:37: Average leaves visible / audible / total: 151 / 385 / 1238
L 02/13/2022 - 23:10:37: PAS building time 0.006908 secs
L 02/13/2022 - 23:25:44: DEBUG: GameRules found 0xA4FE8D0
L 02/13/2022 - 23:25:44: Changelevel Server (map 'de_train') (maxplayers '20') (use 'global_svs->maxplayers')
L 02/13/2022 - 23:25:44: Building PAS...
L 02/13/2022 - 23:25:44: Average leaves visible / audible / total: 133 / 395 / 1202
L 02/13/2022 - 23:25:44: PAS building time 0.006539 secs
