L 11/13/2022 - 06:15:26: Log file started (file 'cstrike/addons/whblocker/logs/L_13_11_2022.log') (dir 'cstrike') (mod 'Counter-Strike 1.6') (version '1.5.697')
L 11/13/2022 - 06:15:26: Success: Configuration executed.
L 11/13/2022 - 06:15:26: DEBUG: SVS found 0xF7367760
L 11/13/2022 - 06:15:26: DEBUG: SV_CheckTimeouts function FOUND 0xF6F04DD0
L 11/13/2022 - 06:15:26: DEBUG: client_t address of a structure FOUND 0xF6F04E01
L 11/13/2022 - 06:15:26: DEBUG: client_t determined the size of a the structure 20216
L 11/13/2022 - 06:15:26: DEBUG: SV_Move function FOUND 0xF6F234F0
L 11/13/2022 - 06:15:26: DEBUG: m_iId parse member, value is 47
L 11/13/2022 - 06:15:26: DEBUG: m_pActiveItem parse member, value is 378
L 11/13/2022 - 06:15:26: DEBUG: SV_EmitEvents function FOUND 0xF6F05A30
L 11/13/2022 - 06:15:26: DEBUG: SV_WriteEntitiesToClient function FOUND 0xF6F07200
L 11/13/2022 - 06:15:26: DEBUG: SV_EmitEvents address was FOUND inside SV_WriteEntitiesToClient function 0xF6F074D1
L 11/13/2022 - 06:15:26: DEBUG: SV_EmitEvents function PATCH SUCCEED 0xF6F074D1
L 11/13/2022 - 06:15:26: DEBUG: SV_StartSound function FOUND 0xF6EFF410
L 11/13/2022 - 06:15:26: DEBUG: SV_StartSound address was FOUND inside unk_1 function 0xF6EEE0E5
L 11/13/2022 - 06:15:26: DEBUG: SV_StartSound function PATCH SUCCEED 0xF6EEE0E5
L 11/13/2022 - 06:15:26: DEBUG: SV_StartSound address was FOUND inside unk_2 function 0xF6F13599
L 11/13/2022 - 06:15:26: DEBUG: SV_StartSound function PATCH SUCCEED 0xF6F13599
L 11/13/2022 - 06:15:26: DEBUG: SV_StartSound address was FOUND inside unk_3 function 0xF6F1683D
L 11/13/2022 - 06:15:26: DEBUG: SV_StartSound function PATCH SUCCEED 0xF6F1683D
L 11/13/2022 - 06:15:26: DEBUG: SV_StartSound address was FOUND inside unk_4 function 0xF6F1693E
L 11/13/2022 - 06:15:26: DEBUG: SV_StartSound function PATCH SUCCEED 0xF6F1693E
L 11/13/2022 - 06:15:26: DEBUG: SV_StartSound address was FOUND inside unk_5 function 0xF6F1710F
L 11/13/2022 - 06:15:26: DEBUG: SV_StartSound function PATCH SUCCEED 0xF6F1710F
L 11/13/2022 - 06:15:26: DEBUG: SV_StartSound address was FOUND inside unk_6 function 0xF6F171BD
L 11/13/2022 - 06:15:26: DEBUG: SV_StartSound function PATCH SUCCEED 0xF6F171BD
L 11/13/2022 - 06:15:26: DEBUG: SV_StartSound address was FOUND inside unk_7 function 0xF6F1725D
L 11/13/2022 - 06:15:26: DEBUG: SV_StartSound function PATCH SUCCEED 0xF6F1725D
L 11/13/2022 - 06:15:26: DEBUG: SV_StartSound address was FOUND inside unk_8 function 0xF6F172E3
L 11/13/2022 - 06:15:26: DEBUG: SV_StartSound function PATCH SUCCEED 0xF6F172E3
L 11/13/2022 - 06:15:26: DEBUG: SV_StartSound address was FOUND inside unk_9 function 0xF6F17335
L 11/13/2022 - 06:15:26: DEBUG: SV_StartSound function PATCH SUCCEED 0xF6F17335
L 11/13/2022 - 06:15:26: DEBUG: SV_StartSound address was FOUND inside unk_10 function 0xF6F1737C
L 11/13/2022 - 06:15:26: DEBUG: SV_StartSound function PATCH SUCCEED 0xF6F1737C
L 11/13/2022 - 06:15:26: DEBUG: SV_StartSound address was FOUND inside unk_11 function 0xF6F173C3
L 11/13/2022 - 06:15:26: DEBUG: SV_StartSound function PATCH SUCCEED 0xF6F173C3
L 11/13/2022 - 06:15:26: DEBUG: SV_StartSound address was FOUND inside unk_12 function 0xF6F17412
L 11/13/2022 - 06:15:26: DEBUG: SV_StartSound function PATCH SUCCEED 0xF6F17412
L 11/13/2022 - 06:15:26: DEBUG: PF_Remove_I function FOUND 0xF6EEF7B0
L 11/13/2022 - 06:15:26: DEBUG: ED_Free address was FOUND inside PF_Remove_I function 0xF6EEF7B0
L 11/13/2022 - 06:15:26: DEBUG: ED_Free function PATCH SUCCEED 0xF6EEF7B0
L 11/13/2022 - 06:15:26: DEBUG: PF_BuildSoundMsg_I function FOUND 0xF6EF2940
L 11/13/2022 - 06:15:26: DEBUG: PF_BuildSoundMsg_I patch address to inside function in PF_BuildSoundMsg_I PATCH SUCCEED 0xF6EF2940
L 11/13/2022 - 06:15:26: DEBUG: MSG_StartBitWriting function FOUND 0xF6EC1EA0
L 11/13/2022 - 06:15:26: DEBUG: MSG_WriteBits function FOUND 0xF6EC3040
L 11/13/2022 - 06:15:26: DEBUG: MSG_WriteBitVec3Coord function FOUND 0xF6EC3CB0
L 11/13/2022 - 06:15:26: DEBUG: MSG_EndBitWriting function FOUND 0xF6EC3750
L 11/13/2022 - 06:15:26: DEBUG: SV_LookupSoundIndex function FOUND 0xF6EFEB40
L 11/13/2022 - 06:15:26: DEBUG: SZ_GetSpace function FOUND 0xF6EC2F20
L 11/13/2022 - 06:15:26: Success: Patch executed.
L 11/13/2022 - 06:15:26: PrivateData Offsets: ->
pev			- '0'
vtable			- '8'
playership		- '53'
m_iId			- '47'
m_pActiveItem		- '378'
m_blindStartTime	- '520'
m_blindHoldTime		- '521'
m_blindAlpha		- '523'
L 11/13/2022 - 06:15:26: Success: Build HLDS version defined Linux '8308' (cstrike)
L 11/13/2022 - 06:15:26: Settings: -> 
debug		- '3'
esp		- '1'
smooth		- '1'
smoothout	- '1'
smoothent	- '45'
decalfix	- '1'
antinoflash	- '1'
alphaflash	- '255'
team		- '0'
fov		- '1'
solid		- '2'
barrel		- '1'
blockent	- '1'
hlfix		- '0'
metacall	- '1'
blocktype	- '0'
skytrace	- '1'
revis		- '0'
L 11/13/2022 - 06:15:26: Building PAS...
L 11/13/2022 - 06:15:26: Average leaves visible / audible / total: 48 / 92 / 97
L 11/13/2022 - 06:15:26: PAS building time 0.000216 secs
L 11/13/2022 - 06:15:27: DEBUG: GameRules found 0xA2E1530
L 11/13/2022 - 06:15:27: Changelevel Server (map 'cs_bloodstrike') (maxplayers '16') (use 'global_svs->maxplayers')
L 11/13/2022 - 06:15:27: Building PAS...
L 11/13/2022 - 06:15:27: Average leaves visible / audible / total: 150 / 552 / 1459
L 11/13/2022 - 06:15:27: PAS building time 0.014816 secs
L 11/13/2022 - 21:24:40: DEBUG: GameRules found 0xA2E1530
L 11/13/2022 - 21:24:40: Changelevel Server (map 'de_inferno') (maxplayers '16') (use 'global_svs->maxplayers')
L 11/13/2022 - 21:24:40: Building PAS...
L 11/13/2022 - 21:24:40: Average leaves visible / audible / total: 150 / 552 / 1459
L 11/13/2022 - 21:24:40: PAS building time 0.011456 secs
L 11/13/2022 - 21:30:46: DEBUG: GameRules found 0xA33B3D0
L 11/13/2022 - 21:30:46: Changelevel Server (map 'de_inferno') (maxplayers '16') (use 'global_svs->maxplayers')
L 11/13/2022 - 21:30:46: Building PAS...
L 11/13/2022 - 21:30:46: Average leaves visible / audible / total: 143 / 546 / 1860
L 11/13/2022 - 21:30:46: PAS building time 0.019245 secs
L 11/13/2022 - 21:59:53: DEBUG: GameRules found 0xA76A408
L 11/13/2022 - 21:59:53: Changelevel Server (map 'de_nuke') (maxplayers '16') (use 'global_svs->maxplayers')
L 11/13/2022 - 21:59:53: Building PAS...
L 11/13/2022 - 21:59:53: Average leaves visible / audible / total: 133 / 395 / 1202
L 11/13/2022 - 21:59:53: PAS building time 0.007745 secs
L 11/13/2022 - 22:08:43: DEBUG: GameRules found 0xA76A408
L 11/13/2022 - 22:08:43: Changelevel Server (map 'de_dust2') (maxplayers '16') (use 'global_svs->maxplayers')
L 11/13/2022 - 22:08:43: Building PAS...
L 11/13/2022 - 22:08:43: Average leaves visible / audible / total: 133 / 395 / 1202
L 11/13/2022 - 22:08:43: PAS building time 0.0077 secs
L 11/13/2022 - 22:09:11: DEBUG: GameRules found 0xA2FB0C0
L 11/13/2022 - 22:09:11: Changelevel Server (map 'de_dust2') (maxplayers '16') (use 'global_svs->maxplayers')
