L 03/14/2022 - 00:02:40: Log file started (file 'cstrike/addons/whblocker/logs/L_14_03_2022.log') (dir 'cstrike') (mod 'Counter-Strike 1.6') (version '1.5.697')
L 03/14/2022 - 00:02:40: DEBUG: GameRules found 0xA4FE8D0
L 03/14/2022 - 00:02:40: Changelevel Server (map 'de_inferno') (maxplayers '20') (use 'global_svs->maxplayers')
L 03/14/2022 - 00:02:40: Building PAS...
L 03/14/2022 - 00:02:40: Average leaves visible / audible / total: 150 / 552 / 1459
L 03/14/2022 - 00:02:40: PAS building time 0.009541 secs
L 03/14/2022 - 00:05:49: DEBUG: GameRules found 0xA4FE8D0
L 03/14/2022 - 00:05:49: Changelevel Server (map 'de_inferno') (maxplayers '20') (use 'global_svs->maxplayers')
L 03/14/2022 - 00:05:49: Building PAS...
L 03/14/2022 - 00:05:49: Average leaves visible / audible / total: 143 / 546 / 1860
L 03/14/2022 - 00:05:49: PAS building time 0.014476 secs
L 03/14/2022 - 00:44:05: DEBUG: GameRules found 0xA4FE8D0
L 03/14/2022 - 00:44:05: Changelevel Server (map 'de_nuke') (maxplayers '20') (use 'global_svs->maxplayers')
L 03/14/2022 - 00:44:05: Building PAS...
L 03/14/2022 - 00:44:05: Average leaves visible / audible / total: 151 / 385 / 1238
L 03/14/2022 - 00:44:05: PAS building time 0.006887 secs
L 03/14/2022 - 01:17:09: DEBUG: GameRules found 0xA4FE8D0
L 03/14/2022 - 01:17:09: Changelevel Server (map 'de_train') (maxplayers '20') (use 'global_svs->maxplayers')
L 03/14/2022 - 01:17:09: Building PAS...
L 03/14/2022 - 01:17:09: Average leaves visible / audible / total: 133 / 395 / 1202
L 03/14/2022 - 01:17:09: PAS building time 0.006581 secs
L 03/14/2022 - 01:42:19: DEBUG: GameRules found 0xA4FE8D0
L 03/14/2022 - 01:42:19: Changelevel Server (map 'de_dust2') (maxplayers '20') (use 'global_svs->maxplayers')
L 03/14/2022 - 01:42:19: Building PAS...
L 03/14/2022 - 01:42:19: Average leaves visible / audible / total: 150 / 552 / 1459
L 03/14/2022 - 01:42:19: PAS building time 0.009587 secs
L 03/14/2022 - 02:10:58: DEBUG: GameRules found 0xA4FE8D0
L 03/14/2022 - 02:10:58: Changelevel Server (map 'de_inferno') (maxplayers '20') (use 'global_svs->maxplayers')
L 03/14/2022 - 02:10:58: Building PAS...
L 03/14/2022 - 02:10:58: Average leaves visible / audible / total: 48 / 92 / 97
L 03/14/2022 - 02:10:58: PAS building time 0.000192 secs
L 03/14/2022 - 02:12:52: DEBUG: GameRules found 0xA4FE8D0
L 03/14/2022 - 02:12:52: Changelevel Server (map 'cs_bloodstrike') (maxplayers '20') (use 'global_svs->maxplayers')
L 03/14/2022 - 02:12:52: Building PAS...
L 03/14/2022 - 02:12:52: Average leaves visible / audible / total: 48 / 92 / 97
L 03/14/2022 - 02:12:52: PAS building time 0.000161 secs
L 03/14/2022 - 20:52:39: DEBUG: GameRules found 0xA4FE8D0
L 03/14/2022 - 20:52:39: Changelevel Server (map 'cs_bloodstrike') (maxplayers '20') (use 'global_svs->maxplayers')
L 03/14/2022 - 20:52:39: Building PAS...
L 03/14/2022 - 20:52:39: Average leaves visible / audible / total: 133 / 395 / 1202
L 03/14/2022 - 20:52:39: PAS building time 0.006496 secs
L 03/14/2022 - 20:54:29: DEBUG: GameRules found 0xA4FE8D0
L 03/14/2022 - 20:54:29: Changelevel Server (map 'de_dust2') (maxplayers '20') (use 'global_svs->maxplayers')
L 03/14/2022 - 20:54:29: Building PAS...
L 03/14/2022 - 20:54:29: Average leaves visible / audible / total: 150 / 552 / 1459
L 03/14/2022 - 20:54:29: PAS building time 0.009612 secs
L 03/14/2022 - 21:21:42: DEBUG: GameRules found 0xA4FE8D0
L 03/14/2022 - 21:21:42: Changelevel Server (map 'de_inferno') (maxplayers '20') (use 'global_svs->maxplayers')
L 03/14/2022 - 21:21:42: Building PAS...
L 03/14/2022 - 21:21:42: Average leaves visible / audible / total: 143 / 546 / 1860
L 03/14/2022 - 21:21:42: PAS building time 0.014383 secs
L 03/14/2022 - 22:00:30: DEBUG: GameRules found 0xA4FE8D0
L 03/14/2022 - 22:00:30: Changelevel Server (map 'de_nuke') (maxplayers '20') (use 'global_svs->maxplayers')
L 03/14/2022 - 22:00:30: Building PAS...
L 03/14/2022 - 22:00:30: Average leaves visible / audible / total: 151 / 385 / 1238
L 03/14/2022 - 22:00:30: PAS building time 0.006867 secs
L 03/14/2022 - 22:33:57: DEBUG: GameRules found 0xA4FE8D0
L 03/14/2022 - 22:33:57: Changelevel Server (map 'de_train') (maxplayers '20') (use 'global_svs->maxplayers')
L 03/14/2022 - 22:33:57: Building PAS...
L 03/14/2022 - 22:33:57: Average leaves visible / audible / total: 133 / 395 / 1202
L 03/14/2022 - 22:33:57: PAS building time 0.006474 secs
L 03/14/2022 - 23:03:00: DEBUG: GameRules found 0xA4FE8D0
L 03/14/2022 - 23:03:00: Changelevel Server (map 'de_dust2') (maxplayers '20') (use 'global_svs->maxplayers')
L 03/14/2022 - 23:03:00: Building PAS...
L 03/14/2022 - 23:03:00: Average leaves visible / audible / total: 150 / 552 / 1459
L 03/14/2022 - 23:03:00: PAS building time 0.009548 secs
L 03/14/2022 - 23:31:25: DEBUG: GameRules found 0xA4FE8D0
L 03/14/2022 - 23:31:25: Changelevel Server (map 'de_inferno') (maxplayers '20') (use 'global_svs->maxplayers')
L 03/14/2022 - 23:31:25: Building PAS...
L 03/14/2022 - 23:31:25: Average leaves visible / audible / total: 143 / 546 / 1860
L 03/14/2022 - 23:31:25: PAS building time 0.01761 secs
