L 09/14/2022 - 11:25:55: Log file started (file 'cstrike/addons/whblocker/logs/L_14_09_2022.log') (dir 'cstrike') (mod 'Counter-Strike 1.6') (version '1.5.697')
L 09/14/2022 - 11:25:55: DEBUG: GameRules found 0xAF78E40
L 09/14/2022 - 11:25:55: Changelevel Server (map 'de_nuke') (maxplayers '28') (use 'global_svs->maxplayers')
L 09/14/2022 - 11:25:55: Building PAS...
L 09/14/2022 - 11:25:55: Average leaves visible / audible / total: 48 / 92 / 97
L 09/14/2022 - 11:25:55: PAS building time 0.000175 secs
L 09/14/2022 - 14:12:27: DEBUG: GameRules found 0xAF78E40
L 09/14/2022 - 14:12:27: Changelevel Server (map 'cs_bloodstrike') (maxplayers '28') (use 'global_svs->maxplayers')
L 09/14/2022 - 15:19:41: Success: Configuration executed.
L 09/14/2022 - 15:19:41: DEBUG: SVS found 0xF73B5760
L 09/14/2022 - 15:19:41: DEBUG: SV_CheckTimeouts function FOUND 0xF6F52DD0
L 09/14/2022 - 15:19:41: DEBUG: client_t address of a structure FOUND 0xF6F52E01
L 09/14/2022 - 15:19:41: DEBUG: client_t determined the size of a the structure 20216
L 09/14/2022 - 15:19:41: DEBUG: SV_Move function FOUND 0xF6F714F0
L 09/14/2022 - 15:19:41: DEBUG: m_iId parse member, value is 47
L 09/14/2022 - 15:19:41: DEBUG: m_pActiveItem parse member, value is 378
L 09/14/2022 - 15:19:41: DEBUG: SV_EmitEvents function FOUND 0xF6F53A30
L 09/14/2022 - 15:19:41: DEBUG: SV_WriteEntitiesToClient function FOUND 0xF6F55200
L 09/14/2022 - 15:19:41: DEBUG: SV_EmitEvents address was FOUND inside SV_WriteEntitiesToClient function 0xF6F554D1
L 09/14/2022 - 15:19:41: DEBUG: SV_EmitEvents function PATCH SUCCEED 0xF6F554D1
L 09/14/2022 - 15:19:41: DEBUG: SV_StartSound function FOUND 0xF6F4D410
L 09/14/2022 - 15:19:41: DEBUG: SV_StartSound address was FOUND inside unk_1 function 0xF6F3C0E5
L 09/14/2022 - 15:19:41: DEBUG: SV_StartSound function PATCH SUCCEED 0xF6F3C0E5
L 09/14/2022 - 15:19:41: DEBUG: SV_StartSound address was FOUND inside unk_2 function 0xF6F61599
L 09/14/2022 - 15:19:41: DEBUG: SV_StartSound function PATCH SUCCEED 0xF6F61599
L 09/14/2022 - 15:19:41: DEBUG: SV_StartSound address was FOUND inside unk_3 function 0xF6F6483D
L 09/14/2022 - 15:19:41: DEBUG: SV_StartSound function PATCH SUCCEED 0xF6F6483D
L 09/14/2022 - 15:19:41: DEBUG: SV_StartSound address was FOUND inside unk_4 function 0xF6F6493E
L 09/14/2022 - 15:19:41: DEBUG: SV_StartSound function PATCH SUCCEED 0xF6F6493E
L 09/14/2022 - 15:19:41: DEBUG: SV_StartSound address was FOUND inside unk_5 function 0xF6F6510F
L 09/14/2022 - 15:19:41: DEBUG: SV_StartSound function PATCH SUCCEED 0xF6F6510F
L 09/14/2022 - 15:19:41: DEBUG: SV_StartSound address was FOUND inside unk_6 function 0xF6F651BD
L 09/14/2022 - 15:19:41: DEBUG: SV_StartSound function PATCH SUCCEED 0xF6F651BD
L 09/14/2022 - 15:19:41: DEBUG: SV_StartSound address was FOUND inside unk_7 function 0xF6F6525D
L 09/14/2022 - 15:19:41: DEBUG: SV_StartSound function PATCH SUCCEED 0xF6F6525D
L 09/14/2022 - 15:19:41: DEBUG: SV_StartSound address was FOUND inside unk_8 function 0xF6F652E3
L 09/14/2022 - 15:19:41: DEBUG: SV_StartSound function PATCH SUCCEED 0xF6F652E3
L 09/14/2022 - 15:19:41: DEBUG: SV_StartSound address was FOUND inside unk_9 function 0xF6F65335
L 09/14/2022 - 15:19:41: DEBUG: SV_StartSound function PATCH SUCCEED 0xF6F65335
L 09/14/2022 - 15:19:41: DEBUG: SV_StartSound address was FOUND inside unk_10 function 0xF6F6537C
L 09/14/2022 - 15:19:41: DEBUG: SV_StartSound function PATCH SUCCEED 0xF6F6537C
L 09/14/2022 - 15:19:41: DEBUG: SV_StartSound address was FOUND inside unk_11 function 0xF6F653C3
L 09/14/2022 - 15:19:41: DEBUG: SV_StartSound function PATCH SUCCEED 0xF6F653C3
L 09/14/2022 - 15:19:41: DEBUG: SV_StartSound address was FOUND inside unk_12 function 0xF6F65412
L 09/14/2022 - 15:19:41: DEBUG: SV_StartSound function PATCH SUCCEED 0xF6F65412
L 09/14/2022 - 15:19:41: DEBUG: PF_Remove_I function FOUND 0xF6F3D7B0
L 09/14/2022 - 15:19:41: DEBUG: ED_Free address was FOUND inside PF_Remove_I function 0xF6F3D7B0
L 09/14/2022 - 15:19:41: DEBUG: ED_Free function PATCH SUCCEED 0xF6F3D7B0
L 09/14/2022 - 15:19:41: DEBUG: PF_BuildSoundMsg_I function FOUND 0xF6F40940
L 09/14/2022 - 15:19:41: DEBUG: PF_BuildSoundMsg_I patch address to inside function in PF_BuildSoundMsg_I PATCH SUCCEED 0xF6F40940
L 09/14/2022 - 15:19:41: DEBUG: MSG_StartBitWriting function FOUND 0xF6F0FEA0
L 09/14/2022 - 15:19:41: DEBUG: MSG_WriteBits function FOUND 0xF6F11040
L 09/14/2022 - 15:19:41: DEBUG: MSG_WriteBitVec3Coord function FOUND 0xF6F11CB0
L 09/14/2022 - 15:19:41: DEBUG: MSG_EndBitWriting function FOUND 0xF6F11750
L 09/14/2022 - 15:19:41: DEBUG: SV_LookupSoundIndex function FOUND 0xF6F4CB40
L 09/14/2022 - 15:19:41: DEBUG: SZ_GetSpace function FOUND 0xF6F10F20
L 09/14/2022 - 15:19:41: Success: Patch executed.
L 09/14/2022 - 15:19:41: PrivateData Offsets: ->
pev			- '0'
vtable			- '8'
playership		- '53'
m_iId			- '47'
m_pActiveItem		- '378'
m_blindStartTime	- '520'
m_blindHoldTime		- '521'
m_blindAlpha		- '523'
L 09/14/2022 - 15:19:41: Success: Build HLDS version defined Linux '8308' (cstrike)
L 09/14/2022 - 15:19:41: Settings: -> 
debug		- '3'
esp		- '1'
smooth		- '1'
smoothout	- '1'
smoothent	- '45'
decalfix	- '1'
antinoflash	- '1'
alphaflash	- '255'
team		- '0'
fov		- '1'
solid		- '2'
barrel		- '1'
blockent	- '1'
hlfix		- '0'
metacall	- '1'
blocktype	- '0'
skytrace	- '1'
revis		- '0'
L 09/14/2022 - 15:19:41: Building PAS...
L 09/14/2022 - 15:19:41: Average leaves visible / audible / total: 48 / 92 / 97
L 09/14/2022 - 15:19:41: PAS building time 0.000176 secs
L 09/14/2022 - 15:19:42: DEBUG: GameRules found 0xA9CFEC0
L 09/14/2022 - 15:19:42: Changelevel Server (map 'cs_bloodstrike') (maxplayers '20') (use 'global_svs->maxplayers')
L 09/14/2022 - 15:19:42: Building PAS...
L 09/14/2022 - 15:19:42: Average leaves visible / audible / total: 48 / 92 / 97
L 09/14/2022 - 15:19:42: PAS building time 0.000194 secs
L 09/14/2022 - 15:22:59: DEBUG: GameRules found 0xA9CFEC0
L 09/14/2022 - 15:22:59: Changelevel Server (map 'cs_bloodstrike') (maxplayers '20') (use 'global_svs->maxplayers')
L 09/14/2022 - 15:47:16: Success: Configuration executed.
L 09/14/2022 - 15:47:16: DEBUG: SVS found 0xF740F760
L 09/14/2022 - 15:47:16: DEBUG: SV_CheckTimeouts function FOUND 0xF6FACDD0
L 09/14/2022 - 15:47:16: DEBUG: client_t address of a structure FOUND 0xF6FACE01
L 09/14/2022 - 15:47:16: DEBUG: client_t determined the size of a the structure 20216
L 09/14/2022 - 15:47:16: DEBUG: SV_Move function FOUND 0xF6FCB4F0
L 09/14/2022 - 15:47:16: DEBUG: m_iId parse member, value is 47
L 09/14/2022 - 15:47:16: DEBUG: m_pActiveItem parse member, value is 378
L 09/14/2022 - 15:47:16: DEBUG: SV_EmitEvents function FOUND 0xF6FADA30
L 09/14/2022 - 15:47:16: DEBUG: SV_WriteEntitiesToClient function FOUND 0xF6FAF200
L 09/14/2022 - 15:47:16: DEBUG: SV_EmitEvents address was FOUND inside SV_WriteEntitiesToClient function 0xF6FAF4D1
L 09/14/2022 - 15:47:16: DEBUG: SV_EmitEvents function PATCH SUCCEED 0xF6FAF4D1
L 09/14/2022 - 15:47:16: DEBUG: SV_StartSound function FOUND 0xF6FA7410
L 09/14/2022 - 15:47:16: DEBUG: SV_StartSound address was FOUND inside unk_1 function 0xF6F960E5
L 09/14/2022 - 15:47:16: DEBUG: SV_StartSound function PATCH SUCCEED 0xF6F960E5
L 09/14/2022 - 15:47:16: DEBUG: SV_StartSound address was FOUND inside unk_2 function 0xF6FBB599
L 09/14/2022 - 15:47:16: DEBUG: SV_StartSound function PATCH SUCCEED 0xF6FBB599
L 09/14/2022 - 15:47:16: DEBUG: SV_StartSound address was FOUND inside unk_3 function 0xF6FBE83D
L 09/14/2022 - 15:47:16: DEBUG: SV_StartSound function PATCH SUCCEED 0xF6FBE83D
L 09/14/2022 - 15:47:16: DEBUG: SV_StartSound address was FOUND inside unk_4 function 0xF6FBE93E
L 09/14/2022 - 15:47:16: DEBUG: SV_StartSound function PATCH SUCCEED 0xF6FBE93E
L 09/14/2022 - 15:47:16: DEBUG: SV_StartSound address was FOUND inside unk_5 function 0xF6FBF10F
L 09/14/2022 - 15:47:16: DEBUG: SV_StartSound function PATCH SUCCEED 0xF6FBF10F
L 09/14/2022 - 15:47:16: DEBUG: SV_StartSound address was FOUND inside unk_6 function 0xF6FBF1BD
L 09/14/2022 - 15:47:16: DEBUG: SV_StartSound function PATCH SUCCEED 0xF6FBF1BD
L 09/14/2022 - 15:47:16: DEBUG: SV_StartSound address was FOUND inside unk_7 function 0xF6FBF25D
L 09/14/2022 - 15:47:16: DEBUG: SV_StartSound function PATCH SUCCEED 0xF6FBF25D
L 09/14/2022 - 15:47:16: DEBUG: SV_StartSound address was FOUND inside unk_8 function 0xF6FBF2E3
L 09/14/2022 - 15:47:16: DEBUG: SV_StartSound function PATCH SUCCEED 0xF6FBF2E3
L 09/14/2022 - 15:47:16: DEBUG: SV_StartSound address was FOUND inside unk_9 function 0xF6FBF335
L 09/14/2022 - 15:47:16: DEBUG: SV_StartSound function PATCH SUCCEED 0xF6FBF335
L 09/14/2022 - 15:47:16: DEBUG: SV_StartSound address was FOUND inside unk_10 function 0xF6FBF37C
L 09/14/2022 - 15:47:16: DEBUG: SV_StartSound function PATCH SUCCEED 0xF6FBF37C
L 09/14/2022 - 15:47:16: DEBUG: SV_StartSound address was FOUND inside unk_11 function 0xF6FBF3C3
L 09/14/2022 - 15:47:16: DEBUG: SV_StartSound function PATCH SUCCEED 0xF6FBF3C3
L 09/14/2022 - 15:47:16: DEBUG: SV_StartSound address was FOUND inside unk_12 function 0xF6FBF412
L 09/14/2022 - 15:47:16: DEBUG: SV_StartSound function PATCH SUCCEED 0xF6FBF412
L 09/14/2022 - 15:47:16: DEBUG: PF_Remove_I function FOUND 0xF6F977B0
L 09/14/2022 - 15:47:16: DEBUG: ED_Free address was FOUND inside PF_Remove_I function 0xF6F977B0
L 09/14/2022 - 15:47:16: DEBUG: ED_Free function PATCH SUCCEED 0xF6F977B0
L 09/14/2022 - 15:47:16: DEBUG: PF_BuildSoundMsg_I function FOUND 0xF6F9A940
L 09/14/2022 - 15:47:16: DEBUG: PF_BuildSoundMsg_I patch address to inside function in PF_BuildSoundMsg_I PATCH SUCCEED 0xF6F9A940
L 09/14/2022 - 15:47:16: DEBUG: MSG_StartBitWriting function FOUND 0xF6F69EA0
L 09/14/2022 - 15:47:16: DEBUG: MSG_WriteBits function FOUND 0xF6F6B040
L 09/14/2022 - 15:47:16: DEBUG: MSG_WriteBitVec3Coord function FOUND 0xF6F6BCB0
L 09/14/2022 - 15:47:16: DEBUG: MSG_EndBitWriting function FOUND 0xF6F6B750
L 09/14/2022 - 15:47:16: DEBUG: SV_LookupSoundIndex function FOUND 0xF6FA6B40
L 09/14/2022 - 15:47:16: DEBUG: SZ_GetSpace function FOUND 0xF6F6AF20
L 09/14/2022 - 15:47:16: Success: Patch executed.
L 09/14/2022 - 15:47:16: PrivateData Offsets: ->
pev			- '0'
vtable			- '8'
playership		- '53'
m_iId			- '47'
m_pActiveItem		- '378'
m_blindStartTime	- '520'
m_blindHoldTime		- '521'
m_blindAlpha		- '523'
L 09/14/2022 - 15:47:16: Success: Build HLDS version defined Linux '8308' (cstrike)
L 09/14/2022 - 15:47:16: Settings: -> 
debug		- '3'
esp		- '1'
smooth		- '1'
smoothout	- '1'
smoothent	- '45'
decalfix	- '1'
antinoflash	- '1'
alphaflash	- '255'
team		- '0'
fov		- '1'
solid		- '2'
barrel		- '1'
blockent	- '1'
hlfix		- '0'
metacall	- '1'
blocktype	- '0'
skytrace	- '1'
revis		- '0'
L 09/14/2022 - 15:47:16: Building PAS...
L 09/14/2022 - 15:47:16: Average leaves visible / audible / total: 48 / 92 / 97
L 09/14/2022 - 15:47:16: PAS building time 0.000174 secs
L 09/14/2022 - 15:47:17: DEBUG: GameRules found 0x939DEC0
L 09/14/2022 - 15:47:17: Changelevel Server (map 'cs_bloodstrike') (maxplayers '20') (use 'global_svs->maxplayers')
L 09/14/2022 - 15:47:17: Building PAS...
L 09/14/2022 - 15:47:17: Average leaves visible / audible / total: 48 / 92 / 97
L 09/14/2022 - 15:47:17: PAS building time 0.000164 secs
L 09/14/2022 - 15:47:53: DEBUG: GameRules found 0x939DEC0
L 09/14/2022 - 15:47:53: Changelevel Server (map 'cs_bloodstrike') (maxplayers '20') (use 'global_svs->maxplayers')
L 09/14/2022 - 15:54:03: Success: Configuration executed.
L 09/14/2022 - 15:54:03: DEBUG: SVS found 0xF737C760
L 09/14/2022 - 15:54:03: DEBUG: SV_CheckTimeouts function FOUND 0xF6F19DD0
L 09/14/2022 - 15:54:03: DEBUG: client_t address of a structure FOUND 0xF6F19E01
L 09/14/2022 - 15:54:03: DEBUG: client_t determined the size of a the structure 20216
L 09/14/2022 - 15:54:03: DEBUG: SV_Move function FOUND 0xF6F384F0
L 09/14/2022 - 15:54:03: DEBUG: m_iId parse member, value is 47
L 09/14/2022 - 15:54:03: DEBUG: m_pActiveItem parse member, value is 378
L 09/14/2022 - 15:54:03: DEBUG: SV_EmitEvents function FOUND 0xF6F1AA30
L 09/14/2022 - 15:54:03: DEBUG: SV_WriteEntitiesToClient function FOUND 0xF6F1C200
L 09/14/2022 - 15:54:03: DEBUG: SV_EmitEvents address was FOUND inside SV_WriteEntitiesToClient function 0xF6F1C4D1
L 09/14/2022 - 15:54:03: DEBUG: SV_EmitEvents function PATCH SUCCEED 0xF6F1C4D1
L 09/14/2022 - 15:54:03: DEBUG: SV_StartSound function FOUND 0xF6F14410
L 09/14/2022 - 15:54:03: DEBUG: SV_StartSound address was FOUND inside unk_1 function 0xF6F030E5
L 09/14/2022 - 15:54:03: DEBUG: SV_StartSound function PATCH SUCCEED 0xF6F030E5
L 09/14/2022 - 15:54:03: DEBUG: SV_StartSound address was FOUND inside unk_2 function 0xF6F28599
L 09/14/2022 - 15:54:03: DEBUG: SV_StartSound function PATCH SUCCEED 0xF6F28599
L 09/14/2022 - 15:54:03: DEBUG: SV_StartSound address was FOUND inside unk_3 function 0xF6F2B83D
L 09/14/2022 - 15:54:03: DEBUG: SV_StartSound function PATCH SUCCEED 0xF6F2B83D
L 09/14/2022 - 15:54:03: DEBUG: SV_StartSound address was FOUND inside unk_4 function 0xF6F2B93E
L 09/14/2022 - 15:54:03: DEBUG: SV_StartSound function PATCH SUCCEED 0xF6F2B93E
L 09/14/2022 - 15:54:03: DEBUG: SV_StartSound address was FOUND inside unk_5 function 0xF6F2C10F
L 09/14/2022 - 15:54:03: DEBUG: SV_StartSound function PATCH SUCCEED 0xF6F2C10F
L 09/14/2022 - 15:54:03: DEBUG: SV_StartSound address was FOUND inside unk_6 function 0xF6F2C1BD
L 09/14/2022 - 15:54:03: DEBUG: SV_StartSound function PATCH SUCCEED 0xF6F2C1BD
L 09/14/2022 - 15:54:03: DEBUG: SV_StartSound address was FOUND inside unk_7 function 0xF6F2C25D
L 09/14/2022 - 15:54:03: DEBUG: SV_StartSound function PATCH SUCCEED 0xF6F2C25D
L 09/14/2022 - 15:54:03: DEBUG: SV_StartSound address was FOUND inside unk_8 function 0xF6F2C2E3
L 09/14/2022 - 15:54:03: DEBUG: SV_StartSound function PATCH SUCCEED 0xF6F2C2E3
L 09/14/2022 - 15:54:03: DEBUG: SV_StartSound address was FOUND inside unk_9 function 0xF6F2C335
L 09/14/2022 - 15:54:03: DEBUG: SV_StartSound function PATCH SUCCEED 0xF6F2C335
L 09/14/2022 - 15:54:03: DEBUG: SV_StartSound address was FOUND inside unk_10 function 0xF6F2C37C
L 09/14/2022 - 15:54:03: DEBUG: SV_StartSound function PATCH SUCCEED 0xF6F2C37C
L 09/14/2022 - 15:54:03: DEBUG: SV_StartSound address was FOUND inside unk_11 function 0xF6F2C3C3
L 09/14/2022 - 15:54:03: DEBUG: SV_StartSound function PATCH SUCCEED 0xF6F2C3C3
L 09/14/2022 - 15:54:03: DEBUG: SV_StartSound address was FOUND inside unk_12 function 0xF6F2C412
L 09/14/2022 - 15:54:03: DEBUG: SV_StartSound function PATCH SUCCEED 0xF6F2C412
L 09/14/2022 - 15:54:03: DEBUG: PF_Remove_I function FOUND 0xF6F047B0
L 09/14/2022 - 15:54:03: DEBUG: ED_Free address was FOUND inside PF_Remove_I function 0xF6F047B0
L 09/14/2022 - 15:54:03: DEBUG: ED_Free function PATCH SUCCEED 0xF6F047B0
L 09/14/2022 - 15:54:03: DEBUG: PF_BuildSoundMsg_I function FOUND 0xF6F07940
L 09/14/2022 - 15:54:03: DEBUG: PF_BuildSoundMsg_I patch address to inside function in PF_BuildSoundMsg_I PATCH SUCCEED 0xF6F07940
L 09/14/2022 - 15:54:03: DEBUG: MSG_StartBitWriting function FOUND 0xF6ED6EA0
L 09/14/2022 - 15:54:03: DEBUG: MSG_WriteBits function FOUND 0xF6ED8040
L 09/14/2022 - 15:54:03: DEBUG: MSG_WriteBitVec3Coord function FOUND 0xF6ED8CB0
L 09/14/2022 - 15:54:03: DEBUG: MSG_EndBitWriting function FOUND 0xF6ED8750
L 09/14/2022 - 15:54:03: DEBUG: SV_LookupSoundIndex function FOUND 0xF6F13B40
L 09/14/2022 - 15:54:03: DEBUG: SZ_GetSpace function FOUND 0xF6ED7F20
L 09/14/2022 - 15:54:03: Success: Patch executed.
L 09/14/2022 - 15:54:03: PrivateData Offsets: ->
pev			- '0'
vtable			- '8'
playership		- '53'
m_iId			- '47'
m_pActiveItem		- '378'
m_blindStartTime	- '520'
m_blindHoldTime		- '521'
m_blindAlpha		- '523'
L 09/14/2022 - 15:54:03: Success: Build HLDS version defined Linux '8308' (cstrike)
L 09/14/2022 - 15:54:03: Settings: -> 
debug		- '3'
esp		- '1'
smooth		- '1'
smoothout	- '1'
smoothent	- '45'
decalfix	- '1'
antinoflash	- '1'
alphaflash	- '255'
team		- '0'
fov		- '1'
solid		- '2'
barrel		- '1'
blockent	- '1'
hlfix		- '0'
metacall	- '1'
blocktype	- '0'
skytrace	- '1'
revis		- '0'
L 09/14/2022 - 15:54:03: Building PAS...
L 09/14/2022 - 15:54:03: Average leaves visible / audible / total: 48 / 92 / 97
L 09/14/2022 - 15:54:03: PAS building time 0.0002 secs
L 09/14/2022 - 15:54:04: DEBUG: GameRules found 0xA079EC0
L 09/14/2022 - 15:54:04: Changelevel Server (map 'cs_bloodstrike') (maxplayers '20') (use 'global_svs->maxplayers')
L 09/14/2022 - 16:00:00: Success: Configuration executed.
L 09/14/2022 - 16:00:00: DEBUG: SVS found 0xF7399760
L 09/14/2022 - 16:00:00: DEBUG: SV_CheckTimeouts function FOUND 0xF6F36DD0
L 09/14/2022 - 16:00:00: DEBUG: client_t address of a structure FOUND 0xF6F36E01
L 09/14/2022 - 16:00:00: DEBUG: client_t determined the size of a the structure 20216
L 09/14/2022 - 16:00:00: DEBUG: SV_Move function FOUND 0xF6F554F0
L 09/14/2022 - 16:00:00: DEBUG: m_iId parse member, value is 47
L 09/14/2022 - 16:00:00: DEBUG: m_pActiveItem parse member, value is 378
L 09/14/2022 - 16:00:00: DEBUG: SV_EmitEvents function FOUND 0xF6F37A30
L 09/14/2022 - 16:00:00: DEBUG: SV_WriteEntitiesToClient function FOUND 0xF6F39200
L 09/14/2022 - 16:00:00: DEBUG: SV_EmitEvents address was FOUND inside SV_WriteEntitiesToClient function 0xF6F394D1
L 09/14/2022 - 16:00:00: DEBUG: SV_EmitEvents function PATCH SUCCEED 0xF6F394D1
L 09/14/2022 - 16:00:00: DEBUG: SV_StartSound function FOUND 0xF6F31410
L 09/14/2022 - 16:00:00: DEBUG: SV_StartSound address was FOUND inside unk_1 function 0xF6F200E5
L 09/14/2022 - 16:00:00: DEBUG: SV_StartSound function PATCH SUCCEED 0xF6F200E5
L 09/14/2022 - 16:00:00: DEBUG: SV_StartSound address was FOUND inside unk_2 function 0xF6F45599
L 09/14/2022 - 16:00:00: DEBUG: SV_StartSound function PATCH SUCCEED 0xF6F45599
L 09/14/2022 - 16:00:00: DEBUG: SV_StartSound address was FOUND inside unk_3 function 0xF6F4883D
L 09/14/2022 - 16:00:00: DEBUG: SV_StartSound function PATCH SUCCEED 0xF6F4883D
L 09/14/2022 - 16:00:00: DEBUG: SV_StartSound address was FOUND inside unk_4 function 0xF6F4893E
L 09/14/2022 - 16:00:00: DEBUG: SV_StartSound function PATCH SUCCEED 0xF6F4893E
L 09/14/2022 - 16:00:00: DEBUG: SV_StartSound address was FOUND inside unk_5 function 0xF6F4910F
L 09/14/2022 - 16:00:00: DEBUG: SV_StartSound function PATCH SUCCEED 0xF6F4910F
L 09/14/2022 - 16:00:00: DEBUG: SV_StartSound address was FOUND inside unk_6 function 0xF6F491BD
L 09/14/2022 - 16:00:00: DEBUG: SV_StartSound function PATCH SUCCEED 0xF6F491BD
L 09/14/2022 - 16:00:00: DEBUG: SV_StartSound address was FOUND inside unk_7 function 0xF6F4925D
L 09/14/2022 - 16:00:00: DEBUG: SV_StartSound function PATCH SUCCEED 0xF6F4925D
L 09/14/2022 - 16:00:00: DEBUG: SV_StartSound address was FOUND inside unk_8 function 0xF6F492E3
L 09/14/2022 - 16:00:00: DEBUG: SV_StartSound function PATCH SUCCEED 0xF6F492E3
L 09/14/2022 - 16:00:00: DEBUG: SV_StartSound address was FOUND inside unk_9 function 0xF6F49335
L 09/14/2022 - 16:00:00: DEBUG: SV_StartSound function PATCH SUCCEED 0xF6F49335
L 09/14/2022 - 16:00:00: DEBUG: SV_StartSound address was FOUND inside unk_10 function 0xF6F4937C
L 09/14/2022 - 16:00:00: DEBUG: SV_StartSound function PATCH SUCCEED 0xF6F4937C
L 09/14/2022 - 16:00:00: DEBUG: SV_StartSound address was FOUND inside unk_11 function 0xF6F493C3
L 09/14/2022 - 16:00:00: DEBUG: SV_StartSound function PATCH SUCCEED 0xF6F493C3
L 09/14/2022 - 16:00:00: DEBUG: SV_StartSound address was FOUND inside unk_12 function 0xF6F49412
L 09/14/2022 - 16:00:00: DEBUG: SV_StartSound function PATCH SUCCEED 0xF6F49412
L 09/14/2022 - 16:00:00: DEBUG: PF_Remove_I function FOUND 0xF6F217B0
L 09/14/2022 - 16:00:00: DEBUG: ED_Free address was FOUND inside PF_Remove_I function 0xF6F217B0
L 09/14/2022 - 16:00:00: DEBUG: ED_Free function PATCH SUCCEED 0xF6F217B0
L 09/14/2022 - 16:00:00: DEBUG: PF_BuildSoundMsg_I function FOUND 0xF6F24940
L 09/14/2022 - 16:00:00: DEBUG: PF_BuildSoundMsg_I patch address to inside function in PF_BuildSoundMsg_I PATCH SUCCEED 0xF6F24940
L 09/14/2022 - 16:00:00: DEBUG: MSG_StartBitWriting function FOUND 0xF6EF3EA0
L 09/14/2022 - 16:00:00: DEBUG: MSG_WriteBits function FOUND 0xF6EF5040
L 09/14/2022 - 16:00:00: DEBUG: MSG_WriteBitVec3Coord function FOUND 0xF6EF5CB0
L 09/14/2022 - 16:00:00: DEBUG: MSG_EndBitWriting function FOUND 0xF6EF5750
L 09/14/2022 - 16:00:00: DEBUG: SV_LookupSoundIndex function FOUND 0xF6F30B40
L 09/14/2022 - 16:00:00: DEBUG: SZ_GetSpace function FOUND 0xF6EF4F20
L 09/14/2022 - 16:00:00: Success: Patch executed.
L 09/14/2022 - 16:00:00: PrivateData Offsets: ->
pev			- '0'
vtable			- '8'
playership		- '53'
m_iId			- '47'
m_pActiveItem		- '378'
m_blindStartTime	- '520'
m_blindHoldTime		- '521'
m_blindAlpha		- '523'
L 09/14/2022 - 16:00:00: Success: Build HLDS version defined Linux '8308' (cstrike)
L 09/14/2022 - 16:00:00: Settings: -> 
debug		- '3'
esp		- '1'
smooth		- '1'
smoothout	- '1'
smoothent	- '45'
decalfix	- '1'
antinoflash	- '1'
alphaflash	- '255'
team		- '0'
fov		- '1'
solid		- '2'
barrel		- '1'
blockent	- '1'
hlfix		- '0'
metacall	- '1'
blocktype	- '0'
skytrace	- '1'
revis		- '0'
L 09/14/2022 - 16:00:00: Building PAS...
L 09/14/2022 - 16:00:00: Average leaves visible / audible / total: 48 / 92 / 97
L 09/14/2022 - 16:00:00: PAS building time 0.000239 secs
L 09/14/2022 - 16:00:01: DEBUG: GameRules found 0x91C0EC0
L 09/14/2022 - 16:00:01: Changelevel Server (map 'cs_bloodstrike') (maxplayers '20') (use 'global_svs->maxplayers')
L 09/14/2022 - 16:00:01: Building PAS...
L 09/14/2022 - 16:00:01: Average leaves visible / audible / total: 48 / 92 / 97
L 09/14/2022 - 16:00:01: PAS building time 0.000201 secs
L 09/14/2022 - 16:00:30: DEBUG: GameRules found 0x91C0EC0
L 09/14/2022 - 16:00:30: Changelevel Server (map 'cs_bloodstrike') (maxplayers '20') (use 'global_svs->maxplayers')
L 09/14/2022 - 16:00:30: Building PAS...
L 09/14/2022 - 16:00:30: Average leaves visible / audible / total: 48 / 92 / 97
L 09/14/2022 - 16:00:30: PAS building time 0.000169 secs
L 09/14/2022 - 16:00:41: DEBUG: GameRules found 0x91C0EB0
L 09/14/2022 - 16:00:41: Changelevel Server (map 'cs_bloodstrike') (maxplayers '20') (use 'global_svs->maxplayers')
L 09/14/2022 - 16:03:11: Success: Configuration executed.
L 09/14/2022 - 16:03:11: DEBUG: SVS found 0xF73EC760
L 09/14/2022 - 16:03:11: DEBUG: SV_CheckTimeouts function FOUND 0xF6F89DD0
L 09/14/2022 - 16:03:11: DEBUG: client_t address of a structure FOUND 0xF6F89E01
L 09/14/2022 - 16:03:11: DEBUG: client_t determined the size of a the structure 20216
L 09/14/2022 - 16:03:11: DEBUG: SV_Move function FOUND 0xF6FA84F0
L 09/14/2022 - 16:03:11: DEBUG: m_iId parse member, value is 47
L 09/14/2022 - 16:03:11: DEBUG: m_pActiveItem parse member, value is 378
L 09/14/2022 - 16:03:11: DEBUG: SV_EmitEvents function FOUND 0xF6F8AA30
L 09/14/2022 - 16:03:11: DEBUG: SV_WriteEntitiesToClient function FOUND 0xF6F8C200
L 09/14/2022 - 16:03:11: DEBUG: SV_EmitEvents address was FOUND inside SV_WriteEntitiesToClient function 0xF6F8C4D1
L 09/14/2022 - 16:03:11: DEBUG: SV_EmitEvents function PATCH SUCCEED 0xF6F8C4D1
L 09/14/2022 - 16:03:11: DEBUG: SV_StartSound function FOUND 0xF6F84410
L 09/14/2022 - 16:03:11: DEBUG: SV_StartSound address was FOUND inside unk_1 function 0xF6F730E5
L 09/14/2022 - 16:03:11: DEBUG: SV_StartSound function PATCH SUCCEED 0xF6F730E5
L 09/14/2022 - 16:03:11: DEBUG: SV_StartSound address was FOUND inside unk_2 function 0xF6F98599
L 09/14/2022 - 16:03:11: DEBUG: SV_StartSound function PATCH SUCCEED 0xF6F98599
L 09/14/2022 - 16:03:11: DEBUG: SV_StartSound address was FOUND inside unk_3 function 0xF6F9B83D
L 09/14/2022 - 16:03:11: DEBUG: SV_StartSound function PATCH SUCCEED 0xF6F9B83D
L 09/14/2022 - 16:03:11: DEBUG: SV_StartSound address was FOUND inside unk_4 function 0xF6F9B93E
L 09/14/2022 - 16:03:11: DEBUG: SV_StartSound function PATCH SUCCEED 0xF6F9B93E
L 09/14/2022 - 16:03:11: DEBUG: SV_StartSound address was FOUND inside unk_5 function 0xF6F9C10F
L 09/14/2022 - 16:03:11: DEBUG: SV_StartSound function PATCH SUCCEED 0xF6F9C10F
L 09/14/2022 - 16:03:11: DEBUG: SV_StartSound address was FOUND inside unk_6 function 0xF6F9C1BD
L 09/14/2022 - 16:03:11: DEBUG: SV_StartSound function PATCH SUCCEED 0xF6F9C1BD
L 09/14/2022 - 16:03:11: DEBUG: SV_StartSound address was FOUND inside unk_7 function 0xF6F9C25D
L 09/14/2022 - 16:03:11: DEBUG: SV_StartSound function PATCH SUCCEED 0xF6F9C25D
L 09/14/2022 - 16:03:11: DEBUG: SV_StartSound address was FOUND inside unk_8 function 0xF6F9C2E3
L 09/14/2022 - 16:03:11: DEBUG: SV_StartSound function PATCH SUCCEED 0xF6F9C2E3
L 09/14/2022 - 16:03:11: DEBUG: SV_StartSound address was FOUND inside unk_9 function 0xF6F9C335
L 09/14/2022 - 16:03:11: DEBUG: SV_StartSound function PATCH SUCCEED 0xF6F9C335
L 09/14/2022 - 16:03:11: DEBUG: SV_StartSound address was FOUND inside unk_10 function 0xF6F9C37C
L 09/14/2022 - 16:03:11: DEBUG: SV_StartSound function PATCH SUCCEED 0xF6F9C37C
L 09/14/2022 - 16:03:11: DEBUG: SV_StartSound address was FOUND inside unk_11 function 0xF6F9C3C3
L 09/14/2022 - 16:03:11: DEBUG: SV_StartSound function PATCH SUCCEED 0xF6F9C3C3
L 09/14/2022 - 16:03:11: DEBUG: SV_StartSound address was FOUND inside unk_12 function 0xF6F9C412
L 09/14/2022 - 16:03:11: DEBUG: SV_StartSound function PATCH SUCCEED 0xF6F9C412
L 09/14/2022 - 16:03:11: DEBUG: PF_Remove_I function FOUND 0xF6F747B0
L 09/14/2022 - 16:03:11: DEBUG: ED_Free address was FOUND inside PF_Remove_I function 0xF6F747B0
L 09/14/2022 - 16:03:11: DEBUG: ED_Free function PATCH SUCCEED 0xF6F747B0
L 09/14/2022 - 16:03:11: DEBUG: PF_BuildSoundMsg_I function FOUND 0xF6F77940
L 09/14/2022 - 16:03:11: DEBUG: PF_BuildSoundMsg_I patch address to inside function in PF_BuildSoundMsg_I PATCH SUCCEED 0xF6F77940
L 09/14/2022 - 16:03:11: DEBUG: MSG_StartBitWriting function FOUND 0xF6F46EA0
L 09/14/2022 - 16:03:11: DEBUG: MSG_WriteBits function FOUND 0xF6F48040
L 09/14/2022 - 16:03:11: DEBUG: MSG_WriteBitVec3Coord function FOUND 0xF6F48CB0
L 09/14/2022 - 16:03:11: DEBUG: MSG_EndBitWriting function FOUND 0xF6F48750
L 09/14/2022 - 16:03:11: DEBUG: SV_LookupSoundIndex function FOUND 0xF6F83B40
L 09/14/2022 - 16:03:11: DEBUG: SZ_GetSpace function FOUND 0xF6F47F20
L 09/14/2022 - 16:03:11: Success: Patch executed.
L 09/14/2022 - 16:03:11: PrivateData Offsets: ->
pev			- '0'
vtable			- '8'
playership		- '53'
m_iId			- '47'
m_pActiveItem		- '378'
m_blindStartTime	- '520'
m_blindHoldTime		- '521'
m_blindAlpha		- '523'
L 09/14/2022 - 16:03:11: Success: Build HLDS version defined Linux '8308' (cstrike)
L 09/14/2022 - 16:03:11: Settings: -> 
debug		- '3'
esp		- '1'
smooth		- '1'
smoothout	- '1'
smoothent	- '45'
decalfix	- '1'
antinoflash	- '1'
alphaflash	- '255'
team		- '0'
fov		- '1'
solid		- '2'
barrel		- '1'
blockent	- '1'
hlfix		- '0'
metacall	- '1'
blocktype	- '0'
skytrace	- '1'
revis		- '0'
L 09/14/2022 - 16:03:11: Building PAS...
L 09/14/2022 - 16:03:11: Average leaves visible / audible / total: 48 / 92 / 97
L 09/14/2022 - 16:03:11: PAS building time 0.000211 secs
L 09/14/2022 - 16:03:12: DEBUG: GameRules found 0x9AB8EC0
L 09/14/2022 - 16:03:12: Changelevel Server (map 'cs_bloodstrike') (maxplayers '20') (use 'global_svs->maxplayers')
L 09/14/2022 - 16:03:12: Building PAS...
L 09/14/2022 - 16:03:12: Average leaves visible / audible / total: 48 / 92 / 97
L 09/14/2022 - 16:03:12: PAS building time 0.00019 secs
L 09/14/2022 - 16:03:32: DEBUG: GameRules found 0x9AB8EC0
L 09/14/2022 - 16:03:32: Changelevel Server (map 'cs_bloodstrike') (maxplayers '20') (use 'global_svs->maxplayers')
L 09/14/2022 - 16:04:50: Success: Configuration executed.
L 09/14/2022 - 16:04:50: DEBUG: SVS found 0xF73FC760
L 09/14/2022 - 16:04:50: DEBUG: SV_CheckTimeouts function FOUND 0xF6F99DD0
L 09/14/2022 - 16:04:50: DEBUG: client_t address of a structure FOUND 0xF6F99E01
L 09/14/2022 - 16:04:50: DEBUG: client_t determined the size of a the structure 20216
L 09/14/2022 - 16:04:50: DEBUG: SV_Move function FOUND 0xF6FB84F0
L 09/14/2022 - 16:04:50: DEBUG: m_iId parse member, value is 47
L 09/14/2022 - 16:04:50: DEBUG: m_pActiveItem parse member, value is 378
L 09/14/2022 - 16:04:50: DEBUG: SV_EmitEvents function FOUND 0xF6F9AA30
L 09/14/2022 - 16:04:50: DEBUG: SV_WriteEntitiesToClient function FOUND 0xF6F9C200
L 09/14/2022 - 16:04:50: DEBUG: SV_EmitEvents address was FOUND inside SV_WriteEntitiesToClient function 0xF6F9C4D1
L 09/14/2022 - 16:04:50: DEBUG: SV_EmitEvents function PATCH SUCCEED 0xF6F9C4D1
L 09/14/2022 - 16:04:50: DEBUG: SV_StartSound function FOUND 0xF6F94410
L 09/14/2022 - 16:04:50: DEBUG: SV_StartSound address was FOUND inside unk_1 function 0xF6F830E5
L 09/14/2022 - 16:04:50: DEBUG: SV_StartSound function PATCH SUCCEED 0xF6F830E5
L 09/14/2022 - 16:04:50: DEBUG: SV_StartSound address was FOUND inside unk_2 function 0xF6FA8599
L 09/14/2022 - 16:04:50: DEBUG: SV_StartSound function PATCH SUCCEED 0xF6FA8599
L 09/14/2022 - 16:04:50: DEBUG: SV_StartSound address was FOUND inside unk_3 function 0xF6FAB83D
L 09/14/2022 - 16:04:50: DEBUG: SV_StartSound function PATCH SUCCEED 0xF6FAB83D
L 09/14/2022 - 16:04:50: DEBUG: SV_StartSound address was FOUND inside unk_4 function 0xF6FAB93E
L 09/14/2022 - 16:04:50: DEBUG: SV_StartSound function PATCH SUCCEED 0xF6FAB93E
L 09/14/2022 - 16:04:50: DEBUG: SV_StartSound address was FOUND inside unk_5 function 0xF6FAC10F
L 09/14/2022 - 16:04:50: DEBUG: SV_StartSound function PATCH SUCCEED 0xF6FAC10F
L 09/14/2022 - 16:04:50: DEBUG: SV_StartSound address was FOUND inside unk_6 function 0xF6FAC1BD
L 09/14/2022 - 16:04:50: DEBUG: SV_StartSound function PATCH SUCCEED 0xF6FAC1BD
L 09/14/2022 - 16:04:50: DEBUG: SV_StartSound address was FOUND inside unk_7 function 0xF6FAC25D
L 09/14/2022 - 16:04:50: DEBUG: SV_StartSound function PATCH SUCCEED 0xF6FAC25D
L 09/14/2022 - 16:04:50: DEBUG: SV_StartSound address was FOUND inside unk_8 function 0xF6FAC2E3
L 09/14/2022 - 16:04:50: DEBUG: SV_StartSound function PATCH SUCCEED 0xF6FAC2E3
L 09/14/2022 - 16:04:50: DEBUG: SV_StartSound address was FOUND inside unk_9 function 0xF6FAC335
L 09/14/2022 - 16:04:50: DEBUG: SV_StartSound function PATCH SUCCEED 0xF6FAC335
L 09/14/2022 - 16:04:50: DEBUG: SV_StartSound address was FOUND inside unk_10 function 0xF6FAC37C
L 09/14/2022 - 16:04:50: DEBUG: SV_StartSound function PATCH SUCCEED 0xF6FAC37C
L 09/14/2022 - 16:04:50: DEBUG: SV_StartSound address was FOUND inside unk_11 function 0xF6FAC3C3
L 09/14/2022 - 16:04:50: DEBUG: SV_StartSound function PATCH SUCCEED 0xF6FAC3C3
L 09/14/2022 - 16:04:50: DEBUG: SV_StartSound address was FOUND inside unk_12 function 0xF6FAC412
L 09/14/2022 - 16:04:50: DEBUG: SV_StartSound function PATCH SUCCEED 0xF6FAC412
L 09/14/2022 - 16:04:50: DEBUG: PF_Remove_I function FOUND 0xF6F847B0
L 09/14/2022 - 16:04:50: DEBUG: ED_Free address was FOUND inside PF_Remove_I function 0xF6F847B0
L 09/14/2022 - 16:04:50: DEBUG: ED_Free function PATCH SUCCEED 0xF6F847B0
L 09/14/2022 - 16:04:50: DEBUG: PF_BuildSoundMsg_I function FOUND 0xF6F87940
L 09/14/2022 - 16:04:50: DEBUG: PF_BuildSoundMsg_I patch address to inside function in PF_BuildSoundMsg_I PATCH SUCCEED 0xF6F87940
L 09/14/2022 - 16:04:50: DEBUG: MSG_StartBitWriting function FOUND 0xF6F56EA0
L 09/14/2022 - 16:04:50: DEBUG: MSG_WriteBits function FOUND 0xF6F58040
L 09/14/2022 - 16:04:50: DEBUG: MSG_WriteBitVec3Coord function FOUND 0xF6F58CB0
L 09/14/2022 - 16:04:50: DEBUG: MSG_EndBitWriting function FOUND 0xF6F58750
L 09/14/2022 - 16:04:50: DEBUG: SV_LookupSoundIndex function FOUND 0xF6F93B40
L 09/14/2022 - 16:04:50: DEBUG: SZ_GetSpace function FOUND 0xF6F57F20
L 09/14/2022 - 16:04:50: Success: Patch executed.
L 09/14/2022 - 16:04:50: PrivateData Offsets: ->
pev			- '0'
vtable			- '8'
playership		- '53'
m_iId			- '47'
m_pActiveItem		- '378'
m_blindStartTime	- '520'
m_blindHoldTime		- '521'
m_blindAlpha		- '523'
L 09/14/2022 - 16:04:50: Success: Build HLDS version defined Linux '8308' (cstrike)
L 09/14/2022 - 16:04:50: Settings: -> 
debug		- '3'
esp		- '1'
smooth		- '1'
smoothout	- '1'
smoothent	- '45'
decalfix	- '1'
antinoflash	- '1'
alphaflash	- '255'
team		- '0'
fov		- '1'
solid		- '2'
barrel		- '1'
blockent	- '1'
hlfix		- '0'
metacall	- '1'
blocktype	- '0'
skytrace	- '1'
revis		- '0'
L 09/14/2022 - 16:04:50: Building PAS...
L 09/14/2022 - 16:04:50: Average leaves visible / audible / total: 48 / 92 / 97
L 09/14/2022 - 16:04:50: PAS building time 0.000216 secs
L 09/14/2022 - 16:04:51: DEBUG: GameRules found 0xA723EC0
L 09/14/2022 - 16:04:51: Changelevel Server (map 'cs_bloodstrike') (maxplayers '20') (use 'global_svs->maxplayers')
L 09/14/2022 - 16:04:51: Building PAS...
L 09/14/2022 - 16:04:51: Average leaves visible / audible / total: 48 / 92 / 97
L 09/14/2022 - 16:04:51: PAS building time 0.00022 secs
L 09/14/2022 - 16:05:32: DEBUG: GameRules found 0xA723EC0
L 09/14/2022 - 16:05:32: Changelevel Server (map 'cs_bloodstrike') (maxplayers '20') (use 'global_svs->maxplayers')
L 09/14/2022 - 16:05:32: Building PAS...
L 09/14/2022 - 16:05:32: Average leaves visible / audible / total: 133 / 395 / 1202
L 09/14/2022 - 16:05:32: PAS building time 0.006775 secs
L 09/14/2022 - 20:13:33: DEBUG: GameRules found 0xA723EC0
L 09/14/2022 - 20:13:33: Changelevel Server (map 'de_dust2') (maxplayers '20') (use 'global_svs->maxplayers')
L 09/14/2022 - 20:13:33: Building PAS...
L 09/14/2022 - 20:13:33: Average leaves visible / audible / total: 150 / 552 / 1459
L 09/14/2022 - 20:13:33: PAS building time 0.009918 secs
L 09/14/2022 - 20:21:17: DEBUG: GameRules found 0xA7989B0
L 09/14/2022 - 20:21:17: Changelevel Server (map 'de_inferno') (maxplayers '20') (use 'global_svs->maxplayers')
L 09/14/2022 - 20:21:17: Building PAS...
L 09/14/2022 - 20:21:17: Average leaves visible / audible / total: 143 / 546 / 1860
L 09/14/2022 - 20:21:17: PAS building time 0.014895 secs
L 09/14/2022 - 20:27:01: DEBUG: GameRules found 0xA7BAA30
L 09/14/2022 - 20:27:01: Changelevel Server (map 'de_nuke') (maxplayers '20') (use 'global_svs->maxplayers')
L 09/14/2022 - 20:27:01: Building PAS...
L 09/14/2022 - 20:27:01: Average leaves visible / audible / total: 151 / 385 / 1238
L 09/14/2022 - 20:27:01: PAS building time 0.007091 secs
L 09/14/2022 - 20:37:21: DEBUG: GameRules found 0xA7BAA30
L 09/14/2022 - 20:37:21: Changelevel Server (map 'de_train') (maxplayers '20') (use 'global_svs->maxplayers')
L 09/14/2022 - 20:37:21: Building PAS...
L 09/14/2022 - 20:37:21: Average leaves visible / audible / total: 103 / 294 / 800
L 09/14/2022 - 20:37:21: PAS building time 0.002848 secs
L 09/14/2022 - 20:51:56: DEBUG: GameRules found 0xA7B08D8
L 09/14/2022 - 20:51:56: Changelevel Server (map 'de_aztec') (maxplayers '20') (use 'global_svs->maxplayers')
L 09/14/2022 - 20:51:56: Building PAS...
L 09/14/2022 - 20:51:56: Average leaves visible / audible / total: 48 / 92 / 97
L 09/14/2022 - 20:51:56: PAS building time 0.000175 secs
L 09/14/2022 - 20:52:35: DEBUG: GameRules found 0xA7B08D8
L 09/14/2022 - 20:52:35: Changelevel Server (map 'cs_bloodstrike') (maxplayers '20') (use 'global_svs->maxplayers')
L 09/14/2022 - 20:52:35: Building PAS...
L 09/14/2022 - 20:52:35: Average leaves visible / audible / total: 133 / 395 / 1202
L 09/14/2022 - 20:52:35: PAS building time 0.006802 secs
L 09/14/2022 - 21:26:30: DEBUG: GameRules found 0xA7B08D8
L 09/14/2022 - 21:26:30: Changelevel Server (map 'de_dust2') (maxplayers '20') (use 'global_svs->maxplayers')
L 09/14/2022 - 21:26:30: Building PAS...
L 09/14/2022 - 21:26:30: Average leaves visible / audible / total: 48 / 92 / 97
L 09/14/2022 - 21:26:30: PAS building time 0.000165 secs
