L 10/14/2021 - 20:40:04: Log file started (file 'cstrike/addons/whblocker/logs/L_14_10_2021.log') (dir 'cstrike') (mod 'Counter-Strike 1.6') (version '1.5.697')
L 10/14/2021 - 20:40:04: DEBUG: GameRules found 0xADC59B0
L 10/14/2021 - 20:40:04: Changelevel Server (map 'cs_bloodstrike') (maxplayers '20') (use 'global_svs->maxplayers')
L 10/14/2021 - 20:40:04: Building PAS...
L 10/14/2021 - 20:40:04: Average leaves visible / audible / total: 133 / 395 / 1202
L 10/14/2021 - 20:40:04: PAS building time 0.006472 secs
L 10/14/2021 - 21:36:54: DEBUG: GameRules found 0xADC59B0
L 10/14/2021 - 21:36:54: Changelevel Server (map 'de_dust2') (maxplayers '20') (use 'global_svs->maxplayers')
L 10/14/2021 - 21:36:54: Building PAS...
L 10/14/2021 - 21:36:54: Average leaves visible / audible / total: 150 / 552 / 1459
L 10/14/2021 - 21:36:54: PAS building time 0.009684 secs
L 10/14/2021 - 22:15:37: DEBUG: GameRules found 0xADC59B0
L 10/14/2021 - 22:15:37: Changelevel Server (map 'de_inferno') (maxplayers '20') (use 'global_svs->maxplayers')
L 10/14/2021 - 22:15:37: Building PAS...
L 10/14/2021 - 22:15:37: Average leaves visible / audible / total: 143 / 546 / 1860
L 10/14/2021 - 22:15:37: PAS building time 0.014347 secs
L 10/14/2021 - 22:46:32: DEBUG: GameRules found 0xADC59B0
L 10/14/2021 - 22:46:32: Changelevel Server (map 'de_nuke') (maxplayers '20') (use 'global_svs->maxplayers')
L 10/14/2021 - 22:46:32: Building PAS...
L 10/14/2021 - 22:46:32: Average leaves visible / audible / total: 151 / 385 / 1238
L 10/14/2021 - 22:46:32: PAS building time 0.006804 secs
L 10/14/2021 - 23:21:09: DEBUG: GameRules found 0xADC59B0
L 10/14/2021 - 23:21:09: Changelevel Server (map 'de_train') (maxplayers '20') (use 'global_svs->maxplayers')
L 10/14/2021 - 23:21:09: Building PAS...
L 10/14/2021 - 23:21:09: Average leaves visible / audible / total: 133 / 395 / 1202
L 10/14/2021 - 23:21:09: PAS building time 0.006455 secs
L 10/14/2021 - 23:45:49: DEBUG: GameRules found 0xADC59B0
L 10/14/2021 - 23:45:49: Changelevel Server (map 'de_dust2') (maxplayers '20') (use 'global_svs->maxplayers')
L 10/14/2021 - 23:45:49: Building PAS...
L 10/14/2021 - 23:45:49: Average leaves visible / audible / total: 150 / 552 / 1459
L 10/14/2021 - 23:45:49: PAS building time 0.012884 secs
