L 01/15/2023 - 06:15:17: Log file started (file 'cstrike/addons/whblocker/logs/L_15_01_2023.log') (dir 'cstrike') (mod 'Counter-Strike 1.6') (version '1.5.697')
L 01/15/2023 - 06:15:17: Success: Configuration executed.
L 01/15/2023 - 06:15:17: DEBUG: SVS found 0xF73AC760
L 01/15/2023 - 06:15:17: DEBUG: SV_CheckTimeouts function FOUND 0xF6F49DD0
L 01/15/2023 - 06:15:17: DEBUG: client_t address of a structure FOUND 0xF6F49E01
L 01/15/2023 - 06:15:17: DEBUG: client_t determined the size of a the structure 20216
L 01/15/2023 - 06:15:17: DEBUG: SV_Move function FOUND 0xF6F684F0
L 01/15/2023 - 06:15:17: DEBUG: m_iId parse member, value is 47
L 01/15/2023 - 06:15:17: DEBUG: m_pActiveItem parse member, value is 378
L 01/15/2023 - 06:15:17: DEBUG: SV_EmitEvents function FOUND 0xF6F4AA30
L 01/15/2023 - 06:15:17: DEBUG: SV_WriteEntitiesToClient function FOUND 0xF6F4C200
L 01/15/2023 - 06:15:17: DEBUG: SV_EmitEvents address was FOUND inside SV_WriteEntitiesToClient function 0xF6F4C4D1
L 01/15/2023 - 06:15:17: DEBUG: SV_EmitEvents function PATCH SUCCEED 0xF6F4C4D1
L 01/15/2023 - 06:15:17: DEBUG: SV_StartSound function FOUND 0xF6F44410
L 01/15/2023 - 06:15:17: DEBUG: SV_StartSound address was FOUND inside unk_1 function 0xF6F330E5
L 01/15/2023 - 06:15:17: DEBUG: SV_StartSound function PATCH SUCCEED 0xF6F330E5
L 01/15/2023 - 06:15:17: DEBUG: SV_StartSound address was FOUND inside unk_2 function 0xF6F58599
L 01/15/2023 - 06:15:17: DEBUG: SV_StartSound function PATCH SUCCEED 0xF6F58599
L 01/15/2023 - 06:15:17: DEBUG: SV_StartSound address was FOUND inside unk_3 function 0xF6F5B83D
L 01/15/2023 - 06:15:17: DEBUG: SV_StartSound function PATCH SUCCEED 0xF6F5B83D
L 01/15/2023 - 06:15:17: DEBUG: SV_StartSound address was FOUND inside unk_4 function 0xF6F5B93E
L 01/15/2023 - 06:15:17: DEBUG: SV_StartSound function PATCH SUCCEED 0xF6F5B93E
L 01/15/2023 - 06:15:17: DEBUG: SV_StartSound address was FOUND inside unk_5 function 0xF6F5C10F
L 01/15/2023 - 06:15:17: DEBUG: SV_StartSound function PATCH SUCCEED 0xF6F5C10F
L 01/15/2023 - 06:15:17: DEBUG: SV_StartSound address was FOUND inside unk_6 function 0xF6F5C1BD
L 01/15/2023 - 06:15:17: DEBUG: SV_StartSound function PATCH SUCCEED 0xF6F5C1BD
L 01/15/2023 - 06:15:17: DEBUG: SV_StartSound address was FOUND inside unk_7 function 0xF6F5C25D
L 01/15/2023 - 06:15:17: DEBUG: SV_StartSound function PATCH SUCCEED 0xF6F5C25D
L 01/15/2023 - 06:15:17: DEBUG: SV_StartSound address was FOUND inside unk_8 function 0xF6F5C2E3
L 01/15/2023 - 06:15:17: DEBUG: SV_StartSound function PATCH SUCCEED 0xF6F5C2E3
L 01/15/2023 - 06:15:17: DEBUG: SV_StartSound address was FOUND inside unk_9 function 0xF6F5C335
L 01/15/2023 - 06:15:17: DEBUG: SV_StartSound function PATCH SUCCEED 0xF6F5C335
L 01/15/2023 - 06:15:17: DEBUG: SV_StartSound address was FOUND inside unk_10 function 0xF6F5C37C
L 01/15/2023 - 06:15:17: DEBUG: SV_StartSound function PATCH SUCCEED 0xF6F5C37C
L 01/15/2023 - 06:15:17: DEBUG: SV_StartSound address was FOUND inside unk_11 function 0xF6F5C3C3
L 01/15/2023 - 06:15:17: DEBUG: SV_StartSound function PATCH SUCCEED 0xF6F5C3C3
L 01/15/2023 - 06:15:17: DEBUG: SV_StartSound address was FOUND inside unk_12 function 0xF6F5C412
L 01/15/2023 - 06:15:17: DEBUG: SV_StartSound function PATCH SUCCEED 0xF6F5C412
L 01/15/2023 - 06:15:17: DEBUG: PF_Remove_I function FOUND 0xF6F347B0
L 01/15/2023 - 06:15:17: DEBUG: ED_Free address was FOUND inside PF_Remove_I function 0xF6F347B0
L 01/15/2023 - 06:15:17: DEBUG: ED_Free function PATCH SUCCEED 0xF6F347B0
L 01/15/2023 - 06:15:17: DEBUG: PF_BuildSoundMsg_I function FOUND 0xF6F37940
L 01/15/2023 - 06:15:17: DEBUG: PF_BuildSoundMsg_I patch address to inside function in PF_BuildSoundMsg_I PATCH SUCCEED 0xF6F37940
L 01/15/2023 - 06:15:17: DEBUG: MSG_StartBitWriting function FOUND 0xF6F06EA0
L 01/15/2023 - 06:15:17: DEBUG: MSG_WriteBits function FOUND 0xF6F08040
L 01/15/2023 - 06:15:17: DEBUG: MSG_WriteBitVec3Coord function FOUND 0xF6F08CB0
L 01/15/2023 - 06:15:17: DEBUG: MSG_EndBitWriting function FOUND 0xF6F08750
L 01/15/2023 - 06:15:17: DEBUG: SV_LookupSoundIndex function FOUND 0xF6F43B40
L 01/15/2023 - 06:15:17: DEBUG: SZ_GetSpace function FOUND 0xF6F07F20
L 01/15/2023 - 06:15:17: Success: Patch executed.
L 01/15/2023 - 06:15:17: PrivateData Offsets: ->
pev			- '0'
vtable			- '8'
playership		- '53'
m_iId			- '47'
m_pActiveItem		- '378'
m_blindStartTime	- '520'
m_blindHoldTime		- '521'
m_blindAlpha		- '523'
L 01/15/2023 - 06:15:17: Success: Build HLDS version defined Linux '8308' (cstrike)
L 01/15/2023 - 06:15:17: Settings: -> 
debug		- '3'
esp		- '1'
smooth		- '1'
smoothout	- '1'
smoothent	- '45'
decalfix	- '1'
antinoflash	- '1'
alphaflash	- '255'
team		- '0'
fov		- '1'
solid		- '2'
barrel		- '1'
blockent	- '1'
hlfix		- '0'
metacall	- '1'
blocktype	- '0'
skytrace	- '1'
revis		- '0'
L 01/15/2023 - 06:15:17: Building PAS...
L 01/15/2023 - 06:15:17: Average leaves visible / audible / total: 48 / 92 / 97
L 01/15/2023 - 06:15:17: PAS building time 0.00028 secs
L 01/15/2023 - 06:15:18: DEBUG: GameRules found 0xA497530
L 01/15/2023 - 06:15:18: Changelevel Server (map 'cs_bloodstrike') (maxplayers '16') (use 'global_svs->maxplayers')
