L 03/15/2022 - 00:02:20: Log file started (file 'cstrike/addons/whblocker/logs/L_15_03_2022.log') (dir 'cstrike') (mod 'Counter-Strike 1.6') (version '1.5.697')
L 03/15/2022 - 00:02:20: DEBUG: GameRules found 0xA4FE8D0
L 03/15/2022 - 00:02:20: Changelevel Server (map 'de_nuke') (maxplayers '20') (use 'global_svs->maxplayers')
L 03/15/2022 - 00:02:20: Building PAS...
L 03/15/2022 - 00:02:20: Average leaves visible / audible / total: 151 / 385 / 1238
L 03/15/2022 - 00:02:20: PAS building time 0.006849 secs
L 03/15/2022 - 00:35:26: DEBUG: GameRules found 0xA4FE8D0
L 03/15/2022 - 00:35:26: Changelevel Server (map 'de_train') (maxplayers '20') (use 'global_svs->maxplayers')
L 03/15/2022 - 00:35:26: Building PAS...
L 03/15/2022 - 00:35:26: Average leaves visible / audible / total: 151 / 385 / 1238
L 03/15/2022 - 00:35:26: PAS building time 0.006821 secs
L 03/15/2022 - 00:35:52: DEBUG: GameRules found 0xA4FE8D0
L 03/15/2022 - 00:35:52: Changelevel Server (map 'de_train') (maxplayers '20') (use 'global_svs->maxplayers')
L 03/15/2022 - 00:35:52: Building PAS...
L 03/15/2022 - 00:35:52: Average leaves visible / audible / total: 48 / 92 / 97
L 03/15/2022 - 00:35:52: PAS building time 0.000164 secs
L 03/15/2022 - 00:58:50: DEBUG: GameRules found 0xA4FE8D0
L 03/15/2022 - 00:58:50: Changelevel Server (map 'cs_bloodstrike') (maxplayers '20') (use 'global_svs->maxplayers')
L 03/15/2022 - 00:58:50: Building PAS...
L 03/15/2022 - 00:58:50: Average leaves visible / audible / total: 48 / 92 / 97
L 03/15/2022 - 00:58:50: PAS building time 0.00016 secs
L 03/15/2022 - 20:12:07: DEBUG: GameRules found 0xA4FE8D0
L 03/15/2022 - 20:12:07: Changelevel Server (map 'cs_bloodstrike') (maxplayers '20') (use 'global_svs->maxplayers')
L 03/15/2022 - 20:12:07: Building PAS...
L 03/15/2022 - 20:12:07: Average leaves visible / audible / total: 133 / 395 / 1202
L 03/15/2022 - 20:12:07: PAS building time 0.006541 secs
L 03/15/2022 - 20:56:05: DEBUG: GameRules found 0xA4FE8D0
L 03/15/2022 - 20:56:05: Changelevel Server (map 'de_dust2') (maxplayers '20') (use 'global_svs->maxplayers')
L 03/15/2022 - 20:56:05: Building PAS...
L 03/15/2022 - 20:56:05: Average leaves visible / audible / total: 150 / 552 / 1459
L 03/15/2022 - 20:56:05: PAS building time 0.009569 secs
L 03/15/2022 - 21:29:08: DEBUG: GameRules found 0xA4FE8D0
L 03/15/2022 - 21:29:08: Changelevel Server (map 'de_inferno') (maxplayers '20') (use 'global_svs->maxplayers')
L 03/15/2022 - 21:29:08: Building PAS...
L 03/15/2022 - 21:29:08: Average leaves visible / audible / total: 143 / 546 / 1860
L 03/15/2022 - 21:29:08: PAS building time 0.014344 secs
L 03/15/2022 - 22:10:57: DEBUG: GameRules found 0xA4FE8D0
L 03/15/2022 - 22:10:57: Changelevel Server (map 'de_nuke') (maxplayers '20') (use 'global_svs->maxplayers')
L 03/15/2022 - 22:10:57: Building PAS...
L 03/15/2022 - 22:10:57: Average leaves visible / audible / total: 143 / 546 / 1860
L 03/15/2022 - 22:10:57: PAS building time 0.014356 secs
L 03/15/2022 - 22:11:10: DEBUG: GameRules found 0xA4FE8D0
L 03/15/2022 - 22:11:10: Changelevel Server (map 'de_nuke') (maxplayers '20') (use 'global_svs->maxplayers')
L 03/15/2022 - 22:11:10: Building PAS...
L 03/15/2022 - 22:11:10: Average leaves visible / audible / total: 151 / 385 / 1238
L 03/15/2022 - 22:11:10: PAS building time 0.006884 secs
L 03/15/2022 - 22:36:30: DEBUG: GameRules found 0xA4FE8D0
L 03/15/2022 - 22:36:30: Changelevel Server (map 'de_train') (maxplayers '20') (use 'global_svs->maxplayers')
L 03/15/2022 - 22:36:30: Building PAS...
L 03/15/2022 - 22:36:30: Average leaves visible / audible / total: 133 / 395 / 1202
L 03/15/2022 - 22:36:30: PAS building time 0.006511 secs
L 03/15/2022 - 23:09:12: DEBUG: GameRules found 0xA4FE8D0
L 03/15/2022 - 23:09:12: Changelevel Server (map 'de_dust2') (maxplayers '20') (use 'global_svs->maxplayers')
L 03/15/2022 - 23:09:12: Building PAS...
L 03/15/2022 - 23:09:12: Average leaves visible / audible / total: 133 / 395 / 1202
L 03/15/2022 - 23:09:12: PAS building time 0.006532 secs
L 03/15/2022 - 23:09:28: DEBUG: GameRules found 0xA4FE8D0
L 03/15/2022 - 23:09:28: Changelevel Server (map 'de_dust2') (maxplayers '20') (use 'global_svs->maxplayers')
L 03/15/2022 - 23:09:28: Building PAS...
L 03/15/2022 - 23:09:28: Average leaves visible / audible / total: 150 / 552 / 1459
L 03/15/2022 - 23:09:28: PAS building time 0.009562 secs
L 03/15/2022 - 23:45:13: DEBUG: GameRules found 0xA4FE8D0
L 03/15/2022 - 23:45:13: Changelevel Server (map 'de_inferno') (maxplayers '20') (use 'global_svs->maxplayers')
L 03/15/2022 - 23:45:13: Building PAS...
L 03/15/2022 - 23:45:13: Average leaves visible / audible / total: 150 / 552 / 1459
L 03/15/2022 - 23:45:13: PAS building time 0.009634 secs
L 03/15/2022 - 23:45:31: DEBUG: GameRules found 0xA4FE8D0
L 03/15/2022 - 23:45:31: Changelevel Server (map 'de_inferno') (maxplayers '20') (use 'global_svs->maxplayers')
L 03/15/2022 - 23:45:31: Building PAS...
L 03/15/2022 - 23:45:31: Average leaves visible / audible / total: 143 / 546 / 1860
L 03/15/2022 - 23:45:31: PAS building time 0.014416 secs
