L 11/15/2022 - 06:15:26: Log file started (file 'cstrike/addons/whblocker/logs/L_15_11_2022.log') (dir 'cstrike') (mod 'Counter-Strike 1.6') (version '1.5.697')
L 11/15/2022 - 06:15:26: Success: Configuration executed.
L 11/15/2022 - 06:15:26: DEBUG: SVS found 0xF740B760
L 11/15/2022 - 06:15:26: DEBUG: SV_CheckTimeouts function FOUND 0xF6FA8DD0
L 11/15/2022 - 06:15:26: DEBUG: client_t address of a structure FOUND 0xF6FA8E01
L 11/15/2022 - 06:15:26: DEBUG: client_t determined the size of a the structure 20216
L 11/15/2022 - 06:15:26: DEBUG: SV_Move function FOUND 0xF6FC74F0
L 11/15/2022 - 06:15:26: DEBUG: m_iId parse member, value is 47
L 11/15/2022 - 06:15:26: DEBUG: m_pActiveItem parse member, value is 378
L 11/15/2022 - 06:15:26: DEBUG: SV_EmitEvents function FOUND 0xF6FA9A30
L 11/15/2022 - 06:15:26: DEBUG: SV_WriteEntitiesToClient function FOUND 0xF6FAB200
L 11/15/2022 - 06:15:26: DEBUG: SV_EmitEvents address was FOUND inside SV_WriteEntitiesToClient function 0xF6FAB4D1
L 11/15/2022 - 06:15:26: DEBUG: SV_EmitEvents function PATCH SUCCEED 0xF6FAB4D1
L 11/15/2022 - 06:15:26: DEBUG: SV_StartSound function FOUND 0xF6FA3410
L 11/15/2022 - 06:15:26: DEBUG: SV_StartSound address was FOUND inside unk_1 function 0xF6F920E5
L 11/15/2022 - 06:15:26: DEBUG: SV_StartSound function PATCH SUCCEED 0xF6F920E5
L 11/15/2022 - 06:15:26: DEBUG: SV_StartSound address was FOUND inside unk_2 function 0xF6FB7599
L 11/15/2022 - 06:15:26: DEBUG: SV_StartSound function PATCH SUCCEED 0xF6FB7599
L 11/15/2022 - 06:15:26: DEBUG: SV_StartSound address was FOUND inside unk_3 function 0xF6FBA83D
L 11/15/2022 - 06:15:26: DEBUG: SV_StartSound function PATCH SUCCEED 0xF6FBA83D
L 11/15/2022 - 06:15:26: DEBUG: SV_StartSound address was FOUND inside unk_4 function 0xF6FBA93E
L 11/15/2022 - 06:15:26: DEBUG: SV_StartSound function PATCH SUCCEED 0xF6FBA93E
L 11/15/2022 - 06:15:26: DEBUG: SV_StartSound address was FOUND inside unk_5 function 0xF6FBB10F
L 11/15/2022 - 06:15:26: DEBUG: SV_StartSound function PATCH SUCCEED 0xF6FBB10F
L 11/15/2022 - 06:15:26: DEBUG: SV_StartSound address was FOUND inside unk_6 function 0xF6FBB1BD
L 11/15/2022 - 06:15:26: DEBUG: SV_StartSound function PATCH SUCCEED 0xF6FBB1BD
L 11/15/2022 - 06:15:26: DEBUG: SV_StartSound address was FOUND inside unk_7 function 0xF6FBB25D
L 11/15/2022 - 06:15:26: DEBUG: SV_StartSound function PATCH SUCCEED 0xF6FBB25D
L 11/15/2022 - 06:15:26: DEBUG: SV_StartSound address was FOUND inside unk_8 function 0xF6FBB2E3
L 11/15/2022 - 06:15:26: DEBUG: SV_StartSound function PATCH SUCCEED 0xF6FBB2E3
L 11/15/2022 - 06:15:26: DEBUG: SV_StartSound address was FOUND inside unk_9 function 0xF6FBB335
L 11/15/2022 - 06:15:26: DEBUG: SV_StartSound function PATCH SUCCEED 0xF6FBB335
L 11/15/2022 - 06:15:26: DEBUG: SV_StartSound address was FOUND inside unk_10 function 0xF6FBB37C
L 11/15/2022 - 06:15:26: DEBUG: SV_StartSound function PATCH SUCCEED 0xF6FBB37C
L 11/15/2022 - 06:15:26: DEBUG: SV_StartSound address was FOUND inside unk_11 function 0xF6FBB3C3
L 11/15/2022 - 06:15:26: DEBUG: SV_StartSound function PATCH SUCCEED 0xF6FBB3C3
L 11/15/2022 - 06:15:26: DEBUG: SV_StartSound address was FOUND inside unk_12 function 0xF6FBB412
L 11/15/2022 - 06:15:26: DEBUG: SV_StartSound function PATCH SUCCEED 0xF6FBB412
L 11/15/2022 - 06:15:26: DEBUG: PF_Remove_I function FOUND 0xF6F937B0
L 11/15/2022 - 06:15:26: DEBUG: ED_Free address was FOUND inside PF_Remove_I function 0xF6F937B0
L 11/15/2022 - 06:15:26: DEBUG: ED_Free function PATCH SUCCEED 0xF6F937B0
L 11/15/2022 - 06:15:26: DEBUG: PF_BuildSoundMsg_I function FOUND 0xF6F96940
L 11/15/2022 - 06:15:26: DEBUG: PF_BuildSoundMsg_I patch address to inside function in PF_BuildSoundMsg_I PATCH SUCCEED 0xF6F96940
L 11/15/2022 - 06:15:26: DEBUG: MSG_StartBitWriting function FOUND 0xF6F65EA0
L 11/15/2022 - 06:15:26: DEBUG: MSG_WriteBits function FOUND 0xF6F67040
L 11/15/2022 - 06:15:26: DEBUG: MSG_WriteBitVec3Coord function FOUND 0xF6F67CB0
L 11/15/2022 - 06:15:26: DEBUG: MSG_EndBitWriting function FOUND 0xF6F67750
L 11/15/2022 - 06:15:26: DEBUG: SV_LookupSoundIndex function FOUND 0xF6FA2B40
L 11/15/2022 - 06:15:26: DEBUG: SZ_GetSpace function FOUND 0xF6F66F20
L 11/15/2022 - 06:15:26: Success: Patch executed.
L 11/15/2022 - 06:15:26: PrivateData Offsets: ->
pev			- '0'
vtable			- '8'
playership		- '53'
m_iId			- '47'
m_pActiveItem		- '378'
m_blindStartTime	- '520'
m_blindHoldTime		- '521'
m_blindAlpha		- '523'
L 11/15/2022 - 06:15:26: Success: Build HLDS version defined Linux '8308' (cstrike)
L 11/15/2022 - 06:15:26: Settings: -> 
debug		- '3'
esp		- '1'
smooth		- '1'
smoothout	- '1'
smoothent	- '45'
decalfix	- '1'
antinoflash	- '1'
alphaflash	- '255'
team		- '0'
fov		- '1'
solid		- '2'
barrel		- '1'
blockent	- '1'
hlfix		- '0'
metacall	- '1'
blocktype	- '0'
skytrace	- '1'
revis		- '0'
L 11/15/2022 - 06:15:26: Building PAS...
L 11/15/2022 - 06:15:26: Average leaves visible / audible / total: 48 / 92 / 97
L 11/15/2022 - 06:15:26: PAS building time 0.000227 secs
L 11/15/2022 - 06:15:27: DEBUG: GameRules found 0x9D67530
L 11/15/2022 - 06:15:27: Changelevel Server (map 'cs_bloodstrike') (maxplayers '16') (use 'global_svs->maxplayers')
L 11/15/2022 - 06:15:27: Building PAS...
L 11/15/2022 - 06:15:27: Average leaves visible / audible / total: 133 / 395 / 1202
L 11/15/2022 - 06:15:27: PAS building time 0.007606 secs
L 11/15/2022 - 22:36:32: DEBUG: GameRules found 0x9D67530
L 11/15/2022 - 22:36:32: Changelevel Server (map 'de_dust2') (maxplayers '16') (use 'global_svs->maxplayers')
L 11/15/2022 - 22:36:32: Building PAS...
L 11/15/2022 - 22:36:32: Average leaves visible / audible / total: 150 / 552 / 1459
L 11/15/2022 - 22:36:32: PAS building time 0.011606 secs
L 11/15/2022 - 22:38:39: DEBUG: GameRules found 0x9D67530
L 11/15/2022 - 22:38:39: Changelevel Server (map 'de_inferno') (maxplayers '16') (use 'global_svs->maxplayers')
L 11/15/2022 - 22:38:39: Building PAS...
L 11/15/2022 - 22:38:39: Average leaves visible / audible / total: 151 / 385 / 1238
L 11/15/2022 - 22:38:39: PAS building time 0.008232 secs
L 11/15/2022 - 23:22:59: DEBUG: GameRules found 0x9E5BE28
L 11/15/2022 - 23:22:59: Changelevel Server (map 'de_train') (maxplayers '16') (use 'global_svs->maxplayers')
