L 01/16/2022 - 00:22:50: Log file started (file 'cstrike/addons/whblocker/logs/L_16_01_2022.log') (dir 'cstrike') (mod 'Counter-Strike 1.6') (version '1.5.697')
L 01/16/2022 - 00:22:50: DEBUG: GameRules found 0xA0CAA68
L 01/16/2022 - 00:22:50: Changelevel Server (map 'de_nuke') (maxplayers '20') (use 'global_svs->maxplayers')
L 01/16/2022 - 22:02:38: Success: Configuration executed.
L 01/16/2022 - 22:02:38: DEBUG: SVS found 0xF738A760
L 01/16/2022 - 22:02:38: DEBUG: SV_CheckTimeouts function FOUND 0xF6F27DD0
L 01/16/2022 - 22:02:38: DEBUG: client_t address of a structure FOUND 0xF6F27E01
L 01/16/2022 - 22:02:38: DEBUG: client_t determined the size of a the structure 20216
L 01/16/2022 - 22:02:38: DEBUG: SV_Move function FOUND 0xF6F464F0
L 01/16/2022 - 22:02:38: DEBUG: m_iId parse member, value is 47
L 01/16/2022 - 22:02:38: DEBUG: m_pActiveItem parse member, value is 378
L 01/16/2022 - 22:02:38: DEBUG: SV_EmitEvents function FOUND 0xF6F28A30
L 01/16/2022 - 22:02:38: DEBUG: SV_WriteEntitiesToClient function FOUND 0xF6F2A200
L 01/16/2022 - 22:02:38: DEBUG: SV_EmitEvents address was FOUND inside SV_WriteEntitiesToClient function 0xF6F2A4D1
L 01/16/2022 - 22:02:38: DEBUG: SV_EmitEvents function PATCH SUCCEED 0xF6F2A4D1
L 01/16/2022 - 22:02:38: DEBUG: SV_StartSound function FOUND 0xF6F22410
L 01/16/2022 - 22:02:38: DEBUG: SV_StartSound address was FOUND inside unk_1 function 0xF6F110E5
L 01/16/2022 - 22:02:38: DEBUG: SV_StartSound function PATCH SUCCEED 0xF6F110E5
L 01/16/2022 - 22:02:38: DEBUG: SV_StartSound address was FOUND inside unk_2 function 0xF6F36599
L 01/16/2022 - 22:02:38: DEBUG: SV_StartSound function PATCH SUCCEED 0xF6F36599
L 01/16/2022 - 22:02:38: DEBUG: SV_StartSound address was FOUND inside unk_3 function 0xF6F3983D
L 01/16/2022 - 22:02:38: DEBUG: SV_StartSound function PATCH SUCCEED 0xF6F3983D
L 01/16/2022 - 22:02:38: DEBUG: SV_StartSound address was FOUND inside unk_4 function 0xF6F3993E
L 01/16/2022 - 22:02:38: DEBUG: SV_StartSound function PATCH SUCCEED 0xF6F3993E
L 01/16/2022 - 22:02:38: DEBUG: SV_StartSound address was FOUND inside unk_5 function 0xF6F3A10F
L 01/16/2022 - 22:02:38: DEBUG: SV_StartSound function PATCH SUCCEED 0xF6F3A10F
L 01/16/2022 - 22:02:38: DEBUG: SV_StartSound address was FOUND inside unk_6 function 0xF6F3A1BD
L 01/16/2022 - 22:02:38: DEBUG: SV_StartSound function PATCH SUCCEED 0xF6F3A1BD
L 01/16/2022 - 22:02:38: DEBUG: SV_StartSound address was FOUND inside unk_7 function 0xF6F3A25D
L 01/16/2022 - 22:02:38: DEBUG: SV_StartSound function PATCH SUCCEED 0xF6F3A25D
L 01/16/2022 - 22:02:38: DEBUG: SV_StartSound address was FOUND inside unk_8 function 0xF6F3A2E3
L 01/16/2022 - 22:02:38: DEBUG: SV_StartSound function PATCH SUCCEED 0xF6F3A2E3
L 01/16/2022 - 22:02:38: DEBUG: SV_StartSound address was FOUND inside unk_9 function 0xF6F3A335
L 01/16/2022 - 22:02:38: DEBUG: SV_StartSound function PATCH SUCCEED 0xF6F3A335
L 01/16/2022 - 22:02:38: DEBUG: SV_StartSound address was FOUND inside unk_10 function 0xF6F3A37C
L 01/16/2022 - 22:02:38: DEBUG: SV_StartSound function PATCH SUCCEED 0xF6F3A37C
L 01/16/2022 - 22:02:38: DEBUG: SV_StartSound address was FOUND inside unk_11 function 0xF6F3A3C3
L 01/16/2022 - 22:02:38: DEBUG: SV_StartSound function PATCH SUCCEED 0xF6F3A3C3
L 01/16/2022 - 22:02:38: DEBUG: SV_StartSound address was FOUND inside unk_12 function 0xF6F3A412
L 01/16/2022 - 22:02:38: DEBUG: SV_StartSound function PATCH SUCCEED 0xF6F3A412
L 01/16/2022 - 22:02:38: DEBUG: PF_Remove_I function FOUND 0xF6F127B0
L 01/16/2022 - 22:02:38: DEBUG: ED_Free address was FOUND inside PF_Remove_I function 0xF6F127B0
L 01/16/2022 - 22:02:38: DEBUG: ED_Free function PATCH SUCCEED 0xF6F127B0
L 01/16/2022 - 22:02:38: DEBUG: PF_BuildSoundMsg_I function FOUND 0xF6F15940
L 01/16/2022 - 22:02:38: DEBUG: PF_BuildSoundMsg_I patch address to inside function in PF_BuildSoundMsg_I PATCH SUCCEED 0xF6F15940
L 01/16/2022 - 22:02:38: DEBUG: MSG_StartBitWriting function FOUND 0xF6EE4EA0
L 01/16/2022 - 22:02:38: DEBUG: MSG_WriteBits function FOUND 0xF6EE6040
L 01/16/2022 - 22:02:38: DEBUG: MSG_WriteBitVec3Coord function FOUND 0xF6EE6CB0
L 01/16/2022 - 22:02:38: DEBUG: MSG_EndBitWriting function FOUND 0xF6EE6750
L 01/16/2022 - 22:02:38: DEBUG: SV_LookupSoundIndex function FOUND 0xF6F21B40
L 01/16/2022 - 22:02:38: DEBUG: SZ_GetSpace function FOUND 0xF6EE5F20
L 01/16/2022 - 22:02:38: Success: Patch executed.
L 01/16/2022 - 22:02:38: PrivateData Offsets: ->
pev			- '0'
vtable			- '8'
playership		- '53'
m_iId			- '47'
m_pActiveItem		- '378'
m_blindStartTime	- '520'
m_blindHoldTime		- '521'
m_blindAlpha		- '523'
L 01/16/2022 - 22:02:38: Success: Build HLDS version defined Linux '8308' (cstrike)
L 01/16/2022 - 22:02:38: Settings: -> 
debug		- '3'
esp		- '1'
smooth		- '1'
smoothout	- '1'
smoothent	- '45'
decalfix	- '1'
antinoflash	- '1'
alphaflash	- '255'
team		- '0'
fov		- '1'
solid		- '2'
barrel		- '1'
blockent	- '1'
hlfix		- '0'
metacall	- '1'
blocktype	- '0'
skytrace	- '1'
revis		- '0'
L 01/16/2022 - 22:02:38: Building PAS...
L 01/16/2022 - 22:02:38: Average leaves visible / audible / total: 48 / 92 / 97
L 01/16/2022 - 22:02:38: PAS building time 0.000174 secs
L 01/16/2022 - 22:02:39: DEBUG: GameRules found 0xA829058
L 01/16/2022 - 22:02:39: Changelevel Server (map 'cs_bloodstrike') (maxplayers '20') (use 'global_svs->maxplayers')
L 01/16/2022 - 22:02:39: Building PAS...
L 01/16/2022 - 22:02:39: Average leaves visible / audible / total: 48 / 92 / 97
L 01/16/2022 - 22:02:39: PAS building time 0.000153 secs
L 01/16/2022 - 22:15:14: DEBUG: GameRules found 0xA829058
L 01/16/2022 - 22:15:14: Changelevel Server (map 'cs_bloodstrike') (maxplayers '20') (use 'global_svs->maxplayers')
L 01/16/2022 - 22:15:14: Building PAS...
L 01/16/2022 - 22:15:14: Average leaves visible / audible / total: 133 / 395 / 1202
L 01/16/2022 - 22:15:14: PAS building time 0.006531 secs
L 01/16/2022 - 22:44:16: DEBUG: GameRules found 0xA8C2990
L 01/16/2022 - 22:44:16: Changelevel Server (map 'de_dust2') (maxplayers '20') (use 'global_svs->maxplayers')
L 01/16/2022 - 22:44:16: Building PAS...
L 01/16/2022 - 22:44:16: Average leaves visible / audible / total: 150 / 552 / 1459
L 01/16/2022 - 22:44:16: PAS building time 0.009522 secs
L 01/16/2022 - 23:15:28: DEBUG: GameRules found 0xA8C2990
L 01/16/2022 - 23:15:28: Changelevel Server (map 'de_inferno') (maxplayers '20') (use 'global_svs->maxplayers')
L 01/16/2022 - 23:15:28: Building PAS...
L 01/16/2022 - 23:15:28: Average leaves visible / audible / total: 151 / 385 / 1238
L 01/16/2022 - 23:15:28: PAS building time 0.006822 secs
L 01/16/2022 - 23:15:40: DEBUG: GameRules found 0xA853620
L 01/16/2022 - 23:15:40: Changelevel Server (map 'de_train') (maxplayers '20') (use 'global_svs->maxplayers')
L 01/16/2022 - 23:15:40: Building PAS...
L 01/16/2022 - 23:15:40: Average leaves visible / audible / total: 150 / 552 / 1459
L 01/16/2022 - 23:15:40: PAS building time 0.009537 secs
L 01/16/2022 - 23:53:10: DEBUG: GameRules found 0xA853620
L 01/16/2022 - 23:53:10: Changelevel Server (map 'de_inferno') (maxplayers '20') (use 'global_svs->maxplayers')
L 01/16/2022 - 23:53:10: Building PAS...
L 01/16/2022 - 23:53:10: Average leaves visible / audible / total: 151 / 385 / 1238
L 01/16/2022 - 23:53:10: PAS building time 0.006843 secs
