L 03/16/2022 - 00:18:15: Log file started (file 'cstrike/addons/whblocker/logs/L_16_03_2022.log') (dir 'cstrike') (mod 'Counter-Strike 1.6') (version '1.5.697')
L 03/16/2022 - 00:18:15: DEBUG: GameRules found 0xA4FE8D0
L 03/16/2022 - 00:18:15: Changelevel Server (map 'de_nuke') (maxplayers '20') (use 'global_svs->maxplayers')
L 03/16/2022 - 00:18:15: Building PAS...
L 03/16/2022 - 00:18:15: Average leaves visible / audible / total: 151 / 385 / 1238
L 03/16/2022 - 00:18:15: PAS building time 0.00689 secs
L 03/16/2022 - 00:53:15: DEBUG: GameRules found 0xA4FE8D0
L 03/16/2022 - 00:53:15: Changelevel Server (map 'de_train') (maxplayers '20') (use 'global_svs->maxplayers')
L 03/16/2022 - 00:53:15: Building PAS...
L 03/16/2022 - 00:53:15: Average leaves visible / audible / total: 133 / 395 / 1202
L 03/16/2022 - 00:53:15: PAS building time 0.006516 secs
L 03/16/2022 - 01:33:41: DEBUG: GameRules found 0xA4FE8D0
L 03/16/2022 - 01:33:41: Changelevel Server (map 'de_dust2') (maxplayers '20') (use 'global_svs->maxplayers')
L 03/16/2022 - 01:33:41: Building PAS...
L 03/16/2022 - 01:33:41: Average leaves visible / audible / total: 133 / 395 / 1202
L 03/16/2022 - 01:33:41: PAS building time 0.006577 secs
L 03/16/2022 - 01:35:22: DEBUG: GameRules found 0xA4FE8D0
L 03/16/2022 - 01:35:22: Changelevel Server (map 'de_dust2') (maxplayers '20') (use 'global_svs->maxplayers')
L 03/16/2022 - 01:35:22: Building PAS...
L 03/16/2022 - 01:35:22: Average leaves visible / audible / total: 48 / 92 / 97
L 03/16/2022 - 01:35:22: PAS building time 0.000203 secs
L 03/16/2022 - 01:37:56: DEBUG: GameRules found 0xA4FE8D0
L 03/16/2022 - 01:37:56: Changelevel Server (map 'cs_bloodstrike') (maxplayers '20') (use 'global_svs->maxplayers')
L 03/16/2022 - 01:37:56: Building PAS...
L 03/16/2022 - 01:37:56: Average leaves visible / audible / total: 133 / 395 / 1202
L 03/16/2022 - 01:37:56: PAS building time 0.006563 secs
L 03/16/2022 - 21:35:24: DEBUG: GameRules found 0xA4FE8D0
L 03/16/2022 - 21:35:24: Changelevel Server (map 'de_dust2') (maxplayers '20') (use 'global_svs->maxplayers')
L 03/16/2022 - 21:35:24: Building PAS...
L 03/16/2022 - 21:35:24: Average leaves visible / audible / total: 133 / 395 / 1202
L 03/16/2022 - 21:35:24: PAS building time 0.006542 secs
L 03/16/2022 - 21:37:49: DEBUG: GameRules found 0xA4FE8D0
L 03/16/2022 - 21:37:49: Changelevel Server (map 'de_dust2') (maxplayers '20') (use 'global_svs->maxplayers')
L 03/16/2022 - 21:37:49: Building PAS...
L 03/16/2022 - 21:37:49: Average leaves visible / audible / total: 133 / 395 / 1202
L 03/16/2022 - 21:37:49: PAS building time 0.006578 secs
L 03/16/2022 - 21:39:27: DEBUG: GameRules found 0xA4FE8D0
L 03/16/2022 - 21:39:27: Changelevel Server (map 'de_dust2') (maxplayers '20') (use 'global_svs->maxplayers')
L 03/16/2022 - 21:39:27: Building PAS...
L 03/16/2022 - 21:39:27: Average leaves visible / audible / total: 150 / 552 / 1459
L 03/16/2022 - 21:39:27: PAS building time 0.009635 secs
L 03/16/2022 - 22:22:46: DEBUG: GameRules found 0xA4FE8D0
L 03/16/2022 - 22:22:46: Changelevel Server (map 'de_inferno') (maxplayers '20') (use 'global_svs->maxplayers')
L 03/16/2022 - 22:22:46: Building PAS...
L 03/16/2022 - 22:22:46: Average leaves visible / audible / total: 48 / 92 / 97
L 03/16/2022 - 22:22:46: PAS building time 0.000165 secs
L 03/16/2022 - 22:23:14: DEBUG: GameRules found 0xA4FE8D0
L 03/16/2022 - 22:23:14: Changelevel Server (map 'cs_bloodstrike') (maxplayers '20') (use 'global_svs->maxplayers')
L 03/16/2022 - 22:23:14: Building PAS...
L 03/16/2022 - 22:23:14: Average leaves visible / audible / total: 150 / 552 / 1459
L 03/16/2022 - 22:23:14: PAS building time 0.009569 secs
L 03/16/2022 - 22:23:29: DEBUG: GameRules found 0xA4FE8D0
L 03/16/2022 - 22:23:29: Changelevel Server (map 'de_inferno') (maxplayers '20') (use 'global_svs->maxplayers')
L 03/16/2022 - 22:23:29: Building PAS...
L 03/16/2022 - 22:23:29: Average leaves visible / audible / total: 143 / 546 / 1860
L 03/16/2022 - 22:23:29: PAS building time 0.014425 secs
L 03/16/2022 - 23:09:23: DEBUG: GameRules found 0xA4FE8D0
L 03/16/2022 - 23:09:23: Changelevel Server (map 'de_nuke') (maxplayers '20') (use 'global_svs->maxplayers')
L 03/16/2022 - 23:09:23: Building PAS...
L 03/16/2022 - 23:09:23: Average leaves visible / audible / total: 151 / 385 / 1238
L 03/16/2022 - 23:09:23: PAS building time 0.006889 secs
L 03/16/2022 - 23:43:03: DEBUG: GameRules found 0xA4FE8D0
L 03/16/2022 - 23:43:03: Changelevel Server (map 'de_train') (maxplayers '20') (use 'global_svs->maxplayers')
L 03/16/2022 - 23:43:03: Building PAS...
L 03/16/2022 - 23:43:03: Average leaves visible / audible / total: 48 / 92 / 97
L 03/16/2022 - 23:43:03: PAS building time 0.000201 secs
L 03/16/2022 - 23:45:33: DEBUG: GameRules found 0xA4FE8D0
L 03/16/2022 - 23:45:33: Changelevel Server (map 'cs_bloodstrike') (maxplayers '20') (use 'global_svs->maxplayers')
L 03/16/2022 - 23:45:33: Building PAS...
L 03/16/2022 - 23:45:33: Average leaves visible / audible / total: 151 / 385 / 1238
L 03/16/2022 - 23:45:33: PAS building time 0.006927 secs
L 03/16/2022 - 23:47:28: DEBUG: GameRules found 0xA4FE8D0
L 03/16/2022 - 23:47:28: Changelevel Server (map 'de_train') (maxplayers '20') (use 'global_svs->maxplayers')
L 03/16/2022 - 23:47:28: Building PAS...
L 03/16/2022 - 23:47:28: Average leaves visible / audible / total: 133 / 395 / 1202
L 03/16/2022 - 23:47:28: PAS building time 0.006526 secs
