L 10/16/2022 - 01:32:48: Log file started (file 'cstrike/addons/whblocker/logs/L_16_10_2022.log') (dir 'cstrike') (mod 'Counter-Strike 1.6') (version '1.5.697')
L 10/16/2022 - 01:32:48: DEBUG: GameRules found 0xA2F9D90
L 10/16/2022 - 01:32:48: Changelevel Server (map 'de_nuke') (maxplayers '20') (use 'global_svs->maxplayers')
L 10/16/2022 - 01:32:48: Building PAS...
L 10/16/2022 - 01:32:48: Average leaves visible / audible / total: 48 / 92 / 97
L 10/16/2022 - 01:32:48: PAS building time 0.000169 secs
L 10/16/2022 - 20:23:41: DEBUG: GameRules found 0xA2F9D90
L 10/16/2022 - 20:23:41: Changelevel Server (map 'cs_bloodstrike') (maxplayers '20') (use 'global_svs->maxplayers')
L 10/16/2022 - 20:23:41: Building PAS...
L 10/16/2022 - 20:23:41: Average leaves visible / audible / total: 133 / 395 / 1202
L 10/16/2022 - 20:23:41: PAS building time 0.00679 secs
L 10/16/2022 - 21:01:39: DEBUG: GameRules found 0xA2F9D90
L 10/16/2022 - 21:01:39: Changelevel Server (map 'de_dust2') (maxplayers '20') (use 'global_svs->maxplayers')
L 10/16/2022 - 21:01:39: Building PAS...
L 10/16/2022 - 21:01:39: Average leaves visible / audible / total: 150 / 552 / 1459
L 10/16/2022 - 21:01:39: PAS building time 0.010008 secs
L 10/16/2022 - 22:09:08: DEBUG: GameRules found 0xA2F9D90
L 10/16/2022 - 22:09:08: Changelevel Server (map 'de_inferno') (maxplayers '20') (use 'global_svs->maxplayers')
L 10/16/2022 - 22:09:08: Building PAS...
L 10/16/2022 - 22:09:08: Average leaves visible / audible / total: 143 / 546 / 1860
L 10/16/2022 - 22:09:08: PAS building time 0.015084 secs
L 10/16/2022 - 22:30:31: DEBUG: GameRules found 0xA2F9D90
L 10/16/2022 - 22:30:31: Changelevel Server (map 'de_nuke') (maxplayers '20') (use 'global_svs->maxplayers')
L 10/16/2022 - 22:30:31: Building PAS...
L 10/16/2022 - 22:30:31: Average leaves visible / audible / total: 151 / 385 / 1238
L 10/16/2022 - 22:30:31: PAS building time 0.007937 secs
L 10/16/2022 - 22:53:29: DEBUG: GameRules found 0xA2F9D90
L 10/16/2022 - 22:53:29: Changelevel Server (map 'de_train') (maxplayers '20') (use 'global_svs->maxplayers')
