L 11/17/2022 - 00:06:27: Log file started (file 'cstrike/addons/whblocker/logs/L_17_11_2022.log') (dir 'cstrike') (mod 'Counter-Strike 1.6') (version '1.5.697')
L 11/17/2022 - 00:06:27: DEBUG: GameRules found 0xA6DA5E8
L 11/17/2022 - 00:06:27: Changelevel Server (map 'de_train') (maxplayers '16') (use 'global_svs->maxplayers')
L 11/17/2022 - 06:15:26: Success: Configuration executed.
L 11/17/2022 - 06:15:26: DEBUG: SVS found 0xF736B760
L 11/17/2022 - 06:15:26: DEBUG: SV_CheckTimeouts function FOUND 0xF6F08DD0
L 11/17/2022 - 06:15:26: DEBUG: client_t address of a structure FOUND 0xF6F08E01
L 11/17/2022 - 06:15:26: DEBUG: client_t determined the size of a the structure 20216
L 11/17/2022 - 06:15:26: DEBUG: SV_Move function FOUND 0xF6F274F0
L 11/17/2022 - 06:15:26: DEBUG: m_iId parse member, value is 47
L 11/17/2022 - 06:15:26: DEBUG: m_pActiveItem parse member, value is 378
L 11/17/2022 - 06:15:26: DEBUG: SV_EmitEvents function FOUND 0xF6F09A30
L 11/17/2022 - 06:15:26: DEBUG: SV_WriteEntitiesToClient function FOUND 0xF6F0B200
L 11/17/2022 - 06:15:26: DEBUG: SV_EmitEvents address was FOUND inside SV_WriteEntitiesToClient function 0xF6F0B4D1
L 11/17/2022 - 06:15:26: DEBUG: SV_EmitEvents function PATCH SUCCEED 0xF6F0B4D1
L 11/17/2022 - 06:15:26: DEBUG: SV_StartSound function FOUND 0xF6F03410
L 11/17/2022 - 06:15:26: DEBUG: SV_StartSound address was FOUND inside unk_1 function 0xF6EF20E5
L 11/17/2022 - 06:15:26: DEBUG: SV_StartSound function PATCH SUCCEED 0xF6EF20E5
L 11/17/2022 - 06:15:26: DEBUG: SV_StartSound address was FOUND inside unk_2 function 0xF6F17599
L 11/17/2022 - 06:15:26: DEBUG: SV_StartSound function PATCH SUCCEED 0xF6F17599
L 11/17/2022 - 06:15:26: DEBUG: SV_StartSound address was FOUND inside unk_3 function 0xF6F1A83D
L 11/17/2022 - 06:15:26: DEBUG: SV_StartSound function PATCH SUCCEED 0xF6F1A83D
L 11/17/2022 - 06:15:26: DEBUG: SV_StartSound address was FOUND inside unk_4 function 0xF6F1A93E
L 11/17/2022 - 06:15:26: DEBUG: SV_StartSound function PATCH SUCCEED 0xF6F1A93E
L 11/17/2022 - 06:15:26: DEBUG: SV_StartSound address was FOUND inside unk_5 function 0xF6F1B10F
L 11/17/2022 - 06:15:26: DEBUG: SV_StartSound function PATCH SUCCEED 0xF6F1B10F
L 11/17/2022 - 06:15:26: DEBUG: SV_StartSound address was FOUND inside unk_6 function 0xF6F1B1BD
L 11/17/2022 - 06:15:26: DEBUG: SV_StartSound function PATCH SUCCEED 0xF6F1B1BD
L 11/17/2022 - 06:15:26: DEBUG: SV_StartSound address was FOUND inside unk_7 function 0xF6F1B25D
L 11/17/2022 - 06:15:26: DEBUG: SV_StartSound function PATCH SUCCEED 0xF6F1B25D
L 11/17/2022 - 06:15:26: DEBUG: SV_StartSound address was FOUND inside unk_8 function 0xF6F1B2E3
L 11/17/2022 - 06:15:26: DEBUG: SV_StartSound function PATCH SUCCEED 0xF6F1B2E3
L 11/17/2022 - 06:15:26: DEBUG: SV_StartSound address was FOUND inside unk_9 function 0xF6F1B335
L 11/17/2022 - 06:15:26: DEBUG: SV_StartSound function PATCH SUCCEED 0xF6F1B335
L 11/17/2022 - 06:15:26: DEBUG: SV_StartSound address was FOUND inside unk_10 function 0xF6F1B37C
L 11/17/2022 - 06:15:26: DEBUG: SV_StartSound function PATCH SUCCEED 0xF6F1B37C
L 11/17/2022 - 06:15:26: DEBUG: SV_StartSound address was FOUND inside unk_11 function 0xF6F1B3C3
L 11/17/2022 - 06:15:26: DEBUG: SV_StartSound function PATCH SUCCEED 0xF6F1B3C3
L 11/17/2022 - 06:15:26: DEBUG: SV_StartSound address was FOUND inside unk_12 function 0xF6F1B412
L 11/17/2022 - 06:15:26: DEBUG: SV_StartSound function PATCH SUCCEED 0xF6F1B412
L 11/17/2022 - 06:15:26: DEBUG: PF_Remove_I function FOUND 0xF6EF37B0
L 11/17/2022 - 06:15:26: DEBUG: ED_Free address was FOUND inside PF_Remove_I function 0xF6EF37B0
L 11/17/2022 - 06:15:26: DEBUG: ED_Free function PATCH SUCCEED 0xF6EF37B0
L 11/17/2022 - 06:15:26: DEBUG: PF_BuildSoundMsg_I function FOUND 0xF6EF6940
L 11/17/2022 - 06:15:26: DEBUG: PF_BuildSoundMsg_I patch address to inside function in PF_BuildSoundMsg_I PATCH SUCCEED 0xF6EF6940
L 11/17/2022 - 06:15:26: DEBUG: MSG_StartBitWriting function FOUND 0xF6EC5EA0
L 11/17/2022 - 06:15:26: DEBUG: MSG_WriteBits function FOUND 0xF6EC7040
L 11/17/2022 - 06:15:26: DEBUG: MSG_WriteBitVec3Coord function FOUND 0xF6EC7CB0
L 11/17/2022 - 06:15:26: DEBUG: MSG_EndBitWriting function FOUND 0xF6EC7750
L 11/17/2022 - 06:15:26: DEBUG: SV_LookupSoundIndex function FOUND 0xF6F02B40
L 11/17/2022 - 06:15:26: DEBUG: SZ_GetSpace function FOUND 0xF6EC6F20
L 11/17/2022 - 06:15:26: Success: Patch executed.
L 11/17/2022 - 06:15:26: PrivateData Offsets: ->
pev			- '0'
vtable			- '8'
playership		- '53'
m_iId			- '47'
m_pActiveItem		- '378'
m_blindStartTime	- '520'
m_blindHoldTime		- '521'
m_blindAlpha		- '523'
L 11/17/2022 - 06:15:26: Success: Build HLDS version defined Linux '8308' (cstrike)
L 11/17/2022 - 06:15:26: Settings: -> 
debug		- '3'
esp		- '1'
smooth		- '1'
smoothout	- '1'
smoothent	- '45'
decalfix	- '1'
antinoflash	- '1'
alphaflash	- '255'
team		- '0'
fov		- '1'
solid		- '2'
barrel		- '1'
blockent	- '1'
hlfix		- '0'
metacall	- '1'
blocktype	- '0'
skytrace	- '1'
revis		- '0'
L 11/17/2022 - 06:15:26: Building PAS...
L 11/17/2022 - 06:15:26: Average leaves visible / audible / total: 48 / 92 / 97
L 11/17/2022 - 06:15:26: PAS building time 0.000217 secs
L 11/17/2022 - 06:15:27: DEBUG: GameRules found 0xA3D33A0
L 11/17/2022 - 06:15:27: Changelevel Server (map 'cs_bloodstrike') (maxplayers '16') (use 'global_svs->maxplayers')
L 11/17/2022 - 06:15:27: Building PAS...
L 11/17/2022 - 06:15:27: Average leaves visible / audible / total: 133 / 395 / 1202
L 11/17/2022 - 06:15:27: PAS building time 0.007909 secs
L 11/17/2022 - 21:57:20: DEBUG: GameRules found 0xA3D33A0
L 11/17/2022 - 21:57:20: Changelevel Server (map 'de_dust2') (maxplayers '16') (use 'global_svs->maxplayers')
L 11/17/2022 - 21:57:20: Building PAS...
L 11/17/2022 - 21:57:20: Average leaves visible / audible / total: 150 / 552 / 1459
L 11/17/2022 - 21:57:20: PAS building time 0.011989 secs
L 11/17/2022 - 22:29:25: DEBUG: GameRules found 0xA3D33A0
L 11/17/2022 - 22:29:25: Changelevel Server (map 'de_inferno') (maxplayers '16') (use 'global_svs->maxplayers')
L 11/17/2022 - 22:29:25: Building PAS...
L 11/17/2022 - 22:29:25: Average leaves visible / audible / total: 151 / 385 / 1238
L 11/17/2022 - 22:29:25: PAS building time 0.010262 secs
L 11/17/2022 - 23:10:08: DEBUG: GameRules found 0xA45A430
L 11/17/2022 - 23:10:08: Changelevel Server (map 'de_train') (maxplayers '16') (use 'global_svs->maxplayers')
L 11/17/2022 - 23:10:08: Building PAS...
L 11/17/2022 - 23:10:08: Average leaves visible / audible / total: 143 / 546 / 1860
L 11/17/2022 - 23:10:08: PAS building time 0.017027 secs
L 11/17/2022 - 23:41:14: DEBUG: GameRules found 0xA45A430
L 11/17/2022 - 23:41:14: Changelevel Server (map 'de_nuke') (maxplayers '16') (use 'global_svs->maxplayers')
L 11/17/2022 - 23:41:14: Building PAS...
L 11/17/2022 - 23:41:14: Average leaves visible / audible / total: 143 / 546 / 1860
L 11/17/2022 - 23:41:14: PAS building time 0.01828 secs
L 11/17/2022 - 23:42:46: DEBUG: GameRules found 0xA45A430
L 11/17/2022 - 23:42:46: Changelevel Server (map 'de_nuke') (maxplayers '16') (use 'global_svs->maxplayers')
L 11/17/2022 - 23:42:46: Building PAS...
L 11/17/2022 - 23:42:46: Average leaves visible / audible / total: 133 / 395 / 1202
L 11/17/2022 - 23:42:46: PAS building time 0.007817 secs
