L 02/17/2022 - 00:11:06: Log file started (file 'cstrike/addons/whblocker/logs/L_17_02_2022.log') (dir 'cstrike') (mod 'Counter-Strike 1.6') (version '1.5.697')
L 02/17/2022 - 00:11:06: DEBUG: GameRules found 0xA4FE8D0
L 02/17/2022 - 00:11:06: Changelevel Server (map 'de_dust2') (maxplayers '20') (use 'global_svs->maxplayers')
L 02/17/2022 - 00:11:06: Building PAS...
L 02/17/2022 - 00:11:06: Average leaves visible / audible / total: 150 / 552 / 1459
L 02/17/2022 - 00:11:06: PAS building time 0.009578 secs
L 02/17/2022 - 00:40:23: DEBUG: GameRules found 0xA4FE8D0
L 02/17/2022 - 00:40:23: Changelevel Server (map 'de_inferno') (maxplayers '20') (use 'global_svs->maxplayers')
L 02/17/2022 - 00:40:23: Building PAS...
L 02/17/2022 - 00:40:23: Average leaves visible / audible / total: 48 / 92 / 97
L 02/17/2022 - 00:40:23: PAS building time 0.000158 secs
L 02/17/2022 - 19:34:25: DEBUG: GameRules found 0xA4FE8D0
L 02/17/2022 - 19:34:25: Changelevel Server (map 'cs_bloodstrike') (maxplayers '20') (use 'global_svs->maxplayers')
L 02/17/2022 - 19:34:25: Building PAS...
L 02/17/2022 - 19:34:25: Average leaves visible / audible / total: 48 / 92 / 97
L 02/17/2022 - 19:34:25: PAS building time 0.000183 secs
L 02/17/2022 - 19:34:37: DEBUG: GameRules found 0xA4FE8D0
L 02/17/2022 - 19:34:37: Changelevel Server (map 'cs_bloodstrike') (maxplayers '20') (use 'global_svs->maxplayers')
L 02/17/2022 - 19:34:37: Building PAS...
L 02/17/2022 - 19:34:37: Average leaves visible / audible / total: 133 / 395 / 1202
L 02/17/2022 - 19:34:37: PAS building time 0.006598 secs
L 02/17/2022 - 20:42:04: DEBUG: GameRules found 0xA4FE8D0
L 02/17/2022 - 20:42:04: Changelevel Server (map 'de_dust2') (maxplayers '20') (use 'global_svs->maxplayers')
L 02/17/2022 - 20:42:04: Building PAS...
L 02/17/2022 - 20:42:04: Average leaves visible / audible / total: 150 / 552 / 1459
L 02/17/2022 - 20:42:04: PAS building time 0.009516 secs
L 02/17/2022 - 21:21:47: DEBUG: GameRules found 0xA4FE8D0
L 02/17/2022 - 21:21:47: Changelevel Server (map 'de_inferno') (maxplayers '20') (use 'global_svs->maxplayers')
L 02/17/2022 - 21:21:47: Building PAS...
L 02/17/2022 - 21:21:47: Average leaves visible / audible / total: 143 / 546 / 1860
L 02/17/2022 - 21:21:47: PAS building time 0.014292 secs
L 02/17/2022 - 21:56:48: DEBUG: GameRules found 0xA4FE8D0
L 02/17/2022 - 21:56:48: Changelevel Server (map 'de_nuke') (maxplayers '20') (use 'global_svs->maxplayers')
L 02/17/2022 - 21:56:48: Building PAS...
L 02/17/2022 - 21:56:48: Average leaves visible / audible / total: 143 / 546 / 1860
L 02/17/2022 - 21:56:48: PAS building time 0.014206 secs
L 02/17/2022 - 21:57:03: DEBUG: GameRules found 0xA4FE8D0
L 02/17/2022 - 21:57:03: Changelevel Server (map 'de_nuke') (maxplayers '20') (use 'global_svs->maxplayers')
L 02/17/2022 - 21:57:03: Building PAS...
L 02/17/2022 - 21:57:03: Average leaves visible / audible / total: 151 / 385 / 1238
L 02/17/2022 - 21:57:03: PAS building time 0.006902 secs
L 02/17/2022 - 23:06:55: DEBUG: GameRules found 0xA4FE8D0
L 02/17/2022 - 23:06:55: Changelevel Server (map 'de_train') (maxplayers '20') (use 'global_svs->maxplayers')
L 02/17/2022 - 23:06:55: Building PAS...
L 02/17/2022 - 23:06:55: Average leaves visible / audible / total: 133 / 395 / 1202
L 02/17/2022 - 23:06:55: PAS building time 0.006653 secs
L 02/17/2022 - 23:44:18: DEBUG: GameRules found 0xA4FE8D0
L 02/17/2022 - 23:44:18: Changelevel Server (map 'de_dust2') (maxplayers '20') (use 'global_svs->maxplayers')
L 02/17/2022 - 23:44:18: Building PAS...
L 02/17/2022 - 23:44:18: Average leaves visible / audible / total: 150 / 552 / 1459
L 02/17/2022 - 23:44:18: PAS building time 0.00963 secs
