L 10/17/2022 - 10:14:25: Log file started (file 'cstrike/addons/whblocker/logs/L_17_10_2022.log') (dir 'cstrike') (mod 'Counter-Strike 1.6') (version '1.5.697')
L 10/17/2022 - 10:14:25: Success: Configuration executed.
L 10/17/2022 - 10:14:25: DEBUG: SVS found 0xF741C760
L 10/17/2022 - 10:14:25: DEBUG: SV_CheckTimeouts function FOUND 0xF6FB9DD0
L 10/17/2022 - 10:14:25: DEBUG: client_t address of a structure FOUND 0xF6FB9E01
L 10/17/2022 - 10:14:25: DEBUG: client_t determined the size of a the structure 20216
L 10/17/2022 - 10:14:25: DEBUG: SV_Move function FOUND 0xF6FD84F0
L 10/17/2022 - 10:14:25: DEBUG: m_iId parse member, value is 47
L 10/17/2022 - 10:14:25: DEBUG: m_pActiveItem parse member, value is 378
L 10/17/2022 - 10:14:25: DEBUG: SV_EmitEvents function FOUND 0xF6FBAA30
L 10/17/2022 - 10:14:25: DEBUG: SV_WriteEntitiesToClient function FOUND 0xF6FBC200
L 10/17/2022 - 10:14:25: DEBUG: SV_EmitEvents address was FOUND inside SV_WriteEntitiesToClient function 0xF6FBC4D1
L 10/17/2022 - 10:14:25: DEBUG: SV_EmitEvents function PATCH SUCCEED 0xF6FBC4D1
L 10/17/2022 - 10:14:25: DEBUG: SV_StartSound function FOUND 0xF6FB4410
L 10/17/2022 - 10:14:25: DEBUG: SV_StartSound address was FOUND inside unk_1 function 0xF6FA30E5
L 10/17/2022 - 10:14:25: DEBUG: SV_StartSound function PATCH SUCCEED 0xF6FA30E5
L 10/17/2022 - 10:14:25: DEBUG: SV_StartSound address was FOUND inside unk_2 function 0xF6FC8599
L 10/17/2022 - 10:14:25: DEBUG: SV_StartSound function PATCH SUCCEED 0xF6FC8599
L 10/17/2022 - 10:14:25: DEBUG: SV_StartSound address was FOUND inside unk_3 function 0xF6FCB83D
L 10/17/2022 - 10:14:25: DEBUG: SV_StartSound function PATCH SUCCEED 0xF6FCB83D
L 10/17/2022 - 10:14:25: DEBUG: SV_StartSound address was FOUND inside unk_4 function 0xF6FCB93E
L 10/17/2022 - 10:14:25: DEBUG: SV_StartSound function PATCH SUCCEED 0xF6FCB93E
L 10/17/2022 - 10:14:25: DEBUG: SV_StartSound address was FOUND inside unk_5 function 0xF6FCC10F
L 10/17/2022 - 10:14:25: DEBUG: SV_StartSound function PATCH SUCCEED 0xF6FCC10F
L 10/17/2022 - 10:14:25: DEBUG: SV_StartSound address was FOUND inside unk_6 function 0xF6FCC1BD
L 10/17/2022 - 10:14:25: DEBUG: SV_StartSound function PATCH SUCCEED 0xF6FCC1BD
L 10/17/2022 - 10:14:25: DEBUG: SV_StartSound address was FOUND inside unk_7 function 0xF6FCC25D
L 10/17/2022 - 10:14:25: DEBUG: SV_StartSound function PATCH SUCCEED 0xF6FCC25D
L 10/17/2022 - 10:14:25: DEBUG: SV_StartSound address was FOUND inside unk_8 function 0xF6FCC2E3
L 10/17/2022 - 10:14:25: DEBUG: SV_StartSound function PATCH SUCCEED 0xF6FCC2E3
L 10/17/2022 - 10:14:25: DEBUG: SV_StartSound address was FOUND inside unk_9 function 0xF6FCC335
L 10/17/2022 - 10:14:25: DEBUG: SV_StartSound function PATCH SUCCEED 0xF6FCC335
L 10/17/2022 - 10:14:25: DEBUG: SV_StartSound address was FOUND inside unk_10 function 0xF6FCC37C
L 10/17/2022 - 10:14:25: DEBUG: SV_StartSound function PATCH SUCCEED 0xF6FCC37C
L 10/17/2022 - 10:14:25: DEBUG: SV_StartSound address was FOUND inside unk_11 function 0xF6FCC3C3
L 10/17/2022 - 10:14:25: DEBUG: SV_StartSound function PATCH SUCCEED 0xF6FCC3C3
L 10/17/2022 - 10:14:25: DEBUG: SV_StartSound address was FOUND inside unk_12 function 0xF6FCC412
L 10/17/2022 - 10:14:25: DEBUG: SV_StartSound function PATCH SUCCEED 0xF6FCC412
L 10/17/2022 - 10:14:25: DEBUG: PF_Remove_I function FOUND 0xF6FA47B0
L 10/17/2022 - 10:14:25: DEBUG: ED_Free address was FOUND inside PF_Remove_I function 0xF6FA47B0
L 10/17/2022 - 10:14:25: DEBUG: ED_Free function PATCH SUCCEED 0xF6FA47B0
L 10/17/2022 - 10:14:25: DEBUG: PF_BuildSoundMsg_I function FOUND 0xF6FA7940
L 10/17/2022 - 10:14:25: DEBUG: PF_BuildSoundMsg_I patch address to inside function in PF_BuildSoundMsg_I PATCH SUCCEED 0xF6FA7940
L 10/17/2022 - 10:14:25: DEBUG: MSG_StartBitWriting function FOUND 0xF6F76EA0
L 10/17/2022 - 10:14:25: DEBUG: MSG_WriteBits function FOUND 0xF6F78040
L 10/17/2022 - 10:14:25: DEBUG: MSG_WriteBitVec3Coord function FOUND 0xF6F78CB0
L 10/17/2022 - 10:14:25: DEBUG: MSG_EndBitWriting function FOUND 0xF6F78750
L 10/17/2022 - 10:14:25: DEBUG: SV_LookupSoundIndex function FOUND 0xF6FB3B40
L 10/17/2022 - 10:14:25: DEBUG: SZ_GetSpace function FOUND 0xF6F77F20
L 10/17/2022 - 10:14:25: Success: Patch executed.
L 10/17/2022 - 10:14:25: PrivateData Offsets: ->
pev			- '0'
vtable			- '8'
playership		- '53'
m_iId			- '47'
m_pActiveItem		- '378'
m_blindStartTime	- '520'
m_blindHoldTime		- '521'
m_blindAlpha		- '523'
L 10/17/2022 - 10:14:25: Success: Build HLDS version defined Linux '8308' (cstrike)
L 10/17/2022 - 10:14:25: Settings: -> 
debug		- '3'
esp		- '1'
smooth		- '1'
smoothout	- '1'
smoothent	- '45'
decalfix	- '1'
antinoflash	- '1'
alphaflash	- '255'
team		- '0'
fov		- '1'
solid		- '2'
barrel		- '1'
blockent	- '1'
hlfix		- '0'
metacall	- '1'
blocktype	- '0'
skytrace	- '1'
revis		- '0'
L 10/17/2022 - 10:14:25: Building PAS...
L 10/17/2022 - 10:14:25: Average leaves visible / audible / total: 48 / 92 / 97
L 10/17/2022 - 10:14:25: PAS building time 0.000203 secs
L 10/17/2022 - 10:14:25: DEBUG: GameRules found 0xADAB840
L 10/17/2022 - 10:14:25: Changelevel Server (map 'cs_bloodstrike') (maxplayers '20') (use 'global_svs->maxplayers')
L 10/17/2022 - 10:14:25: Building PAS...
L 10/17/2022 - 10:14:25: Average leaves visible / audible / total: 150 / 552 / 1459
L 10/17/2022 - 10:14:25: PAS building time 0.009913 secs
L 10/17/2022 - 19:55:58: DEBUG: GameRules found 0xADAB840
L 10/17/2022 - 19:55:58: Changelevel Server (map 'de_inferno') (maxplayers '20') (use 'global_svs->maxplayers')
L 10/17/2022 - 19:55:58: Building PAS...
L 10/17/2022 - 19:55:58: Average leaves visible / audible / total: 48 / 92 / 97
L 10/17/2022 - 19:55:58: PAS building time 0.000205 secs
L 10/17/2022 - 20:20:51: DEBUG: GameRules found 0xAE34B60
L 10/17/2022 - 20:20:51: Changelevel Server (map 'cs_bloodstrike') (maxplayers '20') (use 'global_svs->maxplayers')
L 10/17/2022 - 20:20:51: Building PAS...
L 10/17/2022 - 20:20:51: Average leaves visible / audible / total: 48 / 92 / 97
L 10/17/2022 - 20:20:51: PAS building time 0.000176 secs
L 10/17/2022 - 20:24:29: DEBUG: GameRules found 0xAE34B60
L 10/17/2022 - 20:24:29: Changelevel Server (map 'cs_bloodstrike') (maxplayers '20') (use 'global_svs->maxplayers')
L 10/17/2022 - 20:24:29: Building PAS...
L 10/17/2022 - 20:24:29: Average leaves visible / audible / total: 143 / 546 / 1860
L 10/17/2022 - 20:24:29: PAS building time 0.015397 secs
L 10/17/2022 - 20:31:14: DEBUG: GameRules found 0xAE34B60
L 10/17/2022 - 20:31:14: Changelevel Server (map 'de_nuke') (maxplayers '20') (use 'global_svs->maxplayers')
L 10/17/2022 - 20:31:14: Building PAS...
L 10/17/2022 - 20:31:14: Average leaves visible / audible / total: 151 / 385 / 1238
L 10/17/2022 - 20:31:14: PAS building time 0.007558 secs
L 10/17/2022 - 21:00:36: DEBUG: GameRules found 0xAE34B60
L 10/17/2022 - 21:00:36: Changelevel Server (map 'de_train') (maxplayers '20') (use 'global_svs->maxplayers')
L 10/17/2022 - 21:00:36: Building PAS...
L 10/17/2022 - 21:00:36: Average leaves visible / audible / total: 48 / 92 / 97
L 10/17/2022 - 21:00:36: PAS building time 0.000164 secs
L 10/17/2022 - 21:01:46: DEBUG: GameRules found 0xAE1BCD0
L 10/17/2022 - 21:01:46: Changelevel Server (map 'cs_bloodstrike') (maxplayers '20') (use 'global_svs->maxplayers')
L 10/17/2022 - 21:01:46: Building PAS...
L 10/17/2022 - 21:01:46: Average leaves visible / audible / total: 150 / 552 / 1459
L 10/17/2022 - 21:01:46: PAS building time 0.010498 secs
L 10/17/2022 - 21:06:23: DEBUG: GameRules found 0xAE1BCD0
L 10/17/2022 - 21:06:23: Changelevel Server (map 'de_inferno') (maxplayers '20') (use 'global_svs->maxplayers')
L 10/17/2022 - 21:06:23: Building PAS...
L 10/17/2022 - 21:06:23: Average leaves visible / audible / total: 48 / 92 / 97
L 10/17/2022 - 21:06:23: PAS building time 0.000187 secs
L 10/17/2022 - 21:43:16: DEBUG: GameRules found 0xAE1BCD0
L 10/17/2022 - 21:43:16: Changelevel Server (map 'cs_bloodstrike') (maxplayers '20') (use 'global_svs->maxplayers')
L 10/17/2022 - 21:43:16: Building PAS...
L 10/17/2022 - 21:43:16: Average leaves visible / audible / total: 48 / 92 / 97
L 10/17/2022 - 21:43:16: PAS building time 0.000205 secs
L 10/17/2022 - 21:43:29: DEBUG: GameRules found 0xAE1BCD0
L 10/17/2022 - 21:43:29: Changelevel Server (map 'cs_bloodstrike') (maxplayers '20') (use 'global_svs->maxplayers')
L 10/17/2022 - 21:43:29: Building PAS...
L 10/17/2022 - 21:43:29: Average leaves visible / audible / total: 133 / 395 / 1202
L 10/17/2022 - 21:43:29: PAS building time 0.00673 secs
L 10/17/2022 - 21:46:10: DEBUG: GameRules found 0xAE1BCD0
L 10/17/2022 - 21:46:10: Changelevel Server (map 'de_dust2') (maxplayers '20') (use 'global_svs->maxplayers')
L 10/17/2022 - 21:46:10: Building PAS...
L 10/17/2022 - 21:46:10: Average leaves visible / audible / total: 151 / 385 / 1238
L 10/17/2022 - 21:46:10: PAS building time 0.00717 secs
L 10/17/2022 - 22:31:51: DEBUG: GameRules found 0xAE1BCD0
L 10/17/2022 - 22:31:51: Changelevel Server (map 'de_train') (maxplayers '20') (use 'global_svs->maxplayers')
L 10/17/2022 - 22:31:51: Building PAS...
L 10/17/2022 - 22:31:51: Average leaves visible / audible / total: 48 / 92 / 97
L 10/17/2022 - 22:31:51: PAS building time 0.000184 secs
