L 01/17/2022 - 00:28:08: Log file started (file 'cstrike/addons/whblocker/logs/L_17_01_2022.log') (dir 'cstrike') (mod 'Counter-Strike 1.6') (version '1.5.697')
L 01/17/2022 - 00:28:08: DEBUG: GameRules found 0xA853620
L 01/17/2022 - 00:28:08: Changelevel Server (map 'de_train') (maxplayers '20') (use 'global_svs->maxplayers')
L 01/17/2022 - 00:28:08: Building PAS...
L 01/17/2022 - 00:28:08: Average leaves visible / audible / total: 143 / 546 / 1860
L 01/17/2022 - 00:28:08: PAS building time 0.014317 secs
L 01/17/2022 - 00:28:17: DEBUG: GameRules found 0xA853620
L 01/17/2022 - 00:28:17: Changelevel Server (map 'de_nuke') (maxplayers '20') (use 'global_svs->maxplayers')
L 01/17/2022 - 00:28:17: Building PAS...
L 01/17/2022 - 00:28:17: Average leaves visible / audible / total: 48 / 92 / 97
L 01/17/2022 - 00:28:17: PAS building time 0.000155 secs
L 01/17/2022 - 20:20:02: DEBUG: GameRules found 0xA8CFD30
L 01/17/2022 - 20:20:02: Changelevel Server (map 'cs_bloodstrike') (maxplayers '20') (use 'global_svs->maxplayers')
L 01/17/2022 - 20:20:02: Building PAS...
L 01/17/2022 - 20:20:02: Average leaves visible / audible / total: 133 / 395 / 1202
L 01/17/2022 - 20:20:02: PAS building time 0.006418 secs
L 01/17/2022 - 21:57:07: DEBUG: GameRules found 0xA8DD930
L 01/17/2022 - 21:57:07: Changelevel Server (map 'de_dust2') (maxplayers '20') (use 'global_svs->maxplayers')
L 01/17/2022 - 21:57:07: Building PAS...
L 01/17/2022 - 21:57:07: Average leaves visible / audible / total: 150 / 552 / 1459
L 01/17/2022 - 21:57:07: PAS building time 0.009537 secs
L 01/17/2022 - 22:22:36: DEBUG: GameRules found 0xA8DD930
L 01/17/2022 - 22:22:36: Changelevel Server (map 'de_inferno') (maxplayers '20') (use 'global_svs->maxplayers')
L 01/17/2022 - 22:22:36: Building PAS...
L 01/17/2022 - 22:22:36: Average leaves visible / audible / total: 143 / 546 / 1860
L 01/17/2022 - 22:22:36: PAS building time 0.014279 secs
L 01/17/2022 - 22:55:02: DEBUG: GameRules found 0xA8DD930
L 01/17/2022 - 22:55:02: Changelevel Server (map 'de_nuke') (maxplayers '20') (use 'global_svs->maxplayers')
L 01/17/2022 - 22:55:02: Building PAS...
L 01/17/2022 - 22:55:02: Average leaves visible / audible / total: 143 / 546 / 1860
L 01/17/2022 - 22:55:02: PAS building time 0.014543 secs
L 01/17/2022 - 22:56:30: DEBUG: GameRules found 0xA8DD930
L 01/17/2022 - 22:56:30: Changelevel Server (map 'de_nuke') (maxplayers '20') (use 'global_svs->maxplayers')
L 01/17/2022 - 22:56:30: Building PAS...
L 01/17/2022 - 22:56:30: Average leaves visible / audible / total: 151 / 385 / 1238
L 01/17/2022 - 22:56:30: PAS building time 0.007063 secs
L 01/17/2022 - 23:26:37: DEBUG: GameRules found 0xA8DD930
L 01/17/2022 - 23:26:37: Changelevel Server (map 'de_train') (maxplayers '20') (use 'global_svs->maxplayers')
L 01/17/2022 - 23:26:37: Building PAS...
L 01/17/2022 - 23:26:37: Average leaves visible / audible / total: 48 / 92 / 97
L 01/17/2022 - 23:26:37: PAS building time 0.00013 secs
