L 12/17/2021 - 15:01:53: Log file started (file 'cstrike/addons/whblocker/logs/L_17_12_2021.log') (dir 'cstrike') (mod 'Counter-Strike 1.6') (version '1.5.697')
L 12/17/2021 - 15:01:53: Success: Configuration executed.
L 12/17/2021 - 15:01:53: DEBUG: SVS found 0xF7436760
L 12/17/2021 - 15:01:53: DEBUG: SV_CheckTimeouts function FOUND 0xF6FD3DD0
L 12/17/2021 - 15:01:53: DEBUG: client_t address of a structure FOUND 0xF6FD3E01
L 12/17/2021 - 15:01:53: DEBUG: client_t determined the size of a the structure 20216
L 12/17/2021 - 15:01:53: DEBUG: SV_Move function FOUND 0xF6FF24F0
L 12/17/2021 - 15:01:53: DEBUG: m_iId parse member, value is 47
L 12/17/2021 - 15:01:53: DEBUG: m_pActiveItem parse member, value is 378
L 12/17/2021 - 15:01:53: DEBUG: SV_EmitEvents function FOUND 0xF6FD4A30
L 12/17/2021 - 15:01:53: DEBUG: SV_WriteEntitiesToClient function FOUND 0xF6FD6200
L 12/17/2021 - 15:01:53: DEBUG: SV_EmitEvents address was FOUND inside SV_WriteEntitiesToClient function 0xF6FD64D1
L 12/17/2021 - 15:01:53: DEBUG: SV_EmitEvents function PATCH SUCCEED 0xF6FD64D1
L 12/17/2021 - 15:01:53: DEBUG: SV_StartSound function FOUND 0xF6FCE410
L 12/17/2021 - 15:01:53: DEBUG: SV_StartSound address was FOUND inside unk_1 function 0xF6FBD0E5
L 12/17/2021 - 15:01:53: DEBUG: SV_StartSound function PATCH SUCCEED 0xF6FBD0E5
L 12/17/2021 - 15:01:53: DEBUG: SV_StartSound address was FOUND inside unk_2 function 0xF6FE2599
L 12/17/2021 - 15:01:53: DEBUG: SV_StartSound function PATCH SUCCEED 0xF6FE2599
L 12/17/2021 - 15:01:53: DEBUG: SV_StartSound address was FOUND inside unk_3 function 0xF6FE583D
L 12/17/2021 - 15:01:53: DEBUG: SV_StartSound function PATCH SUCCEED 0xF6FE583D
L 12/17/2021 - 15:01:53: DEBUG: SV_StartSound address was FOUND inside unk_4 function 0xF6FE593E
L 12/17/2021 - 15:01:53: DEBUG: SV_StartSound function PATCH SUCCEED 0xF6FE593E
L 12/17/2021 - 15:01:53: DEBUG: SV_StartSound address was FOUND inside unk_5 function 0xF6FE610F
L 12/17/2021 - 15:01:53: DEBUG: SV_StartSound function PATCH SUCCEED 0xF6FE610F
L 12/17/2021 - 15:01:53: DEBUG: SV_StartSound address was FOUND inside unk_6 function 0xF6FE61BD
L 12/17/2021 - 15:01:53: DEBUG: SV_StartSound function PATCH SUCCEED 0xF6FE61BD
L 12/17/2021 - 15:01:53: DEBUG: SV_StartSound address was FOUND inside unk_7 function 0xF6FE625D
L 12/17/2021 - 15:01:53: DEBUG: SV_StartSound function PATCH SUCCEED 0xF6FE625D
L 12/17/2021 - 15:01:53: DEBUG: SV_StartSound address was FOUND inside unk_8 function 0xF6FE62E3
L 12/17/2021 - 15:01:53: DEBUG: SV_StartSound function PATCH SUCCEED 0xF6FE62E3
L 12/17/2021 - 15:01:53: DEBUG: SV_StartSound address was FOUND inside unk_9 function 0xF6FE6335
L 12/17/2021 - 15:01:53: DEBUG: SV_StartSound function PATCH SUCCEED 0xF6FE6335
L 12/17/2021 - 15:01:53: DEBUG: SV_StartSound address was FOUND inside unk_10 function 0xF6FE637C
L 12/17/2021 - 15:01:53: DEBUG: SV_StartSound function PATCH SUCCEED 0xF6FE637C
L 12/17/2021 - 15:01:53: DEBUG: SV_StartSound address was FOUND inside unk_11 function 0xF6FE63C3
L 12/17/2021 - 15:01:53: DEBUG: SV_StartSound function PATCH SUCCEED 0xF6FE63C3
L 12/17/2021 - 15:01:53: DEBUG: SV_StartSound address was FOUND inside unk_12 function 0xF6FE6412
L 12/17/2021 - 15:01:53: DEBUG: SV_StartSound function PATCH SUCCEED 0xF6FE6412
L 12/17/2021 - 15:01:53: DEBUG: PF_Remove_I function FOUND 0xF6FBE7B0
L 12/17/2021 - 15:01:53: DEBUG: ED_Free address was FOUND inside PF_Remove_I function 0xF6FBE7B0
L 12/17/2021 - 15:01:53: DEBUG: ED_Free function PATCH SUCCEED 0xF6FBE7B0
L 12/17/2021 - 15:01:53: DEBUG: PF_BuildSoundMsg_I function FOUND 0xF6FC1940
L 12/17/2021 - 15:01:53: DEBUG: PF_BuildSoundMsg_I patch address to inside function in PF_BuildSoundMsg_I PATCH SUCCEED 0xF6FC1940
L 12/17/2021 - 15:01:53: DEBUG: MSG_StartBitWriting function FOUND 0xF6F90EA0
L 12/17/2021 - 15:01:53: DEBUG: MSG_WriteBits function FOUND 0xF6F92040
L 12/17/2021 - 15:01:53: DEBUG: MSG_WriteBitVec3Coord function FOUND 0xF6F92CB0
L 12/17/2021 - 15:01:53: DEBUG: MSG_EndBitWriting function FOUND 0xF6F92750
L 12/17/2021 - 15:01:53: DEBUG: SV_LookupSoundIndex function FOUND 0xF6FCDB40
L 12/17/2021 - 15:01:53: DEBUG: SZ_GetSpace function FOUND 0xF6F91F20
L 12/17/2021 - 15:01:53: Success: Patch executed.
L 12/17/2021 - 15:01:53: PrivateData Offsets: ->
pev			- '0'
vtable			- '8'
playership		- '53'
m_iId			- '47'
m_pActiveItem		- '378'
m_blindStartTime	- '520'
m_blindHoldTime		- '521'
m_blindAlpha		- '523'
L 12/17/2021 - 15:01:53: Success: Build HLDS version defined Linux '8308' (cstrike)
L 12/17/2021 - 15:01:53: Settings: -> 
debug		- '3'
esp		- '1'
smooth		- '1'
smoothout	- '1'
smoothent	- '45'
decalfix	- '1'
antinoflash	- '1'
alphaflash	- '255'
team		- '0'
fov		- '1'
solid		- '2'
barrel		- '1'
blockent	- '1'
hlfix		- '0'
metacall	- '1'
blocktype	- '0'
skytrace	- '1'
revis		- '0'
L 12/17/2021 - 15:01:53: Building PAS...
L 12/17/2021 - 15:01:53: Average leaves visible / audible / total: 48 / 92 / 97
L 12/17/2021 - 15:01:53: PAS building time 0.000173 secs
L 12/17/2021 - 15:01:54: DEBUG: GameRules found 0xA0341E8
L 12/17/2021 - 15:01:54: Changelevel Server (map 'cs_bloodstrike') (maxplayers '20') (use 'global_svs->maxplayers')
L 12/17/2021 - 15:01:54: Building PAS...
L 12/17/2021 - 15:01:54: Average leaves visible / audible / total: 142 / 369 / 2212
L 12/17/2021 - 15:01:54: PAS building time 0.020261 secs
L 12/17/2021 - 15:47:04: DEBUG: GameRules found 0xA0341E8
L 12/17/2021 - 15:47:04: Changelevel Server (map 'de_airstrip') (maxplayers '20') (use 'global_svs->maxplayers')
L 12/17/2021 - 15:47:04: Building PAS...
L 12/17/2021 - 15:47:04: Average leaves visible / audible / total: 219 / 703 / 3694
L 12/17/2021 - 15:47:04: PAS building time 0.059617 secs
L 12/17/2021 - 16:32:14: DEBUG: GameRules found 0xA0341E8
L 12/17/2021 - 16:32:14: Changelevel Server (map 'cs_havana') (maxplayers '20') (use 'global_svs->maxplayers')
L 12/17/2021 - 16:32:14: Building PAS...
L 12/17/2021 - 16:32:14: Average leaves visible / audible / total: 181 / 722 / 2672
L 12/17/2021 - 16:32:14: PAS building time 0.030643 secs
L 12/17/2021 - 17:17:23: DEBUG: GameRules found 0xA0341D8
L 12/17/2021 - 17:17:23: Changelevel Server (map 'de_chateau') (maxplayers '20') (use 'global_svs->maxplayers')
L 12/17/2021 - 17:17:23: Building PAS...
L 12/17/2021 - 17:17:23: Average leaves visible / audible / total: 103 / 294 / 800
L 12/17/2021 - 17:17:23: PAS building time 0.002779 secs
L 12/17/2021 - 18:02:32: DEBUG: GameRules found 0xA0CAA68
L 12/17/2021 - 18:02:32: Changelevel Server (map 'de_aztec') (maxplayers '20') (use 'global_svs->maxplayers')
L 12/17/2021 - 18:02:32: Building PAS...
L 12/17/2021 - 18:02:32: Average leaves visible / audible / total: 152 / 618 / 1379
L 12/17/2021 - 18:02:32: PAS building time 0.008787 secs
L 12/17/2021 - 18:47:42: DEBUG: GameRules found 0xA0CAA68
L 12/17/2021 - 18:47:42: Changelevel Server (map 'as_oilrig') (maxplayers '20') (use 'global_svs->maxplayers')
L 12/17/2021 - 18:47:42: Building PAS...
L 12/17/2021 - 18:47:42: Average leaves visible / audible / total: 138 / 359 / 1380
L 12/17/2021 - 18:47:42: PAS building time 0.008171 secs
L 12/17/2021 - 19:32:51: DEBUG: GameRules found 0xA0CAA68
L 12/17/2021 - 19:32:51: Changelevel Server (map 'cs_siege') (maxplayers '20') (use 'global_svs->maxplayers')
L 12/17/2021 - 19:32:51: Building PAS...
L 12/17/2021 - 19:32:51: Average leaves visible / audible / total: 194 / 585 / 1689
L 12/17/2021 - 19:32:51: PAS building time 0.013872 secs
L 12/17/2021 - 20:18:00: DEBUG: GameRules found 0xA0CAA68
L 12/17/2021 - 20:18:00: Changelevel Server (map 'de_cbble') (maxplayers '20') (use 'global_svs->maxplayers')
L 12/17/2021 - 20:18:00: Building PAS...
L 12/17/2021 - 20:18:00: Average leaves visible / audible / total: 139 / 403 / 1298
L 12/17/2021 - 20:18:00: PAS building time 0.007738 secs
L 12/17/2021 - 21:03:10: DEBUG: GameRules found 0xA0CAA68
L 12/17/2021 - 21:03:10: Changelevel Server (map 'de_dust') (maxplayers '20') (use 'global_svs->maxplayers')
L 12/17/2021 - 21:03:10: Building PAS...
L 12/17/2021 - 21:03:10: Average leaves visible / audible / total: 131 / 365 / 1524
L 12/17/2021 - 21:03:10: PAS building time 0.010142 secs
L 12/17/2021 - 21:48:19: DEBUG: GameRules found 0xA0CAA68
L 12/17/2021 - 21:48:19: Changelevel Server (map 'cs_747') (maxplayers '20') (use 'global_svs->maxplayers')
L 12/17/2021 - 21:48:19: Building PAS...
L 12/17/2021 - 21:48:19: Average leaves visible / audible / total: 48 / 92 / 97
L 12/17/2021 - 21:48:19: PAS building time 0.000157 secs
L 12/17/2021 - 22:02:54: DEBUG: GameRules found 0xA0CAA68
L 12/17/2021 - 22:02:54: Changelevel Server (map 'cs_bloodstrike') (maxplayers '20') (use 'global_svs->maxplayers')
L 12/17/2021 - 22:02:54: Building PAS...
L 12/17/2021 - 22:02:54: Average leaves visible / audible / total: 161 / 417 / 2023
L 12/17/2021 - 22:02:54: PAS building time 0.016677 secs
