L 11/18/2022 - 00:08:40: Log file started (file 'cstrike/addons/whblocker/logs/L_18_11_2022.log') (dir 'cstrike') (mod 'Counter-Strike 1.6') (version '1.5.697')
L 11/18/2022 - 00:08:40: DEBUG: GameRules found 0xA45A430
L 11/18/2022 - 00:08:40: Changelevel Server (map 'de_dust2') (maxplayers '16') (use 'global_svs->maxplayers')
L 11/18/2022 - 00:08:40: Building PAS...
L 11/18/2022 - 00:08:40: Average leaves visible / audible / total: 150 / 552 / 1459
L 11/18/2022 - 00:08:40: PAS building time 0.011849 secs
L 11/18/2022 - 00:45:44: DEBUG: GameRules found 0xA45A430
L 11/18/2022 - 00:45:44: Changelevel Server (map 'de_inferno') (maxplayers '16') (use 'global_svs->maxplayers')
L 11/18/2022 - 06:15:26: Success: Configuration executed.
L 11/18/2022 - 06:15:26: DEBUG: SVS found 0xF739F760
L 11/18/2022 - 06:15:26: DEBUG: SV_CheckTimeouts function FOUND 0xF6F3CDD0
L 11/18/2022 - 06:15:26: DEBUG: client_t address of a structure FOUND 0xF6F3CE01
L 11/18/2022 - 06:15:26: DEBUG: client_t determined the size of a the structure 20216
L 11/18/2022 - 06:15:26: DEBUG: SV_Move function FOUND 0xF6F5B4F0
L 11/18/2022 - 06:15:26: DEBUG: m_iId parse member, value is 47
L 11/18/2022 - 06:15:26: DEBUG: m_pActiveItem parse member, value is 378
L 11/18/2022 - 06:15:26: DEBUG: SV_EmitEvents function FOUND 0xF6F3DA30
L 11/18/2022 - 06:15:26: DEBUG: SV_WriteEntitiesToClient function FOUND 0xF6F3F200
L 11/18/2022 - 06:15:26: DEBUG: SV_EmitEvents address was FOUND inside SV_WriteEntitiesToClient function 0xF6F3F4D1
L 11/18/2022 - 06:15:26: DEBUG: SV_EmitEvents function PATCH SUCCEED 0xF6F3F4D1
L 11/18/2022 - 06:15:26: DEBUG: SV_StartSound function FOUND 0xF6F37410
L 11/18/2022 - 06:15:26: DEBUG: SV_StartSound address was FOUND inside unk_1 function 0xF6F260E5
L 11/18/2022 - 06:15:26: DEBUG: SV_StartSound function PATCH SUCCEED 0xF6F260E5
L 11/18/2022 - 06:15:26: DEBUG: SV_StartSound address was FOUND inside unk_2 function 0xF6F4B599
L 11/18/2022 - 06:15:26: DEBUG: SV_StartSound function PATCH SUCCEED 0xF6F4B599
L 11/18/2022 - 06:15:26: DEBUG: SV_StartSound address was FOUND inside unk_3 function 0xF6F4E83D
L 11/18/2022 - 06:15:26: DEBUG: SV_StartSound function PATCH SUCCEED 0xF6F4E83D
L 11/18/2022 - 06:15:26: DEBUG: SV_StartSound address was FOUND inside unk_4 function 0xF6F4E93E
L 11/18/2022 - 06:15:26: DEBUG: SV_StartSound function PATCH SUCCEED 0xF6F4E93E
L 11/18/2022 - 06:15:26: DEBUG: SV_StartSound address was FOUND inside unk_5 function 0xF6F4F10F
L 11/18/2022 - 06:15:26: DEBUG: SV_StartSound function PATCH SUCCEED 0xF6F4F10F
L 11/18/2022 - 06:15:26: DEBUG: SV_StartSound address was FOUND inside unk_6 function 0xF6F4F1BD
L 11/18/2022 - 06:15:26: DEBUG: SV_StartSound function PATCH SUCCEED 0xF6F4F1BD
L 11/18/2022 - 06:15:26: DEBUG: SV_StartSound address was FOUND inside unk_7 function 0xF6F4F25D
L 11/18/2022 - 06:15:26: DEBUG: SV_StartSound function PATCH SUCCEED 0xF6F4F25D
L 11/18/2022 - 06:15:26: DEBUG: SV_StartSound address was FOUND inside unk_8 function 0xF6F4F2E3
L 11/18/2022 - 06:15:26: DEBUG: SV_StartSound function PATCH SUCCEED 0xF6F4F2E3
L 11/18/2022 - 06:15:26: DEBUG: SV_StartSound address was FOUND inside unk_9 function 0xF6F4F335
L 11/18/2022 - 06:15:26: DEBUG: SV_StartSound function PATCH SUCCEED 0xF6F4F335
L 11/18/2022 - 06:15:26: DEBUG: SV_StartSound address was FOUND inside unk_10 function 0xF6F4F37C
L 11/18/2022 - 06:15:26: DEBUG: SV_StartSound function PATCH SUCCEED 0xF6F4F37C
L 11/18/2022 - 06:15:26: DEBUG: SV_StartSound address was FOUND inside unk_11 function 0xF6F4F3C3
L 11/18/2022 - 06:15:26: DEBUG: SV_StartSound function PATCH SUCCEED 0xF6F4F3C3
L 11/18/2022 - 06:15:26: DEBUG: SV_StartSound address was FOUND inside unk_12 function 0xF6F4F412
L 11/18/2022 - 06:15:26: DEBUG: SV_StartSound function PATCH SUCCEED 0xF6F4F412
L 11/18/2022 - 06:15:26: DEBUG: PF_Remove_I function FOUND 0xF6F277B0
L 11/18/2022 - 06:15:26: DEBUG: ED_Free address was FOUND inside PF_Remove_I function 0xF6F277B0
L 11/18/2022 - 06:15:26: DEBUG: ED_Free function PATCH SUCCEED 0xF6F277B0
L 11/18/2022 - 06:15:26: DEBUG: PF_BuildSoundMsg_I function FOUND 0xF6F2A940
L 11/18/2022 - 06:15:26: DEBUG: PF_BuildSoundMsg_I patch address to inside function in PF_BuildSoundMsg_I PATCH SUCCEED 0xF6F2A940
L 11/18/2022 - 06:15:26: DEBUG: MSG_StartBitWriting function FOUND 0xF6EF9EA0
L 11/18/2022 - 06:15:26: DEBUG: MSG_WriteBits function FOUND 0xF6EFB040
L 11/18/2022 - 06:15:26: DEBUG: MSG_WriteBitVec3Coord function FOUND 0xF6EFBCB0
L 11/18/2022 - 06:15:26: DEBUG: MSG_EndBitWriting function FOUND 0xF6EFB750
L 11/18/2022 - 06:15:26: DEBUG: SV_LookupSoundIndex function FOUND 0xF6F36B40
L 11/18/2022 - 06:15:26: DEBUG: SZ_GetSpace function FOUND 0xF6EFAF20
L 11/18/2022 - 06:15:26: Success: Patch executed.
L 11/18/2022 - 06:15:26: PrivateData Offsets: ->
pev			- '0'
vtable			- '8'
playership		- '53'
m_iId			- '47'
m_pActiveItem		- '378'
m_blindStartTime	- '520'
m_blindHoldTime		- '521'
m_blindAlpha		- '523'
L 11/18/2022 - 06:15:26: Success: Build HLDS version defined Linux '8308' (cstrike)
L 11/18/2022 - 06:15:26: Settings: -> 
debug		- '3'
esp		- '1'
smooth		- '1'
smoothout	- '1'
smoothent	- '45'
decalfix	- '1'
antinoflash	- '1'
alphaflash	- '255'
team		- '0'
fov		- '1'
solid		- '2'
barrel		- '1'
blockent	- '1'
hlfix		- '0'
metacall	- '1'
blocktype	- '0'
skytrace	- '1'
revis		- '0'
L 11/18/2022 - 06:15:26: Building PAS...
L 11/18/2022 - 06:15:26: Average leaves visible / audible / total: 48 / 92 / 97
L 11/18/2022 - 06:15:26: PAS building time 0.000231 secs
L 11/18/2022 - 06:15:27: DEBUG: GameRules found 0x957C3A0
L 11/18/2022 - 06:15:27: Changelevel Server (map 'cs_bloodstrike') (maxplayers '16') (use 'global_svs->maxplayers')
L 11/18/2022 - 06:15:27: Building PAS...
L 11/18/2022 - 06:15:27: Average leaves visible / audible / total: 133 / 395 / 1202
L 11/18/2022 - 06:15:27: PAS building time 0.008092 secs
L 11/18/2022 - 21:23:15: DEBUG: GameRules found 0x957C3A0
L 11/18/2022 - 21:23:15: Changelevel Server (map 'de_dust2') (maxplayers '16') (use 'global_svs->maxplayers')
L 11/18/2022 - 21:23:15: Building PAS...
L 11/18/2022 - 21:23:15: Average leaves visible / audible / total: 150 / 552 / 1459
L 11/18/2022 - 21:23:15: PAS building time 0.011228 secs
L 11/18/2022 - 21:59:11: DEBUG: GameRules found 0x967BF88
L 11/18/2022 - 21:59:11: Changelevel Server (map 'de_inferno') (maxplayers '16') (use 'global_svs->maxplayers')
L 11/18/2022 - 21:59:11: Building PAS...
L 11/18/2022 - 21:59:11: Average leaves visible / audible / total: 48 / 92 / 97
L 11/18/2022 - 21:59:11: PAS building time 0.000239 secs
L 11/18/2022 - 21:59:31: DEBUG: GameRules found 0x9608168
L 11/18/2022 - 21:59:31: Changelevel Server (map 'cs_bloodstrike') (maxplayers '16') (use 'global_svs->maxplayers')
L 11/18/2022 - 21:59:31: Building PAS...
L 11/18/2022 - 21:59:31: Average leaves visible / audible / total: 133 / 395 / 1202
L 11/18/2022 - 21:59:31: PAS building time 0.007803 secs
L 11/18/2022 - 22:03:08: DEBUG: GameRules found 0x9608168
L 11/18/2022 - 22:03:08: Changelevel Server (map 'de_dust2') (maxplayers '16') (use 'global_svs->maxplayers')
L 11/18/2022 - 22:03:08: Building PAS...
L 11/18/2022 - 22:03:08: Average leaves visible / audible / total: 150 / 552 / 1459
L 11/18/2022 - 22:03:08: PAS building time 0.011652 secs
L 11/18/2022 - 22:03:30: DEBUG: GameRules found 0x957B230
L 11/18/2022 - 22:03:30: Changelevel Server (map 'de_inferno') (maxplayers '16') (use 'global_svs->maxplayers')
L 11/18/2022 - 22:03:30: Building PAS...
L 11/18/2022 - 22:03:30: Average leaves visible / audible / total: 48 / 92 / 97
L 11/18/2022 - 22:03:30: PAS building time 0.00031 secs
L 11/18/2022 - 22:31:02: DEBUG: GameRules found 0x957B230
L 11/18/2022 - 22:31:02: Changelevel Server (map 'cs_bloodstrike') (maxplayers '16') (use 'global_svs->maxplayers')
L 11/18/2022 - 22:31:02: Building PAS...
L 11/18/2022 - 22:31:02: Average leaves visible / audible / total: 143 / 546 / 1860
L 11/18/2022 - 22:31:02: PAS building time 0.018462 secs
L 11/18/2022 - 22:32:21: DEBUG: GameRules found 0x957B230
L 11/18/2022 - 22:32:21: Changelevel Server (map 'de_nuke') (maxplayers '16') (use 'global_svs->maxplayers')
L 11/18/2022 - 22:32:21: Building PAS...
L 11/18/2022 - 22:32:21: Average leaves visible / audible / total: 133 / 395 / 1202
L 11/18/2022 - 22:32:21: PAS building time 0.008199 secs
L 11/18/2022 - 23:13:56: DEBUG: GameRules found 0x957B230
L 11/18/2022 - 23:13:56: Changelevel Server (map 'de_dust2') (maxplayers '16') (use 'global_svs->maxplayers')
L 11/18/2022 - 23:13:56: Building PAS...
L 11/18/2022 - 23:13:56: Average leaves visible / audible / total: 151 / 385 / 1238
L 11/18/2022 - 23:13:56: PAS building time 0.008299 secs
L 11/18/2022 - 23:54:10: DEBUG: GameRules found 0x957B230
L 11/18/2022 - 23:54:10: Changelevel Server (map 'de_train') (maxplayers '16') (use 'global_svs->maxplayers')
L 11/18/2022 - 23:54:10: Building PAS...
L 11/18/2022 - 23:54:10: Average leaves visible / audible / total: 133 / 395 / 1202
L 11/18/2022 - 23:54:10: PAS building time 0.007704 secs
