L 02/18/2022 - 00:08:31: Log file started (file 'cstrike/addons/whblocker/logs/L_18_02_2022.log') (dir 'cstrike') (mod 'Counter-Strike 1.6') (version '1.5.697')
L 02/18/2022 - 00:08:31: DEBUG: GameRules found 0xA4FE8D0
L 02/18/2022 - 00:08:31: Changelevel Server (map 'de_inferno') (maxplayers '20') (use 'global_svs->maxplayers')
L 02/18/2022 - 00:08:31: Building PAS...
L 02/18/2022 - 00:08:31: Average leaves visible / audible / total: 150 / 552 / 1459
L 02/18/2022 - 00:08:31: PAS building time 0.009582 secs
L 02/18/2022 - 00:08:49: DEBUG: GameRules found 0xA4FE8D0
L 02/18/2022 - 00:08:49: Changelevel Server (map 'de_inferno') (maxplayers '20') (use 'global_svs->maxplayers')
L 02/18/2022 - 00:08:49: Building PAS...
L 02/18/2022 - 00:08:49: Average leaves visible / audible / total: 150 / 552 / 1459
L 02/18/2022 - 00:08:49: PAS building time 0.00967 secs
L 02/18/2022 - 00:09:15: DEBUG: GameRules found 0xA4FE8D0
L 02/18/2022 - 00:09:15: Changelevel Server (map 'de_inferno') (maxplayers '20') (use 'global_svs->maxplayers')
L 02/18/2022 - 00:09:15: Building PAS...
L 02/18/2022 - 00:09:15: Average leaves visible / audible / total: 143 / 546 / 1860
L 02/18/2022 - 00:09:15: PAS building time 0.014369 secs
L 02/18/2022 - 00:50:59: DEBUG: GameRules found 0xA4FE8D0
L 02/18/2022 - 00:50:59: Changelevel Server (map 'de_nuke') (maxplayers '20') (use 'global_svs->maxplayers')
L 02/18/2022 - 00:50:59: Building PAS...
L 02/18/2022 - 00:50:59: Average leaves visible / audible / total: 151 / 385 / 1238
L 02/18/2022 - 00:50:59: PAS building time 0.006892 secs
L 02/18/2022 - 01:23:59: DEBUG: GameRules found 0xA4FE8D0
L 02/18/2022 - 01:23:59: Changelevel Server (map 'de_train') (maxplayers '20') (use 'global_svs->maxplayers')
L 02/18/2022 - 01:23:59: Building PAS...
L 02/18/2022 - 01:23:59: Average leaves visible / audible / total: 151 / 385 / 1238
L 02/18/2022 - 01:23:59: PAS building time 0.006875 secs
L 02/18/2022 - 01:35:02: DEBUG: GameRules found 0xA4FE8D0
L 02/18/2022 - 01:35:02: Changelevel Server (map 'de_train') (maxplayers '20') (use 'global_svs->maxplayers')
L 02/18/2022 - 01:35:02: Building PAS...
L 02/18/2022 - 01:35:02: Average leaves visible / audible / total: 48 / 92 / 97
L 02/18/2022 - 01:35:02: PAS building time 0.000195 secs
L 02/18/2022 - 02:08:19: DEBUG: GameRules found 0xA4FE8D0
L 02/18/2022 - 02:08:19: Changelevel Server (map 'cs_bloodstrike') (maxplayers '20') (use 'global_svs->maxplayers')
L 02/18/2022 - 02:08:19: Building PAS...
L 02/18/2022 - 02:08:19: Average leaves visible / audible / total: 48 / 92 / 97
L 02/18/2022 - 02:08:19: PAS building time 0.00017 secs
L 02/18/2022 - 20:06:32: DEBUG: GameRules found 0xA4FE8D0
L 02/18/2022 - 20:06:32: Changelevel Server (map 'cs_bloodstrike') (maxplayers '20') (use 'global_svs->maxplayers')
L 02/18/2022 - 20:06:32: Building PAS...
L 02/18/2022 - 20:06:32: Average leaves visible / audible / total: 48 / 92 / 97
L 02/18/2022 - 20:06:32: PAS building time 0.000193 secs
L 02/18/2022 - 21:03:23: DEBUG: GameRules found 0xA4FE8D0
L 02/18/2022 - 21:03:23: Changelevel Server (map 'cs_bloodstrike') (maxplayers '20') (use 'global_svs->maxplayers')
L 02/18/2022 - 21:03:23: Building PAS...
L 02/18/2022 - 21:03:23: Average leaves visible / audible / total: 122 / 138 / 186
L 02/18/2022 - 21:03:23: PAS building time 0.00032 secs
L 02/18/2022 - 21:43:26: DEBUG: GameRules found 0xA4FE8D0
L 02/18/2022 - 21:43:26: Changelevel Server (map 'ak47_m4a1_dust') (maxplayers '20') (use 'global_svs->maxplayers')
L 02/18/2022 - 21:43:26: Building PAS...
L 02/18/2022 - 21:43:26: Average leaves visible / audible / total: 148 / 164 / 182
L 02/18/2022 - 21:43:26: PAS building time 0.000351 secs
L 02/18/2022 - 21:47:28: DEBUG: GameRules found 0xA4FE8D0
L 02/18/2022 - 21:47:28: Changelevel Server (map 'aim_sk_ak_m4') (maxplayers '20') (use 'global_svs->maxplayers')
L 02/18/2022 - 21:47:28: Building PAS...
L 02/18/2022 - 21:47:28: Average leaves visible / audible / total: 48 / 92 / 97
L 02/18/2022 - 21:47:28: PAS building time 0.000127 secs
L 02/18/2022 - 21:48:00: DEBUG: GameRules found 0xA4FE8D0
L 02/18/2022 - 21:48:00: Changelevel Server (map 'cs_bloodstrike') (maxplayers '20') (use 'global_svs->maxplayers')
L 02/18/2022 - 21:48:00: Building PAS...
L 02/18/2022 - 21:48:00: Average leaves visible / audible / total: 133 / 395 / 1202
L 02/18/2022 - 21:48:00: PAS building time 0.006546 secs
L 02/18/2022 - 22:14:21: DEBUG: GameRules found 0xA4FE8D0
L 02/18/2022 - 22:14:21: Changelevel Server (map 'de_dust2') (maxplayers '20') (use 'global_svs->maxplayers')
L 02/18/2022 - 22:14:21: Building PAS...
L 02/18/2022 - 22:14:21: Average leaves visible / audible / total: 150 / 552 / 1459
L 02/18/2022 - 22:14:21: PAS building time 0.009511 secs
L 02/18/2022 - 22:47:25: DEBUG: GameRules found 0xA4FE8D0
L 02/18/2022 - 22:47:25: Changelevel Server (map 'de_inferno') (maxplayers '20') (use 'global_svs->maxplayers')
L 02/18/2022 - 22:47:25: Building PAS...
L 02/18/2022 - 22:47:25: Average leaves visible / audible / total: 143 / 546 / 1860
L 02/18/2022 - 22:47:25: PAS building time 0.014372 secs
L 02/18/2022 - 23:23:50: DEBUG: GameRules found 0xA4FE8D0
L 02/18/2022 - 23:23:50: Changelevel Server (map 'de_nuke') (maxplayers '20') (use 'global_svs->maxplayers')
L 02/18/2022 - 23:23:50: Building PAS...
L 02/18/2022 - 23:23:50: Average leaves visible / audible / total: 151 / 385 / 1238
L 02/18/2022 - 23:23:50: PAS building time 0.006879 secs
L 02/18/2022 - 23:58:15: DEBUG: GameRules found 0xA4FE8D0
L 02/18/2022 - 23:58:15: Changelevel Server (map 'de_train') (maxplayers '20') (use 'global_svs->maxplayers')
L 02/18/2022 - 23:58:15: Building PAS...
L 02/18/2022 - 23:58:15: Average leaves visible / audible / total: 48 / 92 / 97
L 02/18/2022 - 23:58:15: PAS building time 0.000131 secs
