L 03/19/2022 - 01:09:50: Log file started (file 'cstrike/addons/whblocker/logs/L_19_03_2022.log') (dir 'cstrike') (mod 'Counter-Strike 1.6') (version '1.5.697')
L 03/19/2022 - 01:09:50: DEBUG: GameRules found 0xA4FE8D0
L 03/19/2022 - 01:09:50: Changelevel Server (map 'de_inferno') (maxplayers '20') (use 'global_svs->maxplayers')
L 03/19/2022 - 01:09:50: Building PAS...
L 03/19/2022 - 01:09:50: Average leaves visible / audible / total: 48 / 92 / 97
L 03/19/2022 - 01:09:50: PAS building time 0.000162 secs
L 03/19/2022 - 21:05:58: DEBUG: GameRules found 0xA4FE8D0
L 03/19/2022 - 21:05:58: Changelevel Server (map 'cs_bloodstrike') (maxplayers '20') (use 'global_svs->maxplayers')
L 03/19/2022 - 21:05:58: Building PAS...
L 03/19/2022 - 21:05:58: Average leaves visible / audible / total: 133 / 395 / 1202
L 03/19/2022 - 21:05:58: PAS building time 0.006521 secs
L 03/19/2022 - 21:27:40: DEBUG: GameRules found 0xA4FE8D0
L 03/19/2022 - 21:27:40: Changelevel Server (map 'de_dust2') (maxplayers '20') (use 'global_svs->maxplayers')
L 03/19/2022 - 21:27:40: Building PAS...
L 03/19/2022 - 21:27:40: Average leaves visible / audible / total: 48 / 92 / 97
L 03/19/2022 - 21:27:40: PAS building time 0.000168 secs
L 03/19/2022 - 21:28:48: DEBUG: GameRules found 0xA4FE8D0
L 03/19/2022 - 21:28:48: Changelevel Server (map 'cs_bloodstrike') (maxplayers '20') (use 'global_svs->maxplayers')
L 03/19/2022 - 21:28:48: Building PAS...
L 03/19/2022 - 21:28:48: Average leaves visible / audible / total: 133 / 395 / 1202
L 03/19/2022 - 21:28:48: PAS building time 0.006538 secs
L 03/19/2022 - 21:45:08: DEBUG: GameRules found 0xA4FE8D0
L 03/19/2022 - 21:45:08: Changelevel Server (map 'de_dust2') (maxplayers '20') (use 'global_svs->maxplayers')
L 03/19/2022 - 21:45:08: Building PAS...
L 03/19/2022 - 21:45:08: Average leaves visible / audible / total: 151 / 385 / 1238
L 03/19/2022 - 21:45:08: PAS building time 0.006854 secs
L 03/19/2022 - 22:12:03: DEBUG: GameRules found 0xA4FE8D0
L 03/19/2022 - 22:12:03: Changelevel Server (map 'de_train') (maxplayers '20') (use 'global_svs->maxplayers')
L 03/19/2022 - 22:12:03: Building PAS...
L 03/19/2022 - 22:12:03: Average leaves visible / audible / total: 48 / 92 / 97
L 03/19/2022 - 22:12:03: PAS building time 0.000165 secs
L 03/19/2022 - 22:13:12: DEBUG: GameRules found 0xA4FE8D0
L 03/19/2022 - 22:13:12: Changelevel Server (map 'cs_bloodstrike') (maxplayers '20') (use 'global_svs->maxplayers')
L 03/19/2022 - 22:13:12: Building PAS...
L 03/19/2022 - 22:13:12: Average leaves visible / audible / total: 150 / 552 / 1459
L 03/19/2022 - 22:13:12: PAS building time 0.009545 secs
L 03/19/2022 - 22:17:14: DEBUG: GameRules found 0xA4FE8D0
L 03/19/2022 - 22:17:14: Changelevel Server (map 'de_inferno') (maxplayers '20') (use 'global_svs->maxplayers')
L 03/19/2022 - 22:17:14: Building PAS...
L 03/19/2022 - 22:17:14: Average leaves visible / audible / total: 143 / 546 / 1860
L 03/19/2022 - 22:17:14: PAS building time 0.014382 secs
L 03/19/2022 - 22:45:18: DEBUG: GameRules found 0xA4FE8D0
L 03/19/2022 - 22:45:18: Changelevel Server (map 'de_nuke') (maxplayers '20') (use 'global_svs->maxplayers')
L 03/19/2022 - 22:45:18: Building PAS...
L 03/19/2022 - 22:45:18: Average leaves visible / audible / total: 151 / 385 / 1238
L 03/19/2022 - 22:45:18: PAS building time 0.006851 secs
L 03/19/2022 - 23:22:17: DEBUG: GameRules found 0xA4FE8D0
L 03/19/2022 - 23:22:17: Changelevel Server (map 'de_train') (maxplayers '20') (use 'global_svs->maxplayers')
L 03/19/2022 - 23:22:17: Building PAS...
L 03/19/2022 - 23:22:17: Average leaves visible / audible / total: 133 / 395 / 1202
L 03/19/2022 - 23:22:17: PAS building time 0.006555 secs
L 03/19/2022 - 23:52:49: DEBUG: GameRules found 0xA4FE8D0
L 03/19/2022 - 23:52:49: Changelevel Server (map 'de_dust2') (maxplayers '20') (use 'global_svs->maxplayers')
L 03/19/2022 - 23:52:49: Building PAS...
L 03/19/2022 - 23:52:49: Average leaves visible / audible / total: 48 / 92 / 97
L 03/19/2022 - 23:52:49: PAS building time 0.000166 secs
