L 11/19/2022 - 00:34:33: Log file started (file 'cstrike/addons/whblocker/logs/L_19_11_2022.log') (dir 'cstrike') (mod 'Counter-Strike 1.6') (version '1.5.697')
L 11/19/2022 - 00:34:33: DEBUG: GameRules found 0x952B5F8
L 11/19/2022 - 00:34:33: Changelevel Server (map 'de_dust2') (maxplayers '16') (use 'global_svs->maxplayers')
L 11/19/2022 - 06:15:26: Success: Configuration executed.
L 11/19/2022 - 06:15:26: DEBUG: SVS found 0xF7437760
L 11/19/2022 - 06:15:26: DEBUG: SV_CheckTimeouts function FOUND 0xF6FD4DD0
L 11/19/2022 - 06:15:26: DEBUG: client_t address of a structure FOUND 0xF6FD4E01
L 11/19/2022 - 06:15:26: DEBUG: client_t determined the size of a the structure 20216
L 11/19/2022 - 06:15:26: DEBUG: SV_Move function FOUND 0xF6FF34F0
L 11/19/2022 - 06:15:26: DEBUG: m_iId parse member, value is 47
L 11/19/2022 - 06:15:26: DEBUG: m_pActiveItem parse member, value is 378
L 11/19/2022 - 06:15:26: DEBUG: SV_EmitEvents function FOUND 0xF6FD5A30
L 11/19/2022 - 06:15:26: DEBUG: SV_WriteEntitiesToClient function FOUND 0xF6FD7200
L 11/19/2022 - 06:15:26: DEBUG: SV_EmitEvents address was FOUND inside SV_WriteEntitiesToClient function 0xF6FD74D1
L 11/19/2022 - 06:15:26: DEBUG: SV_EmitEvents function PATCH SUCCEED 0xF6FD74D1
L 11/19/2022 - 06:15:26: DEBUG: SV_StartSound function FOUND 0xF6FCF410
L 11/19/2022 - 06:15:26: DEBUG: SV_StartSound address was FOUND inside unk_1 function 0xF6FBE0E5
L 11/19/2022 - 06:15:26: DEBUG: SV_StartSound function PATCH SUCCEED 0xF6FBE0E5
L 11/19/2022 - 06:15:26: DEBUG: SV_StartSound address was FOUND inside unk_2 function 0xF6FE3599
L 11/19/2022 - 06:15:26: DEBUG: SV_StartSound function PATCH SUCCEED 0xF6FE3599
L 11/19/2022 - 06:15:26: DEBUG: SV_StartSound address was FOUND inside unk_3 function 0xF6FE683D
L 11/19/2022 - 06:15:26: DEBUG: SV_StartSound function PATCH SUCCEED 0xF6FE683D
L 11/19/2022 - 06:15:26: DEBUG: SV_StartSound address was FOUND inside unk_4 function 0xF6FE693E
L 11/19/2022 - 06:15:26: DEBUG: SV_StartSound function PATCH SUCCEED 0xF6FE693E
L 11/19/2022 - 06:15:26: DEBUG: SV_StartSound address was FOUND inside unk_5 function 0xF6FE710F
L 11/19/2022 - 06:15:26: DEBUG: SV_StartSound function PATCH SUCCEED 0xF6FE710F
L 11/19/2022 - 06:15:26: DEBUG: SV_StartSound address was FOUND inside unk_6 function 0xF6FE71BD
L 11/19/2022 - 06:15:26: DEBUG: SV_StartSound function PATCH SUCCEED 0xF6FE71BD
L 11/19/2022 - 06:15:26: DEBUG: SV_StartSound address was FOUND inside unk_7 function 0xF6FE725D
L 11/19/2022 - 06:15:26: DEBUG: SV_StartSound function PATCH SUCCEED 0xF6FE725D
L 11/19/2022 - 06:15:26: DEBUG: SV_StartSound address was FOUND inside unk_8 function 0xF6FE72E3
L 11/19/2022 - 06:15:26: DEBUG: SV_StartSound function PATCH SUCCEED 0xF6FE72E3
L 11/19/2022 - 06:15:26: DEBUG: SV_StartSound address was FOUND inside unk_9 function 0xF6FE7335
L 11/19/2022 - 06:15:26: DEBUG: SV_StartSound function PATCH SUCCEED 0xF6FE7335
L 11/19/2022 - 06:15:26: DEBUG: SV_StartSound address was FOUND inside unk_10 function 0xF6FE737C
L 11/19/2022 - 06:15:26: DEBUG: SV_StartSound function PATCH SUCCEED 0xF6FE737C
L 11/19/2022 - 06:15:26: DEBUG: SV_StartSound address was FOUND inside unk_11 function 0xF6FE73C3
L 11/19/2022 - 06:15:26: DEBUG: SV_StartSound function PATCH SUCCEED 0xF6FE73C3
L 11/19/2022 - 06:15:26: DEBUG: SV_StartSound address was FOUND inside unk_12 function 0xF6FE7412
L 11/19/2022 - 06:15:26: DEBUG: SV_StartSound function PATCH SUCCEED 0xF6FE7412
L 11/19/2022 - 06:15:26: DEBUG: PF_Remove_I function FOUND 0xF6FBF7B0
L 11/19/2022 - 06:15:26: DEBUG: ED_Free address was FOUND inside PF_Remove_I function 0xF6FBF7B0
L 11/19/2022 - 06:15:26: DEBUG: ED_Free function PATCH SUCCEED 0xF6FBF7B0
L 11/19/2022 - 06:15:26: DEBUG: PF_BuildSoundMsg_I function FOUND 0xF6FC2940
L 11/19/2022 - 06:15:26: DEBUG: PF_BuildSoundMsg_I patch address to inside function in PF_BuildSoundMsg_I PATCH SUCCEED 0xF6FC2940
L 11/19/2022 - 06:15:26: DEBUG: MSG_StartBitWriting function FOUND 0xF6F91EA0
L 11/19/2022 - 06:15:26: DEBUG: MSG_WriteBits function FOUND 0xF6F93040
L 11/19/2022 - 06:15:26: DEBUG: MSG_WriteBitVec3Coord function FOUND 0xF6F93CB0
L 11/19/2022 - 06:15:26: DEBUG: MSG_EndBitWriting function FOUND 0xF6F93750
L 11/19/2022 - 06:15:26: DEBUG: SV_LookupSoundIndex function FOUND 0xF6FCEB40
L 11/19/2022 - 06:15:26: DEBUG: SZ_GetSpace function FOUND 0xF6F92F20
L 11/19/2022 - 06:15:26: Success: Patch executed.
L 11/19/2022 - 06:15:26: PrivateData Offsets: ->
pev			- '0'
vtable			- '8'
playership		- '53'
m_iId			- '47'
m_pActiveItem		- '378'
m_blindStartTime	- '520'
m_blindHoldTime		- '521'
m_blindAlpha		- '523'
L 11/19/2022 - 06:15:26: Success: Build HLDS version defined Linux '8308' (cstrike)
L 11/19/2022 - 06:15:26: Settings: -> 
debug		- '3'
esp		- '1'
smooth		- '1'
smoothout	- '1'
smoothent	- '45'
decalfix	- '1'
antinoflash	- '1'
alphaflash	- '255'
team		- '0'
fov		- '1'
solid		- '2'
barrel		- '1'
blockent	- '1'
hlfix		- '0'
metacall	- '1'
blocktype	- '0'
skytrace	- '1'
revis		- '0'
L 11/19/2022 - 06:15:26: Building PAS...
L 11/19/2022 - 06:15:26: Average leaves visible / audible / total: 48 / 92 / 97
L 11/19/2022 - 06:15:26: PAS building time 0.000221 secs
L 11/19/2022 - 06:15:27: DEBUG: GameRules found 0xAC213A0
L 11/19/2022 - 06:15:27: Changelevel Server (map 'cs_bloodstrike') (maxplayers '16') (use 'global_svs->maxplayers')
L 11/19/2022 - 06:15:27: Building PAS...
L 11/19/2022 - 06:15:27: Average leaves visible / audible / total: 133 / 395 / 1202
L 11/19/2022 - 06:15:27: PAS building time 0.007689 secs
L 11/19/2022 - 20:06:20: DEBUG: GameRules found 0xAC213A0
L 11/19/2022 - 20:06:20: Changelevel Server (map 'de_dust2') (maxplayers '16') (use 'global_svs->maxplayers')
L 11/19/2022 - 20:06:20: Building PAS...
L 11/19/2022 - 20:06:20: Average leaves visible / audible / total: 150 / 552 / 1459
L 11/19/2022 - 20:06:20: PAS building time 0.011393 secs
L 11/19/2022 - 20:37:42: DEBUG: GameRules found 0xAC8AF18
L 11/19/2022 - 20:37:42: Changelevel Server (map 'de_inferno') (maxplayers '16') (use 'global_svs->maxplayers')
L 11/19/2022 - 20:37:42: Building PAS...
L 11/19/2022 - 20:37:42: Average leaves visible / audible / total: 143 / 546 / 1860
L 11/19/2022 - 20:37:42: PAS building time 0.017426 secs
L 11/19/2022 - 21:06:54: DEBUG: GameRules found 0xAC8AF18
L 11/19/2022 - 21:06:54: Changelevel Server (map 'de_nuke') (maxplayers '16') (use 'global_svs->maxplayers')
L 11/19/2022 - 21:06:54: Building PAS...
L 11/19/2022 - 21:06:54: Average leaves visible / audible / total: 150 / 552 / 1459
L 11/19/2022 - 21:06:54: PAS building time 0.011266 secs
L 11/19/2022 - 21:10:59: DEBUG: GameRules found 0xAC8AF18
L 11/19/2022 - 21:10:59: Changelevel Server (map 'de_inferno') (maxplayers '16') (use 'global_svs->maxplayers')
L 11/19/2022 - 21:10:59: Building PAS...
L 11/19/2022 - 21:10:59: Average leaves visible / audible / total: 133 / 395 / 1202
L 11/19/2022 - 21:10:59: PAS building time 0.007813 secs
L 11/19/2022 - 21:49:21: DEBUG: GameRules found 0xAC8AF18
L 11/19/2022 - 21:49:21: Changelevel Server (map 'de_dust2') (maxplayers '16') (use 'global_svs->maxplayers')
L 11/19/2022 - 21:49:21: Building PAS...
L 11/19/2022 - 21:49:21: Average leaves visible / audible / total: 48 / 92 / 97
L 11/19/2022 - 21:49:21: PAS building time 0.000205 secs
L 11/19/2022 - 22:10:37: DEBUG: GameRules found 0xACA63B0
L 11/19/2022 - 22:10:37: Changelevel Server (map 'cs_bloodstrike') (maxplayers '16') (use 'global_svs->maxplayers')
L 11/19/2022 - 22:10:37: Building PAS...
L 11/19/2022 - 22:10:37: Average leaves visible / audible / total: 48 / 92 / 97
L 11/19/2022 - 22:10:37: PAS building time 0.000208 secs
L 11/19/2022 - 22:16:25: DEBUG: GameRules found 0xAC94C40
L 11/19/2022 - 22:16:25: Changelevel Server (map 'cs_bloodstrike') (maxplayers '16') (use 'global_svs->maxplayers')
L 11/19/2022 - 22:16:25: Building PAS...
L 11/19/2022 - 22:16:25: Average leaves visible / audible / total: 48 / 92 / 97
L 11/19/2022 - 22:16:25: PAS building time 0.000217 secs
L 11/19/2022 - 22:16:49: DEBUG: GameRules found 0xACD5078
L 11/19/2022 - 22:16:49: Changelevel Server (map 'cs_bloodstrike') (maxplayers '16') (use 'global_svs->maxplayers')
