L 11/19/2021 - 00:27:47: Log file started (file 'cstrike/addons/whblocker/logs/L_19_11_2021.log') (dir 'cstrike') (mod 'Counter-Strike 1.6') (version '1.5.697')
L 11/19/2021 - 00:27:47: DEBUG: GameRules found 0x9EAAA68
L 11/19/2021 - 00:27:47: Changelevel Server (map 'de_train') (maxplayers '20') (use 'global_svs->maxplayers')
L 11/19/2021 - 00:27:47: Building PAS...
L 11/19/2021 - 00:27:47: Average leaves visible / audible / total: 133 / 395 / 1202
L 11/19/2021 - 00:27:47: PAS building time 0.006499 secs
L 11/19/2021 - 00:48:46: DEBUG: GameRules found 0x9EAAA68
L 11/19/2021 - 00:48:46: Changelevel Server (map 'de_dust2') (maxplayers '20') (use 'global_svs->maxplayers')
L 11/19/2021 - 00:48:46: Building PAS...
L 11/19/2021 - 00:48:46: Average leaves visible / audible / total: 133 / 395 / 1202
L 11/19/2021 - 00:48:46: PAS building time 0.006498 secs
L 11/19/2021 - 00:49:25: DEBUG: GameRules found 0x9EAAA68
L 11/19/2021 - 00:49:25: Changelevel Server (map 'de_dust2') (maxplayers '20') (use 'global_svs->maxplayers')
L 11/19/2021 - 00:49:25: Building PAS...
L 11/19/2021 - 00:49:25: Average leaves visible / audible / total: 150 / 552 / 1459
L 11/19/2021 - 00:49:25: PAS building time 0.009553 secs
L 11/19/2021 - 01:17:33: DEBUG: GameRules found 0x9EAAA68
L 11/19/2021 - 01:17:33: Changelevel Server (map 'de_inferno') (maxplayers '20') (use 'global_svs->maxplayers')
L 11/19/2021 - 01:17:33: Building PAS...
L 11/19/2021 - 01:17:33: Average leaves visible / audible / total: 48 / 92 / 97
L 11/19/2021 - 01:17:33: PAS building time 0.00016 secs
L 11/19/2021 - 01:44:23: DEBUG: GameRules found 0x9EAAA68
L 11/19/2021 - 01:44:23: Changelevel Server (map 'cs_bloodstrike') (maxplayers '20') (use 'global_svs->maxplayers')
L 11/19/2021 - 01:44:23: Building PAS...
L 11/19/2021 - 01:44:23: Average leaves visible / audible / total: 133 / 395 / 1202
L 11/19/2021 - 01:44:23: PAS building time 0.006562 secs
L 11/19/2021 - 20:22:51: DEBUG: GameRules found 0x9EAAA68
L 11/19/2021 - 20:22:51: Changelevel Server (map 'de_dust2') (maxplayers '20') (use 'global_svs->maxplayers')
L 11/19/2021 - 20:22:51: Building PAS...
L 11/19/2021 - 20:22:51: Average leaves visible / audible / total: 151 / 385 / 1238
L 11/19/2021 - 20:22:51: PAS building time 0.00689 secs
L 11/19/2021 - 20:47:38: DEBUG: GameRules found 0x9EAAA68
L 11/19/2021 - 20:47:38: Changelevel Server (map 'de_train') (maxplayers '20') (use 'global_svs->maxplayers')
L 11/19/2021 - 20:47:38: Building PAS...
L 11/19/2021 - 20:47:38: Average leaves visible / audible / total: 143 / 546 / 1860
L 11/19/2021 - 20:47:38: PAS building time 0.014549 secs
L 11/19/2021 - 21:17:37: DEBUG: GameRules found 0x9EAAA68
L 11/19/2021 - 21:17:37: Changelevel Server (map 'de_nuke') (maxplayers '20') (use 'global_svs->maxplayers')
L 11/19/2021 - 21:17:37: Building PAS...
L 11/19/2021 - 21:17:37: Average leaves visible / audible / total: 143 / 546 / 1860
L 11/19/2021 - 21:17:37: PAS building time 0.014286 secs
L 11/19/2021 - 21:17:57: DEBUG: GameRules found 0x9EAAA68
L 11/19/2021 - 21:17:57: Changelevel Server (map 'de_nuke') (maxplayers '20') (use 'global_svs->maxplayers')
L 11/19/2021 - 21:17:57: Building PAS...
L 11/19/2021 - 21:17:57: Average leaves visible / audible / total: 150 / 552 / 1459
L 11/19/2021 - 21:17:57: PAS building time 0.009516 secs
L 11/19/2021 - 21:43:09: DEBUG: GameRules found 0x9EAAA68
L 11/19/2021 - 21:43:09: Changelevel Server (map 'de_inferno') (maxplayers '20') (use 'global_svs->maxplayers')
L 11/19/2021 - 21:43:09: Building PAS...
L 11/19/2021 - 21:43:09: Average leaves visible / audible / total: 133 / 395 / 1202
L 11/19/2021 - 21:43:09: PAS building time 0.006543 secs
L 11/19/2021 - 22:21:57: DEBUG: GameRules found 0x9EAAA68
L 11/19/2021 - 22:21:57: Changelevel Server (map 'de_dust2') (maxplayers '20') (use 'global_svs->maxplayers')
L 11/19/2021 - 22:21:57: Building PAS...
L 11/19/2021 - 22:21:57: Average leaves visible / audible / total: 133 / 395 / 1202
L 11/19/2021 - 22:21:57: PAS building time 0.006557 secs
L 11/19/2021 - 22:22:37: DEBUG: GameRules found 0x9EAAA68
L 11/19/2021 - 22:22:37: Changelevel Server (map 'de_dust2') (maxplayers '20') (use 'global_svs->maxplayers')
L 11/19/2021 - 22:22:37: Building PAS...
L 11/19/2021 - 22:22:37: Average leaves visible / audible / total: 151 / 385 / 1238
L 11/19/2021 - 22:22:37: PAS building time 0.006855 secs
L 11/19/2021 - 22:46:01: DEBUG: GameRules found 0x9EAAA68
L 11/19/2021 - 22:46:01: Changelevel Server (map 'de_train') (maxplayers '20') (use 'global_svs->maxplayers')
L 11/19/2021 - 22:46:01: Building PAS...
L 11/19/2021 - 22:46:01: Average leaves visible / audible / total: 143 / 546 / 1860
L 11/19/2021 - 22:46:01: PAS building time 0.014281 secs
L 11/19/2021 - 23:08:04: DEBUG: GameRules found 0x9EAAA68
L 11/19/2021 - 23:08:04: Changelevel Server (map 'de_nuke') (maxplayers '20') (use 'global_svs->maxplayers')
L 11/19/2021 - 23:08:04: Building PAS...
L 11/19/2021 - 23:08:04: Average leaves visible / audible / total: 150 / 552 / 1459
L 11/19/2021 - 23:08:04: PAS building time 0.009573 secs
L 11/19/2021 - 23:38:43: DEBUG: GameRules found 0x9EAAA68
L 11/19/2021 - 23:38:43: Changelevel Server (map 'de_inferno') (maxplayers '20') (use 'global_svs->maxplayers')
L 11/19/2021 - 23:38:43: Building PAS...
L 11/19/2021 - 23:38:43: Average leaves visible / audible / total: 133 / 395 / 1202
L 11/19/2021 - 23:38:43: PAS building time 0.006587 secs
