L 02/21/2022 - 00:13:46: Log file started (file 'cstrike/addons/whblocker/logs/L_21_02_2022.log') (dir 'cstrike') (mod 'Counter-Strike 1.6') (version '1.5.697')
L 02/21/2022 - 00:13:46: DEBUG: GameRules found 0xA4FE8D0
L 02/21/2022 - 00:13:46: Changelevel Server (map 'cs_bloodstrike') (maxplayers '20') (use 'global_svs->maxplayers')
L 02/21/2022 - 00:13:46: Building PAS...
L 02/21/2022 - 00:13:46: Average leaves visible / audible / total: 133 / 395 / 1202
L 02/21/2022 - 00:13:46: PAS building time 0.00655 secs
L 02/21/2022 - 21:15:33: DEBUG: GameRules found 0xA4FE8D0
L 02/21/2022 - 21:15:33: Changelevel Server (map 'de_dust2') (maxplayers '20') (use 'global_svs->maxplayers')
L 02/21/2022 - 21:15:33: Building PAS...
L 02/21/2022 - 21:15:33: Average leaves visible / audible / total: 150 / 552 / 1459
L 02/21/2022 - 21:15:33: PAS building time 0.009584 secs
L 02/21/2022 - 21:33:58: DEBUG: GameRules found 0xA4FE8D0
L 02/21/2022 - 21:33:58: Changelevel Server (map 'de_inferno') (maxplayers '20') (use 'global_svs->maxplayers')
L 02/21/2022 - 21:33:58: Building PAS...
L 02/21/2022 - 21:33:58: Average leaves visible / audible / total: 143 / 546 / 1860
L 02/21/2022 - 21:33:58: PAS building time 0.014311 secs
L 02/21/2022 - 22:05:59: DEBUG: GameRules found 0xA4FE8D0
L 02/21/2022 - 22:05:59: Changelevel Server (map 'de_nuke') (maxplayers '20') (use 'global_svs->maxplayers')
L 02/21/2022 - 22:05:59: Building PAS...
L 02/21/2022 - 22:05:59: Average leaves visible / audible / total: 151 / 385 / 1238
L 02/21/2022 - 22:05:59: PAS building time 0.006926 secs
L 02/21/2022 - 22:28:37: DEBUG: GameRules found 0xA4FE8D0
L 02/21/2022 - 22:28:37: Changelevel Server (map 'de_train') (maxplayers '20') (use 'global_svs->maxplayers')
L 02/21/2022 - 22:28:37: Building PAS...
L 02/21/2022 - 22:28:37: Average leaves visible / audible / total: 133 / 395 / 1202
L 02/21/2022 - 22:28:37: PAS building time 0.00654 secs
L 02/21/2022 - 22:50:28: DEBUG: GameRules found 0xA4FE8D0
L 02/21/2022 - 22:50:28: Changelevel Server (map 'de_dust2') (maxplayers '20') (use 'global_svs->maxplayers')
L 02/21/2022 - 22:50:28: Building PAS...
L 02/21/2022 - 22:50:28: Average leaves visible / audible / total: 150 / 552 / 1459
L 02/21/2022 - 22:50:28: PAS building time 0.009547 secs
L 02/21/2022 - 23:19:47: DEBUG: GameRules found 0xA4FE8D0
L 02/21/2022 - 23:19:47: Changelevel Server (map 'de_inferno') (maxplayers '20') (use 'global_svs->maxplayers')
L 02/21/2022 - 23:19:47: Building PAS...
L 02/21/2022 - 23:19:47: Average leaves visible / audible / total: 143 / 546 / 1860
L 02/21/2022 - 23:19:47: PAS building time 0.014535 secs
L 02/21/2022 - 23:47:01: DEBUG: GameRules found 0xA4FE8D0
L 02/21/2022 - 23:47:01: Changelevel Server (map 'de_nuke') (maxplayers '20') (use 'global_svs->maxplayers')
L 02/21/2022 - 23:47:01: Building PAS...
L 02/21/2022 - 23:47:01: Average leaves visible / audible / total: 143 / 546 / 1860
L 02/21/2022 - 23:47:01: PAS building time 0.014337 secs
L 02/21/2022 - 23:53:06: DEBUG: GameRules found 0xA4FE8D0
L 02/21/2022 - 23:53:06: Changelevel Server (map 'de_nuke') (maxplayers '20') (use 'global_svs->maxplayers')
L 02/21/2022 - 23:53:06: Building PAS...
L 02/21/2022 - 23:53:06: Average leaves visible / audible / total: 143 / 546 / 1860
L 02/21/2022 - 23:53:06: PAS building time 0.014281 secs
L 02/21/2022 - 23:56:12: DEBUG: GameRules found 0xA4FE8D0
L 02/21/2022 - 23:56:12: Changelevel Server (map 'de_nuke') (maxplayers '20') (use 'global_svs->maxplayers')
L 02/21/2022 - 23:56:12: Building PAS...
L 02/21/2022 - 23:56:12: Average leaves visible / audible / total: 151 / 385 / 1238
L 02/21/2022 - 23:56:12: PAS building time 0.006888 secs
