L 10/21/2022 - 00:09:32: Log file started (file 'cstrike/addons/whblocker/logs/L_21_10_2022.log') (dir 'cstrike') (mod 'Counter-Strike 1.6') (version '1.5.697')
L 10/21/2022 - 00:09:32: DEBUG: GameRules found 0xAF54B20
L 10/21/2022 - 00:09:32: Changelevel Server (map 'de_train') (maxplayers '24') (use 'global_svs->maxplayers')
L 10/21/2022 - 00:09:32: Building PAS...
L 10/21/2022 - 00:09:32: Average leaves visible / audible / total: 133 / 395 / 1202
L 10/21/2022 - 00:09:32: PAS building time 0.007893 secs
L 10/21/2022 - 00:43:11: DEBUG: GameRules found 0xAF54B20
L 10/21/2022 - 00:43:11: Changelevel Server (map 'de_dust2') (maxplayers '24') (use 'global_svs->maxplayers')
L 10/21/2022 - 00:43:11: Building PAS...
L 10/21/2022 - 00:43:11: Average leaves visible / audible / total: 151 / 385 / 1238
L 10/21/2022 - 00:43:11: PAS building time 0.010469 secs
L 10/21/2022 - 01:28:28: DEBUG: GameRules found 0xAF54B20
L 10/21/2022 - 01:28:28: Changelevel Server (map 'de_train') (maxplayers '24') (use 'global_svs->maxplayers')
L 10/21/2022 - 01:28:28: Building PAS...
L 10/21/2022 - 01:28:28: Average leaves visible / audible / total: 150 / 552 / 1459
L 10/21/2022 - 01:28:28: PAS building time 0.011196 secs
L 10/21/2022 - 01:31:27: DEBUG: GameRules found 0xAF54B20
L 10/21/2022 - 01:31:27: Changelevel Server (map 'de_inferno') (maxplayers '24') (use 'global_svs->maxplayers')
L 10/21/2022 - 01:31:27: Building PAS...
L 10/21/2022 - 01:31:27: Average leaves visible / audible / total: 133 / 395 / 1202
L 10/21/2022 - 01:31:27: PAS building time 0.008088 secs
