L 02/22/2022 - 00:31:39: Log file started (file 'cstrike/addons/whblocker/logs/L_22_02_2022.log') (dir 'cstrike') (mod 'Counter-Strike 1.6') (version '1.5.697')
L 02/22/2022 - 00:31:39: DEBUG: GameRules found 0xA4FE8D0
L 02/22/2022 - 00:31:39: Changelevel Server (map 'de_train') (maxplayers '20') (use 'global_svs->maxplayers')
L 02/22/2022 - 00:31:39: Building PAS...
L 02/22/2022 - 00:31:39: Average leaves visible / audible / total: 48 / 92 / 97
L 02/22/2022 - 00:31:39: PAS building time 0.000159 secs
L 02/22/2022 - 00:34:30: DEBUG: GameRules found 0xA4FE8D0
L 02/22/2022 - 00:34:30: Changelevel Server (map 'cs_bloodstrike') (maxplayers '20') (use 'global_svs->maxplayers')
L 02/22/2022 - 00:34:30: Building PAS...
L 02/22/2022 - 00:34:30: Average leaves visible / audible / total: 151 / 385 / 1238
L 02/22/2022 - 00:34:30: PAS building time 0.006889 secs
L 02/22/2022 - 00:37:38: DEBUG: GameRules found 0xA4FE8D0
L 02/22/2022 - 00:37:38: Changelevel Server (map 'de_train') (maxplayers '20') (use 'global_svs->maxplayers')
L 02/22/2022 - 00:37:38: Building PAS...
L 02/22/2022 - 00:37:38: Average leaves visible / audible / total: 151 / 385 / 1238
L 02/22/2022 - 00:37:38: PAS building time 0.006836 secs
L 02/22/2022 - 00:37:59: DEBUG: GameRules found 0xA4FE8D0
L 02/22/2022 - 00:37:59: Changelevel Server (map 'de_train') (maxplayers '20') (use 'global_svs->maxplayers')
L 02/22/2022 - 00:37:59: Building PAS...
L 02/22/2022 - 00:37:59: Average leaves visible / audible / total: 48 / 92 / 97
L 02/22/2022 - 00:37:59: PAS building time 0.000194 secs
L 02/22/2022 - 01:05:15: DEBUG: GameRules found 0xA4FE8D0
L 02/22/2022 - 01:05:15: Changelevel Server (map 'cs_bloodstrike') (maxplayers '20') (use 'global_svs->maxplayers')
L 02/22/2022 - 01:05:15: Building PAS...
L 02/22/2022 - 01:05:15: Average leaves visible / audible / total: 133 / 395 / 1202
L 02/22/2022 - 01:05:15: PAS building time 0.00654 secs
L 02/22/2022 - 21:37:44: DEBUG: GameRules found 0xA4FE8D0
L 02/22/2022 - 21:37:44: Changelevel Server (map 'de_dust2') (maxplayers '20') (use 'global_svs->maxplayers')
L 02/22/2022 - 21:37:44: Building PAS...
L 02/22/2022 - 21:37:44: Average leaves visible / audible / total: 150 / 552 / 1459
L 02/22/2022 - 21:37:44: PAS building time 0.009583 secs
L 02/22/2022 - 22:11:19: DEBUG: GameRules found 0xA4FE8D0
L 02/22/2022 - 22:11:19: Changelevel Server (map 'de_inferno') (maxplayers '20') (use 'global_svs->maxplayers')
L 02/22/2022 - 22:11:19: Building PAS...
L 02/22/2022 - 22:11:19: Average leaves visible / audible / total: 143 / 546 / 1860
L 02/22/2022 - 22:11:19: PAS building time 0.014288 secs
L 02/22/2022 - 22:51:21: DEBUG: GameRules found 0xA4FE8D0
L 02/22/2022 - 22:51:21: Changelevel Server (map 'de_nuke') (maxplayers '20') (use 'global_svs->maxplayers')
L 02/22/2022 - 22:51:21: Building PAS...
L 02/22/2022 - 22:51:21: Average leaves visible / audible / total: 151 / 385 / 1238
L 02/22/2022 - 22:51:21: PAS building time 0.006868 secs
L 02/22/2022 - 23:21:12: DEBUG: GameRules found 0xA4FE8D0
L 02/22/2022 - 23:21:12: Changelevel Server (map 'de_train') (maxplayers '20') (use 'global_svs->maxplayers')
L 02/22/2022 - 23:21:12: Building PAS...
L 02/22/2022 - 23:21:12: Average leaves visible / audible / total: 133 / 395 / 1202
L 02/22/2022 - 23:21:12: PAS building time 0.006581 secs
L 02/22/2022 - 23:45:46: DEBUG: GameRules found 0xA4FE8D0
L 02/22/2022 - 23:45:46: Changelevel Server (map 'de_dust2') (maxplayers '20') (use 'global_svs->maxplayers')
L 02/22/2022 - 23:45:46: Building PAS...
L 02/22/2022 - 23:45:46: Average leaves visible / audible / total: 150 / 552 / 1459
L 02/22/2022 - 23:45:46: PAS building time 0.009508 secs
