L 11/22/2021 - 00:12:47: Log file started (file 'cstrike/addons/whblocker/logs/L_22_11_2021.log') (dir 'cstrike') (mod 'Counter-Strike 1.6') (version '1.5.697')
L 11/22/2021 - 00:12:47: DEBUG: GameRules found 0x9EAAA68
L 11/22/2021 - 00:12:47: Changelevel Server (map 'de_inferno') (maxplayers '20') (use 'global_svs->maxplayers')
L 11/22/2021 - 00:12:47: Building PAS...
L 11/22/2021 - 00:12:47: Average leaves visible / audible / total: 143 / 546 / 1860
L 11/22/2021 - 00:12:47: PAS building time 0.014296 secs
L 11/22/2021 - 00:39:28: DEBUG: GameRules found 0x9EAAA68
L 11/22/2021 - 00:39:28: Changelevel Server (map 'de_nuke') (maxplayers '20') (use 'global_svs->maxplayers')
L 11/22/2021 - 00:39:28: Building PAS...
L 11/22/2021 - 00:39:28: Average leaves visible / audible / total: 143 / 546 / 1860
L 11/22/2021 - 00:39:28: PAS building time 0.014294 secs
L 11/22/2021 - 00:39:53: DEBUG: GameRules found 0x9EAAA68
L 11/22/2021 - 00:39:53: Changelevel Server (map 'de_nuke') (maxplayers '20') (use 'global_svs->maxplayers')
L 11/22/2021 - 00:39:53: Building PAS...
L 11/22/2021 - 00:39:53: Average leaves visible / audible / total: 48 / 92 / 97
L 11/22/2021 - 00:39:53: PAS building time 0.000158 secs
L 11/22/2021 - 01:05:35: DEBUG: GameRules found 0x9EAAA68
L 11/22/2021 - 01:05:35: Changelevel Server (map 'cs_bloodstrike') (maxplayers '20') (use 'global_svs->maxplayers')
L 11/22/2021 - 01:05:35: Building PAS...
L 11/22/2021 - 01:05:35: Average leaves visible / audible / total: 151 / 385 / 1238
L 11/22/2021 - 01:05:35: PAS building time 0.006855 secs
L 11/22/2021 - 01:18:36: DEBUG: GameRules found 0x9EAAA68
L 11/22/2021 - 01:18:36: Changelevel Server (map 'de_train') (maxplayers '20') (use 'global_svs->maxplayers')
L 11/22/2021 - 01:18:36: Building PAS...
L 11/22/2021 - 01:18:36: Average leaves visible / audible / total: 48 / 92 / 97
L 11/22/2021 - 01:18:36: PAS building time 0.00019 secs
L 11/22/2021 - 01:41:47: DEBUG: GameRules found 0x9EAAA68
L 11/22/2021 - 01:41:47: Changelevel Server (map 'cs_bloodstrike') (maxplayers '20') (use 'global_svs->maxplayers')
L 11/22/2021 - 01:41:47: Building PAS...
L 11/22/2021 - 01:41:47: Average leaves visible / audible / total: 133 / 395 / 1202
L 11/22/2021 - 01:41:47: PAS building time 0.006534 secs
L 11/22/2021 - 20:51:19: DEBUG: GameRules found 0x9EAAA68
L 11/22/2021 - 20:51:19: Changelevel Server (map 'de_dust2') (maxplayers '20') (use 'global_svs->maxplayers')
L 11/22/2021 - 20:51:19: Building PAS...
L 11/22/2021 - 20:51:19: Average leaves visible / audible / total: 150 / 552 / 1459
L 11/22/2021 - 20:51:19: PAS building time 0.009569 secs
L 11/22/2021 - 21:17:41: DEBUG: GameRules found 0x9EAAA68
L 11/22/2021 - 21:17:41: Changelevel Server (map 'de_inferno') (maxplayers '20') (use 'global_svs->maxplayers')
L 11/22/2021 - 21:17:41: Building PAS...
L 11/22/2021 - 21:17:41: Average leaves visible / audible / total: 143 / 546 / 1860
L 11/22/2021 - 21:17:41: PAS building time 0.014389 secs
L 11/22/2021 - 21:48:17: DEBUG: GameRules found 0x9EAAA68
L 11/22/2021 - 21:48:17: Changelevel Server (map 'de_nuke') (maxplayers '20') (use 'global_svs->maxplayers')
L 11/22/2021 - 21:48:17: Building PAS...
L 11/22/2021 - 21:48:17: Average leaves visible / audible / total: 151 / 385 / 1238
L 11/22/2021 - 21:48:17: PAS building time 0.006876 secs
L 11/22/2021 - 22:19:16: DEBUG: GameRules found 0x9EAAA68
L 11/22/2021 - 22:19:16: Changelevel Server (map 'de_train') (maxplayers '20') (use 'global_svs->maxplayers')
L 11/22/2021 - 22:19:16: Building PAS...
L 11/22/2021 - 22:19:16: Average leaves visible / audible / total: 133 / 395 / 1202
L 11/22/2021 - 22:19:16: PAS building time 0.006531 secs
L 11/22/2021 - 22:45:33: DEBUG: GameRules found 0x9EAAA68
L 11/22/2021 - 22:45:33: Changelevel Server (map 'de_dust2') (maxplayers '20') (use 'global_svs->maxplayers')
L 11/22/2021 - 22:45:33: Building PAS...
L 11/22/2021 - 22:45:33: Average leaves visible / audible / total: 150 / 552 / 1459
L 11/22/2021 - 22:45:33: PAS building time 0.009547 secs
L 11/22/2021 - 23:07:54: DEBUG: GameRules found 0x9EAAA68
L 11/22/2021 - 23:07:54: Changelevel Server (map 'de_inferno') (maxplayers '20') (use 'global_svs->maxplayers')
L 11/22/2021 - 23:07:54: Building PAS...
L 11/22/2021 - 23:07:54: Average leaves visible / audible / total: 150 / 552 / 1459
L 11/22/2021 - 23:07:54: PAS building time 0.00944 secs
L 11/22/2021 - 23:08:17: DEBUG: GameRules found 0x9EAAA68
L 11/22/2021 - 23:08:17: Changelevel Server (map 'de_inferno') (maxplayers '20') (use 'global_svs->maxplayers')
L 11/22/2021 - 23:08:17: Building PAS...
L 11/22/2021 - 23:08:17: Average leaves visible / audible / total: 150 / 552 / 1459
L 11/22/2021 - 23:08:17: PAS building time 0.009521 secs
L 11/22/2021 - 23:09:51: DEBUG: GameRules found 0x9EAAA68
L 11/22/2021 - 23:09:51: Changelevel Server (map 'de_inferno') (maxplayers '20') (use 'global_svs->maxplayers')
L 11/22/2021 - 23:09:51: Building PAS...
L 11/22/2021 - 23:09:51: Average leaves visible / audible / total: 143 / 546 / 1860
L 11/22/2021 - 23:09:51: PAS building time 0.014305 secs
L 11/22/2021 - 23:39:51: DEBUG: GameRules found 0x9EAAA68
L 11/22/2021 - 23:39:51: Changelevel Server (map 'de_nuke') (maxplayers '20') (use 'global_svs->maxplayers')
L 11/22/2021 - 23:39:51: Building PAS...
L 11/22/2021 - 23:39:51: Average leaves visible / audible / total: 151 / 385 / 1238
L 11/22/2021 - 23:39:51: PAS building time 0.006895 secs
