L 11/22/2022 - 06:15:27: Log file started (file 'cstrike/addons/whblocker/logs/L_22_11_2022.log') (dir 'cstrike') (mod 'Counter-Strike 1.6') (version '1.5.697')
L 11/22/2022 - 06:15:27: Success: Configuration executed.
L 11/22/2022 - 06:15:27: DEBUG: SVS found 0xF73FE760
L 11/22/2022 - 06:15:27: DEBUG: SV_CheckTimeouts function FOUND 0xF6F9BDD0
L 11/22/2022 - 06:15:27: DEBUG: client_t address of a structure FOUND 0xF6F9BE01
L 11/22/2022 - 06:15:27: DEBUG: client_t determined the size of a the structure 20216
L 11/22/2022 - 06:15:27: DEBUG: SV_Move function FOUND 0xF6FBA4F0
L 11/22/2022 - 06:15:27: DEBUG: m_iId parse member, value is 47
L 11/22/2022 - 06:15:27: DEBUG: m_pActiveItem parse member, value is 378
L 11/22/2022 - 06:15:27: DEBUG: SV_EmitEvents function FOUND 0xF6F9CA30
L 11/22/2022 - 06:15:27: DEBUG: SV_WriteEntitiesToClient function FOUND 0xF6F9E200
L 11/22/2022 - 06:15:27: DEBUG: SV_EmitEvents address was FOUND inside SV_WriteEntitiesToClient function 0xF6F9E4D1
L 11/22/2022 - 06:15:27: DEBUG: SV_EmitEvents function PATCH SUCCEED 0xF6F9E4D1
L 11/22/2022 - 06:15:27: DEBUG: SV_StartSound function FOUND 0xF6F96410
L 11/22/2022 - 06:15:27: DEBUG: SV_StartSound address was FOUND inside unk_1 function 0xF6F850E5
L 11/22/2022 - 06:15:27: DEBUG: SV_StartSound function PATCH SUCCEED 0xF6F850E5
L 11/22/2022 - 06:15:27: DEBUG: SV_StartSound address was FOUND inside unk_2 function 0xF6FAA599
L 11/22/2022 - 06:15:27: DEBUG: SV_StartSound function PATCH SUCCEED 0xF6FAA599
L 11/22/2022 - 06:15:27: DEBUG: SV_StartSound address was FOUND inside unk_3 function 0xF6FAD83D
L 11/22/2022 - 06:15:27: DEBUG: SV_StartSound function PATCH SUCCEED 0xF6FAD83D
L 11/22/2022 - 06:15:27: DEBUG: SV_StartSound address was FOUND inside unk_4 function 0xF6FAD93E
L 11/22/2022 - 06:15:27: DEBUG: SV_StartSound function PATCH SUCCEED 0xF6FAD93E
L 11/22/2022 - 06:15:27: DEBUG: SV_StartSound address was FOUND inside unk_5 function 0xF6FAE10F
L 11/22/2022 - 06:15:27: DEBUG: SV_StartSound function PATCH SUCCEED 0xF6FAE10F
L 11/22/2022 - 06:15:27: DEBUG: SV_StartSound address was FOUND inside unk_6 function 0xF6FAE1BD
L 11/22/2022 - 06:15:27: DEBUG: SV_StartSound function PATCH SUCCEED 0xF6FAE1BD
L 11/22/2022 - 06:15:27: DEBUG: SV_StartSound address was FOUND inside unk_7 function 0xF6FAE25D
L 11/22/2022 - 06:15:27: DEBUG: SV_StartSound function PATCH SUCCEED 0xF6FAE25D
L 11/22/2022 - 06:15:27: DEBUG: SV_StartSound address was FOUND inside unk_8 function 0xF6FAE2E3
L 11/22/2022 - 06:15:27: DEBUG: SV_StartSound function PATCH SUCCEED 0xF6FAE2E3
L 11/22/2022 - 06:15:27: DEBUG: SV_StartSound address was FOUND inside unk_9 function 0xF6FAE335
L 11/22/2022 - 06:15:27: DEBUG: SV_StartSound function PATCH SUCCEED 0xF6FAE335
L 11/22/2022 - 06:15:27: DEBUG: SV_StartSound address was FOUND inside unk_10 function 0xF6FAE37C
L 11/22/2022 - 06:15:27: DEBUG: SV_StartSound function PATCH SUCCEED 0xF6FAE37C
L 11/22/2022 - 06:15:27: DEBUG: SV_StartSound address was FOUND inside unk_11 function 0xF6FAE3C3
L 11/22/2022 - 06:15:27: DEBUG: SV_StartSound function PATCH SUCCEED 0xF6FAE3C3
L 11/22/2022 - 06:15:27: DEBUG: SV_StartSound address was FOUND inside unk_12 function 0xF6FAE412
L 11/22/2022 - 06:15:27: DEBUG: SV_StartSound function PATCH SUCCEED 0xF6FAE412
L 11/22/2022 - 06:15:27: DEBUG: PF_Remove_I function FOUND 0xF6F867B0
L 11/22/2022 - 06:15:27: DEBUG: ED_Free address was FOUND inside PF_Remove_I function 0xF6F867B0
L 11/22/2022 - 06:15:27: DEBUG: ED_Free function PATCH SUCCEED 0xF6F867B0
L 11/22/2022 - 06:15:27: DEBUG: PF_BuildSoundMsg_I function FOUND 0xF6F89940
L 11/22/2022 - 06:15:27: DEBUG: PF_BuildSoundMsg_I patch address to inside function in PF_BuildSoundMsg_I PATCH SUCCEED 0xF6F89940
L 11/22/2022 - 06:15:27: DEBUG: MSG_StartBitWriting function FOUND 0xF6F58EA0
L 11/22/2022 - 06:15:27: DEBUG: MSG_WriteBits function FOUND 0xF6F5A040
L 11/22/2022 - 06:15:27: DEBUG: MSG_WriteBitVec3Coord function FOUND 0xF6F5ACB0
L 11/22/2022 - 06:15:27: DEBUG: MSG_EndBitWriting function FOUND 0xF6F5A750
L 11/22/2022 - 06:15:27: DEBUG: SV_LookupSoundIndex function FOUND 0xF6F95B40
L 11/22/2022 - 06:15:27: DEBUG: SZ_GetSpace function FOUND 0xF6F59F20
L 11/22/2022 - 06:15:27: Success: Patch executed.
L 11/22/2022 - 06:15:27: PrivateData Offsets: ->
pev			- '0'
vtable			- '8'
playership		- '53'
m_iId			- '47'
m_pActiveItem		- '378'
m_blindStartTime	- '520'
m_blindHoldTime		- '521'
m_blindAlpha		- '523'
L 11/22/2022 - 06:15:27: Success: Build HLDS version defined Linux '8308' (cstrike)
L 11/22/2022 - 06:15:27: Settings: -> 
debug		- '3'
esp		- '1'
smooth		- '1'
smoothout	- '1'
smoothent	- '45'
decalfix	- '1'
antinoflash	- '1'
alphaflash	- '255'
team		- '0'
fov		- '1'
solid		- '2'
barrel		- '1'
blockent	- '1'
hlfix		- '0'
metacall	- '1'
blocktype	- '0'
skytrace	- '1'
revis		- '0'
L 11/22/2022 - 06:15:27: Building PAS...
L 11/22/2022 - 06:15:27: Average leaves visible / audible / total: 48 / 92 / 97
L 11/22/2022 - 06:15:27: PAS building time 0.000223 secs
L 11/22/2022 - 06:15:28: DEBUG: GameRules found 0x96B1530
L 11/22/2022 - 06:15:28: Changelevel Server (map 'cs_bloodstrike') (maxplayers '16') (use 'global_svs->maxplayers')
L 11/22/2022 - 06:15:28: Building PAS...
L 11/22/2022 - 06:15:28: Average leaves visible / audible / total: 150 / 552 / 1459
L 11/22/2022 - 06:15:28: PAS building time 0.011732 secs
L 11/22/2022 - 16:43:04: DEBUG: GameRules found 0x96B1530
L 11/22/2022 - 16:43:04: Changelevel Server (map 'de_inferno') (maxplayers '16') (use 'global_svs->maxplayers')
L 11/22/2022 - 16:43:04: Building PAS...
L 11/22/2022 - 16:43:04: Average leaves visible / audible / total: 143 / 546 / 1860
L 11/22/2022 - 16:43:04: PAS building time 0.017601 secs
L 11/22/2022 - 16:44:36: DEBUG: GameRules found 0x96B1530
L 11/22/2022 - 16:44:36: Changelevel Server (map 'de_nuke') (maxplayers '16') (use 'global_svs->maxplayers')
L 11/22/2022 - 16:44:36: Building PAS...
L 11/22/2022 - 16:44:36: Average leaves visible / audible / total: 48 / 92 / 97
L 11/22/2022 - 16:44:36: PAS building time 0.000235 secs
L 11/22/2022 - 20:59:08: DEBUG: GameRules found 0x971F400
L 11/22/2022 - 20:59:08: Changelevel Server (map 'cs_bloodstrike') (maxplayers '16') (use 'global_svs->maxplayers')
L 11/22/2022 - 20:59:08: Building PAS...
L 11/22/2022 - 20:59:08: Average leaves visible / audible / total: 150 / 552 / 1459
L 11/22/2022 - 20:59:08: PAS building time 0.012204 secs
L 11/22/2022 - 21:03:07: DEBUG: GameRules found 0x971F400
L 11/22/2022 - 21:03:07: Changelevel Server (map 'de_inferno') (maxplayers '16') (use 'global_svs->maxplayers')
L 11/22/2022 - 21:03:07: Building PAS...
L 11/22/2022 - 21:03:07: Average leaves visible / audible / total: 143 / 546 / 1860
L 11/22/2022 - 21:03:07: PAS building time 0.019298 secs
L 11/22/2022 - 21:38:43: DEBUG: GameRules found 0x971F400
L 11/22/2022 - 21:38:43: Changelevel Server (map 'de_nuke') (maxplayers '16') (use 'global_svs->maxplayers')
L 11/22/2022 - 21:38:43: Building PAS...
L 11/22/2022 - 21:38:43: Average leaves visible / audible / total: 133 / 395 / 1202
L 11/22/2022 - 21:38:43: PAS building time 0.008371 secs
L 11/22/2022 - 21:57:20: DEBUG: GameRules found 0x971F400
L 11/22/2022 - 21:57:20: Changelevel Server (map 'de_dust2') (maxplayers '16') (use 'global_svs->maxplayers')
L 11/22/2022 - 21:57:20: Building PAS...
L 11/22/2022 - 21:57:20: Average leaves visible / audible / total: 133 / 395 / 1202
L 11/22/2022 - 21:57:20: PAS building time 0.009362 secs
L 11/22/2022 - 21:57:45: DEBUG: GameRules found 0x971F400
L 11/22/2022 - 21:57:45: Changelevel Server (map 'de_dust2') (maxplayers '16') (use 'global_svs->maxplayers')
L 11/22/2022 - 21:57:45: Building PAS...
L 11/22/2022 - 21:57:45: Average leaves visible / audible / total: 150 / 552 / 1459
L 11/22/2022 - 21:57:45: PAS building time 0.011947 secs
L 11/22/2022 - 22:34:11: DEBUG: GameRules found 0x971F400
L 11/22/2022 - 22:34:11: Changelevel Server (map 'de_inferno') (maxplayers '16') (use 'global_svs->maxplayers')
L 11/22/2022 - 22:34:11: Building PAS...
L 11/22/2022 - 22:34:11: Average leaves visible / audible / total: 143 / 546 / 1860
L 11/22/2022 - 22:34:11: PAS building time 0.017327 secs
L 11/22/2022 - 23:11:02: DEBUG: GameRules found 0x971F400
L 11/22/2022 - 23:11:02: Changelevel Server (map 'de_nuke') (maxplayers '16') (use 'global_svs->maxplayers')
L 11/22/2022 - 23:11:02: Building PAS...
L 11/22/2022 - 23:11:02: Average leaves visible / audible / total: 151 / 385 / 1238
L 11/22/2022 - 23:11:02: PAS building time 0.00817 secs
L 11/22/2022 - 23:49:54: DEBUG: GameRules found 0x971F400
L 11/22/2022 - 23:49:54: Changelevel Server (map 'de_train') (maxplayers '16') (use 'global_svs->maxplayers')
L 11/22/2022 - 23:49:54: Building PAS...
L 11/22/2022 - 23:49:54: Average leaves visible / audible / total: 48 / 92 / 97
L 11/22/2022 - 23:49:54: PAS building time 0.000225 secs
