L 03/22/2022 - 00:02:03: Log file started (file 'cstrike/addons/whblocker/logs/L_22_03_2022.log') (dir 'cstrike') (mod 'Counter-Strike 1.6') (version '1.5.697')
L 03/22/2022 - 00:02:03: DEBUG: GameRules found 0xA4FE8D0
L 03/22/2022 - 00:02:03: Changelevel Server (map 'de_inferno') (maxplayers '20') (use 'global_svs->maxplayers')
L 03/22/2022 - 00:02:03: Building PAS...
L 03/22/2022 - 00:02:03: Average leaves visible / audible / total: 143 / 546 / 1860
L 03/22/2022 - 00:02:03: PAS building time 0.014349 secs
L 03/22/2022 - 00:46:34: DEBUG: GameRules found 0xA4FE8D0
L 03/22/2022 - 00:46:34: Changelevel Server (map 'de_nuke') (maxplayers '20') (use 'global_svs->maxplayers')
L 03/22/2022 - 00:46:34: Building PAS...
L 03/22/2022 - 00:46:34: Average leaves visible / audible / total: 48 / 92 / 97
L 03/22/2022 - 00:46:34: PAS building time 0.000171 secs
L 03/22/2022 - 01:06:21: DEBUG: GameRules found 0xA4FE8D0
L 03/22/2022 - 01:06:21: Changelevel Server (map 'cs_bloodstrike') (maxplayers '20') (use 'global_svs->maxplayers')
L 03/22/2022 - 01:06:21: Building PAS...
L 03/22/2022 - 01:06:21: Average leaves visible / audible / total: 133 / 395 / 1202
L 03/22/2022 - 01:06:21: PAS building time 0.006481 secs
L 03/22/2022 - 20:59:33: DEBUG: GameRules found 0xA4FE8D0
L 03/22/2022 - 20:59:33: Changelevel Server (map 'de_dust2') (maxplayers '20') (use 'global_svs->maxplayers')
L 03/22/2022 - 20:59:33: Building PAS...
L 03/22/2022 - 20:59:33: Average leaves visible / audible / total: 48 / 92 / 97
L 03/22/2022 - 20:59:33: PAS building time 0.000172 secs
L 03/22/2022 - 21:02:58: DEBUG: GameRules found 0xA4FE8D0
L 03/22/2022 - 21:02:58: Changelevel Server (map 'cs_bloodstrike') (maxplayers '20') (use 'global_svs->maxplayers')
L 03/22/2022 - 21:02:58: Building PAS...
L 03/22/2022 - 21:02:58: Average leaves visible / audible / total: 133 / 395 / 1202
L 03/22/2022 - 21:02:58: PAS building time 0.006501 secs
L 03/22/2022 - 21:05:51: DEBUG: GameRules found 0xA4FE8D0
L 03/22/2022 - 21:05:51: Changelevel Server (map 'de_dust2') (maxplayers '20') (use 'global_svs->maxplayers')
L 03/22/2022 - 21:05:51: Building PAS...
L 03/22/2022 - 21:05:51: Average leaves visible / audible / total: 150 / 552 / 1459
L 03/22/2022 - 21:05:51: PAS building time 0.009464 secs
L 03/22/2022 - 21:38:52: DEBUG: GameRules found 0xA4FE8D0
L 03/22/2022 - 21:38:52: Changelevel Server (map 'de_inferno') (maxplayers '20') (use 'global_svs->maxplayers')
L 03/22/2022 - 21:38:52: Building PAS...
L 03/22/2022 - 21:38:52: Average leaves visible / audible / total: 143 / 546 / 1860
L 03/22/2022 - 21:38:52: PAS building time 0.014315 secs
L 03/22/2022 - 22:16:24: DEBUG: GameRules found 0xA4FE8D0
L 03/22/2022 - 22:16:24: Changelevel Server (map 'de_nuke') (maxplayers '20') (use 'global_svs->maxplayers')
L 03/22/2022 - 22:16:24: Building PAS...
L 03/22/2022 - 22:16:24: Average leaves visible / audible / total: 143 / 546 / 1860
L 03/22/2022 - 22:16:24: PAS building time 0.014334 secs
L 03/22/2022 - 22:16:47: DEBUG: GameRules found 0xA4FE8D0
L 03/22/2022 - 22:16:47: Changelevel Server (map 'de_nuke') (maxplayers '20') (use 'global_svs->maxplayers')
L 03/22/2022 - 22:16:47: Building PAS...
L 03/22/2022 - 22:16:47: Average leaves visible / audible / total: 151 / 385 / 1238
L 03/22/2022 - 22:16:47: PAS building time 0.00692 secs
L 03/22/2022 - 22:43:50: DEBUG: GameRules found 0xA4FE8D0
L 03/22/2022 - 22:43:50: Changelevel Server (map 'de_train') (maxplayers '20') (use 'global_svs->maxplayers')
L 03/22/2022 - 22:43:50: Building PAS...
L 03/22/2022 - 22:43:50: Average leaves visible / audible / total: 133 / 395 / 1202
L 03/22/2022 - 22:43:50: PAS building time 0.006487 secs
L 03/22/2022 - 23:13:15: DEBUG: GameRules found 0xA4FE8D0
L 03/22/2022 - 23:13:15: Changelevel Server (map 'de_dust2') (maxplayers '20') (use 'global_svs->maxplayers')
L 03/22/2022 - 23:13:15: Building PAS...
L 03/22/2022 - 23:13:15: Average leaves visible / audible / total: 150 / 552 / 1459
L 03/22/2022 - 23:13:15: PAS building time 0.009588 secs
L 03/22/2022 - 23:51:16: DEBUG: GameRules found 0xA4FE8D0
L 03/22/2022 - 23:51:16: Changelevel Server (map 'de_inferno') (maxplayers '20') (use 'global_svs->maxplayers')
L 03/22/2022 - 23:51:16: Building PAS...
L 03/22/2022 - 23:51:16: Average leaves visible / audible / total: 143 / 546 / 1860
L 03/22/2022 - 23:51:16: PAS building time 0.014293 secs
