L 01/22/2022 - 00:11:41: Log file started (file 'cstrike/addons/whblocker/logs/L_22_01_2022.log') (dir 'cstrike') (mod 'Counter-Strike 1.6') (version '1.5.697')
L 01/22/2022 - 00:11:41: DEBUG: GameRules found 0xA8DD930
L 01/22/2022 - 00:11:41: Changelevel Server (map 'de_train') (maxplayers '20') (use 'global_svs->maxplayers')
L 01/22/2022 - 00:11:41: Building PAS...
L 01/22/2022 - 00:11:41: Average leaves visible / audible / total: 133 / 395 / 1202
L 01/22/2022 - 00:11:41: PAS building time 0.006453 secs
L 01/22/2022 - 00:41:44: DEBUG: GameRules found 0xA8DD930
L 01/22/2022 - 00:41:44: Changelevel Server (map 'de_dust2') (maxplayers '20') (use 'global_svs->maxplayers')
L 01/22/2022 - 00:41:44: Building PAS...
L 01/22/2022 - 00:41:44: Average leaves visible / audible / total: 150 / 552 / 1459
L 01/22/2022 - 00:41:44: PAS building time 0.009521 secs
L 01/22/2022 - 01:17:27: DEBUG: GameRules found 0xA8DD930
L 01/22/2022 - 01:17:27: Changelevel Server (map 'de_inferno') (maxplayers '20') (use 'global_svs->maxplayers')
L 01/22/2022 - 01:17:27: Building PAS...
L 01/22/2022 - 01:17:27: Average leaves visible / audible / total: 143 / 546 / 1860
L 01/22/2022 - 01:17:27: PAS building time 0.014308 secs
L 01/22/2022 - 01:52:40: DEBUG: GameRules found 0xA8DD930
L 01/22/2022 - 01:52:40: Changelevel Server (map 'de_nuke') (maxplayers '20') (use 'global_svs->maxplayers')
L 01/22/2022 - 01:52:40: Building PAS...
L 01/22/2022 - 01:52:40: Average leaves visible / audible / total: 143 / 546 / 1860
L 01/22/2022 - 01:52:40: PAS building time 0.014957 secs
L 01/22/2022 - 01:52:51: DEBUG: GameRules found 0xA8DD930
L 01/22/2022 - 01:52:51: Changelevel Server (map 'de_nuke') (maxplayers '20') (use 'global_svs->maxplayers')
L 01/22/2022 - 01:52:51: Building PAS...
L 01/22/2022 - 01:52:51: Average leaves visible / audible / total: 151 / 385 / 1238
L 01/22/2022 - 01:52:51: PAS building time 0.006826 secs
L 01/22/2022 - 02:31:36: DEBUG: GameRules found 0xA8DD930
L 01/22/2022 - 02:31:36: Changelevel Server (map 'de_train') (maxplayers '20') (use 'global_svs->maxplayers')
L 01/22/2022 - 02:31:36: Building PAS...
L 01/22/2022 - 02:31:36: Average leaves visible / audible / total: 48 / 92 / 97
L 01/22/2022 - 02:31:36: PAS building time 0.000162 secs
L 01/22/2022 - 02:33:19: DEBUG: GameRules found 0xA8DD930
L 01/22/2022 - 02:33:19: Changelevel Server (map 'cs_bloodstrike') (maxplayers '20') (use 'global_svs->maxplayers')
L 01/22/2022 - 02:33:19: Building PAS...
L 01/22/2022 - 02:33:19: Average leaves visible / audible / total: 150 / 552 / 1459
L 01/22/2022 - 02:33:19: PAS building time 0.009477 secs
L 01/22/2022 - 18:46:37: DEBUG: GameRules found 0xA8DD930
L 01/22/2022 - 18:46:37: Changelevel Server (map 'de_inferno') (maxplayers '20') (use 'global_svs->maxplayers')
L 01/22/2022 - 18:46:37: Building PAS...
L 01/22/2022 - 18:46:37: Average leaves visible / audible / total: 48 / 92 / 97
L 01/22/2022 - 18:46:37: PAS building time 0.000135 secs
L 01/22/2022 - 18:50:21: DEBUG: GameRules found 0xA8DD930
L 01/22/2022 - 18:50:21: Changelevel Server (map 'cs_bloodstrike') (maxplayers '20') (use 'global_svs->maxplayers')
L 01/22/2022 - 20:12:15: Success: Configuration executed.
L 01/22/2022 - 20:12:15: DEBUG: SVS found 0xF7377760
L 01/22/2022 - 20:12:15: DEBUG: SV_CheckTimeouts function FOUND 0xF6F14DD0
L 01/22/2022 - 20:12:15: DEBUG: client_t address of a structure FOUND 0xF6F14E01
L 01/22/2022 - 20:12:15: DEBUG: client_t determined the size of a the structure 20216
L 01/22/2022 - 20:12:15: DEBUG: SV_Move function FOUND 0xF6F334F0
L 01/22/2022 - 20:12:15: DEBUG: m_iId parse member, value is 47
L 01/22/2022 - 20:12:15: DEBUG: m_pActiveItem parse member, value is 378
L 01/22/2022 - 20:12:15: DEBUG: SV_EmitEvents function FOUND 0xF6F15A30
L 01/22/2022 - 20:12:15: DEBUG: SV_WriteEntitiesToClient function FOUND 0xF6F17200
L 01/22/2022 - 20:12:15: DEBUG: SV_EmitEvents address was FOUND inside SV_WriteEntitiesToClient function 0xF6F174D1
L 01/22/2022 - 20:12:15: DEBUG: SV_EmitEvents function PATCH SUCCEED 0xF6F174D1
L 01/22/2022 - 20:12:15: DEBUG: SV_StartSound function FOUND 0xF6F0F410
L 01/22/2022 - 20:12:15: DEBUG: SV_StartSound address was FOUND inside unk_1 function 0xF6EFE0E5
L 01/22/2022 - 20:12:15: DEBUG: SV_StartSound function PATCH SUCCEED 0xF6EFE0E5
L 01/22/2022 - 20:12:15: DEBUG: SV_StartSound address was FOUND inside unk_2 function 0xF6F23599
L 01/22/2022 - 20:12:15: DEBUG: SV_StartSound function PATCH SUCCEED 0xF6F23599
L 01/22/2022 - 20:12:15: DEBUG: SV_StartSound address was FOUND inside unk_3 function 0xF6F2683D
L 01/22/2022 - 20:12:15: DEBUG: SV_StartSound function PATCH SUCCEED 0xF6F2683D
L 01/22/2022 - 20:12:15: DEBUG: SV_StartSound address was FOUND inside unk_4 function 0xF6F2693E
L 01/22/2022 - 20:12:15: DEBUG: SV_StartSound function PATCH SUCCEED 0xF6F2693E
L 01/22/2022 - 20:12:15: DEBUG: SV_StartSound address was FOUND inside unk_5 function 0xF6F2710F
L 01/22/2022 - 20:12:15: DEBUG: SV_StartSound function PATCH SUCCEED 0xF6F2710F
L 01/22/2022 - 20:12:15: DEBUG: SV_StartSound address was FOUND inside unk_6 function 0xF6F271BD
L 01/22/2022 - 20:12:15: DEBUG: SV_StartSound function PATCH SUCCEED 0xF6F271BD
L 01/22/2022 - 20:12:15: DEBUG: SV_StartSound address was FOUND inside unk_7 function 0xF6F2725D
L 01/22/2022 - 20:12:15: DEBUG: SV_StartSound function PATCH SUCCEED 0xF6F2725D
L 01/22/2022 - 20:12:15: DEBUG: SV_StartSound address was FOUND inside unk_8 function 0xF6F272E3
L 01/22/2022 - 20:12:15: DEBUG: SV_StartSound function PATCH SUCCEED 0xF6F272E3
L 01/22/2022 - 20:12:15: DEBUG: SV_StartSound address was FOUND inside unk_9 function 0xF6F27335
L 01/22/2022 - 20:12:15: DEBUG: SV_StartSound function PATCH SUCCEED 0xF6F27335
L 01/22/2022 - 20:12:15: DEBUG: SV_StartSound address was FOUND inside unk_10 function 0xF6F2737C
L 01/22/2022 - 20:12:15: DEBUG: SV_StartSound function PATCH SUCCEED 0xF6F2737C
L 01/22/2022 - 20:12:15: DEBUG: SV_StartSound address was FOUND inside unk_11 function 0xF6F273C3
L 01/22/2022 - 20:12:15: DEBUG: SV_StartSound function PATCH SUCCEED 0xF6F273C3
L 01/22/2022 - 20:12:15: DEBUG: SV_StartSound address was FOUND inside unk_12 function 0xF6F27412
L 01/22/2022 - 20:12:15: DEBUG: SV_StartSound function PATCH SUCCEED 0xF6F27412
L 01/22/2022 - 20:12:15: DEBUG: PF_Remove_I function FOUND 0xF6EFF7B0
L 01/22/2022 - 20:12:15: DEBUG: ED_Free address was FOUND inside PF_Remove_I function 0xF6EFF7B0
L 01/22/2022 - 20:12:15: DEBUG: ED_Free function PATCH SUCCEED 0xF6EFF7B0
L 01/22/2022 - 20:12:15: DEBUG: PF_BuildSoundMsg_I function FOUND 0xF6F02940
L 01/22/2022 - 20:12:15: DEBUG: PF_BuildSoundMsg_I patch address to inside function in PF_BuildSoundMsg_I PATCH SUCCEED 0xF6F02940
L 01/22/2022 - 20:12:15: DEBUG: MSG_StartBitWriting function FOUND 0xF6ED1EA0
L 01/22/2022 - 20:12:15: DEBUG: MSG_WriteBits function FOUND 0xF6ED3040
L 01/22/2022 - 20:12:15: DEBUG: MSG_WriteBitVec3Coord function FOUND 0xF6ED3CB0
L 01/22/2022 - 20:12:15: DEBUG: MSG_EndBitWriting function FOUND 0xF6ED3750
L 01/22/2022 - 20:12:15: DEBUG: SV_LookupSoundIndex function FOUND 0xF6F0EB40
L 01/22/2022 - 20:12:15: DEBUG: SZ_GetSpace function FOUND 0xF6ED2F20
L 01/22/2022 - 20:12:15: Success: Patch executed.
L 01/22/2022 - 20:12:15: PrivateData Offsets: ->
pev			- '0'
vtable			- '8'
playership		- '53'
m_iId			- '47'
m_pActiveItem		- '378'
m_blindStartTime	- '520'
m_blindHoldTime		- '521'
m_blindAlpha		- '523'
L 01/22/2022 - 20:12:15: Success: Build HLDS version defined Linux '8308' (cstrike)
L 01/22/2022 - 20:12:15: Settings: -> 
debug		- '3'
esp		- '1'
smooth		- '1'
smoothout	- '1'
smoothent	- '45'
decalfix	- '1'
antinoflash	- '1'
alphaflash	- '255'
team		- '0'
fov		- '1'
solid		- '2'
barrel		- '1'
blockent	- '1'
hlfix		- '0'
metacall	- '1'
blocktype	- '0'
skytrace	- '1'
revis		- '0'
L 01/22/2022 - 20:12:15: Building PAS...
L 01/22/2022 - 20:12:15: Average leaves visible / audible / total: 48 / 92 / 97
L 01/22/2022 - 20:12:15: PAS building time 0.000173 secs
L 01/22/2022 - 20:12:16: DEBUG: GameRules found 0xA468058
L 01/22/2022 - 20:12:16: Changelevel Server (map 'cs_bloodstrike') (maxplayers '20') (use 'global_svs->maxplayers')
L 01/22/2022 - 20:12:16: Building PAS...
L 01/22/2022 - 20:12:16: Average leaves visible / audible / total: 133 / 395 / 1202
L 01/22/2022 - 20:12:16: PAS building time 0.006515 secs
L 01/22/2022 - 20:27:32: DEBUG: GameRules found 0xA468058
L 01/22/2022 - 20:27:32: Changelevel Server (map 'de_dust2') (maxplayers '20') (use 'global_svs->maxplayers')
L 01/22/2022 - 20:27:32: Building PAS...
L 01/22/2022 - 20:27:32: Average leaves visible / audible / total: 150 / 552 / 1459
L 01/22/2022 - 20:27:32: PAS building time 0.00989 secs
L 01/22/2022 - 20:54:51: DEBUG: GameRules found 0xA4FE8D0
L 01/22/2022 - 20:54:51: Changelevel Server (map 'de_inferno') (maxplayers '20') (use 'global_svs->maxplayers')
L 01/22/2022 - 20:54:51: Building PAS...
L 01/22/2022 - 20:54:51: Average leaves visible / audible / total: 143 / 546 / 1860
L 01/22/2022 - 20:54:51: PAS building time 0.014401 secs
L 01/22/2022 - 21:34:37: DEBUG: GameRules found 0xA4FE8D0
L 01/22/2022 - 21:34:37: Changelevel Server (map 'de_nuke') (maxplayers '20') (use 'global_svs->maxplayers')
L 01/22/2022 - 21:34:37: Building PAS...
L 01/22/2022 - 21:34:37: Average leaves visible / audible / total: 151 / 385 / 1238
L 01/22/2022 - 21:34:37: PAS building time 0.006916 secs
L 01/22/2022 - 21:54:32: DEBUG: GameRules found 0xA4FE8D0
L 01/22/2022 - 21:54:32: Changelevel Server (map 'de_train') (maxplayers '20') (use 'global_svs->maxplayers')
L 01/22/2022 - 21:54:32: Building PAS...
L 01/22/2022 - 21:54:32: Average leaves visible / audible / total: 133 / 395 / 1202
L 01/22/2022 - 21:54:32: PAS building time 0.00653 secs
L 01/22/2022 - 22:25:43: DEBUG: GameRules found 0xA4FE8D0
L 01/22/2022 - 22:25:43: Changelevel Server (map 'de_dust2') (maxplayers '20') (use 'global_svs->maxplayers')
L 01/22/2022 - 22:25:43: Building PAS...
L 01/22/2022 - 22:25:43: Average leaves visible / audible / total: 150 / 552 / 1459
L 01/22/2022 - 22:25:43: PAS building time 0.009602 secs
L 01/22/2022 - 22:54:57: DEBUG: GameRules found 0xA4FE8D0
L 01/22/2022 - 22:54:57: Changelevel Server (map 'de_inferno') (maxplayers '20') (use 'global_svs->maxplayers')
L 01/22/2022 - 22:54:57: Building PAS...
L 01/22/2022 - 22:54:57: Average leaves visible / audible / total: 143 / 546 / 1860
L 01/22/2022 - 22:54:57: PAS building time 0.014404 secs
L 01/22/2022 - 23:31:30: DEBUG: GameRules found 0xA4FE8D0
L 01/22/2022 - 23:31:30: Changelevel Server (map 'de_nuke') (maxplayers '20') (use 'global_svs->maxplayers')
L 01/22/2022 - 23:31:30: Building PAS...
L 01/22/2022 - 23:31:30: Average leaves visible / audible / total: 151 / 385 / 1238
L 01/22/2022 - 23:31:30: PAS building time 0.006906 secs
L 01/22/2022 - 23:53:24: DEBUG: GameRules found 0xA4FE8D0
L 01/22/2022 - 23:53:24: Changelevel Server (map 'de_train') (maxplayers '20') (use 'global_svs->maxplayers')
L 01/22/2022 - 23:53:24: Building PAS...
L 01/22/2022 - 23:53:24: Average leaves visible / audible / total: 48 / 92 / 97
L 01/22/2022 - 23:53:24: PAS building time 0.000157 secs
