L 11/23/2021 - 00:06:33: Log file started (file 'cstrike/addons/whblocker/logs/L_23_11_2021.log') (dir 'cstrike') (mod 'Counter-Strike 1.6') (version '1.5.697')
L 11/23/2021 - 00:06:33: DEBUG: GameRules found 0x9EAAA68
L 11/23/2021 - 00:06:33: Changelevel Server (map 'de_train') (maxplayers '20') (use 'global_svs->maxplayers')
L 11/23/2021 - 00:06:33: Building PAS...
L 11/23/2021 - 00:06:33: Average leaves visible / audible / total: 48 / 92 / 97
L 11/23/2021 - 00:06:33: PAS building time 0.000174 secs
L 11/23/2021 - 00:12:22: DEBUG: GameRules found 0x9EAAA68
L 11/23/2021 - 00:12:22: Changelevel Server (map 'cs_bloodstrike') (maxplayers '20') (use 'global_svs->maxplayers')
L 11/23/2021 - 00:12:22: Building PAS...
L 11/23/2021 - 00:12:22: Average leaves visible / audible / total: 151 / 385 / 1238
L 11/23/2021 - 00:12:22: PAS building time 0.006889 secs
L 11/23/2021 - 00:24:26: DEBUG: GameRules found 0x9EAAA68
L 11/23/2021 - 00:24:26: Changelevel Server (map 'de_train') (maxplayers '20') (use 'global_svs->maxplayers')
L 11/23/2021 - 00:24:26: Building PAS...
L 11/23/2021 - 00:24:26: Average leaves visible / audible / total: 48 / 92 / 97
L 11/23/2021 - 00:24:26: PAS building time 0.000174 secs
L 11/23/2021 - 00:45:31: DEBUG: GameRules found 0x9EAAA68
L 11/23/2021 - 00:45:31: Changelevel Server (map 'cs_bloodstrike') (maxplayers '20') (use 'global_svs->maxplayers')
L 11/23/2021 - 00:45:31: Building PAS...
L 11/23/2021 - 00:45:31: Average leaves visible / audible / total: 133 / 395 / 1202
L 11/23/2021 - 00:45:31: PAS building time 0.006524 secs
L 11/23/2021 - 00:50:37: DEBUG: GameRules found 0x9EAAA68
L 11/23/2021 - 00:50:37: Changelevel Server (map 'de_dust2') (maxplayers '20') (use 'global_svs->maxplayers')
L 11/23/2021 - 00:50:37: Building PAS...
L 11/23/2021 - 00:50:37: Average leaves visible / audible / total: 150 / 552 / 1459
L 11/23/2021 - 00:50:37: PAS building time 0.009484 secs
L 11/23/2021 - 01:27:35: DEBUG: GameRules found 0x9EAAA68
L 11/23/2021 - 01:27:35: Changelevel Server (map 'de_inferno') (maxplayers '20') (use 'global_svs->maxplayers')
L 11/23/2021 - 01:27:35: Building PAS...
L 11/23/2021 - 01:27:35: Average leaves visible / audible / total: 48 / 92 / 97
L 11/23/2021 - 01:27:35: PAS building time 0.000195 secs
L 11/23/2021 - 19:15:37: DEBUG: GameRules found 0x9EAAA68
L 11/23/2021 - 19:15:37: Changelevel Server (map 'cs_bloodstrike') (maxplayers '20') (use 'global_svs->maxplayers')
L 11/23/2021 - 19:15:37: Building PAS...
L 11/23/2021 - 19:15:37: Average leaves visible / audible / total: 133 / 395 / 1202
L 11/23/2021 - 19:15:37: PAS building time 0.006579 secs
L 11/23/2021 - 20:57:58: DEBUG: GameRules found 0x9EAAA68
L 11/23/2021 - 20:57:58: Changelevel Server (map 'de_dust2') (maxplayers '20') (use 'global_svs->maxplayers')
L 11/23/2021 - 20:57:58: Building PAS...
L 11/23/2021 - 20:57:58: Average leaves visible / audible / total: 150 / 552 / 1459
L 11/23/2021 - 20:57:58: PAS building time 0.009537 secs
L 11/23/2021 - 21:29:29: DEBUG: GameRules found 0x9EAAA68
L 11/23/2021 - 21:29:29: Changelevel Server (map 'de_inferno') (maxplayers '20') (use 'global_svs->maxplayers')
L 11/23/2021 - 21:29:29: Building PAS...
L 11/23/2021 - 21:29:29: Average leaves visible / audible / total: 143 / 546 / 1860
L 11/23/2021 - 21:29:29: PAS building time 0.014358 secs
L 11/23/2021 - 21:57:25: DEBUG: GameRules found 0x9EAAA68
L 11/23/2021 - 21:57:25: Changelevel Server (map 'de_nuke') (maxplayers '20') (use 'global_svs->maxplayers')
L 11/23/2021 - 21:57:25: Building PAS...
L 11/23/2021 - 21:57:25: Average leaves visible / audible / total: 151 / 385 / 1238
L 11/23/2021 - 21:57:25: PAS building time 0.006858 secs
L 11/23/2021 - 22:22:42: DEBUG: GameRules found 0x9EAAA68
L 11/23/2021 - 22:22:42: Changelevel Server (map 'de_train') (maxplayers '20') (use 'global_svs->maxplayers')
L 11/23/2021 - 22:22:42: Building PAS...
L 11/23/2021 - 22:22:42: Average leaves visible / audible / total: 133 / 395 / 1202
L 11/23/2021 - 22:22:42: PAS building time 0.006491 secs
L 11/23/2021 - 22:45:13: DEBUG: GameRules found 0x9EAAA68
L 11/23/2021 - 22:45:13: Changelevel Server (map 'de_dust2') (maxplayers '20') (use 'global_svs->maxplayers')
L 11/23/2021 - 22:45:13: Building PAS...
L 11/23/2021 - 22:45:13: Average leaves visible / audible / total: 150 / 552 / 1459
L 11/23/2021 - 22:45:13: PAS building time 0.009559 secs
L 11/23/2021 - 23:05:38: DEBUG: GameRules found 0x9EAAA68
L 11/23/2021 - 23:05:38: Changelevel Server (map 'de_inferno') (maxplayers '20') (use 'global_svs->maxplayers')
L 11/23/2021 - 23:05:38: Building PAS...
L 11/23/2021 - 23:05:38: Average leaves visible / audible / total: 143 / 546 / 1860
L 11/23/2021 - 23:05:38: PAS building time 0.014245 secs
L 11/23/2021 - 23:41:41: DEBUG: GameRules found 0x9EAAA68
L 11/23/2021 - 23:41:41: Changelevel Server (map 'de_nuke') (maxplayers '20') (use 'global_svs->maxplayers')
L 11/23/2021 - 23:41:41: Building PAS...
L 11/23/2021 - 23:41:41: Average leaves visible / audible / total: 151 / 385 / 1238
L 11/23/2021 - 23:41:41: PAS building time 0.007088 secs
