L 10/24/2021 - 00:08:19: Log file started (file 'cstrike/addons/whblocker/logs/L_24_10_2021.log') (dir 'cstrike') (mod 'Counter-Strike 1.6') (version '1.5.697')
L 10/24/2021 - 00:08:19: DEBUG: GameRules found 0x9EAAA68
L 10/24/2021 - 00:08:19: Changelevel Server (map 'de_cbble') (maxplayers '20') (use 'global_svs->maxplayers')
L 10/24/2021 - 00:08:19: Building PAS...
L 10/24/2021 - 00:08:19: Average leaves visible / audible / total: 103 / 294 / 800
L 10/24/2021 - 00:08:19: PAS building time 0.002781 secs
L 10/24/2021 - 00:44:35: DEBUG: GameRules found 0x9EAAA68
L 10/24/2021 - 00:44:35: Changelevel Server (map 'de_aztec') (maxplayers '20') (use 'global_svs->maxplayers')
L 10/24/2021 - 00:44:35: Building PAS...
L 10/24/2021 - 00:44:35: Average leaves visible / audible / total: 103 / 294 / 800
L 10/24/2021 - 00:44:35: PAS building time 0.002723 secs
L 10/24/2021 - 00:45:07: DEBUG: GameRules found 0x9EAAA68
L 10/24/2021 - 00:45:07: Changelevel Server (map 'de_aztec') (maxplayers '20') (use 'global_svs->maxplayers')
L 10/24/2021 - 00:45:07: Building PAS...
L 10/24/2021 - 00:45:07: Average leaves visible / audible / total: 161 / 417 / 2023
L 10/24/2021 - 00:45:07: PAS building time 0.016364 secs
L 10/24/2021 - 01:15:16: DEBUG: GameRules found 0x9EAAA68
L 10/24/2021 - 01:15:16: Changelevel Server (map 'de_prodigy') (maxplayers '20') (use 'global_svs->maxplayers')
L 10/24/2021 - 01:15:16: Building PAS...
L 10/24/2021 - 01:15:16: Average leaves visible / audible / total: 48 / 92 / 97
L 10/24/2021 - 01:15:16: PAS building time 0.000152 secs
L 10/24/2021 - 01:18:56: DEBUG: GameRules found 0x9EAAA68
L 10/24/2021 - 01:18:56: Changelevel Server (map 'cs_bloodstrike') (maxplayers '20') (use 'global_svs->maxplayers')
L 10/24/2021 - 01:18:56: Building PAS...
L 10/24/2021 - 01:18:56: Average leaves visible / audible / total: 230 / 913 / 2132
L 10/24/2021 - 01:18:56: PAS building time 0.021951 secs
L 10/24/2021 - 01:24:24: DEBUG: GameRules found 0x9EAAA68
L 10/24/2021 - 01:24:24: Changelevel Server (map 'cs_italy') (maxplayers '20') (use 'global_svs->maxplayers')
L 10/24/2021 - 01:24:24: Building PAS...
L 10/24/2021 - 01:24:24: Average leaves visible / audible / total: 48 / 92 / 97
L 10/24/2021 - 01:24:24: PAS building time 0.000162 secs
L 10/24/2021 - 01:26:36: DEBUG: GameRules found 0x9EAAA68
L 10/24/2021 - 01:26:36: Changelevel Server (map 'cs_bloodstrike') (maxplayers '20') (use 'global_svs->maxplayers')
L 10/24/2021 - 01:26:36: Building PAS...
L 10/24/2021 - 01:26:36: Average leaves visible / audible / total: 133 / 395 / 1202
L 10/24/2021 - 01:26:36: PAS building time 0.006536 secs
L 10/24/2021 - 21:45:14: DEBUG: GameRules found 0x9EAAA68
L 10/24/2021 - 21:45:14: Changelevel Server (map 'de_dust2') (maxplayers '20') (use 'global_svs->maxplayers')
L 10/24/2021 - 21:45:14: Building PAS...
L 10/24/2021 - 21:45:14: Average leaves visible / audible / total: 150 / 552 / 1459
L 10/24/2021 - 21:45:14: PAS building time 0.009554 secs
L 10/24/2021 - 22:22:36: DEBUG: GameRules found 0x9EAAA68
L 10/24/2021 - 22:22:36: Changelevel Server (map 'de_inferno') (maxplayers '20') (use 'global_svs->maxplayers')
L 10/24/2021 - 22:22:36: Building PAS...
L 10/24/2021 - 22:22:36: Average leaves visible / audible / total: 194 / 585 / 1689
L 10/24/2021 - 22:22:36: PAS building time 0.013652 secs
L 10/24/2021 - 22:22:46: DEBUG: GameRules found 0x9EAAA68
L 10/24/2021 - 22:22:46: Changelevel Server (map 'de_cbble') (maxplayers '20') (use 'global_svs->maxplayers')
L 10/24/2021 - 22:22:46: Building PAS...
L 10/24/2021 - 22:22:46: Average leaves visible / audible / total: 150 / 552 / 1459
L 10/24/2021 - 22:22:46: PAS building time 0.009511 secs
L 10/24/2021 - 23:00:11: DEBUG: GameRules found 0x9EAAA68
L 10/24/2021 - 23:00:11: Changelevel Server (map 'de_inferno') (maxplayers '20') (use 'global_svs->maxplayers')
L 10/24/2021 - 23:00:11: Building PAS...
L 10/24/2021 - 23:00:11: Average leaves visible / audible / total: 143 / 546 / 1860
L 10/24/2021 - 23:00:11: PAS building time 0.014305 secs
L 10/24/2021 - 23:27:48: DEBUG: GameRules found 0x9EAAA68
L 10/24/2021 - 23:27:48: Changelevel Server (map 'de_nuke') (maxplayers '20') (use 'global_svs->maxplayers')
L 10/24/2021 - 23:27:48: Building PAS...
L 10/24/2021 - 23:27:48: Average leaves visible / audible / total: 48 / 92 / 97
L 10/24/2021 - 23:27:48: PAS building time 0.000152 secs
L 10/24/2021 - 23:28:07: DEBUG: GameRules found 0x9EAAA68
L 10/24/2021 - 23:28:07: Changelevel Server (map 'cs_bloodstrike') (maxplayers '20') (use 'global_svs->maxplayers')
L 10/24/2021 - 23:28:07: Building PAS...
L 10/24/2021 - 23:28:07: Average leaves visible / audible / total: 103 / 294 / 800
L 10/24/2021 - 23:28:07: PAS building time 0.002789 secs
