L 12/24/2021 - 22:00:32: Log file started (file 'cstrike/addons/whblocker/logs/L_24_12_2021.log') (dir 'cstrike') (mod 'Counter-Strike 1.6') (version '1.5.697')
L 12/24/2021 - 22:00:32: DEBUG: GameRules found 0xA0CAA68
L 12/24/2021 - 22:00:32: Changelevel Server (map 'cs_bloodstrike') (maxplayers '20') (use 'global_svs->maxplayers')
L 12/24/2021 - 22:00:32: Building PAS...
L 12/24/2021 - 22:00:32: Average leaves visible / audible / total: 133 / 395 / 1202
L 12/24/2021 - 22:00:32: PAS building time 0.007002 secs
L 12/24/2021 - 22:26:20: DEBUG: GameRules found 0xA0CAA68
L 12/24/2021 - 22:26:20: Changelevel Server (map 'de_dust2') (maxplayers '20') (use 'global_svs->maxplayers')
L 12/24/2021 - 22:26:20: Building PAS...
L 12/24/2021 - 22:26:20: Average leaves visible / audible / total: 150 / 552 / 1459
L 12/24/2021 - 22:26:20: PAS building time 0.010151 secs
L 12/24/2021 - 22:56:52: DEBUG: GameRules found 0xA0CAA68
L 12/24/2021 - 22:56:52: Changelevel Server (map 'de_inferno') (maxplayers '20') (use 'global_svs->maxplayers')
L 12/24/2021 - 22:56:52: Building PAS...
L 12/24/2021 - 22:56:52: Average leaves visible / audible / total: 143 / 546 / 1860
L 12/24/2021 - 22:56:52: PAS building time 0.014542 secs
L 12/24/2021 - 23:20:50: DEBUG: GameRules found 0xA0CAA68
L 12/24/2021 - 23:20:50: Changelevel Server (map 'de_nuke') (maxplayers '20') (use 'global_svs->maxplayers')
L 12/24/2021 - 23:20:50: Building PAS...
L 12/24/2021 - 23:20:50: Average leaves visible / audible / total: 143 / 546 / 1860
L 12/24/2021 - 23:20:50: PAS building time 0.014606 secs
L 12/24/2021 - 23:22:53: DEBUG: GameRules found 0xA0CAA68
L 12/24/2021 - 23:22:53: Changelevel Server (map 'de_nuke') (maxplayers '20') (use 'global_svs->maxplayers')
L 12/24/2021 - 23:22:53: Building PAS...
L 12/24/2021 - 23:22:53: Average leaves visible / audible / total: 151 / 385 / 1238
L 12/24/2021 - 23:22:53: PAS building time 0.007501 secs
L 12/24/2021 - 23:46:47: DEBUG: GameRules found 0xA0CAA68
L 12/24/2021 - 23:46:47: Changelevel Server (map 'de_train') (maxplayers '20') (use 'global_svs->maxplayers')
L 12/24/2021 - 23:46:47: Building PAS...
L 12/24/2021 - 23:46:47: Average leaves visible / audible / total: 133 / 395 / 1202
L 12/24/2021 - 23:46:47: PAS building time 0.007096 secs
