L 11/24/2021 - 00:18:44: Log file started (file 'cstrike/addons/whblocker/logs/L_24_11_2021.log') (dir 'cstrike') (mod 'Counter-Strike 1.6') (version '1.5.697')
L 11/24/2021 - 00:18:44: DEBUG: GameRules found 0x9EAAA68
L 11/24/2021 - 00:18:44: Changelevel Server (map 'de_train') (maxplayers '20') (use 'global_svs->maxplayers')
L 11/24/2021 - 00:18:44: Building PAS...
L 11/24/2021 - 00:18:44: Average leaves visible / audible / total: 48 / 92 / 97
L 11/24/2021 - 00:18:44: PAS building time 0.000153 secs
L 11/24/2021 - 00:55:50: DEBUG: GameRules found 0x9EAAA68
L 11/24/2021 - 00:55:50: Changelevel Server (map 'cs_bloodstrike') (maxplayers '20') (use 'global_svs->maxplayers')
L 11/24/2021 - 00:55:50: Building PAS...
L 11/24/2021 - 00:55:50: Average leaves visible / audible / total: 48 / 92 / 97
L 11/24/2021 - 00:55:50: PAS building time 0.000163 secs
L 11/24/2021 - 01:07:47: DEBUG: GameRules found 0x9EAAA68
L 11/24/2021 - 01:07:47: Changelevel Server (map 'cs_bloodstrike') (maxplayers '20') (use 'global_svs->maxplayers')
L 11/24/2021 - 01:07:47: Building PAS...
L 11/24/2021 - 01:07:47: Average leaves visible / audible / total: 133 / 395 / 1202
L 11/24/2021 - 01:07:47: PAS building time 0.00651 secs
L 11/24/2021 - 21:41:31: DEBUG: GameRules found 0x9EAAA68
L 11/24/2021 - 21:41:31: Changelevel Server (map 'de_dust2') (maxplayers '20') (use 'global_svs->maxplayers')
L 11/24/2021 - 21:41:31: Building PAS...
L 11/24/2021 - 21:41:31: Average leaves visible / audible / total: 150 / 552 / 1459
L 11/24/2021 - 21:41:31: PAS building time 0.009531 secs
L 11/24/2021 - 22:06:34: DEBUG: GameRules found 0x9EAAA68
L 11/24/2021 - 22:06:34: Changelevel Server (map 'de_inferno') (maxplayers '20') (use 'global_svs->maxplayers')
L 11/24/2021 - 22:06:34: Building PAS...
L 11/24/2021 - 22:06:34: Average leaves visible / audible / total: 150 / 552 / 1459
L 11/24/2021 - 22:06:34: PAS building time 0.009612 secs
L 11/24/2021 - 22:06:47: DEBUG: GameRules found 0x9EAAA68
L 11/24/2021 - 22:06:47: Changelevel Server (map 'de_inferno') (maxplayers '20') (use 'global_svs->maxplayers')
L 11/24/2021 - 22:06:47: Building PAS...
L 11/24/2021 - 22:06:47: Average leaves visible / audible / total: 143 / 546 / 1860
L 11/24/2021 - 22:06:47: PAS building time 0.014292 secs
L 11/24/2021 - 22:35:18: DEBUG: GameRules found 0x9EAAA68
L 11/24/2021 - 22:35:18: Changelevel Server (map 'de_nuke') (maxplayers '20') (use 'global_svs->maxplayers')
L 11/24/2021 - 22:35:18: Building PAS...
L 11/24/2021 - 22:35:18: Average leaves visible / audible / total: 151 / 385 / 1238
L 11/24/2021 - 22:35:18: PAS building time 0.006865 secs
L 11/24/2021 - 22:56:46: DEBUG: GameRules found 0x9EAAA68
L 11/24/2021 - 22:56:46: Changelevel Server (map 'de_train') (maxplayers '20') (use 'global_svs->maxplayers')
L 11/24/2021 - 22:56:46: Building PAS...
L 11/24/2021 - 22:56:46: Average leaves visible / audible / total: 150 / 552 / 1459
L 11/24/2021 - 22:56:46: PAS building time 0.009584 secs
L 11/24/2021 - 23:34:37: DEBUG: GameRules found 0x9EAAA68
L 11/24/2021 - 23:34:37: Changelevel Server (map 'de_inferno') (maxplayers '20') (use 'global_svs->maxplayers')
L 11/24/2021 - 23:34:37: Building PAS...
L 11/24/2021 - 23:34:37: Average leaves visible / audible / total: 133 / 395 / 1202
L 11/24/2021 - 23:34:37: PAS building time 0.006495 secs
L 11/24/2021 - 23:34:44: DEBUG: GameRules found 0x9EAAA68
L 11/24/2021 - 23:34:44: Changelevel Server (map 'de_dust2') (maxplayers '20') (use 'global_svs->maxplayers')
L 11/24/2021 - 23:34:44: Building PAS...
L 11/24/2021 - 23:34:44: Average leaves visible / audible / total: 150 / 552 / 1459
L 11/24/2021 - 23:34:44: PAS building time 0.00956 secs
