L 03/24/2022 - 00:19:56: Log file started (file 'cstrike/addons/whblocker/logs/L_24_03_2022.log') (dir 'cstrike') (mod 'Counter-Strike 1.6') (version '1.5.697')
L 03/24/2022 - 00:19:56: DEBUG: GameRules found 0xA4FE8D0
L 03/24/2022 - 00:19:56: Changelevel Server (map 'de_nuke') (maxplayers '20') (use 'global_svs->maxplayers')
L 03/24/2022 - 00:19:56: Building PAS...
L 03/24/2022 - 00:19:56: Average leaves visible / audible / total: 151 / 385 / 1238
L 03/24/2022 - 00:19:56: PAS building time 0.00687 secs
L 03/24/2022 - 00:46:18: DEBUG: GameRules found 0xA4FE8D0
L 03/24/2022 - 00:46:18: Changelevel Server (map 'de_train') (maxplayers '20') (use 'global_svs->maxplayers')
L 03/24/2022 - 00:46:18: Building PAS...
L 03/24/2022 - 00:46:18: Average leaves visible / audible / total: 151 / 385 / 1238
L 03/24/2022 - 00:46:18: PAS building time 0.006847 secs
L 03/24/2022 - 00:51:46: DEBUG: GameRules found 0xA4FE8D0
L 03/24/2022 - 00:51:46: Changelevel Server (map 'de_train') (maxplayers '20') (use 'global_svs->maxplayers')
L 03/24/2022 - 00:51:46: Building PAS...
L 03/24/2022 - 00:51:46: Average leaves visible / audible / total: 133 / 395 / 1202
L 03/24/2022 - 00:51:46: PAS building time 0.006464 secs
L 03/24/2022 - 01:29:10: DEBUG: GameRules found 0xA4FE8D0
L 03/24/2022 - 01:29:10: Changelevel Server (map 'de_dust2') (maxplayers '20') (use 'global_svs->maxplayers')
L 03/24/2022 - 01:29:10: Building PAS...
L 03/24/2022 - 01:29:10: Average leaves visible / audible / total: 48 / 92 / 97
L 03/24/2022 - 01:29:10: PAS building time 0.000169 secs
L 03/24/2022 - 02:06:44: DEBUG: GameRules found 0xA4FE8D0
L 03/24/2022 - 02:06:44: Changelevel Server (map 'cs_bloodstrike') (maxplayers '20') (use 'global_svs->maxplayers')
L 03/24/2022 - 02:06:44: Building PAS...
L 03/24/2022 - 02:06:44: Average leaves visible / audible / total: 122 / 138 / 186
L 03/24/2022 - 02:06:44: PAS building time 0.000319 secs
L 03/24/2022 - 21:15:21: DEBUG: GameRules found 0xA4FE8D0
L 03/24/2022 - 21:15:21: Changelevel Server (map 'ak47_m4a1_dust') (maxplayers '20') (use 'global_svs->maxplayers')
L 03/24/2022 - 21:15:21: Building PAS...
L 03/24/2022 - 21:15:21: Average leaves visible / audible / total: 48 / 92 / 97
L 03/24/2022 - 21:15:21: PAS building time 0.000133 secs
L 03/24/2022 - 21:17:12: DEBUG: GameRules found 0xA4FE8D0
L 03/24/2022 - 21:17:12: Changelevel Server (map 'cs_bloodstrike') (maxplayers '20') (use 'global_svs->maxplayers')
L 03/24/2022 - 21:17:12: Building PAS...
L 03/24/2022 - 21:17:12: Average leaves visible / audible / total: 133 / 395 / 1202
L 03/24/2022 - 21:17:12: PAS building time 0.006437 secs
L 03/24/2022 - 21:44:11: DEBUG: GameRules found 0xA4FE8D0
L 03/24/2022 - 21:44:11: Changelevel Server (map 'de_dust2') (maxplayers '20') (use 'global_svs->maxplayers')
L 03/24/2022 - 21:44:11: Building PAS...
L 03/24/2022 - 21:44:11: Average leaves visible / audible / total: 150 / 552 / 1459
L 03/24/2022 - 21:44:11: PAS building time 0.009539 secs
L 03/24/2022 - 22:06:13: DEBUG: GameRules found 0xA4FE8D0
L 03/24/2022 - 22:06:13: Changelevel Server (map 'de_inferno') (maxplayers '20') (use 'global_svs->maxplayers')
L 03/24/2022 - 22:06:13: Building PAS...
L 03/24/2022 - 22:06:13: Average leaves visible / audible / total: 143 / 546 / 1860
L 03/24/2022 - 22:06:13: PAS building time 0.015126 secs
L 03/24/2022 - 22:31:42: DEBUG: GameRules found 0xA4FE8D0
L 03/24/2022 - 22:31:42: Changelevel Server (map 'de_nuke') (maxplayers '20') (use 'global_svs->maxplayers')
L 03/24/2022 - 22:31:42: Building PAS...
L 03/24/2022 - 22:31:42: Average leaves visible / audible / total: 151 / 385 / 1238
L 03/24/2022 - 22:31:42: PAS building time 0.006859 secs
L 03/24/2022 - 22:55:10: DEBUG: GameRules found 0xA4FE8D0
L 03/24/2022 - 22:55:10: Changelevel Server (map 'de_train') (maxplayers '20') (use 'global_svs->maxplayers')
L 03/24/2022 - 22:55:10: Building PAS...
L 03/24/2022 - 22:55:10: Average leaves visible / audible / total: 133 / 395 / 1202
L 03/24/2022 - 22:55:10: PAS building time 0.006506 secs
L 03/24/2022 - 23:20:03: DEBUG: GameRules found 0xA4FE8D0
L 03/24/2022 - 23:20:03: Changelevel Server (map 'de_dust2') (maxplayers '20') (use 'global_svs->maxplayers')
L 03/24/2022 - 23:20:03: Building PAS...
L 03/24/2022 - 23:20:03: Average leaves visible / audible / total: 150 / 552 / 1459
L 03/24/2022 - 23:20:03: PAS building time 0.009596 secs
L 03/24/2022 - 23:50:19: DEBUG: GameRules found 0xA4FE8D0
L 03/24/2022 - 23:50:19: Changelevel Server (map 'de_inferno') (maxplayers '20') (use 'global_svs->maxplayers')
L 03/24/2022 - 23:50:19: Building PAS...
L 03/24/2022 - 23:50:19: Average leaves visible / audible / total: 143 / 546 / 1860
L 03/24/2022 - 23:50:19: PAS building time 0.0143 secs
