L 01/25/2022 - 20:50:54: Log file started (file 'cstrike/addons/whblocker/logs/L_25_01_2022.log') (dir 'cstrike') (mod 'Counter-Strike 1.6') (version '1.5.697')
L 01/25/2022 - 20:50:54: DEBUG: GameRules found 0xA4FE8D0
L 01/25/2022 - 20:50:54: Changelevel Server (map 'cs_bloodstrike') (maxplayers '20') (use 'global_svs->maxplayers')
L 01/25/2022 - 20:50:54: Building PAS...
L 01/25/2022 - 20:50:54: Average leaves visible / audible / total: 133 / 395 / 1202
L 01/25/2022 - 20:50:54: PAS building time 0.006543 secs
L 01/25/2022 - 21:05:27: DEBUG: GameRules found 0xA4FE8D0
L 01/25/2022 - 21:05:27: Changelevel Server (map 'de_dust2') (maxplayers '20') (use 'global_svs->maxplayers')
L 01/25/2022 - 21:05:27: Building PAS...
L 01/25/2022 - 21:05:27: Average leaves visible / audible / total: 150 / 552 / 1459
L 01/25/2022 - 21:05:27: PAS building time 0.009611 secs
L 01/25/2022 - 21:34:37: DEBUG: GameRules found 0xA4FE8D0
L 01/25/2022 - 21:34:37: Changelevel Server (map 'de_inferno') (maxplayers '20') (use 'global_svs->maxplayers')
L 01/25/2022 - 21:34:37: Building PAS...
L 01/25/2022 - 21:34:37: Average leaves visible / audible / total: 143 / 546 / 1860
L 01/25/2022 - 21:34:37: PAS building time 0.014342 secs
L 01/25/2022 - 22:10:00: DEBUG: GameRules found 0xA4FE8D0
L 01/25/2022 - 22:10:00: Changelevel Server (map 'de_nuke') (maxplayers '20') (use 'global_svs->maxplayers')
L 01/25/2022 - 22:10:00: Building PAS...
L 01/25/2022 - 22:10:00: Average leaves visible / audible / total: 143 / 546 / 1860
L 01/25/2022 - 22:10:00: PAS building time 0.014327 secs
L 01/25/2022 - 22:10:27: DEBUG: GameRules found 0xA4FE8D0
L 01/25/2022 - 22:10:27: Changelevel Server (map 'de_nuke') (maxplayers '20') (use 'global_svs->maxplayers')
L 01/25/2022 - 22:10:27: Building PAS...
L 01/25/2022 - 22:10:27: Average leaves visible / audible / total: 151 / 385 / 1238
L 01/25/2022 - 22:10:27: PAS building time 0.006848 secs
L 01/25/2022 - 22:46:51: DEBUG: GameRules found 0xA4FE8D0
L 01/25/2022 - 22:46:51: Changelevel Server (map 'de_train') (maxplayers '20') (use 'global_svs->maxplayers')
L 01/25/2022 - 22:46:51: Building PAS...
L 01/25/2022 - 22:46:51: Average leaves visible / audible / total: 133 / 395 / 1202
L 01/25/2022 - 22:46:51: PAS building time 0.006511 secs
L 01/25/2022 - 23:22:39: DEBUG: GameRules found 0xA4FE8D0
L 01/25/2022 - 23:22:39: Changelevel Server (map 'de_dust2') (maxplayers '20') (use 'global_svs->maxplayers')
L 01/25/2022 - 23:22:39: Building PAS...
L 01/25/2022 - 23:22:39: Average leaves visible / audible / total: 150 / 552 / 1459
L 01/25/2022 - 23:22:39: PAS building time 0.009596 secs
