L 11/26/2021 - 00:05:13: Log file started (file 'cstrike/addons/whblocker/logs/L_26_11_2021.log') (dir 'cstrike') (mod 'Counter-Strike 1.6') (version '1.5.697')
L 11/26/2021 - 00:05:13: DEBUG: GameRules found 0x9EAAA68
L 11/26/2021 - 00:05:13: Changelevel Server (map 'de_nuke') (maxplayers '20') (use 'global_svs->maxplayers')
L 11/26/2021 - 00:05:13: Building PAS...
L 11/26/2021 - 00:05:13: Average leaves visible / audible / total: 143 / 546 / 1860
L 11/26/2021 - 00:05:13: PAS building time 0.014287 secs
L 11/26/2021 - 00:05:30: DEBUG: GameRules found 0x9EAAA68
L 11/26/2021 - 00:05:30: Changelevel Server (map 'de_nuke') (maxplayers '20') (use 'global_svs->maxplayers')
L 11/26/2021 - 00:05:30: Building PAS...
L 11/26/2021 - 00:05:30: Average leaves visible / audible / total: 151 / 385 / 1238
L 11/26/2021 - 00:05:30: PAS building time 0.006776 secs
L 11/26/2021 - 00:33:48: DEBUG: GameRules found 0x9EAAA68
L 11/26/2021 - 00:33:48: Changelevel Server (map 'de_train') (maxplayers '20') (use 'global_svs->maxplayers')
L 11/26/2021 - 00:33:48: Building PAS...
L 11/26/2021 - 00:33:48: Average leaves visible / audible / total: 48 / 92 / 97
L 11/26/2021 - 00:33:48: PAS building time 0.000152 secs
L 11/26/2021 - 01:09:31: DEBUG: GameRules found 0x9EAAA68
L 11/26/2021 - 01:09:31: Changelevel Server (map 'cs_bloodstrike') (maxplayers '20') (use 'global_svs->maxplayers')
L 11/26/2021 - 01:09:31: Building PAS...
L 11/26/2021 - 01:09:31: Average leaves visible / audible / total: 48 / 92 / 97
L 11/26/2021 - 01:09:31: PAS building time 0.000185 secs
L 11/26/2021 - 01:10:20: DEBUG: GameRules found 0x9EAAA68
L 11/26/2021 - 01:10:20: Changelevel Server (map 'cs_bloodstrike') (maxplayers '20') (use 'global_svs->maxplayers')
L 11/26/2021 - 01:10:20: Building PAS...
L 11/26/2021 - 01:10:20: Average leaves visible / audible / total: 150 / 552 / 1459
L 11/26/2021 - 01:10:20: PAS building time 0.009531 secs
L 11/26/2021 - 01:19:09: DEBUG: GameRules found 0x9EAAA68
L 11/26/2021 - 01:19:09: Changelevel Server (map 'de_inferno') (maxplayers '20') (use 'global_svs->maxplayers')
L 11/26/2021 - 01:19:09: Building PAS...
L 11/26/2021 - 01:19:09: Average leaves visible / audible / total: 48 / 92 / 97
L 11/26/2021 - 01:19:09: PAS building time 0.000164 secs
L 11/26/2021 - 01:44:04: DEBUG: GameRules found 0x9EAAA68
L 11/26/2021 - 01:44:04: Changelevel Server (map 'cs_bloodstrike') (maxplayers '20') (use 'global_svs->maxplayers')
L 11/26/2021 - 01:44:04: Building PAS...
L 11/26/2021 - 01:44:04: Average leaves visible / audible / total: 48 / 92 / 97
L 11/26/2021 - 01:44:04: PAS building time 0.000159 secs
L 11/26/2021 - 01:52:53: DEBUG: GameRules found 0x9EAAA68
L 11/26/2021 - 01:52:53: Changelevel Server (map 'cs_bloodstrike') (maxplayers '20') (use 'global_svs->maxplayers')
L 11/26/2021 - 01:52:53: Building PAS...
L 11/26/2021 - 01:52:53: Average leaves visible / audible / total: 48 / 92 / 97
L 11/26/2021 - 01:52:53: PAS building time 0.000173 secs
L 11/26/2021 - 01:54:04: DEBUG: GameRules found 0x9EAAA68
L 11/26/2021 - 01:54:04: Changelevel Server (map 'cs_bloodstrike') (maxplayers '20') (use 'global_svs->maxplayers')
L 11/26/2021 - 01:54:04: Building PAS...
L 11/26/2021 - 01:54:04: Average leaves visible / audible / total: 48 / 92 / 97
L 11/26/2021 - 01:54:04: PAS building time 0.000203 secs
L 11/26/2021 - 01:58:42: DEBUG: GameRules found 0x9EAAA68
L 11/26/2021 - 01:58:42: Changelevel Server (map 'cs_bloodstrike') (maxplayers '20') (use 'global_svs->maxplayers')
L 11/26/2021 - 01:58:42: Building PAS...
L 11/26/2021 - 01:58:42: Average leaves visible / audible / total: 133 / 395 / 1202
L 11/26/2021 - 01:58:42: PAS building time 0.006477 secs
L 11/26/2021 - 20:25:02: DEBUG: GameRules found 0x9EAAA68
L 11/26/2021 - 20:25:02: Changelevel Server (map 'de_dust2') (maxplayers '20') (use 'global_svs->maxplayers')
L 11/26/2021 - 20:25:02: Building PAS...
L 11/26/2021 - 20:25:02: Average leaves visible / audible / total: 150 / 552 / 1459
L 11/26/2021 - 20:25:02: PAS building time 0.009579 secs
L 11/26/2021 - 20:54:25: DEBUG: GameRules found 0x9EAAA68
L 11/26/2021 - 20:54:25: Changelevel Server (map 'de_inferno') (maxplayers '20') (use 'global_svs->maxplayers')
L 11/26/2021 - 20:54:25: Building PAS...
L 11/26/2021 - 20:54:25: Average leaves visible / audible / total: 150 / 552 / 1459
L 11/26/2021 - 20:54:25: PAS building time 0.009526 secs
L 11/26/2021 - 21:36:31: DEBUG: GameRules found 0x9EAAA68
L 11/26/2021 - 21:36:31: Changelevel Server (map 'de_inferno') (maxplayers '20') (use 'global_svs->maxplayers')
L 11/26/2021 - 21:36:31: Building PAS...
L 11/26/2021 - 21:36:31: Average leaves visible / audible / total: 143 / 546 / 1860
L 11/26/2021 - 21:36:31: PAS building time 0.014344 secs
L 11/26/2021 - 21:36:40: DEBUG: GameRules found 0x9EAAA68
L 11/26/2021 - 21:36:40: Changelevel Server (map 'de_nuke') (maxplayers '20') (use 'global_svs->maxplayers')
L 11/26/2021 - 21:36:40: Building PAS...
L 11/26/2021 - 21:36:40: Average leaves visible / audible / total: 48 / 92 / 97
L 11/26/2021 - 21:36:40: PAS building time 0.000202 secs
L 11/26/2021 - 21:39:47: DEBUG: GameRules found 0x9EAAA68
L 11/26/2021 - 21:39:47: Changelevel Server (map 'cs_bloodstrike') (maxplayers '20') (use 'global_svs->maxplayers')
L 11/26/2021 - 21:39:47: Building PAS...
L 11/26/2021 - 21:39:47: Average leaves visible / audible / total: 143 / 546 / 1860
L 11/26/2021 - 21:39:47: PAS building time 0.014273 secs
L 11/26/2021 - 21:42:10: DEBUG: GameRules found 0x9EAAA68
L 11/26/2021 - 21:42:10: Changelevel Server (map 'de_nuke') (maxplayers '20') (use 'global_svs->maxplayers')
L 11/26/2021 - 21:42:10: Building PAS...
L 11/26/2021 - 21:42:10: Average leaves visible / audible / total: 151 / 385 / 1238
L 11/26/2021 - 21:42:10: PAS building time 0.006939 secs
L 11/26/2021 - 22:03:12: DEBUG: GameRules found 0x9EAAA68
L 11/26/2021 - 22:03:12: Changelevel Server (map 'de_train') (maxplayers '20') (use 'global_svs->maxplayers')
L 11/26/2021 - 22:03:12: Building PAS...
L 11/26/2021 - 22:03:12: Average leaves visible / audible / total: 133 / 395 / 1202
L 11/26/2021 - 22:03:12: PAS building time 0.006515 secs
L 11/26/2021 - 22:33:01: DEBUG: GameRules found 0x9EAAA68
L 11/26/2021 - 22:33:01: Changelevel Server (map 'de_dust2') (maxplayers '20') (use 'global_svs->maxplayers')
L 11/26/2021 - 22:33:01: Building PAS...
L 11/26/2021 - 22:33:01: Average leaves visible / audible / total: 150 / 552 / 1459
L 11/26/2021 - 22:33:01: PAS building time 0.009646 secs
L 11/26/2021 - 22:56:47: DEBUG: GameRules found 0x9EAAA68
L 11/26/2021 - 22:56:47: Changelevel Server (map 'de_inferno') (maxplayers '20') (use 'global_svs->maxplayers')
L 11/26/2021 - 22:56:47: Building PAS...
L 11/26/2021 - 22:56:47: Average leaves visible / audible / total: 143 / 546 / 1860
L 11/26/2021 - 22:56:47: PAS building time 0.014333 secs
L 11/26/2021 - 23:35:41: DEBUG: GameRules found 0x9EAAA68
L 11/26/2021 - 23:35:41: Changelevel Server (map 'de_nuke') (maxplayers '20') (use 'global_svs->maxplayers')
L 11/26/2021 - 23:35:41: Building PAS...
L 11/26/2021 - 23:35:41: Average leaves visible / audible / total: 151 / 385 / 1238
L 11/26/2021 - 23:35:41: PAS building time 0.00684 secs
