L 12/26/2021 - 00:25:59: Log file started (file 'cstrike/addons/whblocker/logs/L_26_12_2021.log') (dir 'cstrike') (mod 'Counter-Strike 1.6') (version '1.5.697')
L 12/26/2021 - 00:25:59: DEBUG: GameRules found 0xA0CAA68
L 12/26/2021 - 00:25:59: Changelevel Server (map 'de_inferno') (maxplayers '20') (use 'global_svs->maxplayers')
L 12/26/2021 - 00:25:59: Building PAS...
L 12/26/2021 - 00:25:59: Average leaves visible / audible / total: 143 / 546 / 1860
L 12/26/2021 - 00:25:59: PAS building time 0.015106 secs
L 12/26/2021 - 00:58:11: DEBUG: GameRules found 0xA0CAA68
L 12/26/2021 - 00:58:11: Changelevel Server (map 'de_nuke') (maxplayers '20') (use 'global_svs->maxplayers')
L 12/26/2021 - 00:58:11: Building PAS...
L 12/26/2021 - 00:58:11: Average leaves visible / audible / total: 48 / 92 / 97
L 12/26/2021 - 00:58:11: PAS building time 0.000161 secs
L 12/26/2021 - 00:59:35: DEBUG: GameRules found 0xA0CAA68
L 12/26/2021 - 00:59:35: Changelevel Server (map 'cs_bloodstrike') (maxplayers '20') (use 'global_svs->maxplayers')
L 12/26/2021 - 00:59:35: Building PAS...
L 12/26/2021 - 00:59:35: Average leaves visible / audible / total: 133 / 395 / 1202
L 12/26/2021 - 00:59:35: PAS building time 0.007261 secs
L 12/26/2021 - 01:05:23: DEBUG: GameRules found 0xA0CAA68
L 12/26/2021 - 01:05:23: Changelevel Server (map 'de_dust2') (maxplayers '20') (use 'global_svs->maxplayers')
L 12/26/2021 - 01:05:23: Building PAS...
L 12/26/2021 - 01:05:23: Average leaves visible / audible / total: 150 / 552 / 1459
L 12/26/2021 - 01:05:23: PAS building time 0.013242 secs
L 12/26/2021 - 01:30:31: DEBUG: GameRules found 0xA0CAA68
L 12/26/2021 - 01:30:31: Changelevel Server (map 'de_inferno') (maxplayers '20') (use 'global_svs->maxplayers')
L 12/26/2021 - 01:30:31: Building PAS...
L 12/26/2021 - 01:30:31: Average leaves visible / audible / total: 48 / 92 / 97
L 12/26/2021 - 01:30:31: PAS building time 0.000133 secs
L 12/26/2021 - 20:15:37: DEBUG: GameRules found 0xA0CAA68
L 12/26/2021 - 20:15:37: Changelevel Server (map 'cs_bloodstrike') (maxplayers '20') (use 'global_svs->maxplayers')
L 12/26/2021 - 20:15:37: Building PAS...
L 12/26/2021 - 20:15:37: Average leaves visible / audible / total: 133 / 395 / 1202
L 12/26/2021 - 20:15:37: PAS building time 0.0073 secs
L 12/26/2021 - 22:09:15: DEBUG: GameRules found 0xA0CAA68
L 12/26/2021 - 22:09:15: Changelevel Server (map 'de_dust2') (maxplayers '20') (use 'global_svs->maxplayers')
L 12/26/2021 - 22:09:15: Building PAS...
L 12/26/2021 - 22:09:15: Average leaves visible / audible / total: 150 / 552 / 1459
L 12/26/2021 - 22:09:15: PAS building time 0.01009 secs
L 12/26/2021 - 22:42:19: DEBUG: GameRules found 0xA0CAA68
L 12/26/2021 - 22:42:19: Changelevel Server (map 'de_inferno') (maxplayers '20') (use 'global_svs->maxplayers')
L 12/26/2021 - 22:42:19: Building PAS...
L 12/26/2021 - 22:42:19: Average leaves visible / audible / total: 143 / 546 / 1860
L 12/26/2021 - 22:42:19: PAS building time 0.01459 secs
L 12/26/2021 - 23:10:49: DEBUG: GameRules found 0xA0CAA68
L 12/26/2021 - 23:10:49: Changelevel Server (map 'de_nuke') (maxplayers '20') (use 'global_svs->maxplayers')
L 12/26/2021 - 23:10:49: Building PAS...
L 12/26/2021 - 23:10:49: Average leaves visible / audible / total: 48 / 92 / 97
L 12/26/2021 - 23:10:49: PAS building time 0.000187 secs
L 12/26/2021 - 23:48:26: DEBUG: GameRules found 0xA0CAA68
L 12/26/2021 - 23:48:26: Changelevel Server (map 'cs_bloodstrike') (maxplayers '20') (use 'global_svs->maxplayers')
L 12/26/2021 - 23:48:26: Building PAS...
L 12/26/2021 - 23:48:26: Average leaves visible / audible / total: 133 / 395 / 1202
L 12/26/2021 - 23:48:26: PAS building time 0.00714 secs
