L 10/27/2022 - 08:21:40: Log file started (file 'cstrike/addons/whblocker/logs/L_27_10_2022.log') (dir 'cstrike') (mod 'Counter-Strike 1.6') (version '1.5.697')
L 10/27/2022 - 08:21:40: Success: Configuration executed.
L 10/27/2022 - 08:21:40: DEBUG: SVS found 0xF73B5760
L 10/27/2022 - 08:21:40: DEBUG: SV_CheckTimeouts function FOUND 0xF6F52DD0
L 10/27/2022 - 08:21:40: DEBUG: client_t address of a structure FOUND 0xF6F52E01
L 10/27/2022 - 08:21:40: DEBUG: client_t determined the size of a the structure 20216
L 10/27/2022 - 08:21:40: DEBUG: SV_Move function FOUND 0xF6F714F0
L 10/27/2022 - 08:21:40: DEBUG: m_iId parse member, value is 47
L 10/27/2022 - 08:21:40: DEBUG: m_pActiveItem parse member, value is 378
L 10/27/2022 - 08:21:40: DEBUG: SV_EmitEvents function FOUND 0xF6F53A30
L 10/27/2022 - 08:21:40: DEBUG: SV_WriteEntitiesToClient function FOUND 0xF6F55200
L 10/27/2022 - 08:21:40: DEBUG: SV_EmitEvents address was FOUND inside SV_WriteEntitiesToClient function 0xF6F554D1
L 10/27/2022 - 08:21:40: DEBUG: SV_EmitEvents function PATCH SUCCEED 0xF6F554D1
L 10/27/2022 - 08:21:40: DEBUG: SV_StartSound function FOUND 0xF6F4D410
L 10/27/2022 - 08:21:40: DEBUG: SV_StartSound address was FOUND inside unk_1 function 0xF6F3C0E5
L 10/27/2022 - 08:21:40: DEBUG: SV_StartSound function PATCH SUCCEED 0xF6F3C0E5
L 10/27/2022 - 08:21:40: DEBUG: SV_StartSound address was FOUND inside unk_2 function 0xF6F61599
L 10/27/2022 - 08:21:40: DEBUG: SV_StartSound function PATCH SUCCEED 0xF6F61599
L 10/27/2022 - 08:21:40: DEBUG: SV_StartSound address was FOUND inside unk_3 function 0xF6F6483D
L 10/27/2022 - 08:21:40: DEBUG: SV_StartSound function PATCH SUCCEED 0xF6F6483D
L 10/27/2022 - 08:21:40: DEBUG: SV_StartSound address was FOUND inside unk_4 function 0xF6F6493E
L 10/27/2022 - 08:21:40: DEBUG: SV_StartSound function PATCH SUCCEED 0xF6F6493E
L 10/27/2022 - 08:21:40: DEBUG: SV_StartSound address was FOUND inside unk_5 function 0xF6F6510F
L 10/27/2022 - 08:21:40: DEBUG: SV_StartSound function PATCH SUCCEED 0xF6F6510F
L 10/27/2022 - 08:21:40: DEBUG: SV_StartSound address was FOUND inside unk_6 function 0xF6F651BD
L 10/27/2022 - 08:21:40: DEBUG: SV_StartSound function PATCH SUCCEED 0xF6F651BD
L 10/27/2022 - 08:21:40: DEBUG: SV_StartSound address was FOUND inside unk_7 function 0xF6F6525D
L 10/27/2022 - 08:21:40: DEBUG: SV_StartSound function PATCH SUCCEED 0xF6F6525D
L 10/27/2022 - 08:21:40: DEBUG: SV_StartSound address was FOUND inside unk_8 function 0xF6F652E3
L 10/27/2022 - 08:21:40: DEBUG: SV_StartSound function PATCH SUCCEED 0xF6F652E3
L 10/27/2022 - 08:21:40: DEBUG: SV_StartSound address was FOUND inside unk_9 function 0xF6F65335
L 10/27/2022 - 08:21:40: DEBUG: SV_StartSound function PATCH SUCCEED 0xF6F65335
L 10/27/2022 - 08:21:40: DEBUG: SV_StartSound address was FOUND inside unk_10 function 0xF6F6537C
L 10/27/2022 - 08:21:40: DEBUG: SV_StartSound function PATCH SUCCEED 0xF6F6537C
L 10/27/2022 - 08:21:40: DEBUG: SV_StartSound address was FOUND inside unk_11 function 0xF6F653C3
L 10/27/2022 - 08:21:40: DEBUG: SV_StartSound function PATCH SUCCEED 0xF6F653C3
L 10/27/2022 - 08:21:40: DEBUG: SV_StartSound address was FOUND inside unk_12 function 0xF6F65412
L 10/27/2022 - 08:21:40: DEBUG: SV_StartSound function PATCH SUCCEED 0xF6F65412
L 10/27/2022 - 08:21:40: DEBUG: PF_Remove_I function FOUND 0xF6F3D7B0
L 10/27/2022 - 08:21:40: DEBUG: ED_Free address was FOUND inside PF_Remove_I function 0xF6F3D7B0
L 10/27/2022 - 08:21:40: DEBUG: ED_Free function PATCH SUCCEED 0xF6F3D7B0
L 10/27/2022 - 08:21:40: DEBUG: PF_BuildSoundMsg_I function FOUND 0xF6F40940
L 10/27/2022 - 08:21:40: DEBUG: PF_BuildSoundMsg_I patch address to inside function in PF_BuildSoundMsg_I PATCH SUCCEED 0xF6F40940
L 10/27/2022 - 08:21:40: DEBUG: MSG_StartBitWriting function FOUND 0xF6F0FEA0
L 10/27/2022 - 08:21:40: DEBUG: MSG_WriteBits function FOUND 0xF6F11040
L 10/27/2022 - 08:21:40: DEBUG: MSG_WriteBitVec3Coord function FOUND 0xF6F11CB0
L 10/27/2022 - 08:21:40: DEBUG: MSG_EndBitWriting function FOUND 0xF6F11750
L 10/27/2022 - 08:21:40: DEBUG: SV_LookupSoundIndex function FOUND 0xF6F4CB40
L 10/27/2022 - 08:21:40: DEBUG: SZ_GetSpace function FOUND 0xF6F10F20
L 10/27/2022 - 08:21:40: Success: Patch executed.
L 10/27/2022 - 08:21:40: PrivateData Offsets: ->
pev			- '0'
vtable			- '8'
playership		- '53'
m_iId			- '47'
m_pActiveItem		- '378'
m_blindStartTime	- '520'
m_blindHoldTime		- '521'
m_blindAlpha		- '523'
L 10/27/2022 - 08:21:40: Success: Build HLDS version defined Linux '8308' (cstrike)
L 10/27/2022 - 08:21:40: Settings: -> 
debug		- '3'
esp		- '1'
smooth		- '1'
smoothout	- '1'
smoothent	- '45'
decalfix	- '1'
antinoflash	- '1'
alphaflash	- '255'
team		- '0'
fov		- '1'
solid		- '2'
barrel		- '1'
blockent	- '1'
hlfix		- '0'
metacall	- '1'
blocktype	- '0'
skytrace	- '1'
revis		- '0'
L 10/27/2022 - 08:21:40: Building PAS...
L 10/27/2022 - 08:21:40: Average leaves visible / audible / total: 48 / 92 / 97
L 10/27/2022 - 08:21:40: PAS building time 0.000252 secs
L 10/27/2022 - 08:21:44: DEBUG: GameRules found 0x9FAB250
L 10/27/2022 - 08:21:44: Changelevel Server (map 'cs_bloodstrike') (maxplayers '30') (use 'global_svs->maxplayers')
L 10/27/2022 - 08:23:14: Success: Configuration executed.
L 10/27/2022 - 08:23:14: DEBUG: SVS found 0xF73C6760
L 10/27/2022 - 08:23:14: DEBUG: SV_CheckTimeouts function FOUND 0xF6F63DD0
L 10/27/2022 - 08:23:14: DEBUG: client_t address of a structure FOUND 0xF6F63E01
L 10/27/2022 - 08:23:14: DEBUG: client_t determined the size of a the structure 20216
L 10/27/2022 - 08:23:14: DEBUG: SV_Move function FOUND 0xF6F824F0
L 10/27/2022 - 08:23:14: DEBUG: m_iId parse member, value is 47
L 10/27/2022 - 08:23:14: DEBUG: m_pActiveItem parse member, value is 378
L 10/27/2022 - 08:23:14: DEBUG: SV_EmitEvents function FOUND 0xF6F64A30
L 10/27/2022 - 08:23:14: DEBUG: SV_WriteEntitiesToClient function FOUND 0xF6F66200
L 10/27/2022 - 08:23:14: DEBUG: SV_EmitEvents address was FOUND inside SV_WriteEntitiesToClient function 0xF6F664D1
L 10/27/2022 - 08:23:14: DEBUG: SV_EmitEvents function PATCH SUCCEED 0xF6F664D1
L 10/27/2022 - 08:23:14: DEBUG: SV_StartSound function FOUND 0xF6F5E410
L 10/27/2022 - 08:23:14: DEBUG: SV_StartSound address was FOUND inside unk_1 function 0xF6F4D0E5
L 10/27/2022 - 08:23:14: DEBUG: SV_StartSound function PATCH SUCCEED 0xF6F4D0E5
L 10/27/2022 - 08:23:14: DEBUG: SV_StartSound address was FOUND inside unk_2 function 0xF6F72599
L 10/27/2022 - 08:23:14: DEBUG: SV_StartSound function PATCH SUCCEED 0xF6F72599
L 10/27/2022 - 08:23:14: DEBUG: SV_StartSound address was FOUND inside unk_3 function 0xF6F7583D
L 10/27/2022 - 08:23:14: DEBUG: SV_StartSound function PATCH SUCCEED 0xF6F7583D
L 10/27/2022 - 08:23:14: DEBUG: SV_StartSound address was FOUND inside unk_4 function 0xF6F7593E
L 10/27/2022 - 08:23:14: DEBUG: SV_StartSound function PATCH SUCCEED 0xF6F7593E
L 10/27/2022 - 08:23:14: DEBUG: SV_StartSound address was FOUND inside unk_5 function 0xF6F7610F
L 10/27/2022 - 08:23:14: DEBUG: SV_StartSound function PATCH SUCCEED 0xF6F7610F
L 10/27/2022 - 08:23:14: DEBUG: SV_StartSound address was FOUND inside unk_6 function 0xF6F761BD
L 10/27/2022 - 08:23:14: DEBUG: SV_StartSound function PATCH SUCCEED 0xF6F761BD
L 10/27/2022 - 08:23:14: DEBUG: SV_StartSound address was FOUND inside unk_7 function 0xF6F7625D
L 10/27/2022 - 08:23:14: DEBUG: SV_StartSound function PATCH SUCCEED 0xF6F7625D
L 10/27/2022 - 08:23:14: DEBUG: SV_StartSound address was FOUND inside unk_8 function 0xF6F762E3
L 10/27/2022 - 08:23:14: DEBUG: SV_StartSound function PATCH SUCCEED 0xF6F762E3
L 10/27/2022 - 08:23:14: DEBUG: SV_StartSound address was FOUND inside unk_9 function 0xF6F76335
L 10/27/2022 - 08:23:14: DEBUG: SV_StartSound function PATCH SUCCEED 0xF6F76335
L 10/27/2022 - 08:23:14: DEBUG: SV_StartSound address was FOUND inside unk_10 function 0xF6F7637C
L 10/27/2022 - 08:23:14: DEBUG: SV_StartSound function PATCH SUCCEED 0xF6F7637C
L 10/27/2022 - 08:23:14: DEBUG: SV_StartSound address was FOUND inside unk_11 function 0xF6F763C3
L 10/27/2022 - 08:23:14: DEBUG: SV_StartSound function PATCH SUCCEED 0xF6F763C3
L 10/27/2022 - 08:23:14: DEBUG: SV_StartSound address was FOUND inside unk_12 function 0xF6F76412
L 10/27/2022 - 08:23:14: DEBUG: SV_StartSound function PATCH SUCCEED 0xF6F76412
L 10/27/2022 - 08:23:14: DEBUG: PF_Remove_I function FOUND 0xF6F4E7B0
L 10/27/2022 - 08:23:14: DEBUG: ED_Free address was FOUND inside PF_Remove_I function 0xF6F4E7B0
L 10/27/2022 - 08:23:14: DEBUG: ED_Free function PATCH SUCCEED 0xF6F4E7B0
L 10/27/2022 - 08:23:14: DEBUG: PF_BuildSoundMsg_I function FOUND 0xF6F51940
L 10/27/2022 - 08:23:14: DEBUG: PF_BuildSoundMsg_I patch address to inside function in PF_BuildSoundMsg_I PATCH SUCCEED 0xF6F51940
L 10/27/2022 - 08:23:14: DEBUG: MSG_StartBitWriting function FOUND 0xF6F20EA0
L 10/27/2022 - 08:23:14: DEBUG: MSG_WriteBits function FOUND 0xF6F22040
L 10/27/2022 - 08:23:14: DEBUG: MSG_WriteBitVec3Coord function FOUND 0xF6F22CB0
L 10/27/2022 - 08:23:14: DEBUG: MSG_EndBitWriting function FOUND 0xF6F22750
L 10/27/2022 - 08:23:14: DEBUG: SV_LookupSoundIndex function FOUND 0xF6F5DB40
L 10/27/2022 - 08:23:14: DEBUG: SZ_GetSpace function FOUND 0xF6F21F20
L 10/27/2022 - 08:23:14: Success: Patch executed.
L 10/27/2022 - 08:23:14: PrivateData Offsets: ->
pev			- '0'
vtable			- '8'
playership		- '53'
m_iId			- '47'
m_pActiveItem		- '378'
m_blindStartTime	- '520'
m_blindHoldTime		- '521'
m_blindAlpha		- '523'
L 10/27/2022 - 08:23:14: Success: Build HLDS version defined Linux '8308' (cstrike)
L 10/27/2022 - 08:23:14: Settings: -> 
debug		- '3'
esp		- '1'
smooth		- '1'
smoothout	- '1'
smoothent	- '45'
decalfix	- '1'
antinoflash	- '1'
alphaflash	- '255'
team		- '0'
fov		- '1'
solid		- '2'
barrel		- '1'
blockent	- '1'
hlfix		- '0'
metacall	- '1'
blocktype	- '0'
skytrace	- '1'
revis		- '0'
L 10/27/2022 - 08:23:14: Building PAS...
L 10/27/2022 - 08:23:14: Average leaves visible / audible / total: 48 / 92 / 97
L 10/27/2022 - 08:23:14: PAS building time 0.000241 secs
L 10/27/2022 - 08:23:15: DEBUG: GameRules found 0xA2E90C0
L 10/27/2022 - 08:23:15: Changelevel Server (map 'cs_bloodstrike') (maxplayers '30') (use 'global_svs->maxplayers')
L 10/27/2022 - 08:23:15: Building PAS...
L 10/27/2022 - 08:23:15: Average leaves visible / audible / total: 48 / 92 / 97
L 10/27/2022 - 08:23:15: PAS building time 0.000196 secs
