L 11/28/2021 - 00:13:07: Log file started (file 'cstrike/addons/whblocker/logs/L_28_11_2021.log') (dir 'cstrike') (mod 'Counter-Strike 1.6') (version '1.5.697')
L 11/28/2021 - 00:13:07: DEBUG: GameRules found 0x9EAAA68
L 11/28/2021 - 00:13:07: Changelevel Server (map 'de_nuke') (maxplayers '20') (use 'global_svs->maxplayers')
L 11/28/2021 - 00:13:07: Building PAS...
L 11/28/2021 - 00:13:07: Average leaves visible / audible / total: 151 / 385 / 1238
L 11/28/2021 - 00:13:07: PAS building time 0.006847 secs
L 11/28/2021 - 00:52:07: DEBUG: GameRules found 0x9EAAA68
L 11/28/2021 - 00:52:07: Changelevel Server (map 'de_train') (maxplayers '20') (use 'global_svs->maxplayers')
L 11/28/2021 - 00:52:07: Building PAS...
L 11/28/2021 - 00:52:07: Average leaves visible / audible / total: 133 / 395 / 1202
L 11/28/2021 - 00:52:07: PAS building time 0.006533 secs
L 11/28/2021 - 01:23:48: DEBUG: GameRules found 0x9EAAA68
L 11/28/2021 - 01:23:48: Changelevel Server (map 'de_dust2') (maxplayers '20') (use 'global_svs->maxplayers')
L 11/28/2021 - 01:23:48: Building PAS...
L 11/28/2021 - 01:23:48: Average leaves visible / audible / total: 150 / 552 / 1459
L 11/28/2021 - 01:23:48: PAS building time 0.009574 secs
L 11/28/2021 - 01:50:37: DEBUG: GameRules found 0x9EAAA68
L 11/28/2021 - 01:50:37: Changelevel Server (map 'de_inferno') (maxplayers '20') (use 'global_svs->maxplayers')
L 11/28/2021 - 01:50:37: Building PAS...
L 11/28/2021 - 01:50:37: Average leaves visible / audible / total: 143 / 546 / 1860
L 11/28/2021 - 01:50:37: PAS building time 0.014283 secs
L 11/28/2021 - 02:01:41: DEBUG: GameRules found 0x9EAAA68
L 11/28/2021 - 02:01:41: Changelevel Server (map 'de_nuke') (maxplayers '20') (use 'global_svs->maxplayers')
L 11/28/2021 - 02:01:41: Building PAS...
L 11/28/2021 - 02:01:41: Average leaves visible / audible / total: 151 / 385 / 1238
L 11/28/2021 - 02:01:41: PAS building time 0.006841 secs
L 11/28/2021 - 02:33:04: DEBUG: GameRules found 0x9EAAA68
L 11/28/2021 - 02:33:04: Changelevel Server (map 'de_train') (maxplayers '20') (use 'global_svs->maxplayers')
L 11/28/2021 - 02:33:04: Building PAS...
L 11/28/2021 - 02:33:04: Average leaves visible / audible / total: 48 / 92 / 97
L 11/28/2021 - 02:33:04: PAS building time 0.000181 secs
L 11/28/2021 - 02:33:27: DEBUG: GameRules found 0x9EAAA68
L 11/28/2021 - 02:33:27: Changelevel Server (map 'cs_bloodstrike') (maxplayers '20') (use 'global_svs->maxplayers')
L 11/28/2021 - 02:33:27: Building PAS...
L 11/28/2021 - 02:33:27: Average leaves visible / audible / total: 48 / 92 / 97
L 11/28/2021 - 02:33:27: PAS building time 0.000194 secs
L 11/28/2021 - 20:46:05: DEBUG: GameRules found 0x9EAAA68
L 11/28/2021 - 20:46:05: Changelevel Server (map 'cs_bloodstrike') (maxplayers '20') (use 'global_svs->maxplayers')
L 11/28/2021 - 20:46:05: Building PAS...
L 11/28/2021 - 20:46:05: Average leaves visible / audible / total: 48 / 92 / 97
L 11/28/2021 - 20:46:05: PAS building time 0.000155 secs
L 11/28/2021 - 20:52:24: DEBUG: GameRules found 0x9EAAA68
L 11/28/2021 - 20:52:24: Changelevel Server (map 'cs_bloodstrike') (maxplayers '20') (use 'global_svs->maxplayers')
L 11/28/2021 - 20:52:24: Building PAS...
L 11/28/2021 - 20:52:24: Average leaves visible / audible / total: 48 / 92 / 97
L 11/28/2021 - 20:52:24: PAS building time 0.000158 secs
L 11/28/2021 - 20:53:18: DEBUG: GameRules found 0x9EAAA68
L 11/28/2021 - 20:53:18: Changelevel Server (map 'cs_bloodstrike') (maxplayers '20') (use 'global_svs->maxplayers')
L 11/28/2021 - 20:53:18: Building PAS...
L 11/28/2021 - 20:53:18: Average leaves visible / audible / total: 133 / 395 / 1202
L 11/28/2021 - 20:53:18: PAS building time 0.006533 secs
L 11/28/2021 - 21:09:06: DEBUG: GameRules found 0x9EAAA68
L 11/28/2021 - 21:09:06: Changelevel Server (map 'de_dust2') (maxplayers '20') (use 'global_svs->maxplayers')
L 11/28/2021 - 21:09:06: Building PAS...
L 11/28/2021 - 21:09:06: Average leaves visible / audible / total: 150 / 552 / 1459
L 11/28/2021 - 21:09:06: PAS building time 0.009528 secs
L 11/28/2021 - 21:44:10: DEBUG: GameRules found 0x9EAAA68
L 11/28/2021 - 21:44:10: Changelevel Server (map 'de_inferno') (maxplayers '20') (use 'global_svs->maxplayers')
L 11/28/2021 - 21:44:10: Building PAS...
L 11/28/2021 - 21:44:10: Average leaves visible / audible / total: 143 / 546 / 1860
L 11/28/2021 - 21:44:10: PAS building time 0.014313 secs
L 11/28/2021 - 22:14:01: DEBUG: GameRules found 0x9EAAA68
L 11/28/2021 - 22:14:01: Changelevel Server (map 'de_nuke') (maxplayers '20') (use 'global_svs->maxplayers')
L 11/28/2021 - 22:14:01: Building PAS...
L 11/28/2021 - 22:14:01: Average leaves visible / audible / total: 151 / 385 / 1238
L 11/28/2021 - 22:14:01: PAS building time 0.006849 secs
L 11/28/2021 - 22:45:23: DEBUG: GameRules found 0x9EAAA68
L 11/28/2021 - 22:45:23: Changelevel Server (map 'de_train') (maxplayers '20') (use 'global_svs->maxplayers')
L 11/28/2021 - 22:45:23: Building PAS...
L 11/28/2021 - 22:45:23: Average leaves visible / audible / total: 151 / 385 / 1238
L 11/28/2021 - 22:45:23: PAS building time 0.006819 secs
L 11/28/2021 - 22:47:00: DEBUG: GameRules found 0x9EAAA68
L 11/28/2021 - 22:47:00: Changelevel Server (map 'de_train') (maxplayers '20') (use 'global_svs->maxplayers')
L 11/28/2021 - 22:47:00: Building PAS...
L 11/28/2021 - 22:47:00: Average leaves visible / audible / total: 48 / 92 / 97
L 11/28/2021 - 22:47:00: PAS building time 0.000164 secs
L 11/28/2021 - 23:11:32: DEBUG: GameRules found 0x9EAAA68
L 11/28/2021 - 23:11:32: Changelevel Server (map 'cs_bloodstrike') (maxplayers '20') (use 'global_svs->maxplayers')
L 11/28/2021 - 23:11:32: Building PAS...
L 11/28/2021 - 23:11:32: Average leaves visible / audible / total: 133 / 395 / 1202
L 11/28/2021 - 23:11:32: PAS building time 0.006584 secs
L 11/28/2021 - 23:36:55: DEBUG: GameRules found 0x9EAAA68
L 11/28/2021 - 23:36:55: Changelevel Server (map 'de_dust2') (maxplayers '20') (use 'global_svs->maxplayers')
L 11/28/2021 - 23:36:55: Building PAS...
L 11/28/2021 - 23:36:55: Average leaves visible / audible / total: 150 / 552 / 1459
L 11/28/2021 - 23:36:55: PAS building time 0.009581 secs
