L 01/29/2023 - 06:15:17: Log file started (file 'cstrike/addons/whblocker/logs/L_29_01_2023.log') (dir 'cstrike') (mod 'Counter-Strike 1.6') (version '1.5.697')
L 01/29/2023 - 06:15:17: Success: Configuration executed.
L 01/29/2023 - 06:15:17: DEBUG: SVS found 0xF742E760
L 01/29/2023 - 06:15:17: DEBUG: SV_CheckTimeouts function FOUND 0xF6FCBDD0
L 01/29/2023 - 06:15:17: DEBUG: client_t address of a structure FOUND 0xF6FCBE01
L 01/29/2023 - 06:15:17: DEBUG: client_t determined the size of a the structure 20216
L 01/29/2023 - 06:15:17: DEBUG: SV_Move function FOUND 0xF6FEA4F0
L 01/29/2023 - 06:15:17: DEBUG: m_iId parse member, value is 47
L 01/29/2023 - 06:15:17: DEBUG: m_pActiveItem parse member, value is 378
L 01/29/2023 - 06:15:17: DEBUG: SV_EmitEvents function FOUND 0xF6FCCA30
L 01/29/2023 - 06:15:17: DEBUG: SV_WriteEntitiesToClient function FOUND 0xF6FCE200
L 01/29/2023 - 06:15:17: DEBUG: SV_EmitEvents address was FOUND inside SV_WriteEntitiesToClient function 0xF6FCE4D1
L 01/29/2023 - 06:15:17: DEBUG: SV_EmitEvents function PATCH SUCCEED 0xF6FCE4D1
L 01/29/2023 - 06:15:17: DEBUG: SV_StartSound function FOUND 0xF6FC6410
L 01/29/2023 - 06:15:17: DEBUG: SV_StartSound address was FOUND inside unk_1 function 0xF6FB50E5
L 01/29/2023 - 06:15:17: DEBUG: SV_StartSound function PATCH SUCCEED 0xF6FB50E5
L 01/29/2023 - 06:15:17: DEBUG: SV_StartSound address was FOUND inside unk_2 function 0xF6FDA599
L 01/29/2023 - 06:15:17: DEBUG: SV_StartSound function PATCH SUCCEED 0xF6FDA599
L 01/29/2023 - 06:15:17: DEBUG: SV_StartSound address was FOUND inside unk_3 function 0xF6FDD83D
L 01/29/2023 - 06:15:17: DEBUG: SV_StartSound function PATCH SUCCEED 0xF6FDD83D
L 01/29/2023 - 06:15:17: DEBUG: SV_StartSound address was FOUND inside unk_4 function 0xF6FDD93E
L 01/29/2023 - 06:15:17: DEBUG: SV_StartSound function PATCH SUCCEED 0xF6FDD93E
L 01/29/2023 - 06:15:17: DEBUG: SV_StartSound address was FOUND inside unk_5 function 0xF6FDE10F
L 01/29/2023 - 06:15:17: DEBUG: SV_StartSound function PATCH SUCCEED 0xF6FDE10F
L 01/29/2023 - 06:15:17: DEBUG: SV_StartSound address was FOUND inside unk_6 function 0xF6FDE1BD
L 01/29/2023 - 06:15:17: DEBUG: SV_StartSound function PATCH SUCCEED 0xF6FDE1BD
L 01/29/2023 - 06:15:17: DEBUG: SV_StartSound address was FOUND inside unk_7 function 0xF6FDE25D
L 01/29/2023 - 06:15:17: DEBUG: SV_StartSound function PATCH SUCCEED 0xF6FDE25D
L 01/29/2023 - 06:15:17: DEBUG: SV_StartSound address was FOUND inside unk_8 function 0xF6FDE2E3
L 01/29/2023 - 06:15:17: DEBUG: SV_StartSound function PATCH SUCCEED 0xF6FDE2E3
L 01/29/2023 - 06:15:17: DEBUG: SV_StartSound address was FOUND inside unk_9 function 0xF6FDE335
L 01/29/2023 - 06:15:17: DEBUG: SV_StartSound function PATCH SUCCEED 0xF6FDE335
L 01/29/2023 - 06:15:17: DEBUG: SV_StartSound address was FOUND inside unk_10 function 0xF6FDE37C
L 01/29/2023 - 06:15:17: DEBUG: SV_StartSound function PATCH SUCCEED 0xF6FDE37C
L 01/29/2023 - 06:15:17: DEBUG: SV_StartSound address was FOUND inside unk_11 function 0xF6FDE3C3
L 01/29/2023 - 06:15:17: DEBUG: SV_StartSound function PATCH SUCCEED 0xF6FDE3C3
L 01/29/2023 - 06:15:17: DEBUG: SV_StartSound address was FOUND inside unk_12 function 0xF6FDE412
L 01/29/2023 - 06:15:17: DEBUG: SV_StartSound function PATCH SUCCEED 0xF6FDE412
L 01/29/2023 - 06:15:17: DEBUG: PF_Remove_I function FOUND 0xF6FB67B0
L 01/29/2023 - 06:15:17: DEBUG: ED_Free address was FOUND inside PF_Remove_I function 0xF6FB67B0
L 01/29/2023 - 06:15:17: DEBUG: ED_Free function PATCH SUCCEED 0xF6FB67B0
L 01/29/2023 - 06:15:17: DEBUG: PF_BuildSoundMsg_I function FOUND 0xF6FB9940
L 01/29/2023 - 06:15:17: DEBUG: PF_BuildSoundMsg_I patch address to inside function in PF_BuildSoundMsg_I PATCH SUCCEED 0xF6FB9940
L 01/29/2023 - 06:15:17: DEBUG: MSG_StartBitWriting function FOUND 0xF6F88EA0
L 01/29/2023 - 06:15:17: DEBUG: MSG_WriteBits function FOUND 0xF6F8A040
L 01/29/2023 - 06:15:17: DEBUG: MSG_WriteBitVec3Coord function FOUND 0xF6F8ACB0
L 01/29/2023 - 06:15:17: DEBUG: MSG_EndBitWriting function FOUND 0xF6F8A750
L 01/29/2023 - 06:15:17: DEBUG: SV_LookupSoundIndex function FOUND 0xF6FC5B40
L 01/29/2023 - 06:15:17: DEBUG: SZ_GetSpace function FOUND 0xF6F89F20
L 01/29/2023 - 06:15:17: Success: Patch executed.
L 01/29/2023 - 06:15:17: PrivateData Offsets: ->
pev			- '0'
vtable			- '8'
playership		- '53'
m_iId			- '47'
m_pActiveItem		- '378'
m_blindStartTime	- '520'
m_blindHoldTime		- '521'
m_blindAlpha		- '523'
L 01/29/2023 - 06:15:17: Success: Build HLDS version defined Linux '8308' (cstrike)
L 01/29/2023 - 06:15:17: Settings: -> 
debug		- '3'
esp		- '1'
smooth		- '1'
smoothout	- '1'
smoothent	- '45'
decalfix	- '1'
antinoflash	- '1'
alphaflash	- '255'
team		- '0'
fov		- '1'
solid		- '2'
barrel		- '1'
blockent	- '1'
hlfix		- '0'
metacall	- '1'
blocktype	- '0'
skytrace	- '1'
revis		- '0'
L 01/29/2023 - 06:15:17: Building PAS...
L 01/29/2023 - 06:15:17: Average leaves visible / audible / total: 48 / 92 / 97
L 01/29/2023 - 06:15:17: PAS building time 0.000227 secs
L 01/29/2023 - 06:15:18: DEBUG: GameRules found 0x97FE530
L 01/29/2023 - 06:15:18: Changelevel Server (map 'cs_bloodstrike') (maxplayers '16') (use 'global_svs->maxplayers')
L 01/29/2023 - 11:01:30: Success: Configuration executed.
L 01/29/2023 - 11:01:30: DEBUG: SVS found 0xF7439760
L 01/29/2023 - 11:01:30: DEBUG: SV_CheckTimeouts function FOUND 0xF6FD6DD0
L 01/29/2023 - 11:01:30: DEBUG: client_t address of a structure FOUND 0xF6FD6E01
L 01/29/2023 - 11:01:30: DEBUG: client_t determined the size of a the structure 20216
L 01/29/2023 - 11:01:30: DEBUG: SV_Move function FOUND 0xF6FF54F0
L 01/29/2023 - 11:01:30: DEBUG: m_iId parse member, value is 47
L 01/29/2023 - 11:01:30: DEBUG: m_pActiveItem parse member, value is 378
L 01/29/2023 - 11:01:30: DEBUG: SV_EmitEvents function FOUND 0xF6FD7A30
L 01/29/2023 - 11:01:30: DEBUG: SV_WriteEntitiesToClient function FOUND 0xF6FD9200
L 01/29/2023 - 11:01:30: DEBUG: SV_EmitEvents address was FOUND inside SV_WriteEntitiesToClient function 0xF6FD94D1
L 01/29/2023 - 11:01:30: DEBUG: SV_EmitEvents function PATCH SUCCEED 0xF6FD94D1
L 01/29/2023 - 11:01:30: DEBUG: SV_StartSound function FOUND 0xF6FD1410
L 01/29/2023 - 11:01:30: DEBUG: SV_StartSound address was FOUND inside unk_1 function 0xF6FC00E5
L 01/29/2023 - 11:01:30: DEBUG: SV_StartSound function PATCH SUCCEED 0xF6FC00E5
L 01/29/2023 - 11:01:30: DEBUG: SV_StartSound address was FOUND inside unk_2 function 0xF6FE5599
L 01/29/2023 - 11:01:30: DEBUG: SV_StartSound function PATCH SUCCEED 0xF6FE5599
L 01/29/2023 - 11:01:30: DEBUG: SV_StartSound address was FOUND inside unk_3 function 0xF6FE883D
L 01/29/2023 - 11:01:30: DEBUG: SV_StartSound function PATCH SUCCEED 0xF6FE883D
L 01/29/2023 - 11:01:30: DEBUG: SV_StartSound address was FOUND inside unk_4 function 0xF6FE893E
L 01/29/2023 - 11:01:30: DEBUG: SV_StartSound function PATCH SUCCEED 0xF6FE893E
L 01/29/2023 - 11:01:30: DEBUG: SV_StartSound address was FOUND inside unk_5 function 0xF6FE910F
L 01/29/2023 - 11:01:30: DEBUG: SV_StartSound function PATCH SUCCEED 0xF6FE910F
L 01/29/2023 - 11:01:30: DEBUG: SV_StartSound address was FOUND inside unk_6 function 0xF6FE91BD
L 01/29/2023 - 11:01:30: DEBUG: SV_StartSound function PATCH SUCCEED 0xF6FE91BD
L 01/29/2023 - 11:01:30: DEBUG: SV_StartSound address was FOUND inside unk_7 function 0xF6FE925D
L 01/29/2023 - 11:01:30: DEBUG: SV_StartSound function PATCH SUCCEED 0xF6FE925D
L 01/29/2023 - 11:01:30: DEBUG: SV_StartSound address was FOUND inside unk_8 function 0xF6FE92E3
L 01/29/2023 - 11:01:30: DEBUG: SV_StartSound function PATCH SUCCEED 0xF6FE92E3
L 01/29/2023 - 11:01:30: DEBUG: SV_StartSound address was FOUND inside unk_9 function 0xF6FE9335
L 01/29/2023 - 11:01:30: DEBUG: SV_StartSound function PATCH SUCCEED 0xF6FE9335
L 01/29/2023 - 11:01:30: DEBUG: SV_StartSound address was FOUND inside unk_10 function 0xF6FE937C
L 01/29/2023 - 11:01:30: DEBUG: SV_StartSound function PATCH SUCCEED 0xF6FE937C
L 01/29/2023 - 11:01:30: DEBUG: SV_StartSound address was FOUND inside unk_11 function 0xF6FE93C3
L 01/29/2023 - 11:01:30: DEBUG: SV_StartSound function PATCH SUCCEED 0xF6FE93C3
L 01/29/2023 - 11:01:30: DEBUG: SV_StartSound address was FOUND inside unk_12 function 0xF6FE9412
L 01/29/2023 - 11:01:30: DEBUG: SV_StartSound function PATCH SUCCEED 0xF6FE9412
L 01/29/2023 - 11:01:30: DEBUG: PF_Remove_I function FOUND 0xF6FC17B0
L 01/29/2023 - 11:01:30: DEBUG: ED_Free address was FOUND inside PF_Remove_I function 0xF6FC17B0
L 01/29/2023 - 11:01:30: DEBUG: ED_Free function PATCH SUCCEED 0xF6FC17B0
L 01/29/2023 - 11:01:30: DEBUG: PF_BuildSoundMsg_I function FOUND 0xF6FC4940
L 01/29/2023 - 11:01:30: DEBUG: PF_BuildSoundMsg_I patch address to inside function in PF_BuildSoundMsg_I PATCH SUCCEED 0xF6FC4940
L 01/29/2023 - 11:01:30: DEBUG: MSG_StartBitWriting function FOUND 0xF6F93EA0
L 01/29/2023 - 11:01:30: DEBUG: MSG_WriteBits function FOUND 0xF6F95040
L 01/29/2023 - 11:01:30: DEBUG: MSG_WriteBitVec3Coord function FOUND 0xF6F95CB0
L 01/29/2023 - 11:01:30: DEBUG: MSG_EndBitWriting function FOUND 0xF6F95750
L 01/29/2023 - 11:01:30: DEBUG: SV_LookupSoundIndex function FOUND 0xF6FD0B40
L 01/29/2023 - 11:01:30: DEBUG: SZ_GetSpace function FOUND 0xF6F94F20
L 01/29/2023 - 11:01:30: Success: Patch executed.
L 01/29/2023 - 11:01:30: PrivateData Offsets: ->
pev			- '0'
vtable			- '8'
playership		- '53'
m_iId			- '47'
m_pActiveItem		- '378'
m_blindStartTime	- '520'
m_blindHoldTime		- '521'
m_blindAlpha		- '523'
L 01/29/2023 - 11:01:30: Success: Build HLDS version defined Linux '8308' (cstrike)
L 01/29/2023 - 11:01:30: Settings: -> 
debug		- '3'
esp		- '1'
smooth		- '1'
smoothout	- '1'
smoothent	- '45'
decalfix	- '1'
antinoflash	- '1'
alphaflash	- '255'
team		- '0'
fov		- '1'
solid		- '2'
barrel		- '1'
blockent	- '1'
hlfix		- '0'
metacall	- '1'
blocktype	- '0'
skytrace	- '1'
revis		- '0'
L 01/29/2023 - 11:01:30: Building PAS...
L 01/29/2023 - 11:01:30: Average leaves visible / audible / total: 48 / 92 / 97
L 01/29/2023 - 11:01:30: PAS building time 0.000214 secs
L 01/29/2023 - 11:01:31: DEBUG: GameRules found 0xA7F53A0
L 01/29/2023 - 11:01:31: Changelevel Server (map 'cs_bloodstrike') (maxplayers '16') (use 'global_svs->maxplayers')
