L 12/29/2021 - 00:38:53: Log file started (file 'cstrike/addons/whblocker/logs/L_29_12_2021.log') (dir 'cstrike') (mod 'Counter-Strike 1.6') (version '1.5.697')
L 12/29/2021 - 00:38:53: DEBUG: GameRules found 0xA0CAA68
L 12/29/2021 - 00:38:53: Changelevel Server (map 'de_nuke') (maxplayers '20') (use 'global_svs->maxplayers')
L 12/29/2021 - 00:38:53: Building PAS...
L 12/29/2021 - 00:38:53: Average leaves visible / audible / total: 48 / 92 / 97
L 12/29/2021 - 00:38:53: PAS building time 0.000165 secs
L 12/29/2021 - 00:39:19: DEBUG: GameRules found 0xA0CAA68
L 12/29/2021 - 00:39:19: Changelevel Server (map 'cs_bloodstrike') (maxplayers '20') (use 'global_svs->maxplayers')
L 12/29/2021 - 00:39:19: Building PAS...
L 12/29/2021 - 00:39:19: Average leaves visible / audible / total: 230 / 913 / 2132
L 12/29/2021 - 00:39:19: PAS building time 0.022328 secs
L 12/29/2021 - 00:42:51: DEBUG: GameRules found 0xA0CAA68
L 12/29/2021 - 00:42:51: Changelevel Server (map 'cs_italy') (maxplayers '20') (use 'global_svs->maxplayers')
L 12/29/2021 - 00:42:51: Building PAS...
L 12/29/2021 - 00:42:51: Average leaves visible / audible / total: 48 / 92 / 97
L 12/29/2021 - 00:42:51: PAS building time 0.000181 secs
L 12/29/2021 - 00:44:41: DEBUG: GameRules found 0xA0CAA68
L 12/29/2021 - 00:44:41: Changelevel Server (map 'cs_bloodstrike') (maxplayers '20') (use 'global_svs->maxplayers')
L 12/29/2021 - 00:44:41: Building PAS...
L 12/29/2021 - 00:44:41: Average leaves visible / audible / total: 148 / 164 / 182
L 12/29/2021 - 00:44:41: PAS building time 0.000321 secs
L 12/29/2021 - 20:17:41: DEBUG: GameRules found 0xA0CAA68
L 12/29/2021 - 20:17:41: Changelevel Server (map 'aim_sk_ak_m4') (maxplayers '20') (use 'global_svs->maxplayers')
L 12/29/2021 - 20:17:41: Building PAS...
L 12/29/2021 - 20:17:41: Average leaves visible / audible / total: 48 / 92 / 97
L 12/29/2021 - 20:17:41: PAS building time 0.000144 secs
L 12/29/2021 - 20:18:55: DEBUG: GameRules found 0xA0CAA68
L 12/29/2021 - 20:18:55: Changelevel Server (map 'cs_bloodstrike') (maxplayers '20') (use 'global_svs->maxplayers')
L 12/29/2021 - 20:18:55: Building PAS...
L 12/29/2021 - 20:18:55: Average leaves visible / audible / total: 48 / 92 / 97
L 12/29/2021 - 20:18:55: PAS building time 0.000137 secs
L 12/29/2021 - 21:34:14: DEBUG: GameRules found 0xA0CAA68
L 12/29/2021 - 21:34:14: Changelevel Server (map 'cs_bloodstrike') (maxplayers '20') (use 'global_svs->maxplayers')
L 12/29/2021 - 21:34:14: Building PAS...
L 12/29/2021 - 21:34:14: Average leaves visible / audible / total: 133 / 395 / 1202
L 12/29/2021 - 21:34:14: PAS building time 0.006963 secs
L 12/29/2021 - 21:34:21: DEBUG: GameRules found 0xA0CAA68
L 12/29/2021 - 21:34:21: Changelevel Server (map 'de_dust2') (maxplayers '20') (use 'global_svs->maxplayers')
L 12/29/2021 - 21:34:21: Building PAS...
L 12/29/2021 - 21:34:21: Average leaves visible / audible / total: 150 / 552 / 1459
L 12/29/2021 - 21:34:21: PAS building time 0.009742 secs
L 12/29/2021 - 22:03:20: DEBUG: GameRules found 0xA0CAA68
L 12/29/2021 - 22:03:20: Changelevel Server (map 'de_inferno') (maxplayers '20') (use 'global_svs->maxplayers')
L 12/29/2021 - 22:03:20: Building PAS...
L 12/29/2021 - 22:03:20: Average leaves visible / audible / total: 143 / 546 / 1860
L 12/29/2021 - 22:03:20: PAS building time 0.014756 secs
L 12/29/2021 - 22:31:46: DEBUG: GameRules found 0xA0CAA68
L 12/29/2021 - 22:31:46: Changelevel Server (map 'de_nuke') (maxplayers '20') (use 'global_svs->maxplayers')
L 12/29/2021 - 22:31:46: Building PAS...
L 12/29/2021 - 22:31:46: Average leaves visible / audible / total: 151 / 385 / 1238
L 12/29/2021 - 22:31:46: PAS building time 0.007584 secs
L 12/29/2021 - 23:02:48: DEBUG: GameRules found 0xA0CAA68
L 12/29/2021 - 23:02:48: Changelevel Server (map 'de_train') (maxplayers '20') (use 'global_svs->maxplayers')
L 12/29/2021 - 23:02:48: Building PAS...
L 12/29/2021 - 23:02:48: Average leaves visible / audible / total: 133 / 395 / 1202
L 12/29/2021 - 23:02:48: PAS building time 0.007269 secs
L 12/29/2021 - 23:28:48: DEBUG: GameRules found 0xA0CAA68
L 12/29/2021 - 23:28:48: Changelevel Server (map 'de_dust2') (maxplayers '20') (use 'global_svs->maxplayers')
L 12/29/2021 - 23:28:48: Building PAS...
L 12/29/2021 - 23:28:48: Average leaves visible / audible / total: 150 / 552 / 1459
L 12/29/2021 - 23:28:48: PAS building time 0.010276 secs
L 12/29/2021 - 23:58:21: DEBUG: GameRules found 0xA0CAA68
L 12/29/2021 - 23:58:21: Changelevel Server (map 'de_inferno') (maxplayers '20') (use 'global_svs->maxplayers')
L 12/29/2021 - 23:58:21: Building PAS...
L 12/29/2021 - 23:58:21: Average leaves visible / audible / total: 143 / 546 / 1860
L 12/29/2021 - 23:58:21: PAS building time 0.014767 secs
