L 11/29/2022 - 06:15:27: Log file started (file 'cstrike/addons/whblocker/logs/L_29_11_2022.log') (dir 'cstrike') (mod 'Counter-Strike 1.6') (version '1.5.697')
L 11/29/2022 - 06:15:27: Success: Configuration executed.
L 11/29/2022 - 06:15:27: DEBUG: SVS found 0xF740A760
L 11/29/2022 - 06:15:27: DEBUG: SV_CheckTimeouts function FOUND 0xF6FA7DD0
L 11/29/2022 - 06:15:27: DEBUG: client_t address of a structure FOUND 0xF6FA7E01
L 11/29/2022 - 06:15:27: DEBUG: client_t determined the size of a the structure 20216
L 11/29/2022 - 06:15:27: DEBUG: SV_Move function FOUND 0xF6FC64F0
L 11/29/2022 - 06:15:27: DEBUG: m_iId parse member, value is 47
L 11/29/2022 - 06:15:27: DEBUG: m_pActiveItem parse member, value is 378
L 11/29/2022 - 06:15:27: DEBUG: SV_EmitEvents function FOUND 0xF6FA8A30
L 11/29/2022 - 06:15:27: DEBUG: SV_WriteEntitiesToClient function FOUND 0xF6FAA200
L 11/29/2022 - 06:15:27: DEBUG: SV_EmitEvents address was FOUND inside SV_WriteEntitiesToClient function 0xF6FAA4D1
L 11/29/2022 - 06:15:27: DEBUG: SV_EmitEvents function PATCH SUCCEED 0xF6FAA4D1
L 11/29/2022 - 06:15:27: DEBUG: SV_StartSound function FOUND 0xF6FA2410
L 11/29/2022 - 06:15:27: DEBUG: SV_StartSound address was FOUND inside unk_1 function 0xF6F910E5
L 11/29/2022 - 06:15:27: DEBUG: SV_StartSound function PATCH SUCCEED 0xF6F910E5
L 11/29/2022 - 06:15:27: DEBUG: SV_StartSound address was FOUND inside unk_2 function 0xF6FB6599
L 11/29/2022 - 06:15:27: DEBUG: SV_StartSound function PATCH SUCCEED 0xF6FB6599
L 11/29/2022 - 06:15:27: DEBUG: SV_StartSound address was FOUND inside unk_3 function 0xF6FB983D
L 11/29/2022 - 06:15:27: DEBUG: SV_StartSound function PATCH SUCCEED 0xF6FB983D
L 11/29/2022 - 06:15:27: DEBUG: SV_StartSound address was FOUND inside unk_4 function 0xF6FB993E
L 11/29/2022 - 06:15:27: DEBUG: SV_StartSound function PATCH SUCCEED 0xF6FB993E
L 11/29/2022 - 06:15:27: DEBUG: SV_StartSound address was FOUND inside unk_5 function 0xF6FBA10F
L 11/29/2022 - 06:15:27: DEBUG: SV_StartSound function PATCH SUCCEED 0xF6FBA10F
L 11/29/2022 - 06:15:27: DEBUG: SV_StartSound address was FOUND inside unk_6 function 0xF6FBA1BD
L 11/29/2022 - 06:15:27: DEBUG: SV_StartSound function PATCH SUCCEED 0xF6FBA1BD
L 11/29/2022 - 06:15:27: DEBUG: SV_StartSound address was FOUND inside unk_7 function 0xF6FBA25D
L 11/29/2022 - 06:15:27: DEBUG: SV_StartSound function PATCH SUCCEED 0xF6FBA25D
L 11/29/2022 - 06:15:27: DEBUG: SV_StartSound address was FOUND inside unk_8 function 0xF6FBA2E3
L 11/29/2022 - 06:15:27: DEBUG: SV_StartSound function PATCH SUCCEED 0xF6FBA2E3
L 11/29/2022 - 06:15:27: DEBUG: SV_StartSound address was FOUND inside unk_9 function 0xF6FBA335
L 11/29/2022 - 06:15:27: DEBUG: SV_StartSound function PATCH SUCCEED 0xF6FBA335
L 11/29/2022 - 06:15:27: DEBUG: SV_StartSound address was FOUND inside unk_10 function 0xF6FBA37C
L 11/29/2022 - 06:15:27: DEBUG: SV_StartSound function PATCH SUCCEED 0xF6FBA37C
L 11/29/2022 - 06:15:27: DEBUG: SV_StartSound address was FOUND inside unk_11 function 0xF6FBA3C3
L 11/29/2022 - 06:15:27: DEBUG: SV_StartSound function PATCH SUCCEED 0xF6FBA3C3
L 11/29/2022 - 06:15:27: DEBUG: SV_StartSound address was FOUND inside unk_12 function 0xF6FBA412
L 11/29/2022 - 06:15:27: DEBUG: SV_StartSound function PATCH SUCCEED 0xF6FBA412
L 11/29/2022 - 06:15:27: DEBUG: PF_Remove_I function FOUND 0xF6F927B0
L 11/29/2022 - 06:15:27: DEBUG: ED_Free address was FOUND inside PF_Remove_I function 0xF6F927B0
L 11/29/2022 - 06:15:27: DEBUG: ED_Free function PATCH SUCCEED 0xF6F927B0
L 11/29/2022 - 06:15:27: DEBUG: PF_BuildSoundMsg_I function FOUND 0xF6F95940
L 11/29/2022 - 06:15:27: DEBUG: PF_BuildSoundMsg_I patch address to inside function in PF_BuildSoundMsg_I PATCH SUCCEED 0xF6F95940
L 11/29/2022 - 06:15:27: DEBUG: MSG_StartBitWriting function FOUND 0xF6F64EA0
L 11/29/2022 - 06:15:27: DEBUG: MSG_WriteBits function FOUND 0xF6F66040
L 11/29/2022 - 06:15:27: DEBUG: MSG_WriteBitVec3Coord function FOUND 0xF6F66CB0
L 11/29/2022 - 06:15:27: DEBUG: MSG_EndBitWriting function FOUND 0xF6F66750
L 11/29/2022 - 06:15:27: DEBUG: SV_LookupSoundIndex function FOUND 0xF6FA1B40
L 11/29/2022 - 06:15:27: DEBUG: SZ_GetSpace function FOUND 0xF6F65F20
L 11/29/2022 - 06:15:27: Success: Patch executed.
L 11/29/2022 - 06:15:27: PrivateData Offsets: ->
pev			- '0'
vtable			- '8'
playership		- '53'
m_iId			- '47'
m_pActiveItem		- '378'
m_blindStartTime	- '520'
m_blindHoldTime		- '521'
m_blindAlpha		- '523'
L 11/29/2022 - 06:15:27: Success: Build HLDS version defined Linux '8308' (cstrike)
L 11/29/2022 - 06:15:27: Settings: -> 
debug		- '3'
esp		- '1'
smooth		- '1'
smoothout	- '1'
smoothent	- '45'
decalfix	- '1'
antinoflash	- '1'
alphaflash	- '255'
team		- '0'
fov		- '1'
solid		- '2'
barrel		- '1'
blockent	- '1'
hlfix		- '0'
metacall	- '1'
blocktype	- '0'
skytrace	- '1'
revis		- '0'
L 11/29/2022 - 06:15:27: Building PAS...
L 11/29/2022 - 06:15:27: Average leaves visible / audible / total: 48 / 92 / 97
L 11/29/2022 - 06:15:27: PAS building time 0.000258 secs
L 11/29/2022 - 06:15:29: DEBUG: GameRules found 0xA04E5A0
L 11/29/2022 - 06:15:29: Changelevel Server (map 'cs_bloodstrike') (maxplayers '16') (use 'global_svs->maxplayers')
L 11/29/2022 - 09:53:44: Success: Configuration executed.
L 11/29/2022 - 09:53:44: DEBUG: SVS found 0xF7397760
L 11/29/2022 - 09:53:44: DEBUG: SV_CheckTimeouts function FOUND 0xF6F34DD0
L 11/29/2022 - 09:53:44: DEBUG: client_t address of a structure FOUND 0xF6F34E01
L 11/29/2022 - 09:53:44: DEBUG: client_t determined the size of a the structure 20216
L 11/29/2022 - 09:53:44: DEBUG: SV_Move function FOUND 0xF6F534F0
L 11/29/2022 - 09:53:44: DEBUG: m_iId parse member, value is 47
L 11/29/2022 - 09:53:44: DEBUG: m_pActiveItem parse member, value is 378
L 11/29/2022 - 09:53:44: DEBUG: SV_EmitEvents function FOUND 0xF6F35A30
L 11/29/2022 - 09:53:44: DEBUG: SV_WriteEntitiesToClient function FOUND 0xF6F37200
L 11/29/2022 - 09:53:44: DEBUG: SV_EmitEvents address was FOUND inside SV_WriteEntitiesToClient function 0xF6F374D1
L 11/29/2022 - 09:53:44: DEBUG: SV_EmitEvents function PATCH SUCCEED 0xF6F374D1
L 11/29/2022 - 09:53:44: DEBUG: SV_StartSound function FOUND 0xF6F2F410
L 11/29/2022 - 09:53:44: DEBUG: SV_StartSound address was FOUND inside unk_1 function 0xF6F1E0E5
L 11/29/2022 - 09:53:44: DEBUG: SV_StartSound function PATCH SUCCEED 0xF6F1E0E5
L 11/29/2022 - 09:53:44: DEBUG: SV_StartSound address was FOUND inside unk_2 function 0xF6F43599
L 11/29/2022 - 09:53:44: DEBUG: SV_StartSound function PATCH SUCCEED 0xF6F43599
L 11/29/2022 - 09:53:44: DEBUG: SV_StartSound address was FOUND inside unk_3 function 0xF6F4683D
L 11/29/2022 - 09:53:44: DEBUG: SV_StartSound function PATCH SUCCEED 0xF6F4683D
L 11/29/2022 - 09:53:44: DEBUG: SV_StartSound address was FOUND inside unk_4 function 0xF6F4693E
L 11/29/2022 - 09:53:44: DEBUG: SV_StartSound function PATCH SUCCEED 0xF6F4693E
L 11/29/2022 - 09:53:44: DEBUG: SV_StartSound address was FOUND inside unk_5 function 0xF6F4710F
L 11/29/2022 - 09:53:44: DEBUG: SV_StartSound function PATCH SUCCEED 0xF6F4710F
L 11/29/2022 - 09:53:44: DEBUG: SV_StartSound address was FOUND inside unk_6 function 0xF6F471BD
L 11/29/2022 - 09:53:44: DEBUG: SV_StartSound function PATCH SUCCEED 0xF6F471BD
L 11/29/2022 - 09:53:44: DEBUG: SV_StartSound address was FOUND inside unk_7 function 0xF6F4725D
L 11/29/2022 - 09:53:44: DEBUG: SV_StartSound function PATCH SUCCEED 0xF6F4725D
L 11/29/2022 - 09:53:44: DEBUG: SV_StartSound address was FOUND inside unk_8 function 0xF6F472E3
L 11/29/2022 - 09:53:44: DEBUG: SV_StartSound function PATCH SUCCEED 0xF6F472E3
L 11/29/2022 - 09:53:44: DEBUG: SV_StartSound address was FOUND inside unk_9 function 0xF6F47335
L 11/29/2022 - 09:53:44: DEBUG: SV_StartSound function PATCH SUCCEED 0xF6F47335
L 11/29/2022 - 09:53:44: DEBUG: SV_StartSound address was FOUND inside unk_10 function 0xF6F4737C
L 11/29/2022 - 09:53:44: DEBUG: SV_StartSound function PATCH SUCCEED 0xF6F4737C
L 11/29/2022 - 09:53:44: DEBUG: SV_StartSound address was FOUND inside unk_11 function 0xF6F473C3
L 11/29/2022 - 09:53:44: DEBUG: SV_StartSound function PATCH SUCCEED 0xF6F473C3
L 11/29/2022 - 09:53:44: DEBUG: SV_StartSound address was FOUND inside unk_12 function 0xF6F47412
L 11/29/2022 - 09:53:44: DEBUG: SV_StartSound function PATCH SUCCEED 0xF6F47412
L 11/29/2022 - 09:53:44: DEBUG: PF_Remove_I function FOUND 0xF6F1F7B0
L 11/29/2022 - 09:53:44: DEBUG: ED_Free address was FOUND inside PF_Remove_I function 0xF6F1F7B0
L 11/29/2022 - 09:53:44: DEBUG: ED_Free function PATCH SUCCEED 0xF6F1F7B0
L 11/29/2022 - 09:53:44: DEBUG: PF_BuildSoundMsg_I function FOUND 0xF6F22940
L 11/29/2022 - 09:53:44: DEBUG: PF_BuildSoundMsg_I patch address to inside function in PF_BuildSoundMsg_I PATCH SUCCEED 0xF6F22940
L 11/29/2022 - 09:53:44: DEBUG: MSG_StartBitWriting function FOUND 0xF6EF1EA0
L 11/29/2022 - 09:53:44: DEBUG: MSG_WriteBits function FOUND 0xF6EF3040
L 11/29/2022 - 09:53:44: DEBUG: MSG_WriteBitVec3Coord function FOUND 0xF6EF3CB0
L 11/29/2022 - 09:53:44: DEBUG: MSG_EndBitWriting function FOUND 0xF6EF3750
L 11/29/2022 - 09:53:44: DEBUG: SV_LookupSoundIndex function FOUND 0xF6F2EB40
L 11/29/2022 - 09:53:44: DEBUG: SZ_GetSpace function FOUND 0xF6EF2F20
L 11/29/2022 - 09:53:44: Success: Patch executed.
L 11/29/2022 - 09:53:44: PrivateData Offsets: ->
pev			- '0'
vtable			- '8'
playership		- '53'
m_iId			- '47'
m_pActiveItem		- '378'
m_blindStartTime	- '520'
m_blindHoldTime		- '521'
m_blindAlpha		- '523'
L 11/29/2022 - 09:53:44: Success: Build HLDS version defined Linux '8308' (cstrike)
L 11/29/2022 - 09:53:44: Settings: -> 
debug		- '3'
esp		- '1'
smooth		- '1'
smoothout	- '1'
smoothent	- '45'
decalfix	- '1'
antinoflash	- '1'
alphaflash	- '255'
team		- '0'
fov		- '1'
solid		- '2'
barrel		- '1'
blockent	- '1'
hlfix		- '0'
metacall	- '1'
blocktype	- '0'
skytrace	- '1'
revis		- '0'
L 11/29/2022 - 09:53:44: Building PAS...
L 11/29/2022 - 09:53:44: Average leaves visible / audible / total: 48 / 92 / 97
L 11/29/2022 - 09:53:44: PAS building time 0.000244 secs
L 11/29/2022 - 09:53:45: DEBUG: GameRules found 0x95463A0
L 11/29/2022 - 09:53:45: Changelevel Server (map 'cs_bloodstrike') (maxplayers '16') (use 'global_svs->maxplayers')
