L 11/29/2021 - 00:07:54: Log file started (file 'cstrike/addons/whblocker/logs/L_29_11_2021.log') (dir 'cstrike') (mod 'Counter-Strike 1.6') (version '1.5.697')
L 11/29/2021 - 00:07:54: DEBUG: GameRules found 0x9EAAA68
L 11/29/2021 - 00:07:54: Changelevel Server (map 'de_inferno') (maxplayers '20') (use 'global_svs->maxplayers')
L 11/29/2021 - 00:07:54: Building PAS...
L 11/29/2021 - 00:07:54: Average leaves visible / audible / total: 143 / 546 / 1860
L 11/29/2021 - 00:07:54: PAS building time 0.014283 secs
L 11/29/2021 - 00:51:56: DEBUG: GameRules found 0x9EAAA68
L 11/29/2021 - 00:51:56: Changelevel Server (map 'de_nuke') (maxplayers '20') (use 'global_svs->maxplayers')
L 11/29/2021 - 00:51:56: Building PAS...
L 11/29/2021 - 00:51:56: Average leaves visible / audible / total: 48 / 92 / 97
L 11/29/2021 - 00:51:56: PAS building time 0.000157 secs
L 11/29/2021 - 01:10:51: DEBUG: GameRules found 0x9EAAA68
L 11/29/2021 - 01:10:51: Changelevel Server (map 'cs_bloodstrike') (maxplayers '20') (use 'global_svs->maxplayers')
L 11/29/2021 - 01:10:51: Building PAS...
L 11/29/2021 - 01:10:51: Average leaves visible / audible / total: 133 / 395 / 1202
L 11/29/2021 - 01:10:51: PAS building time 0.006475 secs
L 11/29/2021 - 21:06:30: DEBUG: GameRules found 0x9EAAA68
L 11/29/2021 - 21:06:30: Changelevel Server (map 'de_dust2') (maxplayers '20') (use 'global_svs->maxplayers')
L 11/29/2021 - 21:06:30: Building PAS...
L 11/29/2021 - 21:06:30: Average leaves visible / audible / total: 150 / 552 / 1459
L 11/29/2021 - 21:06:30: PAS building time 0.009616 secs
L 11/29/2021 - 21:35:02: DEBUG: GameRules found 0x9EAAA68
L 11/29/2021 - 21:35:02: Changelevel Server (map 'de_inferno') (maxplayers '20') (use 'global_svs->maxplayers')
L 11/29/2021 - 21:35:02: Building PAS...
L 11/29/2021 - 21:35:02: Average leaves visible / audible / total: 143 / 546 / 1860
L 11/29/2021 - 21:35:02: PAS building time 0.01433 secs
L 11/29/2021 - 22:14:46: DEBUG: GameRules found 0x9EAAA68
L 11/29/2021 - 22:14:46: Changelevel Server (map 'de_nuke') (maxplayers '20') (use 'global_svs->maxplayers')
L 11/29/2021 - 22:14:46: Building PAS...
L 11/29/2021 - 22:14:46: Average leaves visible / audible / total: 151 / 385 / 1238
L 11/29/2021 - 22:14:46: PAS building time 0.006823 secs
L 11/29/2021 - 22:36:53: DEBUG: GameRules found 0x9EAAA68
L 11/29/2021 - 22:36:53: Changelevel Server (map 'de_train') (maxplayers '20') (use 'global_svs->maxplayers')
L 11/29/2021 - 22:36:53: Building PAS...
L 11/29/2021 - 22:36:53: Average leaves visible / audible / total: 133 / 395 / 1202
L 11/29/2021 - 22:36:53: PAS building time 0.006501 secs
L 11/29/2021 - 23:07:09: DEBUG: GameRules found 0x9EAAA68
L 11/29/2021 - 23:07:09: Changelevel Server (map 'de_dust2') (maxplayers '20') (use 'global_svs->maxplayers')
L 11/29/2021 - 23:07:09: Building PAS...
L 11/29/2021 - 23:07:09: Average leaves visible / audible / total: 150 / 552 / 1459
L 11/29/2021 - 23:07:09: PAS building time 0.009563 secs
L 11/29/2021 - 23:35:36: DEBUG: GameRules found 0x9EAAA68
L 11/29/2021 - 23:35:36: Changelevel Server (map 'de_inferno') (maxplayers '20') (use 'global_svs->maxplayers')
L 11/29/2021 - 23:35:36: Building PAS...
L 11/29/2021 - 23:35:36: Average leaves visible / audible / total: 150 / 552 / 1459
L 11/29/2021 - 23:35:36: PAS building time 0.009528 secs
L 11/29/2021 - 23:36:03: DEBUG: GameRules found 0x9EAAA68
L 11/29/2021 - 23:36:03: Changelevel Server (map 'de_inferno') (maxplayers '20') (use 'global_svs->maxplayers')
L 11/29/2021 - 23:36:03: Building PAS...
L 11/29/2021 - 23:36:03: Average leaves visible / audible / total: 143 / 546 / 1860
L 11/29/2021 - 23:36:03: PAS building time 0.01433 secs
