L 09/29/2022 - 20:50:35: Log file started (file 'cstrike/addons/whblocker/logs/L_29_09_2022.log') (dir 'cstrike') (mod 'Counter-Strike 1.6') (version '1.5.697')
L 09/29/2022 - 20:50:35: DEBUG: GameRules found 0xA2C7668
L 09/29/2022 - 20:50:35: Changelevel Server (map 'cs_bloodstrike') (maxplayers '20') (use 'global_svs->maxplayers')
L 09/29/2022 - 20:50:35: Building PAS...
L 09/29/2022 - 20:50:35: Average leaves visible / audible / total: 150 / 552 / 1459
L 09/29/2022 - 20:50:35: PAS building time 0.009888 secs
L 09/29/2022 - 21:05:55: DEBUG: GameRules found 0xA2C7668
L 09/29/2022 - 21:05:55: Changelevel Server (map 'de_inferno') (maxplayers '20') (use 'global_svs->maxplayers')
L 09/29/2022 - 21:05:55: Building PAS...
L 09/29/2022 - 21:05:55: Average leaves visible / audible / total: 151 / 385 / 1238
L 09/29/2022 - 21:05:55: PAS building time 0.00707 secs
L 09/29/2022 - 21:23:11: DEBUG: GameRules found 0xA2C7668
L 09/29/2022 - 21:23:11: Changelevel Server (map 'de_train') (maxplayers '20') (use 'global_svs->maxplayers')
L 09/29/2022 - 21:23:11: Building PAS...
L 09/29/2022 - 21:23:11: Average leaves visible / audible / total: 48 / 92 / 97
L 09/29/2022 - 21:23:11: PAS building time 0.000207 secs
L 09/29/2022 - 21:44:23: DEBUG: GameRules found 0xA2C7668
L 09/29/2022 - 21:44:23: Changelevel Server (map 'cs_bloodstrike') (maxplayers '20') (use 'global_svs->maxplayers')
L 09/29/2022 - 21:44:23: Building PAS...
L 09/29/2022 - 21:44:23: Average leaves visible / audible / total: 133 / 395 / 1202
L 09/29/2022 - 21:44:23: PAS building time 0.006886 secs
L 09/29/2022 - 22:17:00: DEBUG: GameRules found 0xA2C7668
L 09/29/2022 - 22:17:00: Changelevel Server (map 'de_dust2') (maxplayers '20') (use 'global_svs->maxplayers')
L 09/29/2022 - 22:17:00: Building PAS...
L 09/29/2022 - 22:17:00: Average leaves visible / audible / total: 150 / 552 / 1459
L 09/29/2022 - 22:17:00: PAS building time 0.010084 secs
L 09/29/2022 - 22:39:41: DEBUG: GameRules found 0xA2F9D90
L 09/29/2022 - 22:39:41: Changelevel Server (map 'de_inferno') (maxplayers '20') (use 'global_svs->maxplayers')
L 09/29/2022 - 22:39:41: Building PAS...
L 09/29/2022 - 22:39:41: Average leaves visible / audible / total: 48 / 92 / 97
L 09/29/2022 - 22:39:41: PAS building time 0.000166 secs
L 09/29/2022 - 22:43:59: DEBUG: GameRules found 0xA2F9D90
L 09/29/2022 - 22:43:59: Changelevel Server (map 'cs_bloodstrike') (maxplayers '20') (use 'global_svs->maxplayers')
L 09/29/2022 - 22:43:59: Building PAS...
L 09/29/2022 - 22:43:59: Average leaves visible / audible / total: 133 / 395 / 1202
L 09/29/2022 - 22:43:59: PAS building time 0.006833 secs
