L 12/30/2021 - 00:34:48: Log file started (file 'cstrike/addons/whblocker/logs/L_30_12_2021.log') (dir 'cstrike') (mod 'Counter-Strike 1.6') (version '1.5.697')
L 12/30/2021 - 00:34:48: DEBUG: GameRules found 0xA0CAA68
L 12/30/2021 - 00:34:48: Changelevel Server (map 'de_nuke') (maxplayers '20') (use 'global_svs->maxplayers')
L 12/30/2021 - 00:34:48: Building PAS...
L 12/30/2021 - 00:34:48: Average leaves visible / audible / total: 151 / 385 / 1238
L 12/30/2021 - 00:34:48: PAS building time 0.007512 secs
L 12/30/2021 - 01:04:54: DEBUG: GameRules found 0xA0CAA68
L 12/30/2021 - 01:04:54: Changelevel Server (map 'de_train') (maxplayers '20') (use 'global_svs->maxplayers')
L 12/30/2021 - 01:04:54: Building PAS...
L 12/30/2021 - 01:04:54: Average leaves visible / audible / total: 48 / 92 / 97
L 12/30/2021 - 01:04:54: PAS building time 0.000158 secs
L 12/30/2021 - 01:44:26: DEBUG: GameRules found 0xA0CAA68
L 12/30/2021 - 01:44:26: Changelevel Server (map 'cs_bloodstrike') (maxplayers '20') (use 'global_svs->maxplayers')
L 12/30/2021 - 01:44:26: Building PAS...
L 12/30/2021 - 01:44:26: Average leaves visible / audible / total: 133 / 395 / 1202
L 12/30/2021 - 01:44:26: PAS building time 0.007243 secs
L 12/30/2021 - 21:48:11: DEBUG: GameRules found 0xA0CAA68
L 12/30/2021 - 21:48:11: Changelevel Server (map 'de_dust2') (maxplayers '20') (use 'global_svs->maxplayers')
L 12/30/2021 - 21:48:11: Building PAS...
L 12/30/2021 - 21:48:11: Average leaves visible / audible / total: 150 / 552 / 1459
L 12/30/2021 - 21:48:11: PAS building time 0.00979 secs
L 12/30/2021 - 22:15:28: DEBUG: GameRules found 0xA0CAA68
L 12/30/2021 - 22:15:28: Changelevel Server (map 'de_inferno') (maxplayers '20') (use 'global_svs->maxplayers')
L 12/30/2021 - 22:15:28: Building PAS...
L 12/30/2021 - 22:15:28: Average leaves visible / audible / total: 143 / 546 / 1860
L 12/30/2021 - 22:15:28: PAS building time 0.01493 secs
L 12/30/2021 - 22:49:43: DEBUG: GameRules found 0xA0CAA68
L 12/30/2021 - 22:49:43: Changelevel Server (map 'de_nuke') (maxplayers '20') (use 'global_svs->maxplayers')
L 12/30/2021 - 22:49:43: Building PAS...
L 12/30/2021 - 22:49:43: Average leaves visible / audible / total: 151 / 385 / 1238
L 12/30/2021 - 22:49:43: PAS building time 0.007557 secs
L 12/30/2021 - 23:22:53: DEBUG: GameRules found 0xA0CAA68
L 12/30/2021 - 23:22:53: Changelevel Server (map 'de_train') (maxplayers '20') (use 'global_svs->maxplayers')
L 12/30/2021 - 23:22:53: Building PAS...
L 12/30/2021 - 23:22:53: Average leaves visible / audible / total: 133 / 395 / 1202
L 12/30/2021 - 23:22:53: PAS building time 0.006866 secs
L 12/30/2021 - 23:56:05: DEBUG: GameRules found 0xA0CAA68
L 12/30/2021 - 23:56:05: Changelevel Server (map 'de_dust2') (maxplayers '20') (use 'global_svs->maxplayers')
L 12/30/2021 - 23:56:05: Building PAS...
L 12/30/2021 - 23:56:05: Average leaves visible / audible / total: 133 / 395 / 1202
L 12/30/2021 - 23:56:05: PAS building time 0.006834 secs
