L 07/30/2022 - 11:00:08: Log file started (file 'cstrike/addons/whblocker/logs/L_30_07_2022.log') (dir 'cstrike') (mod 'Counter-Strike 1.6') (version '1.5.697')
L 07/30/2022 - 11:00:08: Success: Configuration executed.
L 07/30/2022 - 11:00:08: DEBUG: SVS found 0xF7386760
L 07/30/2022 - 11:00:08: DEBUG: SV_CheckTimeouts function FOUND 0xF6F23DD0
L 07/30/2022 - 11:00:08: DEBUG: client_t address of a structure FOUND 0xF6F23E01
L 07/30/2022 - 11:00:08: DEBUG: client_t determined the size of a the structure 20216
L 07/30/2022 - 11:00:08: DEBUG: SV_Move function FOUND 0xF6F424F0
L 07/30/2022 - 11:00:08: DEBUG: m_iId parse member, value is 47
L 07/30/2022 - 11:00:08: DEBUG: m_pActiveItem parse member, value is 378
L 07/30/2022 - 11:00:08: DEBUG: SV_EmitEvents function FOUND 0xF6F24A30
L 07/30/2022 - 11:00:08: DEBUG: SV_WriteEntitiesToClient function FOUND 0xF6F26200
L 07/30/2022 - 11:00:08: DEBUG: SV_EmitEvents address was FOUND inside SV_WriteEntitiesToClient function 0xF6F264D1
L 07/30/2022 - 11:00:08: DEBUG: SV_EmitEvents function PATCH SUCCEED 0xF6F264D1
L 07/30/2022 - 11:00:08: DEBUG: SV_StartSound function FOUND 0xF6F1E410
L 07/30/2022 - 11:00:08: DEBUG: SV_StartSound address was FOUND inside unk_1 function 0xF6F0D0E5
L 07/30/2022 - 11:00:08: DEBUG: SV_StartSound function PATCH SUCCEED 0xF6F0D0E5
L 07/30/2022 - 11:00:08: DEBUG: SV_StartSound address was FOUND inside unk_2 function 0xF6F32599
L 07/30/2022 - 11:00:08: DEBUG: SV_StartSound function PATCH SUCCEED 0xF6F32599
L 07/30/2022 - 11:00:08: DEBUG: SV_StartSound address was FOUND inside unk_3 function 0xF6F3583D
L 07/30/2022 - 11:00:08: DEBUG: SV_StartSound function PATCH SUCCEED 0xF6F3583D
L 07/30/2022 - 11:00:08: DEBUG: SV_StartSound address was FOUND inside unk_4 function 0xF6F3593E
L 07/30/2022 - 11:00:08: DEBUG: SV_StartSound function PATCH SUCCEED 0xF6F3593E
L 07/30/2022 - 11:00:08: DEBUG: SV_StartSound address was FOUND inside unk_5 function 0xF6F3610F
L 07/30/2022 - 11:00:08: DEBUG: SV_StartSound function PATCH SUCCEED 0xF6F3610F
L 07/30/2022 - 11:00:08: DEBUG: SV_StartSound address was FOUND inside unk_6 function 0xF6F361BD
L 07/30/2022 - 11:00:08: DEBUG: SV_StartSound function PATCH SUCCEED 0xF6F361BD
L 07/30/2022 - 11:00:08: DEBUG: SV_StartSound address was FOUND inside unk_7 function 0xF6F3625D
L 07/30/2022 - 11:00:08: DEBUG: SV_StartSound function PATCH SUCCEED 0xF6F3625D
L 07/30/2022 - 11:00:08: DEBUG: SV_StartSound address was FOUND inside unk_8 function 0xF6F362E3
L 07/30/2022 - 11:00:08: DEBUG: SV_StartSound function PATCH SUCCEED 0xF6F362E3
L 07/30/2022 - 11:00:08: DEBUG: SV_StartSound address was FOUND inside unk_9 function 0xF6F36335
L 07/30/2022 - 11:00:08: DEBUG: SV_StartSound function PATCH SUCCEED 0xF6F36335
L 07/30/2022 - 11:00:08: DEBUG: SV_StartSound address was FOUND inside unk_10 function 0xF6F3637C
L 07/30/2022 - 11:00:08: DEBUG: SV_StartSound function PATCH SUCCEED 0xF6F3637C
L 07/30/2022 - 11:00:08: DEBUG: SV_StartSound address was FOUND inside unk_11 function 0xF6F363C3
L 07/30/2022 - 11:00:08: DEBUG: SV_StartSound function PATCH SUCCEED 0xF6F363C3
L 07/30/2022 - 11:00:08: DEBUG: SV_StartSound address was FOUND inside unk_12 function 0xF6F36412
L 07/30/2022 - 11:00:08: DEBUG: SV_StartSound function PATCH SUCCEED 0xF6F36412
L 07/30/2022 - 11:00:08: DEBUG: PF_Remove_I function FOUND 0xF6F0E7B0
L 07/30/2022 - 11:00:08: DEBUG: ED_Free address was FOUND inside PF_Remove_I function 0xF6F0E7B0
L 07/30/2022 - 11:00:08: DEBUG: ED_Free function PATCH SUCCEED 0xF6F0E7B0
L 07/30/2022 - 11:00:08: DEBUG: PF_BuildSoundMsg_I function FOUND 0xF6F11940
L 07/30/2022 - 11:00:08: DEBUG: PF_BuildSoundMsg_I patch address to inside function in PF_BuildSoundMsg_I PATCH SUCCEED 0xF6F11940
L 07/30/2022 - 11:00:08: DEBUG: MSG_StartBitWriting function FOUND 0xF6EE0EA0
L 07/30/2022 - 11:00:08: DEBUG: MSG_WriteBits function FOUND 0xF6EE2040
L 07/30/2022 - 11:00:08: DEBUG: MSG_WriteBitVec3Coord function FOUND 0xF6EE2CB0
L 07/30/2022 - 11:00:08: DEBUG: MSG_EndBitWriting function FOUND 0xF6EE2750
L 07/30/2022 - 11:00:08: DEBUG: SV_LookupSoundIndex function FOUND 0xF6F1DB40
L 07/30/2022 - 11:00:08: DEBUG: SZ_GetSpace function FOUND 0xF6EE1F20
L 07/30/2022 - 11:00:08: Success: Patch executed.
L 07/30/2022 - 11:00:08: PrivateData Offsets: ->
pev			- '0'
vtable			- '8'
playership		- '53'
m_iId			- '47'
m_pActiveItem		- '378'
m_blindStartTime	- '520'
m_blindHoldTime		- '521'
m_blindAlpha		- '523'
L 07/30/2022 - 11:00:08: Success: Build HLDS version defined Linux '8308' (cstrike)
L 07/30/2022 - 11:00:08: Settings: -> 
debug		- '3'
esp		- '1'
smooth		- '1'
smoothout	- '1'
smoothent	- '45'
decalfix	- '1'
antinoflash	- '1'
alphaflash	- '255'
team		- '0'
fov		- '1'
solid		- '2'
barrel		- '1'
blockent	- '1'
hlfix		- '0'
metacall	- '1'
blocktype	- '0'
skytrace	- '1'
revis		- '0'
L 07/30/2022 - 11:00:08: Building PAS...
L 07/30/2022 - 11:00:08: Average leaves visible / audible / total: 133 / 395 / 1202
L 07/30/2022 - 11:00:08: PAS building time 0.009953 secs
L 07/30/2022 - 11:00:10: DEBUG: GameRules found 0x91D0910
L 07/30/2022 - 11:00:10: Changelevel Server (map 'de_dust2') (maxplayers '15') (use 'global_svs->maxplayers')
L 07/30/2022 - 11:00:10: Building PAS...
L 07/30/2022 - 11:00:10: Average leaves visible / audible / total: 48 / 92 / 97
L 07/30/2022 - 11:00:10: PAS building time 0.000188 secs
L 07/30/2022 - 11:12:14: DEBUG: GameRules found 0x91D0910
L 07/30/2022 - 11:12:14: Changelevel Server (map 'cs_bloodstrike') (maxplayers '15') (use 'global_svs->maxplayers')
L 07/30/2022 - 11:12:14: Building PAS...
L 07/30/2022 - 11:12:14: Average leaves visible / audible / total: 133 / 395 / 1202
L 07/30/2022 - 11:12:14: PAS building time 0.008602 secs
