L 10/30/2021 - 13:59:47: Log file started (file 'cstrike/addons/whblocker/logs/L_30_10_2021.log') (dir 'cstrike') (mod 'Counter-Strike 1.6') (version '1.5.697')
L 10/30/2021 - 13:59:47: DEBUG: GameRules found 0x9EAAA68
L 10/30/2021 - 13:59:47: Changelevel Server (map 'cs_bloodstrike') (maxplayers '20') (use 'global_svs->maxplayers')
L 10/30/2021 - 13:59:47: Building PAS...
L 10/30/2021 - 13:59:47: Average leaves visible / audible / total: 133 / 395 / 1202
L 10/30/2021 - 13:59:47: PAS building time 0.006538 secs
L 10/30/2021 - 14:35:49: DEBUG: GameRules found 0x9EAAA68
L 10/30/2021 - 14:35:49: Changelevel Server (map 'de_dust2') (maxplayers '20') (use 'global_svs->maxplayers')
L 10/30/2021 - 14:35:49: Building PAS...
L 10/30/2021 - 14:35:49: Average leaves visible / audible / total: 150 / 552 / 1459
L 10/30/2021 - 14:35:49: PAS building time 0.009559 secs
L 10/30/2021 - 15:11:17: DEBUG: GameRules found 0x9EAAA68
L 10/30/2021 - 15:11:17: Changelevel Server (map 'de_inferno') (maxplayers '20') (use 'global_svs->maxplayers')
L 10/30/2021 - 15:11:17: Building PAS...
L 10/30/2021 - 15:11:17: Average leaves visible / audible / total: 48 / 92 / 97
L 10/30/2021 - 15:11:17: PAS building time 0.000163 secs
L 10/30/2021 - 15:34:04: DEBUG: GameRules found 0x9EAAA68
L 10/30/2021 - 15:34:04: Changelevel Server (map 'cs_bloodstrike') (maxplayers '20') (use 'global_svs->maxplayers')
L 10/30/2021 - 15:34:04: Building PAS...
L 10/30/2021 - 15:34:04: Average leaves visible / audible / total: 143 / 546 / 1860
L 10/30/2021 - 15:34:04: PAS building time 0.014296 secs
L 10/30/2021 - 15:47:08: DEBUG: GameRules found 0x9EAAA68
L 10/30/2021 - 15:47:08: Changelevel Server (map 'de_nuke') (maxplayers '20') (use 'global_svs->maxplayers')
L 10/30/2021 - 15:47:08: Building PAS...
L 10/30/2021 - 15:47:08: Average leaves visible / audible / total: 151 / 385 / 1238
L 10/30/2021 - 15:47:08: PAS building time 0.006891 secs
L 10/30/2021 - 16:00:38: DEBUG: GameRules found 0x9EAAA68
L 10/30/2021 - 16:00:38: Changelevel Server (map 'de_train') (maxplayers '20') (use 'global_svs->maxplayers')
L 10/30/2021 - 16:00:38: Building PAS...
L 10/30/2021 - 16:00:38: Average leaves visible / audible / total: 48 / 92 / 97
L 10/30/2021 - 16:00:38: PAS building time 0.000156 secs
L 10/30/2021 - 16:15:10: DEBUG: GameRules found 0x9EAAA68
L 10/30/2021 - 16:15:10: Changelevel Server (map 'cs_bloodstrike') (maxplayers '20') (use 'global_svs->maxplayers')
L 10/30/2021 - 16:15:10: Building PAS...
L 10/30/2021 - 16:15:10: Average leaves visible / audible / total: 133 / 395 / 1202
L 10/30/2021 - 16:15:10: PAS building time 0.006528 secs
L 10/30/2021 - 20:24:31: DEBUG: GameRules found 0x9EAAA68
L 10/30/2021 - 20:24:31: Changelevel Server (map 'de_dust2') (maxplayers '20') (use 'global_svs->maxplayers')
L 10/30/2021 - 20:24:31: Building PAS...
L 10/30/2021 - 20:24:31: Average leaves visible / audible / total: 151 / 385 / 1238
L 10/30/2021 - 20:24:31: PAS building time 0.006844 secs
L 10/30/2021 - 20:28:43: DEBUG: GameRules found 0x9EAAA68
L 10/30/2021 - 20:28:43: Changelevel Server (map 'de_train') (maxplayers '20') (use 'global_svs->maxplayers')
L 10/30/2021 - 20:28:43: Building PAS...
L 10/30/2021 - 20:28:43: Average leaves visible / audible / total: 150 / 552 / 1459
L 10/30/2021 - 20:28:43: PAS building time 0.009499 secs
L 10/30/2021 - 20:33:27: DEBUG: GameRules found 0x9EAAA68
L 10/30/2021 - 20:33:27: Changelevel Server (map 'de_inferno') (maxplayers '20') (use 'global_svs->maxplayers')
L 10/30/2021 - 20:33:27: Building PAS...
L 10/30/2021 - 20:33:27: Average leaves visible / audible / total: 48 / 92 / 97
L 10/30/2021 - 20:33:27: PAS building time 0.00015 secs
L 10/30/2021 - 21:33:49: DEBUG: GameRules found 0x9EAAA68
L 10/30/2021 - 21:33:49: Changelevel Server (map 'cs_bloodstrike') (maxplayers '20') (use 'global_svs->maxplayers')
L 10/30/2021 - 21:33:49: Building PAS...
L 10/30/2021 - 21:33:49: Average leaves visible / audible / total: 133 / 395 / 1202
L 10/30/2021 - 21:33:49: PAS building time 0.006523 secs
L 10/30/2021 - 22:18:57: DEBUG: GameRules found 0x9EAAA68
L 10/30/2021 - 22:18:57: Changelevel Server (map 'de_dust2') (maxplayers '20') (use 'global_svs->maxplayers')
L 10/30/2021 - 22:18:57: Building PAS...
L 10/30/2021 - 22:18:57: Average leaves visible / audible / total: 150 / 552 / 1459
L 10/30/2021 - 22:18:57: PAS building time 0.009565 secs
L 10/30/2021 - 22:55:30: DEBUG: GameRules found 0x9EAAA68
L 10/30/2021 - 22:55:30: Changelevel Server (map 'de_inferno') (maxplayers '20') (use 'global_svs->maxplayers')
L 10/30/2021 - 22:55:30: Building PAS...
L 10/30/2021 - 22:55:30: Average leaves visible / audible / total: 143 / 546 / 1860
L 10/30/2021 - 22:55:30: PAS building time 0.014322 secs
L 10/30/2021 - 23:30:37: DEBUG: GameRules found 0x9EAAA68
L 10/30/2021 - 23:30:37: Changelevel Server (map 'de_nuke') (maxplayers '20') (use 'global_svs->maxplayers')
L 10/30/2021 - 23:30:37: Building PAS...
L 10/30/2021 - 23:30:37: Average leaves visible / audible / total: 151 / 385 / 1238
L 10/30/2021 - 23:30:37: PAS building time 0.006808 secs
L 10/30/2021 - 23:52:56: DEBUG: GameRules found 0x9EAAA68
L 10/30/2021 - 23:52:56: Changelevel Server (map 'de_train') (maxplayers '20') (use 'global_svs->maxplayers')
L 10/30/2021 - 23:52:56: Building PAS...
L 10/30/2021 - 23:52:56: Average leaves visible / audible / total: 151 / 385 / 1238
L 10/30/2021 - 23:52:56: PAS building time 0.006833 secs
L 10/30/2021 - 23:53:33: DEBUG: GameRules found 0x9EAAA68
L 10/30/2021 - 23:53:33: Changelevel Server (map 'de_train') (maxplayers '20') (use 'global_svs->maxplayers')
L 10/30/2021 - 23:53:33: Building PAS...
L 10/30/2021 - 23:53:33: Average leaves visible / audible / total: 48 / 92 / 97
L 10/30/2021 - 23:53:33: PAS building time 0.00016 secs
