L 12/31/2021 - 00:02:02: Log file started (file 'cstrike/addons/whblocker/logs/L_31_12_2021.log') (dir 'cstrike') (mod 'Counter-Strike 1.6') (version '1.5.697')
L 12/31/2021 - 00:02:02: DEBUG: GameRules found 0xA0CAA68
L 12/31/2021 - 00:02:02: Changelevel Server (map 'de_dust2') (maxplayers '20') (use 'global_svs->maxplayers')
L 12/31/2021 - 00:02:02: Building PAS...
L 12/31/2021 - 00:02:02: Average leaves visible / audible / total: 150 / 552 / 1459
L 12/31/2021 - 00:02:02: PAS building time 0.00996 secs
L 12/31/2021 - 00:35:11: DEBUG: GameRules found 0xA0CAA68
L 12/31/2021 - 00:35:11: Changelevel Server (map 'de_inferno') (maxplayers '20') (use 'global_svs->maxplayers')
L 12/31/2021 - 00:35:11: Building PAS...
L 12/31/2021 - 00:35:11: Average leaves visible / audible / total: 48 / 92 / 97
L 12/31/2021 - 00:35:11: PAS building time 0.000154 secs
L 12/31/2021 - 21:37:44: DEBUG: GameRules found 0xA0CAA68
L 12/31/2021 - 21:37:44: Changelevel Server (map 'cs_bloodstrike') (maxplayers '20') (use 'global_svs->maxplayers')
L 12/31/2021 - 21:37:44: Building PAS...
L 12/31/2021 - 21:37:44: Average leaves visible / audible / total: 122 / 138 / 186
L 12/31/2021 - 21:37:44: PAS building time 0.000377 secs
L 12/31/2021 - 21:38:04: DEBUG: GameRules found 0xA0CAA68
L 12/31/2021 - 21:38:04: Changelevel Server (map 'ak47_m4a1_dust') (maxplayers '20') (use 'global_svs->maxplayers')
L 12/31/2021 - 21:38:04: Building PAS...
L 12/31/2021 - 21:38:04: Average leaves visible / audible / total: 48 / 92 / 97
L 12/31/2021 - 21:38:04: PAS building time 0.000126 secs
L 12/31/2021 - 22:22:34: DEBUG: GameRules found 0xA0CAA68
L 12/31/2021 - 22:22:34: Changelevel Server (map 'cs_bloodstrike') (maxplayers '20') (use 'global_svs->maxplayers')
L 12/31/2021 - 22:22:34: Building PAS...
L 12/31/2021 - 22:22:34: Average leaves visible / audible / total: 48 / 92 / 97
L 12/31/2021 - 22:22:34: PAS building time 0.000158 secs
