L 03/31/2022 - 20:25:51: Log file started (file 'cstrike/addons/whblocker/logs/L_31_03_2022.log') (dir 'cstrike') (mod 'Counter-Strike 1.6') (version '1.5.697')
L 03/31/2022 - 20:25:51: DEBUG: GameRules found 0xA4DF3B8
L 03/31/2022 - 20:25:51: Changelevel Server (map 'cs_bloodstrike') (maxplayers '20') (use 'global_svs->maxplayers')
L 03/31/2022 - 20:25:51: Building PAS...
L 03/31/2022 - 20:25:51: Average leaves visible / audible / total: 133 / 395 / 1202
L 03/31/2022 - 20:25:51: PAS building time 0.006336 secs
L 03/31/2022 - 20:37:00: DEBUG: GameRules found 0xA4DF3B8
L 03/31/2022 - 20:37:00: Changelevel Server (map 'de_dust2') (maxplayers '20') (use 'global_svs->maxplayers')
L 03/31/2022 - 20:37:00: Building PAS...
L 03/31/2022 - 20:37:00: Average leaves visible / audible / total: 150 / 552 / 1459
L 03/31/2022 - 20:37:00: PAS building time 0.009529 secs
L 03/31/2022 - 21:08:23: DEBUG: GameRules found 0xA4DF3B8
L 03/31/2022 - 21:08:23: Changelevel Server (map 'de_inferno') (maxplayers '20') (use 'global_svs->maxplayers')
L 03/31/2022 - 21:08:23: Building PAS...
L 03/31/2022 - 21:08:23: Average leaves visible / audible / total: 150 / 552 / 1459
L 03/31/2022 - 21:08:23: PAS building time 0.009381 secs
L 03/31/2022 - 21:08:47: DEBUG: GameRules found 0xA4DF3B8
L 03/31/2022 - 21:08:47: Changelevel Server (map 'de_inferno') (maxplayers '20') (use 'global_svs->maxplayers')
L 03/31/2022 - 21:08:47: Building PAS...
L 03/31/2022 - 21:08:47: Average leaves visible / audible / total: 150 / 552 / 1459
L 03/31/2022 - 21:08:47: PAS building time 0.009353 secs
L 03/31/2022 - 21:08:48: DEBUG: GameRules found 0xA4DB2A0
L 03/31/2022 - 21:08:48: Changelevel Server (map 'de_inferno') (maxplayers '20') (use 'global_svs->maxplayers')
L 03/31/2022 - 21:08:48: Building PAS...
L 03/31/2022 - 21:08:48: Average leaves visible / audible / total: 48 / 92 / 97
L 03/31/2022 - 21:08:48: PAS building time 0.000155 secs
