L 10/31/2021 - 00:01:21: Log file started (file 'cstrike/addons/whblocker/logs/L_31_10_2021.log') (dir 'cstrike') (mod 'Counter-Strike 1.6') (version '1.5.697')
L 10/31/2021 - 00:01:21: DEBUG: GameRules found 0x9EAAA68
L 10/31/2021 - 00:01:21: Changelevel Server (map 'cs_bloodstrike') (maxplayers '20') (use 'global_svs->maxplayers')
L 10/31/2021 - 00:01:21: Building PAS...
L 10/31/2021 - 00:01:21: Average leaves visible / audible / total: 133 / 395 / 1202
L 10/31/2021 - 00:01:21: PAS building time 0.006542 secs
L 10/31/2021 - 21:36:28: DEBUG: GameRules found 0x9EAAA68
L 10/31/2021 - 21:36:28: Changelevel Server (map 'de_dust2') (maxplayers '20') (use 'global_svs->maxplayers')
L 10/31/2021 - 21:36:28: Building PAS...
L 10/31/2021 - 21:36:28: Average leaves visible / audible / total: 150 / 552 / 1459
L 10/31/2021 - 21:36:28: PAS building time 0.009616 secs
L 10/31/2021 - 21:59:18: DEBUG: GameRules found 0x9EAAA68
L 10/31/2021 - 21:59:18: Changelevel Server (map 'de_inferno') (maxplayers '20') (use 'global_svs->maxplayers')
L 10/31/2021 - 21:59:18: Building PAS...
L 10/31/2021 - 21:59:18: Average leaves visible / audible / total: 143 / 546 / 1860
L 10/31/2021 - 21:59:18: PAS building time 0.014401 secs
L 10/31/2021 - 22:39:41: DEBUG: GameRules found 0x9EAAA68
L 10/31/2021 - 22:39:41: Changelevel Server (map 'de_nuke') (maxplayers '20') (use 'global_svs->maxplayers')
L 10/31/2021 - 22:39:41: Building PAS...
L 10/31/2021 - 22:39:41: Average leaves visible / audible / total: 151 / 385 / 1238
L 10/31/2021 - 22:39:41: PAS building time 0.006869 secs
L 10/31/2021 - 23:03:09: DEBUG: GameRules found 0x9EAAA68
L 10/31/2021 - 23:03:09: Changelevel Server (map 'de_train') (maxplayers '20') (use 'global_svs->maxplayers')
L 10/31/2021 - 23:03:09: Building PAS...
L 10/31/2021 - 23:03:09: Average leaves visible / audible / total: 133 / 395 / 1202
L 10/31/2021 - 23:03:09: PAS building time 0.006477 secs
L 10/31/2021 - 23:23:56: DEBUG: GameRules found 0x9EAAA68
L 10/31/2021 - 23:23:56: Changelevel Server (map 'de_dust2') (maxplayers '20') (use 'global_svs->maxplayers')
L 10/31/2021 - 23:23:56: Building PAS...
L 10/31/2021 - 23:23:56: Average leaves visible / audible / total: 150 / 552 / 1459
L 10/31/2021 - 23:23:56: PAS building time 0.009573 secs
L 10/31/2021 - 23:53:08: DEBUG: GameRules found 0x9EAAA68
L 10/31/2021 - 23:53:08: Changelevel Server (map 'de_inferno') (maxplayers '20') (use 'global_svs->maxplayers')
L 10/31/2021 - 23:53:08: Building PAS...
L 10/31/2021 - 23:53:08: Average leaves visible / audible / total: 143 / 546 / 1860
L 10/31/2021 - 23:53:08: PAS building time 0.014384 secs
